129 99 31 88 146 113 127 74 160 37 65 75 17 137 124 92 13 118 96 11 95 190 182 21 151 153 15 41 157 110 10 118 96 11 108 160 200 170 73 170 101 21 72 79 72 43 25 90 152 91 152 90 71 64 119 64 173 47 178 106 181 32 145 171 156 62 71 92 110 154 196 154 110 10 100 3 40 3 100 10 100 6 130 6 29 22 45 139 45 118 5 148 5 30 83 161 185 150 190 150 135 150 185 65 123 103 98 48 98 103 192 175 192 121 192 103 98 184 85 117 85 133 13 92 179 76 179 35 179 92 124 137 129 
46
99 142
31 31 61 109 169
88 88 1 115
113 127
37 37
75 94
137 16
124 124
92 67
13 13 133
118 118 166
96 70
151 151
41 193
157 157 4
160 160
170 58
73 73 136
79 79
43 43
91 91
64 64
119 163
178 178
106 106
181 181
32 187
145 145 52 172
171 49
196 196
154 154
40 40
100 100
10 10 22 28
130 130
139 139
148 148
190 190
103 103
48 34 97
175 175
121 121
184 184
85 85
76 76
35 55
