0 20 164 114 140 136 57 31 67 117 75 97 38 143 119 124 16 19 44 9 32 42 158 31 57 148 60 0 
21
0 3 8 13 15 17 19 33 35 46 47 48 49 51 55 58 64 65 69 73 75 76 77 82 83 85 87 88 90 91 92 93 94 96 99 102 105 106 112 113 120 123 134 135 139 141 149 153 154 155 162 167 169 170 171 172 173 174 175 177 178 181 195 197 199
20 25 52 71 74 80 131 132 145 161 168 180 188 191
164 18 103
114 114
140 140
136 136
57 26
67 67
117 117
97 97
38 38
143 143
119 119
124 124
44 44
9 56 133
32 32
42 42
158 158
148 148
60 60
