1 2 61 153 157 111 91 104 73 104 23 194 100 6 114 26 4 159 31 66 13 8 13 65 137 43 66 34 88 44 88 80 20 80 109 29 164 86 41 67 167 83 167 177 15 105 3 67 135 39 179 101 167 67 112 174 27 87 107 87 32 79 76 79 188 138 122 40 45 166 94 74 94 120 51 103 14 89 48 26 114 198 187 47 187 198 114 18 168 140 33 85 147 136 68 136 63 22 66 13 69 161 58 100 18 92 62 172 69 161 17 50 118 116 66 90 176 18 92 62 196 67 123 53 95 42 64 41 56 131 163 127 31 7 1 26 114 37 24 37 24 97 25 77 139 1 
71
1 49 81
2 2 32 36 93
61 61 38
157 10
73 73
104 91
6 6
26 26 60 82
4 4 25
8 8
13 13 5 66 69
65 65 35 54 57 71 75
137 43
34 34
88 88
44 44
20 20
80 80
29 29
164 59
86 86 41
83 83
167 101
177 9
15 15 99
105 19
3 3 78
39 39
27 27
87 87
107 23
76 76
79 79
188 30
138 70
45 45
166 16 46 98
74 74
94 94 11 52
51 51 12
14 14
89 89
48 48
47 47
33 33
85 85
147 40 72
68 68
63 63
22 22
58 58
100 100
18 18
92 92 28 97
62 62
172 84
17 17
50 50
90 90
176 96
67 67
123 55
53 53 21
95 95
42 42 64
56 56
31 31
7 7
24 24
37 37
77 77
