159 109 180 109 127 137 19 152 173 27 169 27 166 121 63 57 95 22 159 77 140 14 56 96 162 191 162 96 56 14 140 149 76 184 76 137 19 152 173 133 171 69 138 81 164 32 141 48 117 7 72 7 117 189 107 134 107 130 192 46 200 10 200 46 37 75 77 159 109 127 137 101 147 40 147 101 137 127 142 129 86 119 172 126 97 14 56 84 118 160 88 160 79 32 141 36 17 161 100 33 5 177 111 177 5 153 93 154 2 154 93 153 182 48 117 189 107 44 60 44 4 44 107 189 92 116 92 189 32 98 65 51 148 41 20 104 25 138 81 156 56 93 65 26 65 98 32 189 8 178 8 189 92 158 74 185 74 158 102 5 33 100 139 71 139 100 59 189 92 114 35 114 197 6 164 159 77 140 149 23 194 21 194 23 149 76 137 101 1 167 1 112 127 142 141 48 117 124 31 156 56 14 140 77 75 108 38 108 94 1 101 25 104 11 30 81 164 159 
78
109 109
180 180 122
169 169
27 145
121 121
63 63 13
22 22
191 191
96 96
14 14
140 140
76 76
184 165
133 133
69 155
138 138
81 28
164 43
32 32
141 36
72 72
7 7
189 59
107 107
134 134 120
10 10
200 200
46 46 192
37 37
77 77 190
40 40
147 157
101 101 132
137 137 85 53
127 146 61
129 15 86
172 172
126 126
97 97
88 88
79 79 3
17 17
100 100 199 181
177 174 64
111 111 128 34
2 2
154 154
93 93
153 193
182 47 48
60 60
4 4
116 116
51 51
148 148
41 41
20 87 24
25 45
26 26
65 65
98 98
178 178
185 185
74 74
158 158 99
102 102 82 123
71 71
139 139
35 35
114 114
197 106
6 6 52
21 21
167 167
31 31
156 156
38 38
11 11
