33 86 60 31 22 93 99 36 53 71 48 71 53 36 79 37 51 98 91 46 45 21 14 63 66 27 23 27 66 63 14 89 20 80 9 10 90 10 9 3 92 35 7 82 40 82 7 35 50 35 22 31 16 94 47 94 16 31 60 67 69 38 52 65 52 38 32 6 81 61 81 6 32 89 14 97 8 97 14 11 69 67 54 30 54 67 69 34 69 11 14 26 76 64 86 11 100 95 100 20 73 42 73 20 33 
41
86 86
60 60
31 31
22 22 2
48 48
79 79
51 51
98 13
46 75
23 23
63 63 17 12
89 89
20 20 15
80 80
9 9
10 10
90 68
40 40
82 82
7 7
35 35 5
50 50 19
47 47
94 94 25
16 29
65 65
52 52
61 61
8 8
97 97
30 30
54 54
67 67 57
34 34
69 69 88
11 11
26 26
64 64
95 95
100 100
42 42
