Home141 Home109 Home157 Home162 Home101 Home39 Home83 Home27 Home134 Home62 Home134 Home2 Home26 Home135 Home57 Home18 Home92 Home43 Home111 Home34 Home174 Home53 Home91 Home115 Home120 Home49 Home47 Home49 Home11 Home88 Home154 Home29 Home37 Home29 Home168 Home105 Home168 Home28 Home104 Home74 Home12 Home174 Home53 Home97 Home2 Home132 Home2 Home134 Home119 Home55 Home119 Home89 Home65 Home67 Home42 Home67 Home31 Home140 Home50 Home14 Home93 Home140 Home31 Home172 Home31 Home20 Home28 Home73 Home28 Home104 Home123 Home16 Home41 Home149 Home143 Home82 Home26 Home121 Home156 Home163 Home6 Home128 Home65 Home151 Home167 Home151 Home98 Home40 Home83 Home40 Home83 Home145 Home82 Home145 Home171 Home15 Home129 Home18 Home92 Home14 Home158 Home76 Home5 Home78 Home144 Home104 Home21 Home96 Home30 Home51 Home30 Home96 Home29 Home158 Home165 Home170 Home100 Home138 Home125 Home32 Home154 Home29 Home96 Home44 Home38 Home44 Home179 Home36 Home150 Home76 Home5 Home124 Home54 Home141 Home0 Home166 Home45 Home166 Home0 Home141 
61
Home157 Home157 Home3 Home92
Home101 Home4 Home87
Home27 Home27
Home134 Home134
Home62 Home62 Home152 Home127
Home135 Home135
Home18 Home75
Home111 Home111
Home34 Home34 Home176
Home174 Home25 Home173 Home86
Home53 Home53 Home97 Home164
Home91 Home91
Home120 Home120 Home69
Home47 Home47
Home49 Home136
Home11 Home11
Home88 Home88 Home103 Home177
Home154 Home154
Home29 Home48 Home64
Home37 Home37 Home114 Home147
Home105 Home105
Home168 Home26
Home74 Home74
Home132 Home132
Home55 Home55
Home89 Home89
Home65 Home110 Home60 Home81 Home13
Home67 Home67
Home42 Home7
Home50 Home50
Home172 Home172
Home31 Home31
Home20 Home20 Home126
Home28 Home35 Home1
Home73 Home106 Home161
Home16 Home16
Home149 Home149
Home143 Home143 Home122
Home156 Home156
Home128 Home128 Home112 Home66
Home167 Home167
Home83 Home83
Home82 Home82
Home171 Home171
Home15 Home15
Home129 Home131
Home76 Home76
Home5 Home5 Home63
Home78 Home144
Home51 Home51
Home96 Home96
Home165 Home165
Home170 Home170
Home100 Home100
Home138 Home43
Home125 Home125
Home32 Home32
Home44 Home44
Home36 Home36
Home124 Home124
Home45 Home45
