Home46 Home48 Home82 Home17 Home44 Home23 Home14 Home24 Home4 Home27 Home4 Home24 Home64 Home24 Home86 Home35 Home39 Home0 Home42 Home0 Home39 Home41 Home83 Home63 Home83 Home41 Home39 Home0 Home42 Home60 Home86 Home1 Home72 Home78 Home51 Home55 Home30 Home13 Home16 Home88 Home33 Home88 Home49 Home9 Home6 Home9 Home49 Home88 Home16 Home35 Home68 Home35 Home13 Home15 Home10 Home57 Home10 Home15 Home13 Home30 Home29 Home49 Home88 Home85 Home12 Home85 Home88 Home75 Home64 Home40 Home84 Home8 Home38 Home31 Home38 Home8 Home19 Home78 Home71 Home79 Home46 
26
Home48 Home48
Home82 Home82 Home5
Home17 Home80
Home44 Home62
Home27 Home27
Home42 Home42
Home39 Home39
Home41 Home41
Home83 Home83
Home63 Home63 Home69 Home66
Home60 Home60
Home78 Home11
Home51 Home55
Home33 Home33
Home49 Home49
Home9 Home9 Home28
Home6 Home45
Home68 Home68
Home13 Home13
Home57 Home57
Home30 Home30
Home12 Home12
Home85 Home85
Home40 Home40
Home31 Home31
Home71 Home71
