lllIl1I l11llll IlI1II1 1I1I1lI 1Il1lIl I1lIlII llI1lII 1III1ll IIlI1lI III1llI 11IIII1 lII111l 1111I11 l1I111I 1lIl11I lll1111 ll111ll I11I111 l1IllI1 11Il1l1 1I1I1l1 IllII1I IIl1l1I IlI1II1 Ill11II I1lIlII 11lI11I l1lll11 l1Ill11 l1lll11 lllIl1I 
23
lllIl1I lIl111I Ill1I11 I11111l II11l1l llIIII1 lll1I1l lI1l111 I11I11l 1l1lIlI I1llII1 I1llll1 1I1lllI l1IIl1l lIllIll III111I
l11llll lI11III Il1Il1I
1I1I1lI 1I1I1lI
1Il1lIl IIlIllI
llI1lII llI1lII
IIlI1lI lIIl11l
III1llI III1llI
11IIII1 11IIII1 11111lI lIIlII1 l1lllll 1I1l1Il 1I11Ill 1IlIl1I I111I1I
lII111l lII111l l1l11l1
1111I11 111lI1I
l1I111I l1I111I
1lIl11I 1lIl11I
ll111ll ll111ll
I11I111 I11I111
l1IllI1 l1IllI1 I1ll1II
11Il1l1 1llI111 IlI1Il1
1I1I1l1 1I1I1l1
IllII1I IIl1l1I
IlI1II1 IlI1II1
Ill11II Ill11II
11lI11I 11lI11I 1l11lII
l1Ill11 l1Ill11
l1lll11 l1lll11
