K GN AZ BN BK AK U BP FL N BO L CM BJ FY CR AE CA CP BA FQ BF I BI CN CF CQ AD BX GG D AX AH AG DK FZ BR DC CB ET GG CL GG DX CK AL K BV CD K 
36
K K A E G H J M O Q R S T V W X Y Z AB AC AF AH AJ AM AO AQ AR AT AU AW AY BB BC BE BG BL BM BQ BS BT BU BW BY BZ CE CG CH CP CQ CS
GN B AV AZ CT CV
BN BN
BK BK
AK AK
U U
BP BP
FL CI
N N
BO BO
L L
CM CM
BJ BJ
FY AA CR
AE AE
CA CA
BA BA
FQ AS BD
BF BF
I I BH BI CU
CN CN
CF CF
AD AD
BX BX
D D
AX AX AN
AG AG
DK CC
BR BR
CB CB
CL CL
GG F
CK CK
AL AL
BV BV AI
CD CD C P CJ CO
