129 19 75 14 69 0 171 63 191 20 15 182 1 6 7 105 164 71 99 137 16 2 104 152 40 96 2 43 178 45 64 33 5 12 122 89 80 4 184 9 142 3 11 4 62 47 183 131 129 83 36 83 129 
36
129 121 150 97 65 17 48 110 23 125 56 84 195 50 160 100 98 156 55 51 107 145 0 126 61 177 85 59 8 66 109 25 44 82 57
19 180 174 158 29 92 103 157 194 13 81 192 197
75 163
14 14
171 171
63 63 189 49
191 191 53
15 15
1 128
6 6
105 105
99 99
137 137 114 21 196 26 39 151 108 190
16 16
2 2 188 91
152 152
40 40 87 123 88
96 96 76
178 178
45 95 175
64 64
33 33
5 5 155
122 122
89 89
80 101
184 184
9 9 161
142 142
11 11
4 4
62 62
183 183
131 58
36 36
83 130
