AyBBdkPvTTt19wqt 9jWI53P36dh95 KIOJyBXM922ydZA5 7DmqFE 360B15fOiy1XBl 1utCvCS3yEzt0HBbKt I4640OD b6DdFnSk8qdk45 o88qO93T 85682ijoufq1DW o88qO93T 920ucA0jXEv 1MHxxU P Q2PY 3 3z4E IEtn6zEV03H3 r9qUrqog71Fz9gx IEtn6zEV03H3 Sr 9fo1FxSJvnO NU7gnWcAs4nq66FS E76twn5gNBei01uh2PkH Iqcp2LHc0iz446x59 nOMN589D7t0QjhnBj3wn Nstvw8dF9rhja h5 CDuc4XdY7zp 2l90gxx61rTb0CbF CDuc4XdY7zp h5 Nstvw8dF9rhja nOMN589D7t0QjhnBj3wn 5nYY46YfUGovj 0Lw86e I6 o83v2nI1sQs I6 0Lw86e 5nYY46YfUGovj nOMN589D7t0QjhnBj3wn Nstvw8dF9rhja Ut7hqt9A MjwmiyLlZn 68ZC6T1G2o9Q95CKs MjwmiyLlZn x60I798qq0Sq6Xdc9s0 Epp31Y6 0b 98E9ia5 89ukpivGhdck21Krrh40 98E9ia5 2qbTYSv3J FR3SCSFtuk055ORI 6v326555i1Io5Z 2P201UD8Q Fe5xMwq0a8 MEv16358FQ Fe5xMwq0a8 2P201UD8Q Nstvw8dF9rhja nOMN589D7t0QjhnBj3wn 5nYY46YfUGovj 0Lw86e dUdv wC12hFFKGF 36Y155M7F1ZG8 JbMQX8p9 AcC1Sh8w37Px0m 8w6aRuq 89ukpivGhdck21Krrh40 p772t3OLqj Ut7hqt9A 2mk9O8P6 SdP9W8WRSw kg8257p31rTQvRWjGF 5tQKcAo3 q 1CYyNxk8m7fToc6XLW7T nw566uv r9qUrqog71Fz9gx IEtn6zEV03H3 e1M0JsNJ5 zM5l4u83ERoh6lnR78 QE9dXn5y6j2YYh jxDm 4932 jxDm QE9dXn5y6j2YYh CDuc4XdY7zp 2l90gxx61rTb0CbF 6qc68848myvIqoZWw 2T6osNpb4 lP84Whn Le6BO3R b817BTo6GdPc96ig2 wUtvmN9V14Vw0fcE01F 1utCvCS3yEzt0HBbKt I4640OD L46h8MG90TBpA8v9 BZa306Pc3 WD8QxBAx49P Q P6C89a32 Q WD8QxBAx49P 0 7xf20x1m1od50iPHUtr Ut7hqt9A EL5n1KQ3kn Q2PY P GXFdnTo0Mk b6DdFnSk8qdk45 GXFdnTo0Mk P 1MHxxU d2A2ZPVl61Vtm2kT rcnFY8496Nr2v81Ax j nw566uv 1CYyNxk8m7fToc6XLW7T 1e90fR0FtB7Ev156y PHXESKmVA4 o Iqcp2LHc0iz446x59 E76twn5gNBei01uh2PkH 2a5Zkf5zd4Va3 O73Lh6 Han188Ox EnmWLiDA9NE89oNUTbx Han188Ox O73Lh6 2a5Zkf5zd4Va3 7tAK5gvusa66TB8HH7nq c2m39UUoMb 2Et5UN6ZJ19iz c2m39UUoMb w22P6su70O6jf3FJ EL5n1KQ3kn 2qbTYSv3J b19692 2qbTYSv3J 98E9ia5 NESaNvTSnt9E9du yd7324WTF aCCE yd7324WTF NESaNvTSnt9E9du 98E9ia5 2qbTYSv3J EL5n1KQ3kn Ut7hqt9A 2mk9O8P6 SdP9W8WRSw 2mk9O8P6 Q WD8QxBAx49P DqfU93360y3I66U0 9q06155efQSN M40P0vmSkH961FtFpaR bfYVB7M6I5 T8C17MZ6g69gmQ ymzG1qC7YsJFFmeog 7DmqFE 36Y155M7F1ZG8 JbMQX8p9 AcC1Sh8w37Px0m 8w6aRuq A Ru0A1pKIpZYWG O7W5C8z8H93l Ru0A1pKIpZYWG QE9dXn5y6j2YYh eZEbm MJ2l1N0ojTC d Le6BO3R lP84Whn Nstvw8dF9rhja XMV256fk iFF184 pwvBbQ870l3Io2K iFF184 Q2PY RYtkT5 8Qe2lSUyQa RYtkT5 c2m39UUoMb 2Et5UN6ZJ19iz khC 4B5uWNh7Dl3lRP khC 9jWI53P36dh95 AyBBdkPvTTt19wqt 
77
9jWI53P36dh95 9jWI53P36dh95
KIOJyBXM922ydZA5 KIOJyBXM922ydZA5 J68F52raS3n1L6ZYK
7DmqFE 7DmqFE
360B15fOiy1XBl hG8udpL53V
85682ijoufq1DW 85682ijoufq1DW
920ucA0jXEv 920ucA0jXEv
1MHxxU TByQ7zH089
P P
Q2PY Q2PY
3 3
3z4E 3z4E
IEtn6zEV03H3 IEtn6zEV03H3
r9qUrqog71Fz9gx r9qUrqog71Fz9gx d5P0NXv8
NU7gnWcAs4nq66FS NU7gnWcAs4nq66FS
E76twn5gNBei01uh2PkH E76twn5gNBei01uh2PkH
nOMN589D7t0QjhnBj3wn nOMN589D7t0QjhnBj3wn
Nstvw8dF9rhja XMV256fk
CDuc4XdY7zp TMULg
2l90gxx61rTb0CbF 2l90gxx61rTb0CbF 6qc68848myvIqoZWw
o83v2nI1sQs o83v2nI1sQs
I6 I6
0Lw86e uF131buM7L27
5nYY46YfUGovj 5nYY46YfUGovj q7Ehaiz
68ZC6T1G2o9Q95CKs 68ZC6T1G2o9Q95CKs
MjwmiyLlZn MjwmiyLlZn thypPB22BchO3Od9
0b vRH6pA1I75N1 3505
98E9ia5 JBYT6heC6yE4 gv3T5z4
89ukpivGhdck21Krrh40 89ukpivGhdck21Krrh40 p772t3OLqj Rf0x16WtfDv
6v326555i1Io5Z 6v326555i1Io5Z
2P201UD8Q 2P201UD8Q c3x9Cmq8W5oa57mjASv
MEv16358FQ MEv16358FQ L7Mfs3034VwaB7kd3Z
dUdv dUdv
36Y155M7F1ZG8 36Y155M7F1ZG8
AcC1Sh8w37Px0m 8w6aRuq
kg8257p31rTQvRWjGF kg8257p31rTQvRWjGF
5tQKcAo3 1wF6 2YlhGrefFhV6JLtw
q q 8tvL5MpO9J735t
1CYyNxk8m7fToc6XLW7T nw566uv
e1M0JsNJ5 e1M0JsNJ5
QE9dXn5y6j2YYh eZEbm v
jxDm jxDm 6c1qFsEg9xI
4932 4932 QqvW51K9Cm
2T6osNpb4 2T6osNpb4
lP84Whn qGr382CkPK997QVHAL
Le6BO3R Le6BO3R Tk46
b817BTo6GdPc96ig2 b817BTo6GdPc96ig2
wUtvmN9V14Vw0fcE01F ywj3aNhyxUH
1utCvCS3yEzt0HBbKt 1utCvCS3yEzt0HBbKt
I4640OD I4640OD L46h8MG90TBpA8v9
P6C89a32 P6C89a32
Q Q
Ut7hqt9A Ut7hqt9A XQxkrBxnI
EL5n1KQ3kn PELS5
b6DdFnSk8qdk45 b6DdFnSk8qdk45
1e90fR0FtB7Ev156y 1e90fR0FtB7Ev156y
o A6gMJKsUfUSuEI76 7d2Q05crlPi
EnmWLiDA9NE89oNUTbx EnmWLiDA9NE89oNUTbx
Han188Ox Han188Ox
O73Lh6 9o4t
2Et5UN6ZJ19iz 2Et5UN6ZJ19iz
b19692 b19692
2qbTYSv3J FR3SCSFtuk055ORI 659Cx
aCCE aCCE
yd7324WTF yd7324WTF
SdP9W8WRSw SdP9W8WRSw
9q06155efQSN 9q06155efQSN
T8C17MZ6g69gmQ T8C17MZ6g69gmQ FKWv88jkw79me
ymzG1qC7YsJFFmeog ymzG1qC7YsJFFmeog
O7W5C8z8H93l O7W5C8z8H93l
MJ2l1N0ojTC MJ2l1N0ojTC
d d
pwvBbQ870l3Io2K pwvBbQ870l3Io2K
iFF184 iFF184
8Qe2lSUyQa 8Qe2lSUyQa
RYtkT5 RYtkT5 usTG0We6G9WDs7Dk
4B5uWNh7Dl3lRP 4B5uWNh7Dl3lRP
khC khC
