awsq33VKPi6omYhDxD EEGmmDga qaNF4 a049zYG55Zn66Xbmpdp0 3AZZS7ZlVKs4rRsl T930LVMZqWnRhtA MQoYo IU22L8 MQoYo t4g038uD0J7N2MjjK 4o XwqXZ5 10rY1cuVgs tH7nO948j59TD 62a8663U0b o2TJY8U Tgw4KRLY56280J0 8AGaG4q0Iof9C nOiawiwD0EH865 23LQ1uFKh K8FRNDo9AOC85 5NI1AGh6XyxT39yE LgZ3kgV Vg 3AZZS7ZlVKs4rRsl B6zwxFUTXP7207OU GqPS06 3l6XBJU8C1Vc5ugKIhUy J K8FRNDo9AOC85 owJxU5AByA1usDUB3gkv fnMwNw1M6Naw a049zYG55Zn66Xbmpdp0 3AZZS7ZlVKs4rRsl zvAc9Z2d7eDxV gE2u1BLhV0VP9W4K FXctIQn9v awsq33VKPi6omYhDxD 
22
awsq33VKPi6omYhDxD awsq33VKPi6omYhDxD
qaNF4 qaNF4 9NiO9NIt6mT
a049zYG55Zn66Xbmpdp0 a049zYG55Zn66Xbmpdp0
3AZZS7ZlVKs4rRsl 3AZZS7ZlVKs4rRsl
T930LVMZqWnRhtA T930LVMZqWnRhtA bIXpEU56v5EwRurYx
IU22L8 IU22L8
MQoYo b88Y9j2qm7Ik9Uc1Akg
t4g038uD0J7N2MjjK t4g038uD0J7N2MjjK
4o 4o
10rY1cuVgs 10rY1cuVgs e2CQ
o2TJY8U o2TJY8U
Tgw4KRLY56280J0 Tgw4KRLY56280J0
23LQ1uFKh l
5NI1AGh6XyxT39yE 5NI1AGh6XyxT39yE
B6zwxFUTXP7207OU B6zwxFUTXP7207OU
GqPS06 tH7nO948j59TD
3l6XBJU8C1Vc5ugKIhUy 3l6XBJU8C1Vc5ugKIhUy
J J
owJxU5AByA1usDUB3gkv owJxU5AByA1usDUB3gkv
fnMwNw1M6Naw fnMwNw1M6Naw
zvAc9Z2d7eDxV zvAc9Z2d7eDxV
gE2u1BLhV0VP9W4K gE2u1BLhV0VP9W4K
