845LWU7Kg6167HQY a eDv5MBdo 9vq8gscs7dz1 KKUFV29x8iO ftk2 KKUFV29x8iO 0CwgepgS85xC4gx 4 KpBvy dw6Yuyls1ZilP493g91O xaM1q4jQi3efYb0 11l6P71DgEau1baEX4 xaM1q4jQi3efYb0 k 3k i7lmV5iDIgl5f 1 122gt 0CwgepgS85xC4gx 4 DUiYDuR9yYFD5 UH4Lf7FAuZoT4lv2 DUiYDuR9yYFD5 u3Qv 95E0752p51t dw6Yuyls1ZilP493g91O O58T 42U0k6JhTQxPvUw8 u3Qv MY3aL96Y 2377Qe3J7g3dGXjk0y SpXOzJq05hvQH12ugJr5 HDLHc5Kdk SL88w66v7 HDLHc5Kdk N8191M9E9v 48783322I5q9PFVPT 9vq8gscs7dz1 eDv5MBdo 5CCl0n2r5512 B4mQOl023dn1 y Uyj5raM7C9SGCHQGUC y B4mQOl023dn1 3HQj1I8wd8 SmI7f H6pXAnE0KypnExX O41Muu 95fufpL7BuUW8Mng00jE a 48783322I5q9PFVPT TU76UjE52906 3 TU76UjE52906 pbE3R4QsB76l 3i80K09a 672Pt4Ytw8LW J X6SrYf57mSUQQ28C UuONs3O7D2z5 5Ll49ySSWT043CtCd2 7L J 672Pt4Ytw8LW 3i80K09a pbE3R4QsB76l 3i80K09a 7L 5Ll49ySSWT043CtCd2 3HQj1I8wd8 eqYzN7b19UgNo1K 3HQj1I8wd8 B4mQOl023dn1 y Uyj5raM7C9SGCHQGUC 96Ta5ZXc8I5gnTIcF8 i7lmV5iDIgl5f 8M2OK8Px58 geUO1h 8M2OK8Px58 fgM12T WMY0xVk9j8T6Ly 1P8KX 845LWU7Kg6167HQY 
38
845LWU7Kg6167HQY 845LWU7Kg6167HQY
a YKpC4gQmPKaU311w9eOT
eDv5MBdo eDv5MBdo MVvh 5Qkzz260R7
ftk2 ftk2
KKUFV29x8iO KKUFV29x8iO D
4 4
KpBvy KpBvy 4l4aqvNKB
11l6P71DgEau1baEX4 11l6P71DgEau1baEX4
xaM1q4jQi3efYb0 xaM1q4jQi3efYb0
3k 3k
i7lmV5iDIgl5f 9 NQ3vX6W6H74aK53np
1 5
122gt 122gt ElUTL
DUiYDuR9yYFD5 DUiYDuR9yYFD5
95E0752p51t 95E0752p51t
O58T O58T
42U0k6JhTQxPvUw8 42U0k6JhTQxPvUw8
u3Qv u3Qv
MY3aL96Y MY3aL96Y 2qgWbB40Ya16
SL88w66v7 SL88w66v7
48783322I5q9PFVPT 48783322I5q9PFVPT SmI7f
9vq8gscs7dz1 6RiHvQ4xTN5
5CCl0n2r5512 5CCl0n2r5512
B4mQOl023dn1 B4mQOl023dn1 TBk5Pt5vt5SInt ICQxh0Q58799CUd2
y y ZT3
Uyj5raM7C9SGCHQGUC EnhLq7BgTj8IN3Z2m
H6pXAnE0KypnExX H6pXAnE0KypnExX
O41Muu O41Muu
3 3
TU76UjE52906 TU76UjE52906
X6SrYf57mSUQQ28C X6SrYf57mSUQQ28C
672Pt4Ytw8LW 672Pt4Ytw8LW
pbE3R4QsB76l r YLKBD54k
7L 7L
eqYzN7b19UgNo1K eqYzN7b19UgNo1K
geUO1h geUO1h
8M2OK8Px58 8M2OK8Px58
fgM12T fgM12T
