0 140 53 57 18 42 10 122 21 17 13 5 109 31 141 60 126 168 100 134 100 35 184 69 184 35 124 166 113 90 79 4 171 101 2 33 72 83 72 33 2 101 171 188 171 101 2 33 17 33 72 28 41 161 71 191 112 96 51 6 115 163 34 76 106 20 53 102 143 166 124 93 38 93 174 81 107 22 46 22 107 9 50 9 107 81 174 56 36 2 65 61 70 61 65 102 68 118 151 145 95 145 42 18 57 142 199 39 199 154 143 32 99 124 35 100 40 49 121 11 121 171 101 55 63 24 54 108 26 89 73 153 66 153 73 89 26 108 54 172 74 172 102 118 77 118 68 85 87 84 180 84 87 125 175 91 175 178 166 124 92 105 7 149 8 67 71 148 94 148 71 128 45 128 53 20 103 198 88 198 60 140 0 123 15 123 0 137 37 137 0 
70
0 0 43 59 62 86
53 53
57 57 1 16
18 18 82
13 13
5 5
31 31
60 60
134 44
69 69
35 35
90 90
79 79 4
83 83
72 72
33 33
2 2 78
101 55
17 17 21
28 28
41 41
71 71 67
96 96
51 51 30 47
6 6 58
34 34
76 76
20 20
38 38
93 93
46 46
22 22
107 81
9 9 64 80
50 50
56 56
36 36
70 70
61 61
65 65 3
68 68 85
95 95
42 42 10 48
39 39
32 32 25 99
40 40
49 49
11 11 75
63 63
24 24
54 54 98
26 26
89 89 23
66 66
153 12
73 73
74 74
77 77
87 87
84 84 97
91 91
92 92
105 7 19
94 94
45 45
128 8
88 88
15 15
37 37
137 52
