loc0 loc23 loc99 loc88 loc9 loc91 loc31 loc91 loc84 loc62 loc90 loc29 loc68 loc86 loc89 loc32 loc93 loc71 loc46 loc20 loc95 loc60 loc95 loc64 loc54 loc82 loc68 loc92 loc24 loc15 loc19 loc81 loc57 loc47 loc43 loc45 loc35 loc45 loc62 loc90 loc71 loc46 loc25 loc47 loc99 loc23 loc0 
22
loc0 loc61 loc79 loc26
loc23 loc23 loc39 loc7 loc72 loc51
loc99 loc99 loc6 loc34
loc88 loc88 loc8
loc31 loc31
loc91 loc91 loc75
loc84 loc84 loc40 loc65 loc28 loc42
loc62 loc62 loc16
loc29 loc29
loc68 loc52
loc86 loc86 loc69 loc33
loc89 loc21
loc32 loc48
loc20 loc20
loc54 loc54
loc24 loc24
loc81 loc81
loc45 loc45
loc35 loc35
loc90 loc90
loc71 loc93
loc25 loc25
