loc0 loc58 loc78 loc53 loc19 loc4 loc164 loc165 loc163 loc40 loc107 loc11 loc67 loc192 loc60 loc57 loc24 loc62 loc193 loc95 loc181 loc147 loc39 loc191 loc64 loc17 loc25 loc64 loc156 loc126 loc155 loc107 loc187 loc55 loc24 loc193 loc27 loc95 loc193 loc168 loc11 loc198 loc169 loc156 loc126 loc155 loc93 loc155 loc177 loc189 loc32 loc138 loc118 loc79 loc118 loc138 loc32 loc150 loc162 loc98 loc162 loc129 loc77 loc96 loc43 loc158 loc49 loc144 loc37 loc144 loc175 loc84 loc141 loc72 loc186 loc74 loc52 loc106 loc46 loc15 loc142 loc114 loc69 loc169 loc198 loc44 loc172 loc82 loc76 loc97 loc119 loc97 loc163 loc146 loc120 loc8 loc120 loc188 loc183 loc25 loc45 loc137 loc45 loc160 loc53 loc122 loc103 loc21 loc23 loc197 loc94 loc41 loc9 loc64 loc146 loc163 loc76 loc182 loc76 loc163 loc0 
57
loc0 loc167
loc58 loc179 loc185 loc31 loc130 loc196 loc100 loc92
loc78 loc78
loc53 loc54 loc160
loc164 loc164
loc165 loc165 loc20
loc163 loc113 loc112
loc40 loc28
loc67 loc67
loc192 loc192 loc134
loc60 loc129
loc57 loc57
loc62 loc66 loc184 loc157
loc193 loc168
loc147 loc147
loc39 loc39
loc17 loc17
loc25 loc25 loc85
loc64 loc191
loc187 loc187
loc27 loc27
loc11 loc11
loc198 loc198 loc131
loc169 loc156 loc47
loc93 loc93
loc177 loc177
loc189 loc109
loc32 loc32 loc116 loc150 loc10 loc14
loc138 loc138
loc118 loc118
loc79 loc83
loc162 loc162
loc96 loc96
loc158 loc36 loc105
loc49 loc49 loc52 loc89
loc144 loc144
loc37 loc37 loc75
loc84 loc84
loc186 loc186
loc106 loc106
loc46 loc46
loc15 loc15
loc69 loc69
loc172 loc172
loc82 loc82
loc119 loc119
loc97 loc97
loc8 loc8
loc120 loc120
loc188 loc188
loc183 loc183
loc45 loc45
loc122 loc122
loc103 loc42
loc197 loc197
loc41 loc41
loc182 loc182
