a0 a1 b1 j6 c4 g3 d3 d2 d4 e1 d4 h1 g8 f4 g8 h1 d4 d2 d3 g3 c4 j6 b1 a1 a0 a3 c2 d0 a9 d6 i9 c3 i9 d6 a9 d0 c2 a3 c0 c1 a4 a5 a6 a7 d9 a7 a8 a9 d0 c2 a3 a0 a1 b1 j6 c4 g3 j1 e9 j1 g3 c4 j6 b1 a1 a0 a3 f2 f1 d1 c8 c6 c5 c6 c8 d1 f1 f2 a3 a0 b6 f7 i1 e7 e6 e7 i1 f7 b6 b7 b6 a0 h5 e4 h5 a0 j3 f0 j3 a0 b9 b8 b9 a0 c9 e8 d7 e8 c9 a0 
36
a0 b4 b5
a1 b0 b2 b3
b1 b1
c4 c4
d3 d3
d2 d2
d4 d4
e1 e1 e0
f4 f4
c3 c3
d6 d6 d8
d0 d0
c2 c2
c0 c0 c1
d9 d9
e9 e9
c5 c5
c6 c6 c7
c8 c8
d1 d1
f1 f1
f2 f2
e6 e6
e7 e7
i1 e3 e5
b6 b6
b7 b7 d5
e4 e4
h5 e2
f0 f0
j3 f3
b8 b8
b9 b9
d7 d7
e8 e8
c9 c9
