73 96 38 5 1 68 90 25 74 49 44 57 75 60 100 88 45 98 9 71 31 66 74 4 68 90 64 93 17 14 77 1 19 36 43 12 34 55 34 12 62 65 92 33 48 15 79 95 19 18 76 18 76 37 86 29 84 81 28 40 13 47 86 29 84 29 22 88 27 2 94 2 27 88 100 60 46 99 46 99 62 65 92 33 48 13 40 16 85 16 40 13 48 15 96 73 
41
96 96
38 8
5 5
1 1 50
68 68
90 90 25
44 44
57 57
75 75 49
100 100
45 10
98 98 21
9 9 71
66 66
74 74
93 93
14 14
77 77
12 12
34 34 53 78
55 83
65 65
33 33 11 82
48 48
15 15
79 79
95 19
76 76
18 18
81 81
28 91
13 13
47 86
84 84
29 29
22 22
94 94
27 27
99 99
46 46
85 85
