74 123 81 26 193 127 47 25 23 68 58 28 113 49 8 65 170 172 170 175 79 70 43 158 43 187 197 52 153 32 153 159 107 44 25 66 122 143 149 151 39 150 113 198 47 198 100 73 125 98 53 131 91 131 24 64 90 64 73 146 86 57 185 183 108 33 76 154 109 161 11 140 181 126 166 14 118 14 59 14 166 76 56 135 151 34 151 33 83 78 136 184 122 66 50 125 157 125 73 64 165 175 165 176 178 176 142 42 142 176 179 54 146 45 13 192 13 45 146 8 65 101 200 101 65 59 14 166 76 112 114 112 134 100 173 132 30 167 24 57 86 134 100 73 146 8 141 129 163 129 141 8 115 63 174 63 139 138 34 18 1 77 51 199 51 193 34 94 20 181 142 42 8 115 148 115 8 123 74 
68
123 123
81 81
193 193 4 127
23 23
58 58
113 113 88
172 5 12
158 158
52 52 130 155
32 32 27
44 44
66 66 50
143 143 171
39 39
47 47
198 198 120
53 53
91 91
90 90
64 17
73 73 152
146 146
86 86 31 128
108 108
76 76 56 89
154 154
109 109
161 161 18
11 11 99
140 140 16
118 118
14 14
59 59 60
135 135
136 136
184 184
157 157
125 125 98 103
165 165
178 178
142 142
42 42
179 179
54 54
192 192
45 45
200 200
114 114
112 112 107
132 132
167 167
134 134
100 100 97 173
163 163
129 129
141 61
174 174
63 63
139 139 83
138 138 116
77 77
51 51 190
199 199 111 133
94 94
20 20 96
181 95
115 115
148 105
