AA AB AE AO AE AB AG BC BK FE DZ EC EE EF EH EJ EZ EJ EH EF EN EQ EN EF EL EW EX EY EX EW EL EF EE ED EP ED EE EC DX EC EB EA EI FB EI EA EB EC DZ FE BK BC AG AB AA AD DN CT AM CW DP CW AM CT DN AD AA AB AG BC BK FE DZ FE BK BC AG AZ AG AB AH BM BP CE BW AI BW CE BP BM AH BN BS BN AH AB AG BA BE BA AG AB AA AD DN CT AM CV DR CV AM CT DN AD AN CY DV CY AN CX DT AA AB AG BB BH BB AG AB AA AC AJ AC AA 
38
AA AA
AB AB AF
AE AE
AO AO AP AQ
EZ EZ
EH FA
EN EN
EQ EO
EY EY
EX EX
EP EP
DX DX DY
FB FB
EA FC
DP DP
CW DQ
AM AM
AD AD AK AL
DZ DZ
BK BK
BC BJ
AG AG
AZ BD
AI AI
AH AH
BS FF
BE BE
BA BF BG
DR DR
DV DV
CY DW
AN AN
CX DS DU
DT DT
BH BH
BB BI
AJ AJ
AC AC
