Soda loc50 loc33 loc50 loc63 loc86 loc96 loc53 loc55 loc13 loc55 loc53 loc96 loc86 loc63 loc3 loc65 loc64 loc8 loc31 loc41 loc38 loc41 loc31 loc8 loc64 loc83 loc91 loc83 loc64 loc63 loc86 loc96 loc53 loc29 loc95 loc28 loc95 loc29 loc53 loc96 loc86 loc63 loc4 loc85 loc40 loc39 loc40 loc85 loc40 loc44 loc89 loc44 loc6 loc22 loc43 loc26 loc67 loc90 loc45 loc66 loc36 loc66 loc45 loc90 loc67 loc26 loc43 loc22 loc43 loc26 loc67 loc90 loc45 loc49 loc73 loc49 loc45 loc90 loc67 loc26 loc43 loc22 Soda 
30
Soda loc57 loc21 loc79 loc18 loc72
loc33 loc33 loc71
loc13 loc13
loc55 loc55
loc53 loc53
loc96 loc96
loc86 loc86 loc99
loc63 loc30 loc23 loc61 loc10
loc38 loc38
loc41 loc41
loc31 loc31
loc8 loc8 loc17
loc83 loc83
loc91 loc91 loc68
loc28 loc28
loc95 loc95
loc29 loc29
loc39 loc39
loc40 loc40
loc89 loc89
loc44 loc44
loc36 loc36
loc66 loc66 loc97
loc45 loc45 loc20 loc32 loc48 loc81 loc93
loc90 loc90
loc67 loc67
loc26 loc26
loc43 loc43 loc19
loc73 loc73
loc49 loc49
