Soda loc3 loc179 loc43 loc50 loc43 loc92 loc57 loc157 loc59 loc20 loc40 loc137 loc75 loc92 loc57 loc157 loc57 loc92 loc43 loc27 loc169 loc111 loc30 loc39 loc198 loc166 loc109 loc166 loc198 loc39 loc30 loc111 loc169 loc27 loc164 loc47 loc87 loc192 loc170 loc196 loc51 loc196 loc170 loc192 loc87 loc47 loc164 loc27 loc43 loc179 loc53 loc140 loc53 loc25 loc106 loc172 loc6 loc172 loc106 loc36 loc145 loc36 loc106 loc25 loc53 loc179 loc43 loc27 loc115 loc99 loc9 loc99 loc115 loc27 loc43 loc104 loc163 loc42 loc171 loc42 loc177 loc186 loc104 loc163 loc154 loc163 loc104 loc43 loc27 loc77 loc173 loc107 loc146 loc107 loc173 loc77 loc27 loc43 loc82 loc129 loc17 loc23 loc74 loc13 loc34 loc84 loc167 loc84 loc34 loc13 loc74 loc23 loc17 loc129 loc168 loc43 loc27 loc164 loc47 loc87 loc192 loc170 loc196 loc142 loc7 loc142 loc196 loc170 loc192 loc87 loc47 loc164 loc27 loc43 loc82 loc129 loc17 loc23 loc74 loc13 loc34 loc14 loc121 loc14 loc34 loc13 loc74 loc23 loc17 loc129 loc168 loc43 loc27 loc60 loc68 loc126 loc68 loc60 loc194 loc35 loc15 loc10 loc180 loc26 loc27 loc43 loc179 loc80 loc199 loc64 loc3 Soda 
56
Soda Soda
loc3 loc3
loc179 loc45 loc82 loc90 loc65 loc151 loc58
loc50 loc50 loc83
loc20 loc20
loc40 loc40
loc137 loc137
loc75 loc75
loc57 loc57 loc72
loc157 loc157 loc59
loc109 loc109
loc198 loc28
loc39 loc39
loc30 loc30 loc136
loc111 loc111 loc11 loc128
loc27 loc193 loc101 loc122 loc147 loc41 loc183 loc141 loc100 loc55 loc114 loc131 loc180 loc181 loc38 loc37 loc8 loc22
loc192 loc192
loc170 loc170
loc196 loc185 loc61
loc51 loc51 loc155 loc103
loc140 loc140
loc53 loc53 loc25
loc6 loc6
loc172 loc172
loc106 loc106
loc36 loc36
loc145 loc145 loc156
loc9 loc9
loc171 loc171
loc42 loc42
loc154 loc154
loc163 loc163
loc146 loc146
loc107 loc107
loc173 loc173
loc77 loc77
loc167 loc167
loc84 loc84 loc97
loc34 loc34 loc88 loc32 loc189 loc118 loc138
loc13 loc13
loc74 loc74
loc23 loc23
loc17 loc17 loc94
loc7 loc7
loc142 loc142
loc121 loc121
loc14 loc14
loc126 loc126
loc194 loc194
loc35 loc35
loc15 loc15 loc79
loc10 loc10 loc95
loc26 loc26 loc188
loc80 loc80
loc199 loc199
loc64 loc64
