0 144 157 16 113 1 117 116 90 124 47 124 181 120 125 174 111 70 111 174 59 174 124 140 78 87 188 87 178 139 37 139 86 106 13 106 102 46 36 126 173 80 31 104 3 90 116 117 34 97 34 145 58 36 46 44 27 144 157 150 72 177 33 177 72 150 62 22 160 167 110 26 110 167 188 87 103 58 103 100 103 7 195 57 175 171 74 48 74 16 24 173 11 64 2 53 54 45 148 85 148 45 54 53 151 53 199 123 65 123 109 80 41 19 41 122 56 45 196 82 196 18 196 82 22 62 83 71 150 157 16 93 63 93 120 181 114 29 39 29 5 135 5 196 82 52 130 94 24 16 93 140 81 140 62 176 42 176 30 9 98 8 131 199 53 132 43 178 157 6 25 6 157 16 24 91 67 91 144 0 
74
144 76 88
157 69
16 16 38
113 15 99
1 1 95
117 23
47 47
124 40
120 96
125 17
70 70
111 75
59 59 7 51
78 78
87 87 79
188 10
37 37
86 86
106 50
13 13
36 36
173 35 77
80 80 84
31 31 14
3 3 49 90 92
97 97
34 34
46 46
44 44
27 27
33 33
72 72
62 62 12 22
26 26
167 89
58 58
100 100 61 73
57 57
175 55
48 48
74 74 4
11 11
64 64
2 2 20 28
85 85
45 45 56
54 54 68
53 53
151 60 66
65 65
19 19
41 41
82 82
18 18 32
83 83
71 71
63 63
93 93
39 39
29 29
5 5
52 52
94 94
24 24
81 81
42 42
30 30
9 9 98
8 8
43 43
25 25
6 6 21
67 67
91 91
