0 84 6 7 82 97 37 3 37 97 4 31 51 34 89 5 89 64 2 26 83 49 40 75 72 68 22 68 72 68 14 13 30 13 11 18 85 92 21 77 36 77 21 14 55 42 34 89 64 2 64 89 34 44 23 44 23 83 65 46 24 51 34 89 27 50 19 39 19 4 97 52 38 43 59 7 1 10 81 34 51 90 11 90 11 68 72 35 28 33 86 59 16 8 16 51 31 0 
40
84 9
6 6
7 7 1 28
3 3
37 37
97 12 20
4 4 47
31 31
34 34
89 17
5 5 15
26 26
83 41
49 49 40
22 22
72 35
13 13
30 30
18 18
85 32
36 36
21 21 29
14 14
42 42 48
2 2
23 23
44 44
46 46
24 24 25
27 27
50 50
19 19
39 39 45
38 38
43 43
10 10
11 11
33 33
8 8
16 16
