48 68 14 116 155 143 0 156 52 193 98 67 49 20 13 93 133 50 15 4 56 124 77 81 59 153 37 99 15 137 143 0 156 180 17 25 171 73 174 125 31 162 196 141 2 43 101 98 193 194 44 131 44 194 129 141 2 23 39 185 168 46 196 162 189 117 38 165 38 98 193 194 129 136 72 186 73 174 179 195 159 120 121 133 121 196 176 86 176 138 78 113 181 135 84 60 57 151 45 107 66 74 66 107 133 121 40 16 62 132 6 139 160 103 57 63 92 177 158 42 158 177 178 85 152 29 36 147 36 163 173 163 76 199 138 78 113 182 144 182 113 178 194 157 146 157 166 12 21 79 11 6 106 64 83 55 83 168 20 49 130 9 130 197 65 3 170 106 133 100 81 77 164 154 14 68 48 
73
48 48
155 155 199 3
52 52
193 193
98 98 101
67 67
20 20
93 93 119
56 56
77 19 69
81 148 35
99 5
15 118 137
156 156
180 180
25 25 90
171 171
73 73
174 179
125 125 143
162 123
2 2
194 194
23 23
39 39
185 185 190
46 46 10
196 196 141
117 117
38 38
165 165 175 34
129 129
136 136
72 108
186 186
120 120
121 40
133 133
176 176
181 181
135 135
84 84 60
151 151
107 107 177 87
66 66 191
74 74 149
16 16
6 109
139 167
160 103
158 158
42 42
85 85
152 152 29
147 147
36 36
163 163
173 58 145 88
138 138
78 78
113 113
182 182
157 157
21 21
79 79
11 11
55 55
9 9
130 126
170 170
106 64
164 164
154 154 115 197 110 7 53
