75 16 81 94 81 64 99 90 99 21 68 31 86 25 52 70 10 37 78 69 98 56 4 47 64 47 4 56 98 63 98 28 3 24 59 68 21 5 44 5 73 96 74 1 27 66 40 83 43 29 39 57 39 49 55 49 48 88 77 19 92 26 71 32 89 30 89 32 42 58 42 58 67 8 12 18 13 35 95 16 81 64 80 97 80 71 26 92 15 61 15 39 49 48 84 89 75 
43
75 75
81 81
94 94 82
90 90
21 21
31 31
86 86 25
52 52
78 69
4 4
47 47
64 64 87
56 56
98 98
63 91
3 3
59 59 9
44 44
5 73
96 96
74 74 36
27 34
66 7
43 43
29 29
57 57
49 49
55 55 46
77 77
26 26
32 32
89 89
30 76 65
58 58
42 42
12 12
18 62
13 13
80 80
97 97
92 92
48 48
84 84
