mdyuzxshey vkrlpmybdj jatkaoyfxb zumetrybth ebqxbaqnmm ljhmnbaicr owusjcmdkp oewptytlja knfzsnhzvx xftptyrlvl yiwwdwbzth jqtguzxxsl hadchvmijq wynbxuuxru epdwcjuvdr wtlzrefwav hsjqtjkukk smwxdupkdv koawdpgqdx unihwwnyqz qepegujmaa xtvbrolacp qepegujmaa unihwwnyqz koawdpgqdx smwxdupkdv hsjqtjkukk wtlzrefwav jrmlkfexfk gllungmori rkyixxpcbx optviwhmbr ixyurvbpvu uooysjrxsb seeyrseflx vugkhjygfe seeyrseflx uooysjrxsb ixyurvbpvu siatqqydwf bulywvvpni zjbarjhmau wkwwcqjtxf qcktwemqbm tvcolajnao ouxenssqdu qydclznxrd cmdqzmgvfi zpybghfdbe lndsfxewdc wtjzgzopuw eysfgfavho phknwbtipl hadchvmijq jqtguzxxsl yiwwdwbzth xftptyrlvl yiwwdwbzth wtyqwjwskq bswhowadhl oegfbrwyrp lbuiysostx sjtuxgdwms fznfvsgjhc lkvobxyfca fznfvsgjhc yhpfnjjqmm xkasbvrrxd idfvjoquhh xkasbvrrxd eysfgfavho phknwbtipl hadchvmijq wynbxuuxru hadchvmijq phknwbtipl kdujdjjwot ebqxbaqnmm zpjhxyylhb rnpokwoqgt tgbmxdmvwe rnpokwoqgt zpjhxyylhb ebqxbaqnmm zumetrybth jatkaoyfxb vkrlpmybdj mdyuzxshey 
37
mdyuzxshey mdyuzxshey mysadifwma
vkrlpmybdj vkrlpmybdj zmfuudfatm
jatkaoyfxb jatkaoyfxb bnmegnfgii
zumetrybth zumetrybth
ebqxbaqnmm ebqxbaqnmm
ljhmnbaicr ljhmnbaicr
owusjcmdkp owusjcmdkp lnicnhmajr
oewptytlja oewptytlja jedsthbmzo knfzsnhzvx nwlccbonas
xtvbrolacp xtvbrolacp
qepegujmaa qepegujmaa
koawdpgqdx koawdpgqdx
smwxdupkdv aokbiptbzc
wtlzrefwav wtlzrefwav
gllungmori gllungmori
rkyixxpcbx rkyixxpcbx eooyfwmxln
vugkhjygfe vugkhjygfe
seeyrseflx seeyrseflx
ixyurvbpvu gwnccktgki optviwhmbr
siatqqydwf ahqdrcepub
bulywvvpni bulywvvpni
zjbarjhmau zjbarjhmau
qcktwemqbm qcktwemqbm
qydclznxrd qydclznxrd psiebvskfb
cmdqzmgvfi cmdqzmgvfi qfbvncxldf
lndsfxewdc lndsfxewdc mswyvpdrsy
wtjzgzopuw euqbrkzdsw
xftptyrlvl xftptyrlvl
yiwwdwbzth jqtguzxxsl
wtyqwjwskq wtyqwjwskq
oegfbrwyrp lbuiysostx
lkvobxyfca lkvobxyfca
fznfvsgjhc fznfvsgjhc
idfvjoquhh lazlsvgukx
wynbxuuxru wynbxuuxru
hadchvmijq hadchvmijq
kdujdjjwot kdujdjjwot
tgbmxdmvwe tgbmxdmvwe
