evdoyagqfp xftptyrlvl jqtguzxxsl wynbxuuxru oegfbrwyrp ebqxbaqnmm xwrvhrxnqy qydclznxrd oavtmpaqji qydclznxrd ljhmnbaicr bswhowadhl xsjzeyxnpw ymvlfsdhbu nbjyrygtdh czvqvijjlb seeyrseflx hkempoemlv seeyrseflx czvqvijjlb nbjyrygtdh ymvlfsdhbu frfueiglva pymtnhypxd jrmlkfexfk osdeymjeil qiqnnrlapz qpxtrjvxpe kwbnyneokj bbczvyonym lazlsvgukx ymvlfsdhbu frfueiglva pymtnhypxd jrmlkfexfk scesbtewjx hxkhivkhyl xnppuesbrr eqdxeqvtsb epdwcjuvdr eooyfwmxln fczruomdab uhalgukdzb yriqtwavfx uhalgukdzb kwbnyneokj wirlbujvjm phknwbtipl xguvjomcdt nwlccbonas itbfnxnauh nwlccbonas xguvjomcdt fclmzghxkf xguvjomcdt yqwistxtxc hofbtczdgp jwcdeoubpx zpjhxyylhb kvfpaspidv wtyqwjwskq kijbyyuzhd ztvejhcxjs nfvvjywhsb uooysjrxsb nfvvjywhsb ztvejhcxjs kijbyyuzhd unihwwnyqz pbefrggyje xzwkhxkxjr cttlxdtaiw xzwkhxkxjr pbefrggyje unihwwnyqz yhpfnjjqmm bimtbhwsby chjuuxuacs afortwurqt zmfuudfatm afortwurqt ahqdrcepub byyqgjwsrp cttlxdtaiw rlxmdzqomd cmdqzmgvfi qgfchcatzi ljhmnbaicr bswhowadhl xsjzeyxnpw opmnfgpclg bpbbtoptwg eysfgfavho wtlzrefwav afrdrejwtp wtlzrefwav mdyuzxshey wtlzrefwav sipmuleqch xychpimpzb qcktwemqbm cdqkyomyxw vkrlpmybdj jrusiskazm gjmmikaxih byyqgjwsrp wtjzgzopuw wkwwcqjtxf osdeymjeil wkwwcqjtxf koawdpgqdx qepegujmaa pcilmgdrgc wwqchwdmtx jedsthbmzo euqbrkzdsw byyqgjwsrp wtjzgzopuw wkwwcqjtxf bulywvvpni xtraxybdhx koawdpgqdx qepegujmaa ixyurvbpvu qfbvncxldf ijbfzrqwct bbwcqzwyoz ijbfzrqwct qfbvncxldf ixyurvbpvu qepegujmaa etdxtwotzh knfzsnhzvx opmnfgpclg bpbbtoptwg rnpokwoqgt bpbbtoptwg ybdknfjgrw bpbbtoptwg opmnfgpclg tvuprbwofb zumetrybth vugkhjygfe xywdziunpr oggftsricu xywdziunpr vugkhjygfe guuudgvhny ivugtsvtqb optviwhmbr ivugtsvtqb guuudgvhny vugkhjygfe aruwdskzta lnicnhmajr ytidnmibdj ebqxbaqnmm oegfbrwyrp xqwyvbvueh tvcolajnao lcrihrmoqu xkasbvrrxd lcrihrmoqu tvcolajnao smwxdupkdv jqtguzxxsl wynbxuuxru epdwcjuvdr eqdxeqvtsb lndsfxewdc kyrhqthnvz lndsfxewdc khisjiexts afrdrejwtp wtlzrefwav mdyuzxshey ouxenssqdu fznfvsgjhc ouxenssqdu mdyuzxshey bbczvyonym hsjqtjkukk sjtuxgdwms oddoubpfzn sjtuxgdwms hsjqtjkukk bbczvyonym lazlsvgukx wynbxuuxru qzdrdcxoib voaumgrcuj qzdrdcxoib wynbxuuxru jqtguzxxsl xftptyrlvl mysadifwma robpunozly bnmegnfgii robpunozly mysadifwma xftptyrlvl qbiylslccb kvxwqiryyu qbiylslccb xftptyrlvl evdoyagqfp 
77
evdoyagqfp evdoyagqfp xawkqmfmmx
xftptyrlvl fluzhooehk
wynbxuuxru wynbxuuxru tmrnpjqnxx
oegfbrwyrp oegfbrwyrp
xwrvhrxnqy xwrvhrxnqy xifuopshzj
oavtmpaqji oavtmpaqji ichabbvkhm
hkempoemlv hkempoemlv
seeyrseflx seeyrseflx
nbjyrygtdh nbjyrygtdh cpwyxulkjm
ymvlfsdhbu ymvlfsdhbu aokbiptbzc
frfueiglva ldnozwuuuq
pymtnhypxd jrmlkfexfk
qiqnnrlapz qiqnnrlapz
qpxtrjvxpe qpxtrjvxpe tmatbexcil
bbczvyonym bbczvyonym
scesbtewjx scesbtewjx
xnppuesbrr xnppuesbrr
eqdxeqvtsb eqdxeqvtsb
epdwcjuvdr kgktiatgjn
eooyfwmxln eooyfwmxln
uhalgukdzb uhalgukdzb
yriqtwavfx gucdicwxmb rkyixxpcbx
itbfnxnauh itbfnxnauh
nwlccbonas nwlccbonas
xguvjomcdt xguvjomcdt
fclmzghxkf fdgcygwgjf
hofbtczdgp hofbtczdgp
kvfpaspidv kvfpaspidv
kijbyyuzhd kijbyyuzhd
uooysjrxsb uooysjrxsb
cttlxdtaiw cttlxdtaiw
pbefrggyje pbefrggyje
unihwwnyqz vnzypgtlkj
yhpfnjjqmm bimtbhwsby
zmfuudfatm zmfuudfatm
afortwurqt afortwurqt
ahqdrcepub ahqdrcepub gbdejcnknd byyqgjwsrp
qgfchcatzi qgfchcatzi
bswhowadhl bswhowadhl tgkujfknod
opmnfgpclg qxuqrfzzob
afrdrejwtp afrdrejwtp
wtlzrefwav wtlzrefwav
mdyuzxshey mdyuzxshey
xychpimpzb xychpimpzb
vkrlpmybdj vkrlpmybdj jrusiskazm
osdeymjeil osdeymjeil
wkwwcqjtxf wkwwcqjtxf lkvtxfwozs
koawdpgqdx pdljcbluhp psiebvskfb
qepegujmaa qepegujmaa etdxtwotzh
pcilmgdrgc pcilmgdrgc ivgbjyugdu
wwqchwdmtx wwqchwdmtx
jedsthbmzo qxfgqgbbdn
euqbrkzdsw euqbrkzdsw zivwgfcxqi
bulywvvpni bulywvvpni
bbwcqzwyoz bbwcqzwyoz
qfbvncxldf qfbvncxldf
ixyurvbpvu yiwwdwbzth
rnpokwoqgt rnpokwoqgt
oggftsricu oggftsricu
xywdziunpr xywdziunpr
vugkhjygfe vugkhjygfe aruwdskzta
guuudgvhny guuudgvhny stdiixwrjc
ivugtsvtqb ivugtsvtqb
optviwhmbr optviwhmbr vfdsalrajq
lnicnhmajr lnicnhmajr
xkasbvrrxd xkasbvrrxd
lcrihrmoqu lcrihrmoqu tgbmxdmvwe
tvcolajnao tvcolajnao xqwyvbvueh
smwxdupkdv smwxdupkdv
kyrhqthnvz kyrhqthnvz
lndsfxewdc lndsfxewdc
ouxenssqdu ouxenssqdu
hsjqtjkukk hsjqtjkukk
voaumgrcuj voaumgrcuj
bnmegnfgii bnmegnfgii
mysadifwma mysadifwma
kvxwqiryyu kvxwqiryyu
