0 58 53 176 177 176 53 78 185 186 185 78 21 140 141 140 21 84 143 144 143 84 38 146 147 146 38 87 149 150 149 87 47 152 153 152 47 164 47 49 194 195 194 49 1 155 156 155 1 9 161 162 161 9 83 167 168 167 83 45 173 174 173 45 90 182 183 182 90 57 188 189 188 57 10 197 198 197 10 46 170 171 170 46 11 179 180 179 11 54 191 192 191 54 41 113 41 34 121 34 94 126 94 60 128 60 26 158 26 40 135 40 0 
68
58 100 101
177 177
176 176
53 178
186 186
185 185
78 187
141 141
140 140
21 142
144 144
143 143
84 132 133 145
147 147
146 146
38 148
150 150
149 149
87 151
153 153
152 152
47 154 166
164 164 165
195 195
194 194
49 196
156 156
155 155
1 157
162 162
161 161
9 163
168 168
167 167
83 169
174 174
173 173
45 175
183 183
182 182
90 184
189 189
188 188
57 136 137 190
198 198
197 197
10 114 115 199
171 171
170 170
46 172
180 180
179 179
11 130 131 181
192 192
191 191
54 193
113 113
41 112 122 123
121 121
34 120
126 126
94 127
128 128
60 108 109 129
158 158 159
26 160
135 135
40 134
