0 65 35 37 36 37 35 115 77 115 10 12 11 12 10 90 92 91 92 90 45 15 17 16 17 104 165 89 160 162 161 162 160 137 135 130 132 131 132 130 135 80 67 66 67 80 180 182 181 182 180 40 42 41 42 40 120 123 120 55 58 55 50 135 137 166 117 115 24 95 97 95 140 142 140 25 28 2 40 30 32 30 75 185 72 129 195 85 87 85 105 108 105 150 152 150 110 57 110 195 197 195 189 4 125 128 125 79 184 190 14 100 0 
64
0 3 20
65 65 27 68
36 36
37 37
35 35 38
115 114 54 118
77 186 116
11 11
12 12
91 91
92 92
45 47
16 16
17 17
104 104
165 168
161 161
160 160
137 136
131 131
132 132 141
130 99 133
135 135 138
66 66
67 67
80 82
181 181
182 182
180 180 124 183 69 144 79
41 41
42 42
40 43
123 123
120 120 122
58 58
55 55
50 52
166 166
97 97
95 95
142 142
28 28
2 2 13 101
32 32
30 30
75 64 25 78 39
185 187
72 72
129 129
87 87
108 108
105 105
152 152
110 110 113 94 44
57 57 56
197 197
195 195
189 189
4 15 179 154 74
128 128
125 125
184 184
190 192 134 149 159
100 100 102
