loc0 loc67 loc2 loc65 loc82 loc65 loc14 loc86 loc23 loc95 loc41 loc98 loc44 loc71 loc26 loc70 loc25 loc79 loc25 loc70 loc76 loc49 loc72 loc54 loc36 loc54 loc72 loc91 loc58 loc48 loc99 loc30 loc93 loc33 loc51 loc42 loc78 loc34 loc85 loc57 loc60 loc51 loc24 loc88 loc52 loc97 loc76 loc94 loc86 loc23 loc95 loc41 loc95 loc23 loc86 loc94 loc32 loc68 loc47 loc68 loc14 loc67 loc0 loc58 loc75 loc63 loc45 loc63 loc75 loc31 loc76 loc70 loc26 loc53 loc35 loc53 loc26 loc70 loc76 loc39 loc84 loc3 loc66 loc0 
33
loc2 loc2
loc65 loc1 loc10 loc11 loc20 loc28 loc29 loc37 loc38 loc46
loc82 loc19
loc44 loc44
loc71 loc8 loc17
loc26 loc26
loc70 loc43
loc25 loc25
loc79 loc16
loc36 loc36
loc54 loc9
loc58 loc4 loc31 loc49
loc48 loc48
loc99 loc18
loc42 loc42
loc34 loc34
loc85 loc12
loc57 loc6 loc33
loc60 loc15 loc21
loc24 loc24
loc52 loc7
loc76 loc13 loc22 loc40
loc41 loc41
loc23 loc23
loc86 loc5 loc50
loc94 loc32
loc47 loc47
loc14 loc14
loc45 loc45
loc75 loc27
loc35 loc35
loc3 loc3
loc66 loc30 loc39
