loc0 loc49 loc1 loc36 loc46 loc47 loc20 loc38 loc11 loc38 loc29 loc31 loc19 loc47 loc46 loc36 loc18 loc45 loc1 loc40 loc48 loc15 loc48 loc39 loc42 loc16 loc44 loc8 loc44 loc43 loc44 loc41 loc23 loc41 loc14 loc31 loc49 loc30 loc3 loc30 loc40 loc37 loc10 loc37 loc0 
19
loc49 loc4 loc13
loc1 loc1
loc36 loc9
loc11 loc11
loc29 loc5
loc31 loc22
loc19 loc19
loc47 loc2 loc20
loc18 loc18
loc15 loc15
loc39 loc6 loc16
loc42 loc24
loc8 loc8
loc43 loc7 loc17 loc25
loc23 loc23
loc14 loc14
loc3 loc3
loc40 loc12 loc21
loc10 loc10
