loc0 loc130 loc190 loc10 loc163 loc10 loc139 loc112 loc194 loc176 loc23 loc125 loc98 loc179 loc89 loc179 loc98 loc125 loc23 loc176 loc104 loc148 loc40 loc194 loc113 loc194 loc104 loc184 loc166 loc115 loc160 loc52 loc105 loc51 loc105 loc52 loc133 loc52 loc160 loc115 loc166 loc103 loc40 loc112 loc38 loc173 loc128 loc74 loc110 loc11 loc110 loc74 loc128 loc173 loc38 loc112 loc31 loc121 loc139 loc109 loc199 loc64 loc127 loc1 loc111 loc120 loc3 loc183 loc186 loc87 loc168 loc15 loc168 loc87 loc186 loc183 loc3 loc157 loc49 loc193 loc94 loc122 loc176 loc86 loc188 loc161 loc44 loc161 loc188 loc86 loc125 loc116 loc152 loc53 loc143 loc169 loc34 loc151 loc187 loc178 loc52 loc105 loc177 loc24 loc159 loc87 loc186 loc183 loc174 loc189 loc171 loc63 loc171 loc135 loc165 loc120 loc180 loc45 loc172 loc82 loc172 loc55 loc127 loc46 loc118 loc38 loc155 loc56 loc155 loc41 loc194 loc40 loc193 loc49 loc157 loc3 loc183 loc30 loc123 loc33 loc123 loc30 loc183 loc174 loc189 loc27 loc189 loc135 loc81 loc153 loc111 loc12 loc157 loc13 loc166 loc115 loc196 loc97 loc196 loc115 loc166 loc103 loc122 loc176 loc14 loc185 loc32 loc185 loc14 loc149 loc104 loc40 loc193 loc49 loc157 loc138 loc84 loc138 loc165 loc54 loc192 loc111 loc10 loc109 loc73 loc118 loc154 loc175 loc130 loc49 loc129 loc66 loc129 loc157 loc13 loc103 loc50 loc184 loc0 
74
loc190 loc1 loc19 loc46 loc64
loc10 loc10
loc163 loc45 loc91
loc89 loc89
loc179 loc17
loc98 loc98
loc125 loc80
loc23 loc23
loc176 loc59 loc68
loc148 loc76
loc40 loc40
loc194 loc5
loc113 loc29
loc51 loc51
loc105 loc60 loc96
loc52 loc52
loc133 loc42 loc69 loc78
loc11 loc11
loc110 loc47 loc92
loc74 loc74
loc38 loc38
loc31 loc31
loc199 loc28 loc37
loc15 loc15
loc87 loc87
loc186 loc93
loc183 loc6
loc3 loc3
loc157 loc4 loc12 loc21 loc22 loc75
loc49 loc49
loc193 loc13 loc58 loc67 loc85
loc94 loc94
loc122 loc95
loc44 loc44
loc188 loc62
loc86 loc86
loc53 loc53
loc143 loc8 loc35 loc71
loc169 loc26
loc34 loc34
loc151 loc88
loc187 loc7 loc61 loc70
loc24 loc24
loc63 loc63
loc135 loc9
loc165 loc99
loc120 loc39 loc48
loc180 loc18 loc36
loc82 loc82
loc55 loc55
loc127 loc100
loc56 loc56
loc155 loc83
loc41 loc41
loc33 loc33
loc30 loc30
loc27 loc27
loc189 loc57
loc81 loc81
loc153 loc90
loc97 loc97
loc196 loc16
loc115 loc25 loc43
loc166 loc79
loc32 loc32
loc14 loc14
loc149 loc77
loc84 loc84
loc54 loc54
loc192 loc72
loc73 loc73
loc154 loc2 loc20 loc65
loc66 loc66
loc50 loc50
