99 176 103 154 72 114 135 61 51 54 129 132 96 165 23 37 124 129 189 20 58 72 83 69 82 81 46 162 130 198 185 101 91 180 195 91 129 183 139 159 168 76 181 86 2 192 105 190 16 141 169 144 147 117 107 49 123 6 199 100 156 118 166 84 1 19 184 67 36 178 79 32 152 32 99 
44
99 99 126
176 0 8 9 12 18 35 39 41 47 59 68 75 122 151 164 172 174 188
103 103
154 42
114 114
135 61
51 51
54 17
132 132
165 165
23 5 78
124 124
129 66
20 20
58 1 15 22 73 88 102 111 127 148 149 150 155 167 170
72 53
83 83
69 173
82 82
130 130
198 25 26 55 94 160
185 185
101 30 56 119 171
180 180
183 183
139 33 106 146
168 168
76 24 28 63 161 186
181 181
192 192
105 80 131
190 190
169 169
117 117
107 158 163
123 123
100 100
156 70 142
118 4
166 166
184 184
178 178
32 34 98
152 90
