0 142 11 40 69 100 61 88 187 19 30 2 85 96 44 55 25 67 183 127 87 46 187 125 39 27 99 103 126 15 6 13 21 56 7 17 79 169 79 95 191 93 47 37 74 43 52 144 23 81 71 93 10 75 150 75 43 10 4 104 49 121 76 42 14 114 20 35 127 0 
53
0 3 9 12 16 18 24 28 29 32 33 34 38 41 45 48 50 53 57 58 60 63 66 72 74 82 83 86 90 91 92 94
142 59
11 11 1
40 40
69 69 26
100 100
61 61
88 88 8 98
19 19
30 30 2 80
85 85
96 96
44 44
55 55 31 97
25 25
67 67
127 22 36 62 64 77
87 87 5
46 46
187 51
125 65
39 39
27 27
99 99
103 78
15 15
6 6
13 13
21 21
56 56 54
7 7
17 17 70 89
79 79
95 95
47 47
37 37
52 52
144 73
23 23
81 81 84
71 71
93 93
75 75
43 43
10 10
4 4
49 49
121 68
76 76
42 42
14 14
20 20
35 35
