0 1 69 71 73 74 75 76 77 78 79 80 81 80 79 78 77 76 75 74 73 71 69 70 121 163 164 165 166 167 168 169 170 183 185 186 187 191 192 193 194 195 196 197 198 199 198 197 196 195 194 193 192 191 187 186 185 183 170 169 168 167 166 165 164 163 121 70 122 123 138 139 140 141 142 143 145 146 152 153 154 155 156 157 158 157 156 155 154 153 152 146 145 143 142 141 140 139 138 123 122 70 69 71 72 90 105 106 107 108 109 110 112 113 115 116 117 118 119 120 119 118 117 116 115 113 112 110 109 108 107 106 105 90 72 91 92 98 99 100 99 98 92 91 72 71 69 70 121 163 164 165 166 167 168 169 171 172 177 178 179 180 181 180 179 178 177 172 171 173 175 173 171 169 168 167 166 165 164 163 121 70 69 1 0 2 3 5 6 7 8 9 10 20 21 23 24 25 26 27 26 25 24 23 21 20 10 9 11 12 13 15 16 17 16 15 13 12 11 9 8 7 6 5 3 2 0 1 69 70 122 123 138 139 140 141 142 143 145 146 151 150 151 150 148 147 145 143 142 141 140 139 138 123 122 70 69 1 0 2 3 4 28 30 31 32 33 35 36 38 39 38 36 35 33 32 31 30 28 4 3 5 6 7 8 7 6 5 3 2 0 1 69 70 122 124 125 131 132 133 134 135 136 137 136 135 134 133 132 131 125 124 126 128 126 124 122 70 69 68 67 66 64 63 57 56 55 53 54 53 55 56 57 63 64 66 67 68 69 1 0 2 3 4 28 30 31 32 33 34 41 42 41 34 41 43 44 45 46 47 48 49 50 51 52 51 50 49 48 47 46 45 46 47 48 49 50 51 52 53 55 56 58 59 60 62 63 64 66 67 68 69 71 72 91 93 95 96 95 93 91 72 71 69 1 0 2 3 4 28 29 28 4 3 2 0 
89
0 0
1 1
69 69
73 73
74 74
75 75
76 76
77 77
78 78
79 79
80 80
81 83 82
199 199
198 198
196 196
195 195
191 191
186 188
183 183
170 170
168 168
167 167
166 166
163 163
121 121
140 140
141 141
142 142
146 146
153 153
154 154
158 158 159
120 120
118 118
113 113
108 108
107 107
90 90
91 91
100 100 101
181 181
172 172
175 175 176
27 27
26 26
25 25
24 24
21 21 22
10 10 19
9 9
11 11
13 13 14
15 15
17 17 18
150 150
148 148
147 147
39 39
38 38
35 35
31 31
4 4
5 5
137 137
136 136
134 134
132 132
131 131
128 128 129
54 54
56 58
57 57
63 63
64 65
66 66
68 68
42 42
52 52
51 51
50 50
45 45 44
59 59
60 61
62 62
96 96
95 95
93 93 94
29 29
2 2
