0 3 2 5 6 9 11 14 92 93 95 97 120 101 102 105 107 ViksNode 112 116 117 33 38 42 44 49 50 52 54 58 62 63 75 76 77 78 79 81 82 90 17 21 20 32 23 26 28 26 23 32 20 19 18 17 90 82 81 79 78 77 76 75 63 62 58 54 52 50 49 44 42 38 33 118 116 112 ViksNode 107 105 102 101 120 97 95 93 92 14 11 9 6 5 2 1 2 5 6 9 11 14 92 93 95 97 120 101 102 105 107 ViksNode 112 116 117 33 38 42 44 49 50 52 54 58 62 63 75 76 77 78 79 81 83 86 83 81 79 78 77 76 72 65 71 70 64 73 64 62 58 61 60 61 58 56 57 52 53 51 49 44 46 47 46 45 48 45 44 42 41 40 39 37 36 35 34 33 118 116 112 ViksNode 128 129 130 129 128 ViksNode 112 115 113 115 112 ViksNode 107 105 102 100 122 121 122 100 99 96 93 92 14 11 9 6 5 2 1 0 
41
0 30
3 3 4
21 21
20 20
26 25
28 27
18 18
17 19
79 80
78 78
75 74
63 63
58 59
42 42 43
33 37
116 117
105 108
102 106
101 104
92 94
14 13 15
9 10
6 7 8
86 86
71 71
70 70
73 73
60 60
56 56
57 55
53 53
47 47
48 48
35 35
34 36
130 130
113 113
115 114
121 121
122 123
99 99
