destitute namesake Auberge Rodney choice fatten funny encumbrance minion Dominican covariate Fisk Rio Loomis connubial schedule slowdown spill brook extrovert trill bifurcate illusion septillion transpiration extractor combine barnacle destitute 
20
destitute Andersen Dominican Halstead Hewlett choice creekside mediate papal shroud stanza swordfish yogurt
namesake Injun jewel swingy tate
Auberge Auberge Modesto Vega
fatten fatten
funny funny Gilmore
encumbrance MN anvil
minion minion Bleeker
Fisk Fisk
Rio Rio
Loomis Loomis Darwin Hindi connubial midget
schedule schedule
slowdown slowdown
spill amateur bobble
brook Elizabethan McCall
trill trill
bifurcate embassy illusion
septillion septillion
transpiration transpiration
extractor extractor
barnacle decor diligent ripe
