woebegone cowhand explosion MN swordfish MN update icon felony casserole MN exothermic PDP Sunday silage Sunday trimester deduce Curtis Elizabethan Darwin bacteria Durango broil barnacle archive encumbrance limpkin clout mack Irvin walkout numerology viscous numerology catenate switchmen phylogenetic atom transfuse trimester bat Winchester whatsoever balustrade embassy broil Durango sinh PDP limitate midstream noon sphalerite hamper Wheller combine Stephen simulate funny McCall funny switchmen anvil shrewish Winchester bat Winchester oriole PDP millennium inform secondary Fisk transfuse trimester yogurt equipping felony switchmen funny spill mitre spill involuntary thirteen trill Palo Auberge Palo Durango Vega lexicon shovel fulsome embroil papal plunder woebegone 
53
woebegone December PDP Reilly Simon Tucson embroil griddle involuntary noon slowdown swingy
cowhand Andersen Stephen explosion
swordfish swordfish
MN exothermic
update update
icon icon
felony felony Isfahan dreadnought monotonous tate thoroughfare
casserole casserole renaissance
silage silage
Sunday Sunday
deduce deduce
Curtis Curtis
Darwin Darwin
barnacle barnacle
archive archive dull softball
encumbrance Goodrich backplate car coarse diligent illusion millennium postscript relaxation sinh transonic
limpkin extrovert
mack mack
Irvin Irvin
viscous viscous
numerology numerology stanza
catenate catenate
switchmen Gilmore Zorn imperishable
phylogenetic funky
transfuse transfuse
trimester trimester
whatsoever whatsoever
balustrade babysat
broil broil
Durango Durango Hewlett bifurcate directory
limitate limitate
midstream midstream
sphalerite sphalerite
Wheller Wheller
simulate simulate
funny funny wingspread yearn
McCall McCall septillion
anvil anvil
bat bat
Winchester Winchester connubial
secondary secondary inform
Fisk Fisk mediate
yogurt yogurt
equipping equipping
mitre mitre
spill spill
thirteen thirteen
trill administer
Auberge Auberge Rodney
Vega Vega
shovel shovel choice
fulsome fulsome
papal papal
