Loc35 Loc77 Loc98 Loc64 Loc9 Loc46 Loc10 Loc85 Loc25 Loc84 Loc33 Loc75 Loc77 Loc92 Loc7 Loc60 Loc81 Loc51 Loc54 Loc97 Loc67 Loc23 Loc44 Loc23 Loc46 Loc96 Loc37 Loc50 Loc35 
18
Loc35 Loc24 Loc39 Loc89 Loc65 Loc79 Loc86 Loc74 Loc78 Loc48 Loc71 Loc58 Loc31 Loc41 Loc70 Loc62 Loc73 Loc54 Loc95 Loc28 Loc22 Loc14 Loc15 Loc0 Loc4 Loc66 Loc1 Loc13 Loc34 Loc63 Loc80 Loc47 Loc90
Loc77 Loc77 Loc93
Loc64 Loc64
Loc9 Loc52
Loc10 Loc10
Loc25 Loc25
Loc84 Loc84
Loc33 Loc33
Loc92 Loc92
Loc7 Loc7
Loc81 Loc81
Loc51 Loc51
Loc97 Loc97
Loc67 Loc67
Loc44 Loc44
Loc23 Loc23
Loc46 Loc46
Loc37 Loc37
