Loc151 Loc0 Loc24 Loc40 Loc17 Loc37 Loc117 Loc45 Loc180 Loc141 Loc181 Loc183 Loc81 Loc20 Loc156 Loc32 Loc161 Loc85 Loc65 Loc7 Loc36 Loc128 Loc89 Loc77 Loc100 Loc96 Loc138 Loc124 Loc3 Loc66 Loc134 Loc62 Loc162 Loc127 Loc98 Loc136 Loc6 Loc176 Loc154 Loc129 Loc135 Loc48 Loc165 Loc80 Loc131 Loc130 Loc151 
37
Loc151 Loc151 Loc55 Loc4 Loc16 Loc94 Loc177 Loc47 Loc160 Loc109 Loc170 Loc41 Loc27 Loc93 Loc147 Loc34 Loc122 Loc120 Loc92 Loc185 Loc54 Loc102 Loc195 Loc33 Loc46 Loc99 Loc187 Loc118 Loc194 Loc157 Loc52 Loc173 Loc2 Loc181 Loc38 Loc163 Loc148 Loc110 Loc50 Loc142 Loc101 Loc167 Loc158 Loc21 Loc61 Loc126 Loc15 Loc72 Loc58 Loc182 Loc190 Loc57 Loc28 Loc123 Loc111 Loc125 Loc166 Loc70
Loc0 Loc49 Loc115 Loc104
Loc24 Loc24
Loc40 Loc184 Loc172 Loc128
Loc17 Loc17
Loc117 Loc117
Loc180 Loc180
Loc141 Loc141
Loc183 Loc183
Loc20 Loc20
Loc156 Loc156
Loc32 Loc32
Loc161 Loc161 Loc59
Loc85 Loc85
Loc65 Loc65
Loc7 Loc7
Loc36 Loc36
Loc89 Loc89
Loc77 Loc77
Loc96 Loc96
Loc138 Loc138
Loc124 Loc124
Loc3 Loc3
Loc66 Loc66
Loc134 Loc134 Loc13
Loc62 Loc62
Loc162 Loc68
Loc127 Loc127
Loc98 Loc98
Loc6 Loc6
Loc154 Loc154
Loc129 Loc43
Loc135 Loc135
Loc48 Loc48
Loc165 Loc165
Loc131 Loc131
Loc130 Loc130 Loc171
