1 16 45 75 45 35 87 35 4 67 4 26 51 26 10 65 10 24 53 24 42 59 42 2 57 2 32 80 32 17 96 17 48 88 48 5 76 5 29 73 29 39 69 39 43 50 43 27 63 27 19 54 19 37 68 37 6 56 6 30 95 30 21 61 21 28 60 28 25 86 25 7 74 7 36 83 36 47 93 47 13 58 13 20 64 20 18 70 18 14 89 14 41 94 41 34 62 34 44 77 44 33 72 33 11 78 11 23 55 23 12 52 12 31 91 31 46 82 46 15 85 15 3 92 3 38 90 38 40 71 40 22 81 22 8 66 8 9 84 9 1 
48
1 79
16 49
75 75
87 87
67 67
51 51
65 65
53 53
59 59
57 57
80 80
96 96
88 88
76 76
73 73
69 69
50 50
63 63
54 54
68 68
56 56
95 95
61 61
60 60
86 86
74 74
83 83
93 93
58 58
64 64
70 70
89 89
94 94
62 62
77 77
72 72
78 78
55 55
52 52
91 91
82 82
85 85
92 92
90 90
71 71
81 81
66 66
84 84
