1 34 45 74 45 35 84 35 4 51 4 26 100 26 10 76 10 24 88 24 42 89 42 2 62 2 32 135 32 17 60 17 48 58 48 5 90 5 29 96 29 39 52 39 43 64 43 27 78 27 19 53 19 37 99 37 6 119 6 30 95 30 21 82 21 28 83 28 25 80 25 7 107 7 36 110 36 47 113 47 13 79 13 20 115 20 18 63 18 14 75 14 41 106 41 44 102 44 33 67 33 11 65 11 23 55 23 12 59 12 31 70 31 46 54 46 15 85 15 3 97 3 38 61 38 16 91 16 40 87 40 22 71 22 8 56 8 9 72 9 1 
94
1 49 128
34 50 77
74 74
45 122
84 84
35 92
51 51
4 118
100 100
26 121
76 76
10 132
88 88
24 134
89 89
42 104
62 62
2 81
135 135
32 139
60 60
17 66
58 58
48 68
90 90
5 93
96 96
29 129
52 52
39 57
64 64
43 136
78 78
27 140
53 53
19 98
99 99
37 125
119 119
6 126
95 95
30 101
82 82
21 138
83 83
28 131
80 80
25 86
107 107
7 120
110 110
36 130
113 113
47 141
79 79
13 109
115 115
20 124
63 63
18 69
75 75
14 105
106 106
41 137
102 102
44 114
67 67
33 127
65 65
11 142
55 55
23 108
59 59
12 116
70 70
31 143
54 54
46 144
85 85
15 103
97 97
3 112
61 61
38 111
91 91
16 133
87 87
40 117
71 71
22 94
56 56
8 123
72 72
9 73
