g3ylJsdLuC idQHxtSnxr dj8JMfo3hX 4znnlMjVra MXIvZpEPtW uIf3wnJUdn fXy828RCG4 KUJdxKVZFO 7g0Idy1nzK 03xK87sjTf 7g0Idy1nzK KUJdxKVZFO vUu8ijgxxf 9LabQjTqkn 0mnwiU4XrT bserQRNqfz S8BtTu4yH9 WAi18jd2vJ oIVQ2qkgnR s3eMpsYH00 nKHFs5cKTX s3eMpsYH00 fWIjO8yhE3 vLjEFrUVJv pKK7T4agKn TyL7NE2puV GQ4F0g3Mdj TP2TNyk7wl GQ4F0g3Mdj TyL7NE2puV 0SQlBVJ1YY oWmQcQwHPo 0SQlBVJ1YY TyL7NE2puV pKK7T4agKn AL20k9yp9D z9nRKYQ1ub 8ZKCAWlImg tubjzjzUpV 1KJyArncTt XlU2fx0ZPn 7wS9dKOnJR 723MhcLxt0 yky49wE4YG WRd4lScvm6 yky49wE4YG BNkM7qaRNw yky49wE4YG YAqGe4tKAP FvzkpZRSj8 Oiowits7js N6YnWF3Aqg 6akdokYv9t QrJxLpX875 2eMl9AO5o8 emYRLTiyj9 D0kECQ0RvI JD3uem81Lg D0kECQ0RvI emYRLTiyj9 LeZK9UvMT9 vnZBjkVngj oVMPVsMWrZ g2I4si69gU MXIvZpEPtW uIf3wnJUdn oIVQ2qkgnR WAi18jd2vJ fWIjO8yhE3 EG1t1o8YrR 8KtuAXHUy3 rCoEuOa7EU XW1Wn7EqpN rCoEuOa7EU mok9StGG0X TSSOUimHPg BUMLJo6sc3 srT70dfQEr Pz3egMzKU8 0SQlBVJ1YY TyL7NE2puV wiMdNn30Xd q3brjZkhs5 WvFZJEkTrw 5SSy593K31 33omYiVXOD 2fevl06VRg 33omYiVXOD oCk2Yieytb dC48GQHGzO vajlhYBumL 1QXjsHNYao vajlhYBumL dC48GQHGzO 1TfvXd6dPZ u4FAx2sHZm g2I4si69gU Qu2MUNKITj yU6iUY8YgO qnkfLCmfDn QTNhZIciNJ 9LabQjTqkn vUu8ijgxxf euuICgBLD4 r8njDwxc2t euuICgBLD4 nFqfAnhO3U TBzLS0OAYU 723MhcLxt0 WYEDqSuNRX oEdovEhrWM YpRs8m6oyX PcFJuErB3q FvzkpZRSj8 PcFJuErB3q 4TTtdOaCTp uqBwmUCwgE u4FAx2sHZm g2I4si69gU MXIvZpEPtW ZqWjuL44qr jBYJ7v19BQ ZqWjuL44qr MXIvZpEPtW jWGPBjgoMW fWIjO8yhE3 EG1t1o8YrR 8KtuAXHUy3 EG1t1o8YrR fWIjO8yhE3 KZfI0wRW9K xjSWG1YKh9 Q2bVxDrpEx oEdovEhrWM CUEWGmB7Gt dMOAUqH7Z3 qnkfLCmfDn Pijq8aHqIR fXy828RCG4 uIf3wnJUdn Tk8ERvdKxF oCk2Yieytb Tk8ERvdKxF WAi18jd2vJ oIVQ2qkgnR bhojeHeddF z8wUSSybzM 1KJyArncTt XlU2fx0ZPn BNkM7qaRNw yky49wE4YG Pv5LMSkQii rVrpShxAxl IGpxjveim7 x066w6eh4W fWIjO8yhE3 uvoepIQg9n IA0Uf143OT mwzQG3SxnO 97ZNlakBoq TSSOUimHPg LCKLTNE1vp uvoepIQg9n LCKLTNE1vp 9LabQjTqkn nFqfAnhO3U TBzLS0OAYU xjSWG1YKh9 1KJyArncTt z8wUSSybzM j98kcW9qGB aEo62SfMqH j98kcW9qGB onlLq65Azx j98kcW9qGB z8wUSSybzM gTAImjNH8G 7ZWqK2F5XG 2O61j91J3T 7ZWqK2F5XG gTAImjNH8G M2hatQPY96 CxfzSa2YOV M2hatQPY96 gTAImjNH8G 7ZWqK2F5XG AXNCIbkEJh xtp1B5q0W1 CSjLrGbUz3 xtp1B5q0W1 AXNCIbkEJh BUMLJo6sc3 idQHxtSnxr g3ylJsdLuC 
79
idQHxtSnxr idQHxtSnxr
dj8JMfo3hX dj8JMfo3hX
4znnlMjVra 4znnlMjVra
MXIvZpEPtW lfdanPGo3c
03xK87sjTf 03xK87sjTf
7g0Idy1nzK 7g0Idy1nzK
KUJdxKVZFO KUJdxKVZFO fXy828RCG4
vUu8ijgxxf vUu8ijgxxf
0mnwiU4XrT 0mnwiU4XrT u4LnQNaaiz wRn7Oi1bcW
bserQRNqfz S8BtTu4yH9 KpxiCfRqh3
nKHFs5cKTX nKHFs5cKTX
s3eMpsYH00 s3eMpsYH00
fWIjO8yhE3 KHDeTTvJC1
vLjEFrUVJv qjDSEKmZMW
TP2TNyk7wl TP2TNyk7wl
GQ4F0g3Mdj GQ4F0g3Mdj
TyL7NE2puV TyL7NE2puV
oWmQcQwHPo oWmQcQwHPo WcyuqGYOzU
z9nRKYQ1ub z9nRKYQ1ub
tubjzjzUpV tubjzjzUpV
XlU2fx0ZPn XlU2fx0ZPn
7wS9dKOnJR 12ECENJIev
WRd4lScvm6 WRd4lScvm6
yky49wE4YG yky49wE4YG
BNkM7qaRNw BNkM7qaRNw IA0Uf143OT
Oiowits7js Oiowits7js
QrJxLpX875 QrJxLpX875
JD3uem81Lg JD3uem81Lg
emYRLTiyj9 emYRLTiyj9
LeZK9UvMT9 LeZK9UvMT9
oVMPVsMWrZ oVMPVsMWrZ
g2I4si69gU g2I4si69gU 0wTk0mYkLH IT4pKw3giW
oIVQ2qkgnR oIVQ2qkgnR
WAi18jd2vJ WAi18jd2vJ
XW1Wn7EqpN XW1Wn7EqpN
mok9StGG0X biWuM2iRnz
TSSOUimHPg Q1N77BLmyb
BUMLJo6sc3 BUMLJo6sc3 fecMfiAuGC jPXsbXPNMq
srT70dfQEr srT70dfQEr RN0bCAV6rQ K05xB79KZo
Pz3egMzKU8 Pz3egMzKU8 gZXiityEnU
WvFZJEkTrw WvFZJEkTrw
5SSy593K31 5SSy593K31
33omYiVXOD YAqGe4tKAP
2fevl06VRg pk0Vh75DnH t25XjDwQhD
1QXjsHNYao 1QXjsHNYao
1TfvXd6dPZ 1TfvXd6dPZ mbSdju1TJK
yU6iUY8YgO yU6iUY8YgO
qnkfLCmfDn qnkfLCmfDn
QTNhZIciNJ QTNhZIciNJ h5Si5BAPN0 2S929yZddP
r8njDwxc2t r8njDwxc2t
723MhcLxt0 723MhcLxt0
WYEDqSuNRX oEdovEhrWM
FvzkpZRSj8 FvzkpZRSj8
4TTtdOaCTp YpRs8m6oyX
u4FAx2sHZm u4FAx2sHZm 2OsmeZV9xh
jBYJ7v19BQ jBYJ7v19BQ
8KtuAXHUy3 8KtuAXHUy3
CUEWGmB7Gt CUEWGmB7Gt
dMOAUqH7Z3 dMOAUqH7Z3
uIf3wnJUdn uIf3wnJUdn
Tk8ERvdKxF Tk8ERvdKxF
oCk2Yieytb oCk2Yieytb bWDewy6WbV
bhojeHeddF bhojeHeddF
Pv5LMSkQii Pv5LMSkQii
IGpxjveim7 yvMowGbkvn x7iq98BiN3
x066w6eh4W Pijq8aHqIR 0hs3CNDF4L
mwzQG3SxnO mwzQG3SxnO
97ZNlakBoq 97ZNlakBoq
uvoepIQg9n uvoepIQg9n
LCKLTNE1vp LCKLTNE1vp
TBzLS0OAYU TBzLS0OAYU
aEo62SfMqH aEo62SfMqH
j98kcW9qGB bsEkAY2K41
onlLq65Azx onlLq65Azx
2O61j91J3T 2O61j91J3T
CxfzSa2YOV CxfzSa2YOV
M2hatQPY96 M2hatQPY96
CSjLrGbUz3 CSjLrGbUz3
xtp1B5q0W1 xtp1B5q0W1
