ctUVEJSyNR Z82QDWb0Pr U5XdtBFGOe uVIshS2g8a zUWT7uduzq HEqjxwCWnl UphA2uAaYC vzXeZbLrSW UphA2uAaYC VbPBW7rmhF BtCEVbHoQI T3o9dNVbcG KMo4YIX1eu zUWT7uduzq MuYreynm57 f91pUtm9EZ RLF9v27sOQ VbPBW7rmhF 6lpxgUxCxO jKpmFoejPZ gLI8ArV2Ui vZijjgnvKU ctUVEJSyNR Z82QDWb0Pr HTp005294X VBTKstUXwG 8UaR4YpZys VBTKstUXwG HTp005294X Z82QDWb0Pr 7d3UA4fKWz 8Jejdr7ynm QwY2G6aX6c 8Jejdr7ynm 7d3UA4fKWz Z82QDWb0Pr ctUVEJSyNR 
19
Z82QDWb0Pr Z82QDWb0Pr I4iTN5KXjB
U5XdtBFGOe U5XdtBFGOe
uVIshS2g8a qg08r1Pg6g
vzXeZbLrSW vzXeZbLrSW
UphA2uAaYC UphA2uAaYC
BtCEVbHoQI BtCEVbHoQI HG8olhhcTZ
T3o9dNVbcG T3o9dNVbcG TDmNOuGJBk
KMo4YIX1eu zUWT7uduzq MzId8uwrPz
MuYreynm57 MuYreynm57
f91pUtm9EZ f91pUtm9EZ
RLF9v27sOQ RLF9v27sOQ
6lpxgUxCxO 6lpxgUxCxO
gLI8ArV2Ui gLI8ArV2Ui osdKgXyg1e oPQmRUijH5
8UaR4YpZys 8UaR4YpZys
VBTKstUXwG VBTKstUXwG
HTp005294X IU0Ia8127Z
QwY2G6aX6c QwY2G6aX6c
8Jejdr7ynm 8Jejdr7ynm
7d3UA4fKWz 7d3UA4fKWz
