6Zg7j6t8kt wXTrLT9dUx ECFKqOm791 fbxiHLAsv4 rCrtLJTXdv tvKOOMQ7Sv Iroa6leixY YrPP1U1r20 ckEVpwA8CD YQKcyMibnc ckEVpwA8CD YrPP1U1r20 7cteJXIZM1 zG9cl6Gy30 dojrtYXceT ZZt4oj1N7Y 4RZs4XFvF9 G05S6XZiBa 1koyFI8rlU Octagmmhko TH1GgoG5GU OF1HL5xl4P HpRVhY9Btb ka4cgDWgq7 GSDEYlNcCM 1iUrZ2N0MA UgxUR9jKcJ dyS1o5lQHD OpwMnuSGmp dyS1o5lQHD 4ViGHxfdlc MpRNDD0glq lrFRnKniRv MpRNDD0glq bc4pLp9tiD oQb2PqTM8x Iroa6leixY oQb2PqTM8x bc4pLp9tiD cqCbnI2bkr NgxnYo41LY 4lUeyqYb0U J6nn6V6pVr 1koyFI8rlU J6nn6V6pVr 4lUeyqYb0U NgxnYo41LY 2Xeaya9zol zH4Z0p0Ftj 2Xeaya9zol NgxnYo41LY I1RTFIGWhc NULo72dPyj OGWcs2X8pk 8pgnfE3xKu dqEsxDzQkU 8pgnfE3xKu ReGEuwhnqY 1iUrZ2N0MA gSP0irArmo N08DpqDewo gSP0irArmo M9d0z6OccV 79JJ9GZF8c s8EkvbOYAX 1iUrZ2N0MA DFUEuoVNn7 H0NdoJawvz 4JtfcKJvHu GSDEYlNcCM 97dvK2Az7S Dkc5CxJ6RV 97dvK2Az7S eQGeDFyUBy OND9LnuOus KpPj50fAfy EZQ9HUGjRN OR78sPVsV9 ECFKqOm791 fbxiHLAsv4 J6nn6V6pVr pzbJYPJ1Je uXkvSfF7Kv pm1Yq2dCLL qOQTd9nboV pm1Yq2dCLL 1iUrZ2N0MA ESDdDChkYw 1aPtXDhYtV wXTrLT9dUx 6Zg7j6t8kt 
42
wXTrLT9dUx wXTrLT9dUx
fbxiHLAsv4 fbxiHLAsv4
rCrtLJTXdv tvKOOMQ7Sv
YQKcyMibnc YQKcyMibnc
ckEVpwA8CD ckEVpwA8CD
YrPP1U1r20 YrPP1U1r20
7cteJXIZM1 7cteJXIZM1
dojrtYXceT dojrtYXceT
4RZs4XFvF9 4RZs4XFvF9 G05S6XZiBa
Octagmmhko Octagmmhko
TH1GgoG5GU TH1GgoG5GU
OF1HL5xl4P KpPj50fAfy
HpRVhY9Btb YZKJeBb8Pe VWD9Yy5Xrg
ka4cgDWgq7 ka4cgDWgq7
GSDEYlNcCM GSDEYlNcCM
1iUrZ2N0MA UgxUR9jKcJ s8EkvbOYAX
OpwMnuSGmp OpwMnuSGmp
4ViGHxfdlc 4ViGHxfdlc 0gqiqztWgj
MpRNDD0glq MpRNDD0glq
lrFRnKniRv lrFRnKniRv
Iroa6leixY Iroa6leixY
cqCbnI2bkr cqCbnI2bkr b3jUAAPOlA
1koyFI8rlU 1koyFI8rlU
J6nn6V6pVr 4lUeyqYb0U
NgxnYo41LY NgxnYo41LY
zH4Z0p0Ftj zH4Z0p0Ftj
I1RTFIGWhc I1RTFIGWhc
OGWcs2X8pk OGWcs2X8pk
8pgnfE3xKu 8pgnfE3xKu oRs9wR3IGE vD4d0BZ03p
dqEsxDzQkU vCSWEyz4PC
N08DpqDewo N08DpqDewo
M9d0z6OccV M9d0z6OccV
79JJ9GZF8c 79JJ9GZF8c fhmE7A9rVl
H0NdoJawvz H0NdoJawvz
4JtfcKJvHu 4JtfcKJvHu
Dkc5CxJ6RV Dkc5CxJ6RV
97dvK2Az7S 97dvK2Az7S
EZQ9HUGjRN EZQ9HUGjRN
uXkvSfF7Kv uXkvSfF7Kv
pm1Yq2dCLL iyQiEnpG35
ESDdDChkYw ESDdDChkYw
1aPtXDhYtV 1aPtXDhYtV
