153 114 89 72 136 181 103 42 160 65 70 180 165 11 26 8 177 137 91 171 138 53 24 1 95 176 3 35 90 2 187 88 25 195 156 40 147 172 6 90 122 98 92 197 92 83 37 111 41 68 113 170 47 175 171 128 106 93 30 135 28 75 167 93 188 183 15 18 184 32 134 186 52 186 41 108 41 108 36 120 36 13 124 126 59 81 64 49 167 49 89 114 196 76 20 153 
57
153 153 140 118 112 4 178 61 194 131 79
114 86
89 89 168 74 152
72 126 136
42 42
160 160 2
70 70
180 180
165 127 29 19 169 134 43 179 5
11 11 56
8 8
177 177
137 137 163
91 40 23
138 138
53 53 145
24 119 60 96 99 0 77 34
95 95 161
3 3
35 35
187 187
88 88
195 195
156 156 192
147 147
172 172 26
6 90
122 122
98 98
197 197
83 83
37 37
68 68
113 113 58
170 170 150 12
47 47 21
171 171
128 128 50
93 93
135 135
28 28 182 146
75 16
188 188
15 15 129
184 184
52 52
108 108
41 41
36 36
120 120
13 13
124 124
81 81
167 167
49 49
196 196
20 20 7
