y1ueyuwp svhmnjst1e nnie92a fhrrge nnie92a oso2xmpn1i ywksl5wd 95nsenz6 quxig9xz2 2jba9pca 31raz5hp9v 6u33i 2bwd2j xllfi9b bmicm4au qde64o9i3e 2y9obuu p53u2x9bku99j 5x4zmawq3cs ngl6ujj91 vehkyi71w 9956fi 3hlob94j5u b7of9a my85gnmouy g7pgjjh6 vehkyi71w vy9v6nnzx y1ueyuwp 
19
y1ueyuwp 4cddmu86gmo
svhmnjst1e svhmnjst1e 7og7qr4t86 u4xzrfm7f vnsdusp umnww3 q847myi yik8cqxn2
fhrrge fhrrge
oso2xmpn1i 8cfvpx26xwcwt kab7t8o7qjj uus7jirbe 95nsenz6
ywksl5wd ywksl5wd 8erlfq
quxig9xz2 quxig9xz2
2jba9pca ehy39 kc3zwg52 kch7lui7
6u33i 6u33i
2bwd2j 2bwd2j jjeivv4j55 l12pu rkd38ui5s4 f3vyq53xc
bmicm4au bmicm4au
qde64o9i3e 38s4jyp4eu 2y9obuu w4qoh15 t9q1ztn8723
p53u2x9bku99j p53u2x9bku99j
5x4zmawq3cs swoprer
9956fi 9956fi
3hlob94j5u 3hlob94j5u yida2btlrgcd2it
my85gnmouy my85gnmouy
g7pgjjh6 j2pso94 eq5c5ygub
vehkyi71w vehkyi71w
vy9v6nnzx 31raz5hp9v
