htb26qt qvfndvc zjj1dm8s grn3uqx9y yg6hizqty ysiw8m4l oafxqw 9egqgrh7x4e lnnsb9 yhvc7zg g2g6fxcwr2l qypz5m vqthskq y3eg7gqq6 c9c2oc6rv ay5sahonq84 mucolb1r 4lvyha1 479y34 dt4ljfgjkizpq ml5lp1nmef txlltgki s9vu9xx884 ht1efrhmh ozag34bm9 ushjdkdhm9 qq3mi 7hz6j8 dlkmpx b8apl2kn grn3uqx9y h1gz5hzz vx6dadli2g kxhc6t8tu 8gc7dka8lfy 188h5ax 4nwqnlye yr44oj2 2akx591l5c x4ueofmzt fej54ps5j x4ueofmzt 96nf5ma q42s9z886w5 wqkqf pe165 37v6d 59yzvtv og6n7bgq8h piawzpgtzz9 1161ildqnj 87jxa htb26qt 
34
htb26qt zou7sx9w nm7ud k3qywmpr
qvfndvc yhvc7zg ozag34bm9 euhqqqmdpe 1jhmm8m85 zjh83ae 3khitn6
zjj1dm8s yx6dguko
yg6hizqty yg6hizqty
ysiw8m4l ysiw8m4l
9egqgrh7x4e 9egqgrh7x4e
g2g6fxcwr2l g2g6fxcwr2l
qypz5m t4iedm
y3eg7gqq6 y3eg7gqq6
c9c2oc6rv pmyqr 6u4sf1gi ay5sahonq84 8jea4n4ez
mucolb1r mucolb1r
4lvyha1 iffsi yhp7wbv9 itrx5fucdq 6k7du 4ka6l1c8w tu8xxomxhi x73l73jp 4w6uhigzl hyc885fvjls a5u8g4sej
dt4ljfgjkizpq dt4ljfgjkizpq
ml5lp1nmef txlltgki nd9xavj 812l47wm mw8g2qjo1 uzsjpl5f5
s9vu9xx884 s9vu9xx884
ht1efrhmh ht1efrhmh aplkk57cpzm ilaz9q
ushjdkdhm9 ushjdkdhm9
dlkmpx dlkmpx
b8apl2kn tjwldi gd5ct4 obabms ic2r4blmm9 grn3uqx9y
h1gz5hzz h1gz5hzz
vx6dadli2g kxhc6t8tu
8gc7dka8lfy 8gc7dka8lfy
188h5ax 8m3pascg vl6czuab art44ncra f92ere3 hc2hf5t8 1ca2x2cnc
yr44oj2 yr44oj2
2akx591l5c 5stwoup 7pbkkbbpw kwtb3cg vrem3ey3kg44 pwqxinlzb3s
fej54ps5j fej54ps5j
x4ueofmzt p9mtts
q42s9z886w5 q42s9z886w5
wqkqf wqkqf 9lvbrlgk 9oii82xaa hwu8dv9jgknbm pt2n7hl hq5mh8mi
37v6d 37v6d
59yzvtv 59yzvtv l8yypbh 7hz6j8 og6n7bgq8h
piawzpgtzz9 piawzpgtzz9
1161ildqnj 1161ildqnj ynuam4f8
87jxa 87jxa 52a3fj2zh
