index97 index4 index11 index43 index84 index14 index21 index85 index41 index85 index28 index38 index19 index23 index25 index6 index76 index86 index72 index86 index32 index27 index15 index60 index50 index23 index36 index97 
18
index97 index97 index0 index1 index8 index9 index10 index13 index15 index22 index24 index25 index26 index29 index31 index33 index35 index39 index42 index44 index48 index51 index52 index57 index58 index59 index68 index73 index78 index91 index94
index4 index70
index11 index11 index2
index43 index43
index14 index14
index21 index3
index41 index41
index85 index85
index38 index38
index19 index7 index49 index79
index6 index6
index76 index76
index72 index72
index32 index32
index27 index27
index60 index60
index50 index63
index23 index23
