index155 index98 index31 index181 index102 index96 index21 index170 index197 index114 index10 index78 index63 index115 index6 index49 index118 index167 index174 index79 index133 index11 index109 index83 index57 index47 index38 index139 index149 index165 index22 index158 index102 index63 index19 index190 index126 index164 index67 index128 index142 index5 index66 index129 index185 index52 index193 index199 index180 index55 index1 index155 
38
index155 index155 index9 index14 index15 index20 index23 index25 index27 index30 index37 index39 index40 index42 index49 index50 index56 index58 index60 index62 index63 index69 index81 index86 index87 index88 index89 index90 index92 index95 index97 index99 index100 index106 index107 index108 index110 index112 index113 index114 index116 index121 index124 index125 index130 index131 index134 index137 index141 index143 index150 index156 index157 index159 index169 index172 index186 index196 index198
index98 index3
index31 index31
index181 index32 index152
index96 index96
index21 index21 index26
index170 index170
index10 index10
index78 index18
index115 index115
index6 index6
index118 index118
index167 index167
index174 index174
index133 index133 index24
index11 index11
index109 index109
index83 index83
index57 index57
index47 index47
index165 index165
index22 index22
index158 index158
index19 index19
index190 index190
index126 index126
index164 index164
index67 index67 index4 index17
index128 index128
index142 index142
index5 index5
index66 index66
index129 index129
index52 index52
index193 index44
index199 index199
index180 index144
index55 index55
