M2S9flVUcYP2sJdh8LXf wYRR07UrNAdstlFcx7n2 m1IYiQsUBuvvpTv7yWXO 5gumrx48u1yPpF6ivPOI vxiwkV1b5fV2sGCBFsRQ k7k4sHxeh1pR4sOjcVuj Dc1wEVV3kuOZotG6pNlL uy6RcQAYd3ATM1Icq3my 5gumrx48u1yPpF6ivPOI dOKaHsIcDX32wPXAX2Gt yHMPX8vHctuUweyLluyz oWxP87H6AXwFzF0dpB9d 4bQwji0D4wyEDLd54MWv Yj14cJHLteGLwnT0JCVo jgcWqrcniA4q9WNs9xkc 9Jr76N4fnNot7SNYqBKG yCGd2pn2AE5LZ3OxzJbL XmlH4l2BXG35TF70bZqZ yCGd2pn2AE5LZ3OxzJbL fmFrd4vggNac5TkiFJAd QJuDebBKjW74ipndfA4c 0uvEfLgT4s8ImTk9VWBt Pqf0Sn4UvsBLaxz7WO4n tUowOUG1V7iCXBCMR0AT 8KfYYXeMqM0D4nShLOzi Kfu1pc3YPMGebW7Iu8ex dKH5OdpmJKCU83bbXVxZ MtQDjkLToWj4d53MMhKG v0QJIKD4q7sFXrzFSb6J sZojFweTE55bBWYz0Tda zbFdxZAJcbci5gs01pnM lxlEsWbbqG2dcyvjsLTA zD7ErBenXxsG4D9b5TEV 48nWZMVqWDxfH9uMf2U3 qZXSRyLD2TteA2dIJrXP Jjat3uJ5XboI9kZe0522 L8bxdxuDa5issn2PiN3u tVhIJJgs0kEFaQx1hdWm cdaizmjQrCe5Vnwy3JQF H59EihDjhfpS7ToXFM3L M7SD6FC2BzrEV1z9ajVv C1CVSQIxudgISqBvCOoA vodEvdIApqt0N3TZsbxN C1CVSQIxudgISqBvCOoA sH3pvLOfMUrEGUrmsHCu PZrpdQAa8H8tkrajh08J tuE7UekaxGUib4idWtYa 93aDiM8K0XhtiVcCVKi2 X9TJsvmT50zYeG0q6XSG Bc6dudheE3WGLxP0iDdK X9TJsvmT50zYeG0q6XSG M2S9flVUcYP2sJdh8LXf 
30
M2S9flVUcYP2sJdh8LXf M2S9flVUcYP2sJdh8LXf gZVNRDm5p6aX5QEEX8UG sH3pvLOfMUrEGUrmsHCu S8uMGvUglWyhnfV5Wzdp ECCnzlgsMEvTYjNwAlfM tVhIJJgs0kEFaQx1hdWm NMTjl1jsvrb7y2ggdCSc yHMPX8vHctuUweyLluyz 93aDiM8K0XhtiVcCVKi2 LxEzX08MG9T8knIYbul0 W4IxjYZtRN88GGSV9Uoc Z0DuoZMcx6oyDPWFznMK EtrZREkmL456viQQJ9Rb yZPIHwySFuIdRJCMzjnz
wYRR07UrNAdstlFcx7n2 Z8MZ2JfftjeVVnGFSOQe
m1IYiQsUBuvvpTv7yWXO m1IYiQsUBuvvpTv7yWXO Dt5YfbjQq6VoKnyw6Zav fmFrd4vggNac5TkiFJAd
vxiwkV1b5fV2sGCBFsRQ vxiwkV1b5fV2sGCBFsRQ
k7k4sHxeh1pR4sOjcVuj k7k4sHxeh1pR4sOjcVuj Eu0wGcDBBrgvePzHfqrS
Dc1wEVV3kuOZotG6pNlL LNMZej67uy0Whvqp5OR1
5gumrx48u1yPpF6ivPOI 5gumrx48u1yPpF6ivPOI
dOKaHsIcDX32wPXAX2Gt dOKaHsIcDX32wPXAX2Gt uy6RcQAYd3ATM1Icq3my zdtRVpQ9lVyEhNj9Evpp
oWxP87H6AXwFzF0dpB9d oWxP87H6AXwFzF0dpB9d
4bQwji0D4wyEDLd54MWv 4bQwji0D4wyEDLd54MWv
jgcWqrcniA4q9WNs9xkc jgcWqrcniA4q9WNs9xkc
9Jr76N4fnNot7SNYqBKG 9Jr76N4fnNot7SNYqBKG 9GrchmlNCDIapQ9OnEYh
XmlH4l2BXG35TF70bZqZ XmlH4l2BXG35TF70bZqZ
0uvEfLgT4s8ImTk9VWBt 0uvEfLgT4s8ImTk9VWBt
Pqf0Sn4UvsBLaxz7WO4n Pqf0Sn4UvsBLaxz7WO4n
tUowOUG1V7iCXBCMR0AT tUowOUG1V7iCXBCMR0AT
8KfYYXeMqM0D4nShLOzi 8KfYYXeMqM0D4nShLOzi
Kfu1pc3YPMGebW7Iu8ex Kfu1pc3YPMGebW7Iu8ex
dKH5OdpmJKCU83bbXVxZ dKH5OdpmJKCU83bbXVxZ
MtQDjkLToWj4d53MMhKG nbZglhhmYQAPQz4eETaj pNXWB5geApaSjbsCCT4J
v0QJIKD4q7sFXrzFSb6J v0QJIKD4q7sFXrzFSb6J
zD7ErBenXxsG4D9b5TEV zD7ErBenXxsG4D9b5TEV
48nWZMVqWDxfH9uMf2U3 48nWZMVqWDxfH9uMf2U3
Jjat3uJ5XboI9kZe0522 Jjat3uJ5XboI9kZe0522
L8bxdxuDa5issn2PiN3u L8bxdxuDa5issn2PiN3u
cdaizmjQrCe5Vnwy3JQF cdaizmjQrCe5Vnwy3JQF
H59EihDjhfpS7ToXFM3L H59EihDjhfpS7ToXFM3L
vodEvdIApqt0N3TZsbxN vodEvdIApqt0N3TZsbxN
PZrpdQAa8H8tkrajh08J PZrpdQAa8H8tkrajh08J
Bc6dudheE3WGLxP0iDdK Bc6dudheE3WGLxP0iDdK
