hC71hIuyRaST3AiaSZqg RP9IQz70eEvTJVIHw5Lv XEhAPaVgnAiGpIfFTnuy mkGdh9qd7uj9x5W3Koxj jLS4UljOCe6h8LwAOGRX CJPsPFylFkMPqvXrW58O R22TNV5lr1tmI44FcHvv CJPsPFylFkMPqvXrW58O TrUW9m3qjkTMvqHNRot0 lrXvsaItMucJuqzZylSg Udew7VNFg6dndWFd4Xv7 qtHpIO00aVjMjk7M0v9K FE29I03FH1qEyEvIQNGT NWAZrSnr0i1Dj5TA6dLc fuNQ8Sfy86k6zaBQjwEz QHOT9LWV0s6xVVreglDh t9sTQNaMU9o2HF5pm7xT CIdYfkuOMaRk394L6cKF gZiMcGUkLd8qaWleLH1T m2kNeowjoX6iaPduqLLc 1ae7bJScGomdGEdgag5b m2kNeowjoX6iaPduqLLc u8OLHMd8iqOiUbQQ7wxA 8w6JkwNghwwfzVWZlMG6 kuIwHVHn49UEM4TprHKr C5aQkckiWq5qVUhbiI57 63EFNMvLteBrV7Lj9nA4 wqyhoOJuJuNfuZ1c9ZhU euZ15YwFUeCb42J4vvX6 KqTw626stjcdChciHrJ6 lVjpvSHc5hBrS7dzTmI1 iuuWW5781KuHBsKkyWMa gZCyL2MJze1aowodommu ZUt08qPkISJA3VT4fdsK tb41LamjPxrSZBTCVL4N xtgYSd34f56WAH3CCBpW YygsiZkXDS9oQ07w4psX qsbRHSDlSHG3Ep5gugbq sCcEFmBkhTop4sycKzuM khygntR9CTz08DjsR0la g5fwwkfUKem4JdibLkXM D3gODzQIzHZRe5A487BX PFAHK1LPbENiUm01N8B0 vXrEXAmThLoQVXFImZcg nmwnnNlPCMIjajSEo2R3 2YL9dYowMkTTxjU0fVal c2cBpUI19bqo5IjxQzNs WgneGAZv4qtDq8Q5DYZf KqTw626stjcdChciHrJ6 fHaNehOegdlwymJ5Tbvp uwYFKqdXzHrDjwNLVxGZ F5wAHGfxfHDlSYlCHBkp IC3wlDskAWyf0o1M61kl kITtdSORrLGuHqAl2YGb ivvO5yUvAxjOjLiwMPV4 qyWH5Ui5kFJGpXM7i2RZ 2TderjwrXrNV2UBZ77eD 7DZfG4yobV0xCcSaxf27 Wvcwm6VpeYnZXpTH3IZP 6KcltWtleWJ6izN3XL0F m6rR2iEESZqKqRpPfrCl NjrNYv2s9TjuFmdhy6vq aGWdv30UuUFiszMErlJF XzID4BBPQnOnz9XMetpC b9q1t3OMZ6dXE5R6ca5w nOsoIFzZBhdd6bjP45Ba nnG2z19YXqYOoAxMQkFV 72cxNTZ1Tw5teVGiR2xj CgUyoeVDFzkf0g6EiF8w btiXecpJBKmrIHtQ7jPA l5OFQGDhW1xJJ8ERuglz yLnN3wvof669Fh58DxrQ OAcbYkMyAi1Iu0vWaaFc P6PcaiimLTne6w5m7SJi ymIUUgCvgB7r5le0Mh11 P6PcaiimLTne6w5m7SJi CIdYfkuOMaRk394L6cKF 72cxNTZ1Tw5teVGiR2xj iS3QMNvYa0RbuZKbJowP zbsjvfwSdNExCnTFLo8x cXmjc3Wu4kjM1IHGgfA5 m0W1PzAhoOpYXaJ0LLW5 UQEmoPmHSH2FlTDuXOEx m0W1PzAhoOpYXaJ0LLW5 hC71hIuyRaST3AiaSZqg 
52
hC71hIuyRaST3AiaSZqg laRDyozSdXcFtmdQ5VqD EqrhH8oFQmMRN10foGjV ddzqPXECnHQT4a4RIpSF RSJQdRAK7H6zYHVeXyPj 8IUV6HBSYn47shRwVW5F DmIjX4adnoqSEDmx2f39 6jnt0RQvUBeXBhrLOwzh fzCA3w8Mu664WC0yRZb5 4wWd3kvalFkda9M583i7 oakCd1HozhO35GtImcF2 Tgouk8HApNFShyYjQedR Mufarp9xGx29xj0P1ijS QHOT9LWV0s6xVVreglDh z0rRwRZbA1TaaAgS8PYu Ca5sYccbD9TUz7JLHrcf rW1b1NT9NaRlIIxoT8XF 1uTE034Q24DWmybWBbX4 OBEPyJuvhH0Z9VoT2UNC yXrak2UUHdgFCsCWvgfp Wf6tYlitgmZKoXfughsS
RP9IQz70eEvTJVIHw5Lv bw0K7NVh1sgqlnescYkX 61VEe5QpRdEG1AHTZmSn
mkGdh9qd7uj9x5W3Koxj mkGdh9qd7uj9x5W3Koxj
jLS4UljOCe6h8LwAOGRX jLS4UljOCe6h8LwAOGRX JuSdCG8HSUzwufkmRvTN 24YcTAlCtPoNC11H3BAQ
R22TNV5lr1tmI44FcHvv R22TNV5lr1tmI44FcHvv
TrUW9m3qjkTMvqHNRot0 TrUW9m3qjkTMvqHNRot0
lrXvsaItMucJuqzZylSg RDnAjQbgrCahBSBieO1p dsEyS8WvuzfBZPrbbzZx
Udew7VNFg6dndWFd4Xv7 W5rNQea9NsCafaUbLgWC
FE29I03FH1qEyEvIQNGT FE29I03FH1qEyEvIQNGT
NWAZrSnr0i1Dj5TA6dLc NWAZrSnr0i1Dj5TA6dLc fuNQ8Sfy86k6zaBQjwEz
t9sTQNaMU9o2HF5pm7xT t9sTQNaMU9o2HF5pm7xT
CIdYfkuOMaRk394L6cKF Mi1upMhcgP7iV16OWKN5 WgneGAZv4qtDq8Q5DYZf 2TderjwrXrNV2UBZ77eD 1Oc2bGjHzXrMLiYLik5Z 1wSeohNTb1oCspxe2x4j RNtZ6m1O9hQj2ovJiJE3 4MuL6AbQo2ozZ4x7psrd g6Fit1BcwBIbAAJnBKGn
gZiMcGUkLd8qaWleLH1T gZiMcGUkLd8qaWleLH1T NXZByMrsstrrXRLxVcyg
1ae7bJScGomdGEdgag5b 1ae7bJScGomdGEdgag5b
8w6JkwNghwwfzVWZlMG6 8w6JkwNghwwfzVWZlMG6
kuIwHVHn49UEM4TprHKr kuIwHVHn49UEM4TprHKr OLGSBuAPLZmdhTN6ApoS
C5aQkckiWq5qVUhbiI57 C5aQkckiWq5qVUhbiI57
63EFNMvLteBrV7Lj9nA4 63EFNMvLteBrV7Lj9nA4
wqyhoOJuJuNfuZ1c9ZhU wqyhoOJuJuNfuZ1c9ZhU
lVjpvSHc5hBrS7dzTmI1 lVjpvSHc5hBrS7dzTmI1
ZUt08qPkISJA3VT4fdsK oq1GulTWdKtwAlNIQxnY nnG2z19YXqYOoAxMQkFV VkEnPX1CQCoh4CxlXSlf 2QgUKFj4HV0dn5Ia55tj LI8fhHKJlh7mQx1nNK0m 5doygtE58PVlrfBbaaxD Dv6lwBgjbbZceuQXFzFf
xtgYSd34f56WAH3CCBpW xtgYSd34f56WAH3CCBpW
YygsiZkXDS9oQ07w4psX YygsiZkXDS9oQ07w4psX IWOalMs6IXX5Ln6F9Eov 2dfprAgHp3T6RrgooKgP QYsTJmc2IUi36H1YK47s v0QCMKnmfkXllH4nQHen
qsbRHSDlSHG3Ep5gugbq qsbRHSDlSHG3Ep5gugbq 3MmCPAjYheu6g9TkIxDm
sCcEFmBkhTop4sycKzuM sCcEFmBkhTop4sycKzuM
g5fwwkfUKem4JdibLkXM g5fwwkfUKem4JdibLkXM
PFAHK1LPbENiUm01N8B0 PFAHK1LPbENiUm01N8B0
vXrEXAmThLoQVXFImZcg vXrEXAmThLoQVXFImZcg
nmwnnNlPCMIjajSEo2R3 nmwnnNlPCMIjajSEo2R3
2YL9dYowMkTTxjU0fVal 2YL9dYowMkTTxjU0fVal
KqTw626stjcdChciHrJ6 KqTw626stjcdChciHrJ6
IC3wlDskAWyf0o1M61kl IC3wlDskAWyf0o1M61kl
kITtdSORrLGuHqAl2YGb EEWjQ3rZ3GM9oucA2vc5 Z2YJKymsE6JEohxl2CgC
ivvO5yUvAxjOjLiwMPV4 qyWH5Ui5kFJGpXM7i2RZ yMXdJdorJpzOHHt9uIfg
7DZfG4yobV0xCcSaxf27 7DZfG4yobV0xCcSaxf27
6KcltWtleWJ6izN3XL0F 6KcltWtleWJ6izN3XL0F
m6rR2iEESZqKqRpPfrCl x81SdeDfzbsk8wgCHcJT
aGWdv30UuUFiszMErlJF aGWdv30UuUFiszMErlJF
XzID4BBPQnOnz9XMetpC NqvNOj5h3GSbJm5NawjL eULKHiriYHElwEbrQo2X
b9q1t3OMZ6dXE5R6ca5w b9q1t3OMZ6dXE5R6ca5w
nOsoIFzZBhdd6bjP45Ba nOsoIFzZBhdd6bjP45Ba
CgUyoeVDFzkf0g6EiF8w CgUyoeVDFzkf0g6EiF8w
btiXecpJBKmrIHtQ7jPA btiXecpJBKmrIHtQ7jPA
l5OFQGDhW1xJJ8ERuglz l5OFQGDhW1xJJ8ERuglz
yLnN3wvof669Fh58DxrQ 468JV90VoJDfHRf7bwGC
ymIUUgCvgB7r5le0Mh11 ymIUUgCvgB7r5le0Mh11
P6PcaiimLTne6w5m7SJi P6PcaiimLTne6w5m7SJi
72cxNTZ1Tw5teVGiR2xj 72cxNTZ1Tw5teVGiR2xj
iS3QMNvYa0RbuZKbJowP OAcbYkMyAi1Iu0vWaaFc
zbsjvfwSdNExCnTFLo8x zbsjvfwSdNExCnTFLo8x
cXmjc3Wu4kjM1IHGgfA5 cXmjc3Wu4kjM1IHGgfA5 COVfDobG5VcfcSxLDUch
UQEmoPmHSH2FlTDuXOEx UQEmoPmHSH2FlTDuXOEx
