Jacksonville Minneapolis Chicago Minneapolis Tulsa Detroit Columbus Seattle Columbus Tucson Milwaukee Austin Raleigh Indianapolis SanJose Tulsa Detroit SanAntonio Miami Oakland LongBeach Omaha LongBeach Oakland Phoenix OklahomaCity Arlington Louisville Atlanta SanFrancisco Charlotte Miami Oakland Philadelphia Houston ColoradoSprings VirginiaBeach Nashville Milwaukee Jacksonville 
21
Jacksonville Jacksonville
Minneapolis Minneapolis
Chicago Philadelphia
Seattle Seattle
Columbus Columbus
Tucson Tucson
Austin Austin
Raleigh Memphis Indianapolis LosAngeles
SanJose SanJose
Tulsa Tulsa Albuquerque
Detroit FortWorth
SanAntonio Boston
LongBeach LongBeach
Phoenix Phoenix
Arlington Portland
Louisville Louisville
Atlanta Atlanta Fresno
SanFrancisco SanFrancisco
Charlotte LasVegas
VirginiaBeach VirginiaBeach
Nashville ElPaso
