SaintPaul Garland Newark Scottsdale Dallas Tucson Raleigh Tucson Detroit Denver Irvine Buffalo Fresno Pittsburgh SantaAna Durham Phoenix Charlotte ElPaso LosAngeles Durham WinstonSalem Oakland Buffalo Fresno KansasCity NewOrleans KansasCity Miami Omaha FortWayne Anchorage Cleveland Columbus Glendale Hialeah OklahomaCity Cincinnati StPetersburg Lubbock Louisville Irving Louisville FortWorth BatonRouge Albuquerque Baltimore ChulaVista JerseyCity Lexington Portland Orlando ElPaso LosAngeles Bakersfield Minneapolis SanDiego ChulaVista JerseyCity Richmond JerseyCity ChulaVista Cincinnati Fremont Chandler Fremont Irvine Riverside Chesapeake Riverside ChulaVista SanDiego SanJose Madison SanJose SaintPaul 
37
SaintPaul Indianapolis
Newark Newark Scottsdale Honolulu SanAntonio FortWayne Houston
Raleigh Raleigh
Tucson Tucson
Denver Denver
Irvine Glendale
Fresno Plano Spokane
Pittsburgh Pittsburgh
SantaAna SantaAna
Durham Durham
Phoenix Phoenix
Charlotte Charlotte
ElPaso ElPaso Austin
WinstonSalem WinstonSalem
Oakland Atlanta
NewOrleans NewOrleans
Omaha Aurora
Anchorage Anchorage
Columbus Columbus Milwaukee
Hialeah Hialeah
OklahomaCity OklahomaCity
Cincinnati Cincinnati
StPetersburg StPetersburg Henderson
Lubbock Lubbock
Louisville Stockton Memphis
Irving Laredo
FortWorth FortWorth
Baltimore Baltimore LongBeach
Lexington Lexington
Bakersfield Bakersfield
Minneapolis Lincoln
SanDiego SanDiego Dallas Tampa
JerseyCity JerseyCity
Chandler Chandler
Chesapeake Chesapeake
Madison Madison
SanJose SanJose
