Chattanooga ElPaso Dayton Plano ElkGrove Plano Salem Ontario TianamenSquare CorpusChristi Memphis Tulsa Montgomery Olathe Corona Lubbock Corona Fresno OuterHaven Garland Naperville Garland Minneapolis WinstonSalem Cincinnati Paterson Oakland Dayton Plano Macon Montgomery SanJose SanBernardino Boise Sunnyvale StPetersburg Spokane Fresno OuterHaven Hollywood Boston Munich Cleveland NewOrleans Salinas Bakersfield Toledo Atlanta Chicago Atlanta Austin DesMoines NewportNews Minneapolis HuntingtonBeach Jackson NorthLasVegas CapeCoral Oceanside Bakersfield Carrollton Surprise Anchorage Riverside Indianapolis Springfield Anaheim MorenoValley Denver Clarksville Jacksonville Killeen Honolulu Huntsville Tacoma Oxnard Tacoma Huntsville Fremont SanBernardino Boise Lakewood Baltimore Aurora Fayetteville FortWorth VirginiaBeach WinstonSalem Cincinnati WinstonSalem Knoxville Riverside Scottsdale OverlandPark Surprise Carrollton Miami FortLauderdale Savannah ElkGrove Pomona FortCollins Pomona Albuquerque Waco Albuquerque Bellevue Albuquerque Shreveport LittleRock CapeCoral BatonRouge Detroit Vancouver Austin Vancouver Seattle Frisco Orange Frisco Norfolk SaintPaul Norfolk Raleigh Akron ChulaVista Akron Irvine Syracuse Irvine OklahomaCity Lincoln OklahomaCity Irvine Norfolk Hayward SantaClarita Augusta Fayetteville FortWorth Roseville Memphis Tulsa FortLauderdale Savannah FortLauderdale NewOrleans Cleveland Chattanooga 
67
ElPaso ElPaso Fremont Denton
Dayton Glendale Midland
Plano Plano Yonkers Orlando Salem PortStLucie
ElkGrove McAllen SanFrancisco
Ontario Ontario
CorpusChristi Worcester GrandRapids Buffalo Berkeley
Memphis Memphis Wichita
Olathe Olathe
Corona Corona
Lubbock Lubbock
Naperville Naperville
Paterson Paterson
SanJose SanJose
SanBernardino SanBernardino Joliet
Boise Boise
Sunnyvale SanDiego
Spokane Spokane
Hollywood GrandPrairie Louisville
Boston Boston
Cleveland Cleveland SanAntonio
NewOrleans Washington SantaAna Newark
Salinas GardenGrove Murfreesboro
Chicago Chicago
Atlanta Toledo
DesMoines DesMoines
NewportNews NewportNews
HuntingtonBeach Alexandria
Jackson Jackson Brownsville KansasCity
Oceanside Oceanside
Bakersfield Bakersfield BatonRouge
Anchorage Anchorage
Riverside Riverside Scottsdale Indianapolis
Springfield Springfield
Anaheim Anaheim NewYork CapeCoral
MorenoValley Phoenix Henderson Charlotte Durham Tallahassee
Clarksville Jacksonville
Oxnard Oxnard
Tacoma Tacoma
Huntsville Honolulu
Baltimore Baltimore
Aurora Aurora Lexington
Fayetteville Fayetteville Richmond
Cincinnati Cincinnati
Knoxville Knoxville
Surprise Surprise
Miami Tempe
Pomona Pomona
Waco Waco
Albuquerque LosAngeles
Shreveport Shreveport
LittleRock LittleRock
Vancouver Vancouver
Austin Austin
Frisco Frisco
Orange Orange
SaintPaul SaintPaul
Raleigh Raleigh Hayward
Akron Akron
ChulaVista ChulaVista
Syracuse Syracuse
Irvine Irvine
OklahomaCity Fontana
Lincoln Lincoln Madison
SantaClarita SantaClarita
FortWorth FortWorth
Savannah Savannah
FortLauderdale FortLauderdale
