Porterton Dianashire Burgessview Marcusburgh Matthewburgh Virginiastad Robinsonmouth Virginiastad Matthewburgh Marcusburgh Burgessview Dianashire Ashleyborough Paulburgh Walltown Scotttown Jacksonview Danielville Jacksonview Scotttown Walltown Callahantown Maryport Callahantown Walltown Paulburgh Ashleyborough Dianashire Porterton Wallton Derekmouth Charlesberg Kevinberg Adamside Bradberg Adamside Kevinberg Charlesberg Derekmouth Wallton Danielleport Melissaview Cheyennefurt Watsonville Cheyennefurt Melissaview Danielleport Wallton Porterton Dianashire Ashleyborough Osborneville Payneview Jacksonville Jennifertown Feliciaville Jennifertown Jacksonville Payneview Osborneville Ashleyborough Paulburgh Robertsstad Toddtown Swansonshire Toddtown Robertsstad Paulburgh Ashleyborough Osborneville Payneview Barnesmouth Harrisport Brendaview Harrisport Barnesmouth Payneview Osborneville Ashleyborough Dianashire Burgessview Williamfort Thomasville Lopezburgh Byrdfurt Loweryborough Byrdfurt Lopezburgh Thomasville Williamfort Williamport Ashleystad Holthaven Ashleystad Codyton Mindyview Codyton Ashleystad Williamport Williamfort Burgessview Dianashire Ashleyborough Osborneville Payneview Teresafort Smithtown Jacksonland Smithtown Teresafort Payneview Osborneville Ashleyborough Clarkberg Burtonview Murphyside Bakertown Jameston Bakertown Murphyside Burtonview Clarkberg Reevestown Judithview Michaelview Judithview Reevestown Clarkberg Ashleyborough Dianashire Porterton Wallton Davisstad Jacksonton Singletonton Clarkbury Jermaineton Clarkbury Singletonton Jacksonton Davisstad Leechester Pettyton Bondmouth Pettyton Leechester Davisstad Wallton Porterton Dianashire Burgessview Billton Banksburgh Simmonsburgh Michaelville Williamland Michaelville Simmonsburgh Banksburgh Yvonneborough Parkermouth Yvonneborough Banksburgh Billton Burgessview Dianashire Porterton Wallton Danielleport Melissaview Campbellhaven Annberg Dyerport Annberg Campbellhaven Melissaview Danielleport Wallton Porterton Dianashire Burgessview Marcusburgh Fletcherland Kingview Williamschester Mirandaview Williamschester Kingview Fletcherland Willisfurt Fletcherland Marcusburgh Matthewburgh Bondfort Shawnmouth Priceville Shawnmouth Bondfort Adamview Bondfort Matthewburgh Marcusburgh Burgessview Dianashire Porterton Wallton Danielleport Cooperton Lopezborough Waltersmouth Adkinsberg Waltersmouth Lopezborough Cooperton Danielleport Wallton Derekmouth Jeffreyfort Garytown Audreyfort Patriciaside Audreyfort Garytown Jeffreyfort Johnsonchester Jeffreyfort Derekmouth Charlesberg Sethland Ellisstad Osbornemouth Ellisstad Sethland Charlesberg Kevinberg Patriciabury Thomasmouth Patriciabury Kevinberg Charlesberg Derekmouth Wallton Danielleport Scottburgh Laurenbury Haleview Hallstad Haleview Laurenbury Scottburgh Danielleport Wallton Porterton Dianashire Burgessview Williamfort Moodyburgh Heatherberg Thomasborough Ortegaberg Thomasborough Heatherberg Moodyburgh Gregoryberg Smithfort Gregoryberg Moodyburgh Williamfort Burgessview Marcusburgh Tylerbury Jamestown Wilsonstad Jamestown Tylerbury Paultown Tylerbury Marcusburgh Burgessview Dianashire Porterton Wallton Derekmouth Geraldside Joseport Hallborough Kylieview Hallborough Joseport Geraldside Michellehaven Cranemouth Michellehaven Ramosborough Fordhaven Ramosborough Michellehaven Geraldside Derekmouth Charlesberg Weberbury Kimberlyburgh Candiceland Kimberlyburgh Weberbury Charlesberg Derekmouth Geraldside Joseport Gabrielburgh Hodgesstad Gabrielburgh Joseport Geraldside Derekmouth Wallton Porterton Dianashire Ashleyborough Paulburgh Walltown Johnberg Williamshire Johnberg Walltown Paulburgh Ashleyborough Osborneville Christophermouth Shawnhaven Candaceborough Shawnhaven Christophermouth Osborneville Ashleyborough Dianashire Porterton Wallton Davisstad Newmanburgh Gallowaymouth Rioshaven Josephstad Rioshaven Gallowaymouth Newmanburgh Davisstad Leechester Castanedachester Suttonville Castanedachester Leechester Davisstad Wallton Porterton 
76
Virginiastad Johnsonberg
Robinsonmouth Robinsonmouth Horneside
Danielville Danielville
Jacksonview Jacksonview
Maryport Maryport Combsville Reynoldsview
Bradberg Bradberg
Adamside Adamside Andrewschester
Cheyennefurt Thompsonshire
Watsonville Watsonville Christyland Robertomouth
Feliciaville Feliciaville
Jennifertown Jennifertown
Jacksonville Christopherhaven
Swansonshire Swansonshire Abigailhaven
Brendaview Brendaview
Harrisport Harrisport
Barnesmouth Clarkborough
Loweryborough Loweryborough
Byrdfurt Byrdfurt Garciamouth
Lopezburgh Leahmouth
Holthaven Holthaven Vickiville
Mindyview Mindyview
Codyton Codyton Ryanside
Jacksonland Jacksonland
Smithtown Smithtown Abigailville
Teresafort Calvinton
Jameston Jameston
Bakertown Bakertown Derekville
Michaelview Michaelview Clarenceview
Jermaineton Jermaineton
Clarkbury Clarkbury
Pettyton Jonesfurt
Bondmouth Bondmouth Mercedesmouth Taylorton
Williamland Williamland
Michaelville Michaelville
Parkermouth Parkermouth Shawnfort
Dyerport Dyerport
Annberg Annberg Houstonchester
Mirandaview Mirandaview
Williamschester Williamschester
Willisfurt Ortizberg
Priceville Priceville
Shawnmouth Shawnmouth Buckleyside
Adamview Adamview Harrisborough
Adkinsberg Adkinsberg
Waltersmouth Adamport
Patriciaside Patriciaside
Audreyfort Audreyfort
Johnsonchester Susanfort Nealfurt
Osbornemouth Osbornemouth
Ellisstad Ellisstad
Sethland Tannerhaven
Thomasmouth Thomasmouth
Patriciabury Patriciabury Troyfort
Hallstad Hallstad
Haleview Haleview
Ortegaberg Ortegaberg
Thomasborough Thomasborough Masseyside
Smithfort Smithfort Millerborough
Wilsonstad Wilsonstad
Paultown Hansonbury
Kylieview Kylieview
Hallborough Hallborough
Cranemouth Cranemouth Joneschester
Fordhaven Fordhaven
Ramosborough Ramosborough
Candiceland Candiceland
Kimberlyburgh Kimberlyburgh
Weberbury Clarkport
Hodgesstad Hodgesstad
Gabrielburgh Gabrielburgh
Williamshire Williamshire
Candaceborough Candaceborough
Shawnhaven Dannyside
Josephstad Josephstad
Rioshaven Rioshaven
Suttonville Suttonville
