Hernandezville Joelview Downsville Williammouth Downsville Joelview Farmerside Ralphtown Garciaport Charlesburgh Angelaview Charlesburgh Garciaport Ralphtown Farmerside Ryanton Williamsmouth Mcdonaldmouth Williamsmouth Ryanton Farmerside Joelview Hernandezville Beckyshire Ponceville Mcculloughchester Jonestown Kellyfort Pittsland Kellyfort Jonestown Barbarachester Jonestown Mcculloughchester Ponceville Beckyshire Hernandezville Joelview Farmerside Ralphtown Stricklandbury Tylermouth Deanstad Tylermouth Stricklandbury Ralphtown Farmerside Joelview Hernandezville Beckyshire Ponceville Bridgesville Riveramouth Martinton Deborahfort Martinton Riveramouth Bridgesville Esparzaberg Thomasburgh Esparzaberg Bridgesville Ponceville Beckyshire Hernandezville Joelview Mitchellchester Lopezmouth Dixonton Francesmouth Richardville Francesmouth Dixonton Lopezmouth Mitchellchester Sheabury Maysfort Sheabury Mitchellchester Joelview Hernandezville Beckyshire Ponceville Garymouth Christophertown Crystaltown Johnsontown Crystaltown Christophertown Garymouth Ponceville Beckyshire Derekton Wallaceville Morenoside Wallaceville Derekton Beckyshire Ponceville Garymouth Camposstad Donaldstad Thomastown Donaldstad Camposstad Garymouth Ponceville Beckyshire Hernandezville Joelview Mitchellchester Lopezmouth Heathermouth Lopezview Robertsfort Lopezview Heathermouth Lopezmouth Dixonton Keithton Andrewland Keithton Dixonton Lopezmouth Mitchellchester Joelview Hernandezville Beckyshire Ponceville Bridgesville Esparzaberg Kristinbury Allenberg Kristinbury Esparzaberg Bridgesville Dennisstad Wilsonburgh Harristown Wilsonburgh Dennisstad Bridgesville Riveramouth Bradshawside Wandaside Bradshawside Riveramouth Bridgesville Ponceville Beckyshire Hernandezville Joelview Downsville Richardhaven Tammychester Rebeccaton Tammychester Richardhaven Downsville Joelview Farmerside Gabriellabury Courtneyfurt Contrerasland Courtneyfurt Gabriellabury Murphyberg Gabriellabury Farmerside Joelview Hernandezville Beckyshire Ponceville Mcculloughchester Crystalchester Smithmouth Robertborough Smithmouth Crystalchester Mcculloughchester Ponceville Beckyshire Derekton Thomaschester Mcfarlandville Belindamouth Mcfarlandville Thomaschester Derekton Beckyshire Hernandezville 
41
Williammouth Haasville
Angelaview Angelaview
Charlesburgh Charlesburgh
Williamsmouth Johnstonmouth
Mcdonaldmouth Mcdonaldmouth Adkinsfurt
Pittsland Pittsland
Kellyfort Kellyfort Tinatown
Barbarachester Barbarachester Jonesberg
Deanstad Deanstad
Tylermouth Tylermouth
Deborahfort Deborahfort
Martinton Martinton Brianland
Thomasburgh Thomasburgh Johnsonmouth Sanchezland
Richardville Richardville
Francesmouth Francesmouth
Maysfort Huynhton
Johnsontown Johnsontown
Crystaltown Crystaltown
Morenoside Johnport Amberfurt
Thomastown Thomastown
Donaldstad Donaldstad
Camposstad Williamsville
Robertsfort Robertsfort
Lopezview Lopezview
Heathermouth Emilymouth
Andrewland Andrewland
Keithton Keithton Aprilstad
Allenberg Allenberg
Kristinbury Kristinbury
Harristown Harristown
Wilsonburgh Wilsonburgh Josephton
Wandaside Wandaside
Bradshawside Bradshawside
Rebeccaton Rebeccaton
Tammychester Tammychester
Contrerasland Contrerasland
Courtneyfurt Morrisbury
Murphyberg Hendersonchester
Robertborough Robertborough
Smithmouth Smithmouth
Belindamouth Belindamouth
