K B S DB EA CE FJ DX DZ FG EN BI FM DZ CO GJ A BG BO J EQ BR FQ CJ EU GO FO AI G BA GO EK T DK CK BQ CJ FH EY CQ FU EH DN GF V GQ M L CY EV CT EQ FX BF AG EV GC ED CN Z GN BS DS BS GN R BH CD DG CF BU BX CA B K 
50
K I P U Y AB AF AH AX BB BE BP BY CB CW DB DC DH DI DP DR EC EG EJ EK EL EM EO FE FP FR FV GC GE GF GG
B B
S X
EA EA
CE CE FJ
DX DX
DZ DZ
FG FG
EN EN AW BJ DV EZ FD GK
BI BI
FM FM
GJ GJ
BG BG GI
BO BO
BR BR
FQ CM GL GR
CJ CJ
EU EU
FO FO
G G
BA BA
GO GO
T T
DK DK AJ
CK CK
BQ BQ
FH FH
CQ CQ
FU FU
EH EH
V V
GQ AS BL FI FZ
M M AN
L L
CY CY
CT CT
EQ EQ
FX FX
BF BF
AG AG
EV EV
ED ED
Z Z
DS DS
R R
BH FS GD
CD AM
DG DG
CF CF
BX BX
