89 100 87 179 119 70 195 19 61 175 143 29 115 38 145 11 54 11 18 121 56 108 87 178 102 130 181 100 41 167 81 41 38 15 34 65 68 12 32 28 27 101 78 149 145 33 139 189 139 82 15 144 62 83 170 172 5 76 194 133 85 162 68 89 
33
89 96 132 86 197 79 94 3 88 190 122 33 151 51 97 169 99 124 36 183 44 199 125 128 109 173 114 59 37 146 107 148 75 136 69 21 25 98 4 191 111 64 193 73 156 23 160 80 155 6 192 112 58 140 48 187 31 1 147 141 188 49 9
100 100 16 118
179 179
70 70 135
195 195
61 61
175 13
29 29
11 11
18 18
121 121
56 56
178 178
102 102
130 130
81 81
41 41 38
65 65
12 12 127
32 32
27 27
101 101 78
149 149
145 39
189 189
82 82
144 144
83 83
172 172
5 5
194 194
133 133
85 85
