fmdhlepsteinstdnkill epsteindlsfdntmkillh nhslfmepsteindtkilld hnfdtmlepsteinkillds nhkillepsteindmdlsft nepsteinlmdkilldhfts hnsdkilllftdmepstein epsteinfsddmthkillnl dhepsteindsnlkillfmt epsteinfsddmthkillnl hnsdkilllftdmepstein dnkillepsteinlshdtfm epsteinkillmsftnddlh dmepsteinfnhltkillsd epsteinkillmsftnddlh fkillepsteindlhdnsmt lsdepsteinfmkillndth tlmsdhdnkillfepstein tmlepsteinsdnfkillhd tlmsdhdnkillfepstein lsdepsteinfmkillndth fkillepsteindlhdnsmt epsteinkillmsftnddlh hepsteinsddnfkillmlt ddtmkillepsteinflsnh fddsepsteinhnlkilltm tepsteinddfnlkillhms shmlepsteinkilldfntd hepsteinnfdmtslkilld hkilldfepsteinmdlnts killdmnsfhldepsteint epsteintdkilllnfdhms dfslntkillmepsteindh nmlfshtdkillepsteind epsteinlshkilldnfdmt killmlepsteindthnfsd ddlmnftepsteinhskill hnsdkilllftdmepstein lndsdkilltmepsteinhf fltsndepsteinmkillhd nmlfshtdkillepsteind nhkillepsteindmdlsft sldnhepsteindftkillm nfdhkilllsmtepsteind killnsfmhdepsteindtl fdshnmkillepsteinltd killnfsdhltmepsteind lnsmkilltfdepsteindh stepsteinhkillfmnldd fkillepsteindlhdnsmt epsteinkillmsftnddlh epsteinkillnmsdhtdlf nepsteinlmdkilldhfts nhkillepsteindmdlsft sldnhepsteindftkillm epsteinskilldlndhmtf fdshnmkillepsteinltd killnfsdhltmepsteind dnkillepsteinlshdtfm killepsteinlhtfdsmdn dhkilllsepsteinmntdf killepsteinlhtfdsmdn dnkillepsteinlshdtfm lhepsteinkilldtnmfsd tmsdnfdlkillhepstein lkilltndepsteindsmfh fmdhlepsteinstdnkill 
29
fmdhlepsteinstdnkill nhmkilllsftepsteindd epsteinmhndfkilltdls
epsteindlsfdntmkillh epsteindlsfdntmkillh fepsteinhsntddkilllm nkilltdhlmdepsteinsf
nhslfmepsteindtkilld hsdfepsteintlnkilldm
hnfdtmlepsteinkillds hnfdtmlepsteinkillds msfltdkillnepsteinhd hdepsteinskillldtnfm epsteindfhlmdnskillt dfkilllmtepsteinhdsn
dhepsteindsnlkillfmt dhepsteindsnlkillfmt
hnsdkilllftdmepstein hnsdkilllftdmepstein
dnkillepsteinlshdtfm dnkillepsteinlshdtfm ndkillftdsmepsteinlh mftkillepsteinndlhsd lmhdtfdepsteinnkills dlnsthfmepsteinkilld
epsteinkillmsftnddlh epsteinkillmsftnddlh epsteinskilldlndhmtf hepsteinsddnfkillmlt
dmepsteinfnhltkillsd dmepsteinfnhltkillsd fshtdepsteinmldnkill
tmlepsteinsdnfkillhd tmlepsteinsdnfkillhd
tlmsdhdnkillfepstein tlmsdhdnkillfepstein hsndepsteindlmtkillf
lsdepsteinfmkillndth lsdepsteinfmkillndth
fkillepsteindlhdnsmt nltdmsfepsteinkilldh
ddtmkillepsteinflsnh ddtmkillepsteinflsnh
epsteintdkilllnfdhms epsteintdkilllnfdhms
nmlfshtdkillepsteind fmsepsteindntldhkill depsteinnlsfmhtkilld
epsteinlshkilldnfdmt epsteinlshkilldnfdmt flepsteindndhmtkills
killmlepsteindthnfsd killmlepsteindthnfsd
ddlmnftepsteinhskill ddlmnftepsteinhskill killdmnsfhldepsteint tlsfdmdepsteinnhkill ntlepsteindmfdshkill fhndskillepsteintldm
lndsdkilltmepsteinhf lndsdkilltmepsteinhf
nfdhkilllsmtepsteind nfdhkilllsmtepsteind
killnsfmhdepsteindtl killnsfmhdepsteindtl
lnsmkilltfdepsteindh lnsmkilltfdepsteindh
stepsteinhkillfmnldd stepsteinhkillfmnldd
nepsteinlmdkilldhfts nepsteinlmdkilldhfts
fdshnmkillepsteinltd fdshnmkillepsteinltd
dhkilllsepsteinmntdf dhkilllsepsteinmntdf
killepsteinlhtfdsmdn killepsteinlhtfdsmdn
lhepsteinkilldtnmfsd lhepsteinkilldtnmfsd
