dldkilltnmhfepsteins msddkilllthepsteinfn dlfdkilltepsteinhnms killmdshdtnflepstein fdskillndtmepsteinlh killmdshdtnflepstein sdndhepsteinltkillfm dkillfepsteinnhdmtls ltfnsdhepsteinkilldm tepsteinmdfldhnskill ltfnsdhepsteinkilldm dkillfepsteinnhdmtls sdndhepsteinltkillfm mdkillntepsteindfhsl killhdfnsepsteinmltd mdkilllfdnstepsteinh lkillepsteintdshmfnd hdmndfepsteinstkilll smkillnepsteinfldthd fhnmkillepsteinsdltd depsteinfmkillhdsnlt fhnmkillepsteinsdltd dftkillhmldnepsteins mndtkillepsteindlfhs hlfdskilldnepsteintm dsftepsteindhkillmnl mfndlsdepsteinhkillt ldepsteindhkilltsmfn dfdepsteintlnskillhm epsteinshlkilldmnfdt dkillnmhldstfepstein hdntepsteinkilllsdfm mhkillepsteinddlfsnt tldkillhsfnmepsteind depsteinlfnmkilldsht tsmdepsteinkillhfdln killdepsteinmfltdshn sepsteindhmnltkillfd dtnkillsepsteinmdfhl tdkillepsteinsmhdfnl shepsteinnkillftlddm epsteinkillddfnthslm ldfsmnepsteinkilltdh hepsteinnfmtlkilldds hsepsteinfkillnmddtl fmtnkilldepsteindhsl killtdslhfdepsteinnm shfnmltepsteindkilld hnddkilltslmfepstein thdlskillnfdmepstein lepsteinkilldhfmstnd thdlskillnfdmepstein dmtlsfhnkilldepstein depsteinftndhmkillsl dhkillldsepsteintnmf fsepsteindkillhmtdln hddtnsmfkillepsteinl mfndlsdepsteinhkillt dmldfhskillntepstein mfndlsdepsteinhkillt fdmtdepsteinkilllsnh epsteinldtnfmshdkill lepsteindsmnhftdkill dhsepsteintlkillmfnd fddsmepsteintnkillhl lnepsteintdfmdshkill dhmkillfdltnsepstein killtepsteinddhlmnsf nkillddfthsmepsteinl shfnmltepsteindkilld killtdslhfdepsteinnm mhdskillldftnepstein lntkillepsteinfsddhm fdmtdepsteinkilllsnh epsteinldtnfmshdkill thnkillmddsepsteinfl fthlkillnepsteindsdm killhtdmdlnsfepstein fmtnkilldepsteindhsl mkillldnhepsteinstfd lkilldtnmsepsteindfh tdnfmdhepsteinslkill lkilldtnmsepsteindfh dhmkillfdltnsepstein hkilllepsteinnstfddm lsmftnepsteinkillhdd hkilllepsteinnstfddm dhmkillfdltnsepstein lntkillepsteinfsddhm dflstmkillepsteindhn killfhdndtlepsteinsm fthlkillnepsteindsdm killhtdmdlnsfepstein hmdkilllnepsteinfsdt msepsteintlhnfkilldd ldepsteinhmfnkillsdt mdkillnlsdtepsteinhf fmhlnkilldepsteindst tnfslmepsteinkillddh mkilldlshdtfepsteinn epsteinhdkillltsmfdn dfkilllepsteinsnmhtd sdndhepsteinltkillfm killmdshdtnflepstein ndshkilldmlepsteinft lmkillepsteintsndfhd hepsteinntdkillsdmfl lmkillepsteintsndfhd sdndhepsteinltkillfm dhkillldsepsteintnmf epsteinfsltkillnhddm fmltddhnepsteinskill mlepsteinskilldnftdh killtdslhfdepsteinnm mhdskillldftnepstein lntkillepsteinfsddhm fdmtdepsteinkilllsnh mdkilllfdnstepsteinh fkillepsteinndmdlhts nepsteinfthdldmkills killfsdndhtmepsteinl hnsepsteinmkillfddtl killthsepsteindmlfdn ntmdhepsteinsdkillfl epsteinfthkilldnslmd killdldepsteinmfsthn nepsteinfthdldmkills fkillepsteinndmdlhts skillthlfndepsteindm killsepsteindmtflhnd killfthnmsdlepsteind tsmdepsteinkillhfdln depsteinlfnmkilldsht tldkillhsfnmepsteind killshdlmftnepsteind nsepsteinfmdkillhldt hnskillepsteintfdmld nsepsteinfmdkillhldt killshdlmftnepsteind tmfdhepsteinnslkilld epsteinhnkillsldfdmt mkilldlshdtfepsteinn epsteinhnkillsldfdmt mkilldlshdtfepsteinn ldhtdkillepsteinfsmn shfnmltepsteindkilld killtdslhfdepsteinnm shfnmltepsteindkilld killtdslhfdepsteinnm dkillldfepsteintsmnh hmndfkillslepsteintd nmkilllepsteintdsdfh dldkilltnmhfepsteins 
70
msddkilllthepsteinfn msddkilllthepsteinfn
dlfdkilltepsteinhnms dlfdkilltepsteinhnms killhdfnsepsteinmltd
killmdshdtnflepstein sndldftmkillepsteinh
fdskillndtmepsteinlh fdskillndtmepsteinlh ldepsteindhkilltsmfn dkillnmsfhtlepsteind
tepsteinmdfldhnskill tepsteinmdfldhnskill
ltfnsdhepsteinkilldm ltfnsdhepsteinkilldm
sdndhepsteinltkillfm sdndhepsteinltkillfm
mdkillntepsteindfhsl mdkillntepsteindfhsl tndskilldfepsteinmhl
lkillepsteintdshmfnd lkillepsteintdshmfnd
fhnmkillepsteinsdltd fhnmkillepsteinsdltd lepsteindnhstfdmkill
depsteinfmkillhdsnlt tdfkillslepsteinhdmn
mndtkillepsteindlfhs mndtkillepsteindlfhs
hlfdskilldnepsteintm sldhnfmtdkillepstein
dsftepsteindhkillmnl sdlhfnmdepsteintkill
dfdepsteintlnskillhm dfdepsteintlnskillhm
dkillnmhldstfepstein dkillnmhldstfepstein
mhkillepsteinddlfsnt mhkillepsteinddlfsnt epsteinsnmflhtdkilld
tldkillhsfnmepsteind tldkillhsfnmepsteind fhdmnepsteindkillslt killmfndshdtepsteinl
depsteinlfnmkilldsht depsteinlfnmkilldsht slepsteinkillfmddhtn lhepsteintndkilldsmf
tsmdepsteinkillhfdln tsmdepsteinkillhfdln
killdepsteinmfltdshn killdepsteinmfltdshn tsdnhkilllmepsteindf
dtnkillsepsteinmdfhl dtnkillsepsteinmdfhl
tdkillepsteinsmhdfnl tdkillepsteinsmhdfnl dhtepsteinkillsdflmn
shepsteinnkillftlddm tepsteinhsdkillmldfn
ldfsmnepsteinkilltdh ldfsmnepsteinkilltdh
hsepsteinfkillnmddtl hsepsteinfkillnmddtl fmtnkilldepsteindhsl nmdhepsteinkilltfsld
lepsteinkilldhfmstnd lepsteinkilldhfmstnd
thdlskillnfdmepstein thdlskillnfdmepstein
dmtlsfhnkilldepstein dmtlsfhnkilldepstein
depsteinftndhmkillsl depsteinftndhmkillsl hepsteinnfdmlsdtkill epsteindkilltlmnhsfd
dhkillldsepsteintnmf killtdmsdfhnepsteinl
fsepsteindkillhmtdln fsepsteindkillhmtdln epsteinlmkillfshnddt
dmldfhskillntepstein dmldfhskillntepstein
mfndlsdepsteinhkillt fdmtdepsteinkilllsnh
dhsepsteintlkillmfnd dhsepsteintlkillmfnd
fddsmepsteintnkillhl fddsmepsteintnkillhl
killtepsteinddhlmnsf killtepsteinddhlmnsf
epsteinldtnfmshdkill epsteinldtnfmshdkill
thnkillmddsepsteinfl thnkillmddsepsteinfl
fthlkillnepsteindsdm nftmskilldldepsteinh
killhtdmdlnsfepstein killhtdmdlnsfepstein hmdkilllnepsteinfsdt nfltdmkillsdepsteinh
mkillldnhepsteinstfd mkillldnhepsteinstfd
lkilldtnmsepsteindfh lkilldtnmsepsteindfh
tdnfmdhepsteinslkill epsteintfhndkilllmsd dlshdtepsteinnkillfm
lsmftnepsteinkillhdd lsmftnepsteinkillhdd
dhmkillfdltnsepstein dhmkillfdltnsepstein mhdskillldftnepstein
dflstmkillepsteindhn dflstmkillepsteindhn
msepsteintlhnfkilldd msepsteintlhnfkilldd
ldepsteinhmfnkillsdt mdkillnlsdtepsteinhf
epsteinhdkillltsmfdn epsteinhdkillltsmfdn
dfkilllepsteinsnmhtd dfkilllepsteinsnmhtd
ndshkilldmlepsteinft ndshkilldmlepsteinft
lmkillepsteintsndfhd lmkillepsteintsndfhd lhsntdepsteindkillmf
hepsteinntdkillsdmfl hepsteinntdkillsdmfl depsteintkilllnmsfdh
fmltddhnepsteinskill fmltddhnepsteinskill
mdkilllfdnstepsteinh mdkilllfdnstepsteinh
fkillepsteinndmdlhts mkillthfdlnepsteinds dtsmdnlhfepsteinkill
nepsteinfthdldmkills killdldepsteinmfsthn
hnsepsteinmkillfddtl hnsepsteinmkillfddtl
killthsepsteindmlfdn killthsepsteindmlfdn depsteinslkillhdftmn dnldkillhmfstepstein nepsteindhkillltmsfd epsteindmshtfldnkill
ntmdhepsteinsdkillfl ntmdhepsteinsdkillfl epsteinfthkilldnslmd
skillthlfndepsteindm skillthlfndepsteindm
killsepsteindmtflhnd skillmfepsteinthddnl killfthnmsdlepsteind
hnskillepsteintfdmld hnskillepsteintfdmld
killshdlmftnepsteind ndkillthdepsteinlsmf
mkilldlshdtfepsteinn mkilldlshdtfepsteinn
epsteinhnkillsldfdmt epsteinhnkillsldfdmt
killtdslhfdepsteinnm killtdslhfdepsteinnm
shfnmltepsteindkilld shfnmltepsteindkilld
hmndfkillslepsteintd hmndfkillslepsteintd
