tepsteinfdkilldlmhns killepsteintdldshfnm nkillsdtdhfmlepstein hfskillnepsteinldtdm killnfhdsdltepsteinm hfskillnepsteinldtdm thsfnmkilldlepsteind ndlepsteinhdtskillfm ldnmepsteinhfstdkill skilldnmlhdftepstein ldnmepsteinhfstdkill hepsteinnfstkilllmdd hdkillfmtslndepstein depsteinkillsfmnldth mfskillnhlddtepstein thmepsteinlkillfsndd killepsteintdldshfnm dtepsteindnhmskillfl fnmhskilldepsteinltd msnepsteinfkillhtdld hkillmepsteinstdfdnl msnepsteinfkillhtdld fnmhskilldepsteinltd dtepsteindnhmskillfl killepsteintdldshfnm thsfnmkilldlepsteind fnlskillhtepsteindmd hdepsteinsmdtnflkill tmhsnfepsteinldkilld ndlmhepsteintdskillf sltkillfndepsteinmhd htskillepsteindnlfdm slepsteinftndkillmdh epsteinsdfmhltkillnd slepsteinftndkillmdh thmepsteinlkillfsndd mfskillnhlddtepstein dhlepsteindkillsmtnf lepsteinfdkillsdnmht dhlepsteindkillsmtnf killepsteintdldshfnm tepsteinfdkilldlmhns 
20
tepsteinfdkilldlmhns nlhtdsdepsteinfmkill
killepsteintdldshfnm killepsteintdldshfnm thmepsteinlkillfsndd snldmtkillfepsteindh
nkillsdtdhfmlepstein nkillsdtdhfmlepstein epsteinthsdmndkillfl
killnfhdsdltepsteinm killnfhdsdltepsteinm
thsfnmkilldlepsteind hldmepsteindsnkilltf ndlepsteinhdtskillfm tskillepsteinhfmddnl
skilldnmlhdftepstein skilldnmlhdftepstein
hepsteinnfstkilllmdd hepsteinnfstkilllmdd
hdkillfmtslndepstein nfdhepsteinltsdmkill
mfskillnhlddtepstein epsteindsmnlfdtkillh
hkillmepsteinstdfdnl hkillmepsteinstdfdnl
msnepsteinfkillhtdld msnepsteinfkillhtdld
fnmhskilldepsteinltd fnmhskilldepsteinltd
fnlskillhtepsteindmd fnlskillhtepsteindmd
hdepsteinsmdtnflkill hdepsteinsmdtnflkill
tmhsnfepsteinldkilld tmhsnfepsteinldkilld
ndlmhepsteintdskillf ndlmhepsteintdskillf
sltkillfndepsteinmhd htskillepsteindnlfdm
epsteinsdfmhltkillnd epsteinsdfmhltkillnd
lepsteinfdkillsdnmht lepsteinfdkillsdnmht
dhlepsteindkillsmtnf dhlepsteindkillsmtnf
