149 000 001 002 013 024 015 024 013 002 001 000 149 060 062 054 063 072 073 074 075 076 080 076 077 078 079 063 054 053 056 053 054 063 090 099 096 099 090 063 072 084 086 087 089 087 086 084 072 073 072 063 054 062 060 149 000 001 002 013 024 025 035 027 028 038 048 038 037 036 041 030 020 010 000 149 060 062 070 067 070 062 060 062 070 071 068 071 070 062 060 149 000 001 002 013 024 025 026 025 024 013 002 001 000 149 100 107 116 121 125 140 142 140 125 121 116 107 100 101 102 101 100 107 116 121 124 123 124 121 116 107 100 105 109 111 109 105 100 107 116 117 126 117 116 107 100 149 
30
024 031
015 006
080 080
076 081
078 078 083
079 079
063 064 065
054 054 059
053 053 050
056 056 066
096 096
090 091 097
089 089
086 086
084 088
073 085
048 048
037 037
067 067
070 069
060 060
068 068
026 026
142 142
116 115
101 103
102 104
123 123
111 111
126 126
