start loc29 home100 loc29 start loc1 loc2 loc3 loc4 loc5 loc6 loc7 loc8 loc9 loc10 loc11 loc12 loc13 loc14 loc50 loc77 loc76 loc75 loc74 home124 loc74 loc75 loc76 loc77 loc50 loc14 loc13 loc12 loc11 loc10 loc9 loc8 loc7 loc6 loc5 loc4 loc3 loc2 loc1 loc2 loc3 loc4 loc5 loc6 loc7 loc8 loc9 loc10 loc11 loc12 loc13 loc14 loc50 loc26 loc27 loc28 loc55 home135 loc55 loc28 loc27 loc26 loc50 loc20 home145 loc20 loc50 loc14 loc13 loc12 loc41 loc68 loc99 loc98 loc97 loc96 loc95 loc94 home113 loc94 loc93 loc92 loc91 loc90 loc89 loc88 loc87 loc86 loc85 loc56 loc85 home105 home197 home105 loc85 home106 home198 home106 loc85 home107 home199 home107 loc85 loc56 loc29 home101 home192 home101 loc29 home102 home194 home102 loc29 home103 home196 home103 loc29 start 
25
start home180 home181 home182 home183 home184 home185 home186 home187
home100 home100 home188 home189 home190 home191
home124 home124
loc74 home125 home126 home127 home128 home129 home130 home131 home132 home133 home134
loc11 home156 home157 home158 home159 home160 home161 home162 home163 home164 home165
loc3 home166 home167 home168 home169 home170 home171 home172 home173 home174 home175 home176 home177 home178 home179
home135 home135
loc55 home136 home137 home138 home139 home140 home141 home142 home143 home144
home145 home145
loc20 home146 home147 home148 home149 home150 home151 home152 home153 home154 home155
home113 home113
loc94 home114 home115 home116 home117 home118 home119 home120 home121 home122 home123
loc85 home104 home108 home109 home110 home111 home112
home197 home197
home105 home105
home198 home198
home106 home106
home199 home199
home107 home107
home192 home192
home101 home101 home193
home194 home194
home102 home102 home195
home196 home196
home103 home103
