CorpusChristi Akron CathedralCity Anaheim CathedralCity Dallas Dayton Alexandria Downey Augusta BatonRouge Chesapeake Champaign Buffalo Brownsville Cleveland Billings Albuquerque Columbus Detroit Austin Bremerton Denton Chandler Birmingham Anchorage Elkhart Anchorage Davenport Charleston Bradenton Clearwater Bellevue Clearwater Canton Columbia Denver Burbank Amarillo Cincinnati ElPaso Asheville ElPaso CorpusChristi 
27
CorpusChristi CorpusChristi AppleValley Appleton Arvada Austin Beaumont BelAir Bloomington BonitaSprings Boulder Bridgeport Bryan CapeCoral Carrollton Chattanooga Chicago Deltona Durham ElMonte Elizabeth Escondido
Akron Akron DalyCity
CathedralCity CathedralCity
Anaheim Anaheim
Dallas Dallas
Alexandria Alexandria
Downey Downey
Augusta Augusta
Champaign Champaign
Brownsville Brownsville
Billings BoiseCity ColoradoSprings Danbury
Albuquerque Albuquerque
Columbus Columbus
Bremerton Bremerton
Denton Denton
Chandler Chandler
Elkhart Elkhart
Anchorage Davenport
Charleston Charleston
Clearwater Clearwater
Canton Canton
Columbia Columbia
Denver Denver
Amarillo Amarillo
Cincinnati Cincinnati
Asheville Asheville
ElPaso ElPaso
