FortCollins FortWaltonBeach FortSmith Atlanta Arvada Greenville Appleton Greenville Akron Cincinnati Fontana GulfportBiloxi Lakewood Lafayette Champaign Abilene Greensboro Huntington Alexandria Amarillo Bethlehem Anaheim Arlington Anaheim Irvine Austin Kalamazoo CostaMesa Boise CollegeStation Clearwater Evansville FortWayne Lakeland Bellevue Layton Fresno Elkhart Anchorage Lancaster Henderson Bremerton DalyCity Durham AppleValley Kissimmee FortSmith Barnstable Columbia Arvada Layton LasVegas FortCollins 
34
FortCollins FortCollins Albuquerque Allentown AnnArbor Augusta Bakersfield Baltimore Beaumont Berkeley BoiseCity BonitaSprings Brighton Brownsville Burbank CapeCoral Carrollton Cary CedarRapids Chandler Chicago Cleveland ColoradoSprings Danbury Denver DesMoines Detroit ElMonte ElPaso Elizabeth Eugene Fairfield Fargo Fayetteville Frederick Fremont Garland Gilbert GrandRapids Grayslake Hampton Harlingen Harrisburg Hemet Hickory Hollywood Houston Independence Indianapolis Inglewood Irving Jacksonville Jefferson Joliet Kennewick Knoxville Lacey LasCruces LittleRock Lorain Louisville Lubbock
FortWaltonBeach FortWaltonBeach Aberdeen
Atlanta Atlanta
Arvada Arvada Erie Leominster Manchester
Appleton Appleton
Akron Akron
Fontana Fontana
Lakewood Lakewood
Lafayette Lafayette
Champaign Champaign DavidsonCounty
Abilene Abilene
Alexandria Alexandria
Amarillo Amarillo
Bethlehem Bethlehem
Anaheim Anaheim
Irvine Irvine
Austin Austin
Kalamazoo Kalamazoo
CostaMesa Bradenton Dallas
Boise Boise
CollegeStation CollegeStation
Evansville Evansville
Lakeland Lakeland
Bellevue Bellevue
Fresno Fresno
Elkhart Elkhart
Anchorage Anchorage
Lancaster Lancaster
Henderson Henderson
Bremerton Bremerton
DalyCity DalyCity
AppleValley AppleValley
Barnstable Barnstable
Layton Layton
