152 111 185 183 96 7 184 112 22 129 62 75 183 24 41 149 21 73 42 13 94 173 182 48 182 5 69 126 69 5 4 99 49 37 101 119 179 0 95 6 38 137 16 174 59 53 59 53 163 91 150 53 59 115 54 115 138 185 183 156 175 19 46 39 136 148 18 148 136 108 105 140 76 140 169 36 87 36 87 46 108 8 14 85 61 45 58 155 176 186 176 180 154 51 66 171 66 165 114 123 170 123 78 154 166 64 143 151 143 24 152 
46
152 142 97 116 79 157 81 85 121 27 90 65 144 2
111 111 31 168
96 96
7 28 89
184 184 60
112 112
62 169 145
75 75 50 153
183 183 9 181
24 56
41 41 73
149 149
21 92
42 42
13 13
94 94
182 182
126 126
5 5
4 113
37 37
101 101 139
0 0
95 95 134 35
38 38
53 53
163 163
54 54
175 175
136 136
105 105
87 87
8 8
45 45
58 58
186 12
180 180
154 78
51 51 172 130
171 171
66 66
165 165
170 170
166 166
151 151
143 143
