location2 location43 location8 location10 location16 location10 location18 location23 location35 location33 location24 location44 location24 location33 location41 location26 location23 location35 location39 location35 location33 location24 location44 location17 location36 location45 location0 location43 location20 location12 location21 location12 location20 location12 location6 location28 location38 location37 location4 location37 location2 
19
location2 location2
location43 location43 location42
location8 location8 location11
location10 location10
location16 location16 location32
location44 location44
location41 location41
location26 location26 location49 location15
location23 location18
location35 location35
location39 location22
location17 location17
location45 location45
location0 location0
location21 location21
location12 location12
location20 location20
location28 location28
location4 location4 location13
