location34 location59 location186 location147 location7 location131 location95 location83 location19 location168 location72 location179 location123 location121 location123 location15 location192 location23 location31 location182 location52 location111 location76 location104 location32 location133 location125 location155 location165 location156 location107 location156 location165 location17 location10 location140 location10 location42 location183 location74 location37 location47 location14 location79 location180 location142 location92 location114 location92 location53 location177 location28 location45 location28 location61 location149 location159 location105 location159 location33 location188 location24 location64 location122 location64 location24 location175 location145 location175 location99 location97 location157 location92 location170 location3 location89 location59 location11 location68 location11 location2 location153 location137 location153 location184 location100 location103 location116 location77 location142 location92 location114 location60 location44 location16 location28 location45 location144 location109 location32 location4 location55 location174 location163 location12 location38 location79 location19 location126 location21 location126 location19 location2 location90 location2 location177 location72 location136 location173 location17 location4 location124 location177 location115 location98 location115 location72 location138 location58 location142 location158 location39 location34 
65
location34 location34
location59 location59 location167 location9 location187
location186 location46
location131 location131
location83 location189 location55 location120 location54 location199
location19 location197
location168 location132 location52 location181
location121 location121
location15 location15
location192 location192
location23 location23 location27
location111 location111
location76 location76
location104 location130
location125 location125
location155 location155 location162
location107 location107
location140 location140
location74 location37
location47 location47
location79 location79 location194 location96 location0 location119 location135
location180 location180 location164
location114 location114
location92 location92
location53 location177
location45 location45
location28 location28
location61 location151 location6 location117
location149 location149 location91
location105 location105
location159 location159 location143
location188 location188 location24
location122 location122
location64 location64
location175 location175
location99 location99
location157 location157
location170 location170
location3 location3
location89 location89 location134 location176
location68 location68
location11 location11
location137 location137
location184 location71
location103 location103
location116 location161
location77 location142 location86
location60 location60
location144 location144
location109 location109
location174 location174
location163 location163
location12 location12
location38 location38
location21 location21
location126 location172 location88 location139
location90 location90
location2 location2
location136 location136
location17 location17
location115 location115
location98 location98
location72 location72
location158 location158
location39 location39
