4HOMU SQ5AD WP2MA JXLE1 FMCVK 7GA8O WBT4L 1X6L1 50J5H 5ZO5F AT3CI SHOOM AT3CI IZESQ ZN2EP 4YS4G NPDI9 DL8LT 4HSLO K92O5 P419D WI88U CFGE5 0VPRW ZRPB5 O9J47 WXZHF Q9MTE CM5WA 6NY7T 0U9HU 2P5XR 8EXDQ YK7ZR M1HJR 7Y5B6 TBPBM WZB33 JF7TT 1X6L1 TY0L7 61QWU H0BTZ PYPSO OGHWH OHJD0 W2H22 OHJD0 DCHO3 WOEUE DCHO3 Q5DAA ZZH8Z HV4Z2 P419D BJ8X0 0HZFS 1F0YL 0HZFS SQ5AD O9J47 PMFJ2 O9J47 L87XM CM5WA L87XM ELH5L DL8LT OIPRN C7WKJ 4HOMU 
42
4HOMU L2PQE 945CN SYV5N RU85S KOYRV XEEQB KC9RF 45JXE 0D2BR DOLRQ HWKGJ 7U3JG SA6G0 RAAD4 HZHRA 53Y1R Y61KP 9WSXC IF7TL K50JQ H1LTE 2BUI5 T9O11 C45HH 69BJO 52MNN OLLV9 MC71K BVMDZ LLTLN A1QRL 8CLEZ EDSMH VHCFR
SQ5AD L2GJ5 ZHSBU
WP2MA WP2MA
JXLE1 JXLE1 LIRLU V22SY FCYPJ FC0PR C8O6I
7GA8O 7GA8O
WBT4L 6WOBI
50J5H 50J5H
SHOOM SHOOM
AT3CI AT3CI
IZESQ IZESQ
ZN2EP ZN2EP
NPDI9 NPDI9
DL8LT 2C63O 6ACGE BE5V8 FRZVP PXCIN DDXG0 PTADN 3AIXW 1RS2N SKPO7 LEBVZ X180A TCC7B LKP22
4HSLO YJ67U TBPBM
K92O5 768ZF
WI88U WI88U
CFGE5 CFGE5 6OA3K
0VPRW 0VPRW
ZRPB5 ZRPB5 TI35I
WXZHF WXZHF
0U9HU 0U9HU
2P5XR W2M5C 4WDJE
8EXDQ 8EXDQ
YK7ZR V8GEC
M1HJR M1HJR
WZB33 WZB33
JF7TT DTPF4
TY0L7 TY0L7
61QWU 61QWU
PYPSO PYPSO
W2H22 W2H22
DCHO3 DCHO3
Q5DAA Q5DAA
ZZH8Z ZZH8Z
P419D P419D
1F0YL 1F0YL
0HZFS TORQI
PMFJ2 PMFJ2
CM5WA CM5WA
ELH5L ELH5L Q7FCL
OIPRN OIPRN
C7WKJ C7WKJ
