WNYCV XRQ65 ZA57Z QM4LH WJHGG XD7IR 18R1B B8UZ8 FS0ES MB70R QSI1X UUOP5 WZTTJ F5YBY OE5TB RFDQ4 1NBGE 2PD2W GAXPM HR8IA KGZCW GXYLV 639ON UUOP5 UGOIO XTUSM WNYCV 
18
WNYCV 1ACIU H8ZPW TG5ZG KB443 F5YBY QTZLJ V11OW K1ZSD 5I6U4 KRLTG XBRKQ 1BUOS 2FT0Z X2AM4 URMBF 1UWW5 HHCET 65TK9 7CXN0 BO3AW 9HVLF HZ80H H212X F07YB 2KYXC
XRQ65 XRQ65 EQWAL
ZA57Z ZA57Z
XD7IR XD7IR
18R1B 18R1B 42QVU
B8UZ8 B8UZ8
FS0ES 91RFG ULCTZ 77EY5 GAXPM BMC9X
MB70R CUG55
QSI1X QSI1X
UUOP5 UUOP5 YMTTJ
WZTTJ EYREL
OE5TB OE5TB
1NBGE 1NBGE
2PD2W XDKMD
HR8IA HR8IA
GXYLV GXYLV
UGOIO UGOIO
XTUSM XTUSM
