10 92 41 87 86 87 51 3 70 3 15 53 30 35 62 94 95 63 2 29 2 47 97 66 40 14 36 54 55 2 85 20 58 20 96 26 65 26 96 26 64 22 81 42 80 19 8 61 6 97 98 67 13 24 74 75 24 46 48 79 78 48 46 77 43 23 91 56 9 56 91 31 18 41 72 73 72 43 23 21 2 82 37 12 59 15 36 55 90 55 36 14 10 
42
92 92
41 84
87 87 51
86 86 50
70 70
3 71
15 68
53 53
30 52 88
94 94
95 95
63 63 62
29 76
66 66
14 64 69
54 54 89
85 85
58 58
65 65
96 96
81 81
80 80
8 60
61 61 93
6 97
98 98
67 67
74 74
75 75
79 79
78 78
77 77
91 91
56 56
9 57
73 73
72 72
82 82
37 83
59 59
90 90
55 55
