0 43 100 46 106 167 106 31 78 92 65 30 104 103 104 30 115 173 115 25 116 14 107 168 107 29 158 30 136 187 188 137 85 64 35 112 35 64 60 96 140 190 140 96 139 189 30 104 59 105 59 103 165 36 169 109 23 118 50 120 50 119 20 160 41 181 127 77 128 26 153 51 151 45 197 198 197 34 187 136 30 115 25 117 5 159 2 88 148 88 2 164 14 116 174 116 14 93 23 122 94 15 23 109 110 109 21 100 49 183 38 161 18 147 80 146 194 11 170 110 17 111 17 109 23 15 141 96 60 142 60 144 15 23 109 21 12 178 12 178 122 94 121 10 157 92 159 2 196 149 196 23 184 131 95 132 95 131 184 131 95 56 97 124 179 33 74 33 114 35 113 172 113 35 114 33 185 133 91 135 91 66 91 133 185 33 74 0 
79
0 162
43 101 102
100 100 163
167 167
106 106
31 108
30 166 189
104 104
103 103 165
173 173
115 115
168 168
107 107
29 125
158 158
188 188
137 137
85 138
35 114
112 112 171
190 190
140 140
105 105
120 120
119 119
160 160
41 129 130 134
181 181 182
127 127
77 128
153 153
151 151
197 197
198 198 152
187 187
136 136
117 117
5 192
159 159
2 123 176
88 150
148 148 195
174 174
116 116
14 175
93 154 155 156
122 122
15 164 177
23 118
109 109 169
110 110 170
183 183
161 161
18 126
147 147
80 145
146 146
194 194 193
111 111
141 141
96 139
60 143 144
142 142 191
178 178
121 121
157 157
149 149
196 196
132 132
131 131
184 184
124 124
179 179 180
33 186
172 172
113 113
135 135
133 133
185 185
