0 2 5 11 24 49 24 11 5 2 0 1 4 9 19 39 80 39 19 9 4 1 3 7 15 31 15 7 3 1 4 10 22 45 92 45 22 10 21 43 21 10 4 1 0 2 5 11 23 47 96 47 23 48 23 11 5 2 0 1 4 9 20 42 86 42 20 41 20 9 4 10 22 46 93 46 22 10 4 9 19 40 81 40 19 9 4 10 21 44 90 44 21 10 4 1 3 7 15 32 66 32 15 7 3 1 0 2 6 13 28 57 28 13 27 13 6 2 0 1 3 7 16 34 70 34 16 33 16 7 3 1 0 2 6 14 29 60 29 14 6 14 30 61 30 14 6 2 5 12 26 54 26 12 25 12 5 2 0 1 3 8 18 37 75 37 18 8 17 35 17 36 74 36 17 8 18 38 78 38 18 8 3 1 0 
42
24 50
49 99
80 80
39 79
31 63 64
92 92
45 91
43 87 88
96 96
47 95
48 97 98
86 86
42 85
41 83 84
93 93
46 94
81 81
40 82
90 90
44 89
66 66
32 65
57 57
28 58
27 55 56
70 70
34 69
33 67 68
60 60
29 59
61 61
30 62
54 54
26 53
25 51 52
75 75
37 76
35 71 72
74 74
36 73
78 78
38 77
