0 2 5 11 24 49 99 49 24 11 5 2 6 13 28 58 118 58 28 13 27 55 27 13 6 2 0 1 3 8 18 37 76 153 76 37 75 37 18 8 3 1 0 2 6 13 28 57 115 57 28 13 6 2 0 1 3 7 16 33 67 136 67 33 16 7 15 31 63 31 15 7 3 1 4 9 19 39 79 159 79 39 19 9 4 1 3 8 17 35 71 35 17 8 3 1 0 2 6 13 27 56 114 56 27 13 6 2 0 1 3 7 16 34 70 141 70 34 69 34 16 33 68 137 68 33 16 7 3 1 4 10 21 44 90 181 90 44 21 43 87 43 21 10 4 1 0 2 6 14 30 62 125 62 30 14 6 2 0 1 3 8 18 38 78 158 78 38 18 8 3 7 15 32 66 134 66 32 65 32 15 7 3 1 0 2 5 11 23 47 95 192 95 47 23 48 97 48 23 11 5 2 6 14 30 61 124 61 30 14 6 2 5 11 23 48 98 198 98 48 23 11 5 12 26 54 110 54 26 12 25 51 25 12 5 2 0 1 4 9 19 39 80 161 80 39 19 9 4 1 0 2 5 12 26 53 107 53 26 12 5 2 0 1 3 8 18 38 77 155 77 38 18 8 3 1 0 2 6 14 29 59 119 59 29 60 29 14 6 2 5 11 23 47 96 194 96 47 23 11 5 2 0 1 4 10 22 45 92 186 92 45 91 45 22 10 4 1 3 8 17 35 72 146 72 35 17 8 3 1 4 9 19 40 82 166 82 40 81 40 19 9 20 41 84 170 84 41 83 41 20 9 4 10 22 46 94 190 94 46 22 10 21 44 89 179 89 44 21 10 4 1 3 8 17 36 73 148 73 36 74 36 17 8 3 1 0 2 5 11 24 50 102 50 24 11 5 2 0 1 4 10 22 46 93 188 93 46 22 10 4 9 20 42 85 172 85 42 20 42 86 174 86 42 20 9 4 10 21 43 88 178 88 43 21 10 4 1 0 2 5 12 25 52 105 52 25 12 5 2 0 1 3 7 15 31 64 129 64 31 15 7 3 1 0 
86
49 100
99 199
118 118
58 117
55 111 112
153 153
76 154
75 151 152
115 115
57 116
136 136
67 135
63 127 128
159 159
79 160
71 143 144
114 114
56 113
141 141
70 142
69 139 140
137 137
68 138
181 181
90 182
87 175 176
125 125
62 126
158 158
78 157
134 134
66 133
65 131 132
192 192
95 191
97 195 196
124 124
61 123
198 198
98 197
110 110
54 109
51 103 104
161 161
80 162
107 107
53 108
155 155
77 156
119 119
59 120
60 121 122
194 194
96 193
186 186
92 185
91 183 184
146 146
72 145
166 166
82 165
81 163 164
170 170
84 169
83 167 168
190 190
94 189
179 179
89 180
148 148
73 147
74 149 150
102 102
50 101
188 188
93 187
172 172
85 171
174 174
86 173
178 178
88 177
105 105
52 106
129 129
64 130
