2 84 7 6 25 87 74 87 78 72 53 43 24 31 24 89 96 84 7 6 69 60 69 42 32 55 77 13 77 50 6 7 99 93 10 93 99 68 99 37 28 37 28 42 69 61 34 20 67 2 78 19 0 19 47 19 38 44 38 43 53 72 99 11 29 11 99 7 18 71 18 8 51 6 87 41 65 41 87 78 14 86 14 2 95 58 95 2 78 79 81 3 81 79 16 79 78 2 
39
2 83
84 62 88
7 7 17
25 25 35
74 74
78 63 23 1
72 72 98 5
53 4
31 31
24 24
89 30
96 96
69 69
60 60
42 42
13 13
50 50
10 10
68 59
28 28
61 61
34 34
67 67
0 0
19 94
47 47 66
44 44
38 38
29 29
11 11
71 71
65 65
41 41 70
86 86
14 14
58 58
3 3
81 81
16 16 40 76
