5 94 109 82 112 180 28 149 90 166 32 179 161 71 178 71 119 192 100 177 18 190 18 192 109 58 38 193 29 164 29 193 165 7 133 34 62 36 91 191 74 31 74 191 150 130 64 130 150 0 27 174 101 1 101 174 27 0 27 82 171 105 17 66 75 30 49 184 196 77 198 133 120 158 45 14 45 158 2 60 72 134 99 23 95 116 35 188 35 20 94 109 82 129 146 129 186 189 102 189 186 133 120 158 80 42 165 7 121 34 138 55 138 34 121 34 62 50 134 71 119 67 41 67 119 71 134 116 138 69 183 69 138 34 133 166 122 58 109 94 39 92 39 94 165 7 121 34 133 56 195 56 118 113 197 149 90 159 172 143 77 189 186 76 81 47 81 19 151 43 33 4 137 40 123 62 50 104 83 104 171 112 186 133 34 62 50 134 116 95 155 168 84 109 94 20 175 22 175 20 94 5 
77
5 103 157
109 85
82 170
112 10
180 180 28
32 32
179 179
178 178
71 71
192 192 96
100 100 78
177 177
18 18
190 16
164 164
193 193
165 63 173 154
133 133 68
31 31
191 194
150 91
130 51
64 64 37
1 1
101 101
174 174
0 53
105 105
17 17
75 75
30 25
184 184
196 196
77 77 199
198 140 46
14 14
158 158
2 2
72 149
99 99
116 116
35 135 26 110
188 188 48
146 146
102 102
189 189
80 80
42 42 137 44 156
55 55
138 138 61
34 34 9
121 52
41 41
67 67
183 183
69 69 153
122 122
58 58 152
92 92
39 39
56 56
159 159
143 143
47 47
81 81 76
151 151
43 43
33 33 187
123 123
83 83
104 104
171 171
50 50
168 168
84 162
22 22
20 20 11
