A42 A100 A78 A107 A186 A121 A186 A174 A162 A72 A125 A182 A102 A182 A125 A168 A15 A23 A184 A60 A156 A165 A72 A162 A174 A186 A64 A191 A46 A191 A64 A186 A67 A116 A105 A9 A167 A13 A163 A43 A183 A93 A91 A124 A12 A98 A144 A106 A149 A33 A149 A106 A101 A49 A127 A32 A195 A95 A195 A39 A2 A130 A159 A130 A2 A35 A2 A39 A76 A119 A83 A114 A83 A142 A99 A153 A166 A185 A193 A108 A9 A167 A77 A115 A4 A7 A199 A63 A30 A189 A3 A189 A2 A39 A76 A39 A190 A73 A123 A73 A40 A180 A61 A71 A42 A147 A132 A98 A0 A16 A137 A16 A0 A98 A132 A147 A164 A154 A56 A88 A56 A154 A2 A141 A135 A141 A2 A39 A47 A128 A161 A197 A98 A63 A30 A196 A30 A63 A44 A169 A28 A194 A28 A169 A87 A50 A117 A50 A98 A197 A13 A67 A136 A67 A186 A143 A172 A143 A186 A107 A24 A98 A0 A173 A103 A173 A0 A98 A24 A107 A186 A34 A94 A34 A186 A67 A13 A163 A124 A145 A124 A91 A29 A168 A15 A23 A57 A38 A57 A23 A15 A168 A18 A150 A96 A151 A166 A185 A193 A108 A45 A66 A170 A65 A50 A87 A169 A44 A21 A44 A63 A199 A36 A133 A51 A11 A158 A153 A166 A44 A63 A98 A148 A192 A148 A98 A12 A139 A12 A98 A197 A13 A167 A77 A1 A87 A183 A100 A42 
85
A42 A42
A100 A100
A78 A78
A107 A107
A186 A111
A121 A179
A102 A102
A182 A182
A125 A181
A168 A54
A23 A23
A184 A184
A60 A92
A72 A72 A37
A46 A46
A191 A191
A64 A64
A9 A9
A167 A167
A13 A13 A75 A70
A43 A43
A183 A183 A84
A93 A93
A91 A118
A33 A33
A106 A106
A49 A127
A32 A32
A95 A95 A177
A159 A159
A130 A130
A2 A2
A35 A35 A58
A114 A114
A142 A142
A185 A185
A193 A193 A20
A4 A4
A7 A7
A3 A3
A189 A189
A76 A76
A39 A39
A123 A123
A40 A40
A71 A71
A137 A137
A16 A16 A105
A0 A0
A98 A98 A144
A132 A132
A154 A154
A88 A88 A113
A135 A135
A128 A128
A197 A198
A196 A196
A30 A30 A90
A194 A194
A28 A28
A117 A117 A187
A136 A136
A67 A67
A172 A172
A143 A143
A103 A103
A94 A94
A34 A34
A145 A145
A124 A124
A38 A38
A57 A57 A176
A96 A96
A45 A45
A66 A126
A65 A65 A82
A21 A21
A44 A120 A5
A51 A51
A11 A122
A158 A17
A192 A192
A148 A148
A139 A139
A77 A77
