A29 A67 A62 A75 A82 A75 A21 A0 A58 A92 A58 A0 A65 A79 A5 A72 A19 A1 A88 A6 A35 A96 A2 A7 A61 A55 A83 A74 A52 A43 A48 A10 A48 A43 A52 A74 A83 A55 A61 A7 A90 A53 A12 A46 A49 A31 A49 A46 A12 A85 A89 A85 A12 A59 A56 A22 A15 A38 A11 A57 A47 A18 A97 A13 A85 A3 A54 A65 A0 A1 A88 A6 A30 A49 A31 A4 A39 A21 A94 A40 A28 A81 A72 A19 A73 A69 A73 A41 A5 A46 A25 A91 A25 A46 A5 A29 
38
A29 A29
A67 A67
A82 A82 A35
A92 A92
A65 A65 A32
A79 A79
A5 A27
A72 A72
A19 A26 A95
A1 A88 A60
A96 A96
A2 A2
A7 A13 A77 A68
A61 A14
A55 A55 A16
A83 A99
A10 A10
A52 A52 A36
A90 A90
A53 A53
A12 A12 A59
A31 A31 A51
A89 A89
A85 A85
A15 A15
A38 A38
A47 A47 A66
A18 A18 A97
A3 A3
A54 A54
A6 A6
A30 A30
A39 A39
A28 A28
A81 A34
A69 A69
A73 A73
A91 A91
