DZA ALB GMB CAN CIV FLK FIN AFG ABW AFG FIN GIB CAF CCK BLR BEN BLR DMA HND GNB GLP BGR BRN BMU BHS DOM BHS GUM HMD GUM GRD CYM ARE CYM CYP CHN HKG GRL GNB AGO GNB GRC BRA GRC GUY CUB CYP ASM ATF ATA DMA BLR CCK BWA COG EGY ESH GBR GGY ERI GGY GIB FSM GHA FSM GIB DZA 
30
ALB ALB AND ARG
CAN CAN COD
CIV CHE
ABW ABW
FIN FIN
CAF CAF BVT
BEN BEN
BLR BLR BES
DMA DJI
HND HND GEO
BRN BRN
BMU BDI
BHS BHS BLM BRB BFA
DOM DOM CUW AUS
HMD HMD
GRD GRD GNQ
CYM CYM BGD CXR CZE
ARE ARE DNK
HKG HKG
GNB GLP
GRC GRC
CUB CUB
ATF ATF
ATA ATA
CCK CCK
COG COG
GBR GBR FLK FRO ECU FRA
ERI ERI
GHA GHA
FSM FSM
