COM MDG IDN CAF SAU EST ESH FRA ESH EST SAU REU GLP GMB NGA FSM FIN GAB GBR GAB FIN FSM ESP FSM NGA CZE CYP CZE NIU PRK SGS MUS MYT ARM MYT NER PNG POL PNG PRY BIH AZE BDI AZE BIH PRY SJM PRY BIH BOL BMU BOL BLZ RUS IDN MDG MWI CXR MWI MDG NCL EST GIB GHA GIB EST NCL NIC IRL NIC AUS NFK JEY NFK SLB SGS PRK NIU IRN IOT IRQ SDN HND GRC HND COK CAF BVT LKA KOR IDN KNA CHE KNA CRI NIU IRN NIU PRK QAT ALB QAT SGP SGS MUS DJI DMA DJI MUS SGS KHM SGS COM REU SAU DOM DZA DOM SAU CRI KGZ LAO KGZ CRI PRI PCN GMB NGA GMB HKG LVA COG CHN SHN IDN HKG KAZ HKG NPL MMR IDN LBN JPN CHL COL CHL HUN MKD MDG COM 
64
COM CAN LIE PAN NRU GUM COK HRV HMD KWT CPV PSE
MDG MEX
IDN IDN GNQ MAC LBN HTI MLI LTU
CAF CAF CIV
FRA FRA
ESH ESH ECU
EST EGY
SAU RWA
REU REU SDN AFG
GLP MDA
GBR GBR
GAB GAB
FIN FIN
FSM FSM GIN
ESP ESP GEO
CYP CYP
CZE DEU
ARM ARM
MYT MYT
NER NER MTQ ABW
PNG PNG
POL POL ARE
BDI BDI
AZE AZE
BIH BHS
PRY PRY MOZ
BMU BMU
BOL BHR
BLZ BLM BEN
RUS RUS
CXR CXR
MWI ITA ATG
GHA GHA
GIB GIB
IRL IRL
NIC NIC AUS
JEY JEY
NFK NFK ALA
IOT IOT
GRC GRC
HND HND MAR
LKA LKA
KOR KOR
KNA KNA
IRN IRN
NIU NIU
ALB ALB
DMA DMA
DJI DJI
SGS SGS LBR NZL PAK
KHM KHM LUX
DZA DZA
LAO LAO
GMB GMB
COG COG
CHN CHN COD
SHN SHN
KAZ KAZ
HKG HKG
NPL NPL
MMR MMR
JPN JPN
COL COL
HUN HUN
