9c2647cde6e44cc385c8 211ddbbf614a47428f13 9a0ec8a933e541059e59 404713e80e9740c9b7cd 2bcf7711ba8b49129f0c e5a9ca3b130945588284 07d82226d1a44fadb059 bd01ba7047cb4d04a847 63ad956164364dd4aa85 c0376b4ad4604963b945 09b94d1b44c348ceadb9 cfa4f7b46ab548c1a67a 5b7e4d089e434c6a9293 8563fff9bc9b483e839f 53afa325a7d34c438292 9a0ec8a933e541059e59 205f1eddbda0478aada6 6dc99e74844944e98ac6 ca0b4771edab4289a9de b3a599b5126842e1bf24 2bcf7711ba8b49129f0c 33edfebd58804049be59 df9fcc997b4f4a18b94a e05275dbed2540ddb1d0 dbfc82377b8f4429bc5e ec162ad32a614344923a 7d843b16d519435d8fca 079c33e2ed6d4acab576 fc38d8b64f88401c97fd 1be51209c79e402f9fee 084504e2b2de4f53a0b1 9c2647cde6e44cc385c8 3c323f20a75249bb9b7e 42f0effdbad6403aad72 3c323f20a75249bb9b7e d43c14836a764052a5af d8316f23d67e43ccb5e7 ddf764e162654211a02e 253e23123edb46a1b9fa e5a9ca3b130945588284 c7ef0821b71641f390ee 19f204e30ad4442cb966 5fd6476364e640bea476 bbd144150de64860b03c 884e85a591684c7ebc61 079c33e2ed6d4acab576 253e23123edb46a1b9fa 82654fedf62042cb92dc 9b9da0cbe5514fabb1ae af0a537d56ff42a99a0a 0f214fa889a6406e8826 8ae0afe573b34065b929 76432c67ac2d44b384c1 44c8674ccef1477b965f 934f0cae8959401e9aa3 06d5c776fda04040b880 4c8b2bb0f24f4375a715 8fb88a81c320403c8940 910d00572d9d42cebb4a 00dd89601f03490d8809 d5bccd7804014eca8c6c bb5eae787bbc407b98a6 a0f6a505c8184e86afc9 3ab839e5a91246f58aa6 084504e2b2de4f53a0b1 c947a496d2b34bb89bb9 e87b98454fe24297b210 d8780223b4744b5b91e5 7cf52b0864ce43a5abfd 4b0552fc8849432cb855 9c2647cde6e44cc385c8 
44
9c2647cde6e44cc385c8 fa1e4bc6ddcc462f984f a581f1b5cd374bd0ba96 3574209d67b74478ae2e e3726a85ffc34b1282cf f47cbc59a0584307a0f1 74bfaa171ba342fc9e58 e74a97c92dba4d8ea2d5 b96177c96ab740b3965b 0753fe21061c4e058dad b3931f6d1087486cb913 5a3b69fa8cfb4982a27c 8a66a2d4fdf74f2e9b0e f74897e94729433fa22f 7a1df78f40b245bfbb97 c69875060dcb453ead1a d484483c58914446843f ef84408a20334d7d9940 9a6fd45cb4d44509bce9 a2e35f0c3c9143c68a9e dee15252c0e54b84beaf 9b93a8a7d0b543339985 babcd00b2c484c36bc48 b42e69fcc93540ff9100 242983dadb1f4402a4a9 2783e022fae94929bf16 d4f8d48cee014966a5b7 cd51464f29fe4984870b 5b3dce289f444b0aa162 c15cfb41ef824fd2a1c0 529d899e8f2545bfbc5a 06635824d9b841f7b41e 12a170c171ef44d4b662 e5d122afc38c45dea5ae eff3a759e4134e70a252 5215b0f0bd724c5cb095 87788962cd304b248baf 0a53d934f24848f9bda3 8e02573f1324425c9311 42e3ccb6ddd54a0aa3cb e0d1e21ff6cc4d64aff7
211ddbbf614a47428f13 211ddbbf614a47428f13 a22afbff48914ac888a0 5dc9f852f2454533879f 1a4c9d2bea59474aa118 849492e2a4f04946a2c6 1c62a698c79e460eb5ff 82654fedf62042cb92dc fab56f22f8684dd18893 7e0770b0df094f329117
404713e80e9740c9b7cd 404713e80e9740c9b7cd
2bcf7711ba8b49129f0c 2bcf7711ba8b49129f0c df9c93ed7a63447389dd e5a9ca3b130945588284
bd01ba7047cb4d04a847 bd01ba7047cb4d04a847
63ad956164364dd4aa85 2b0e5d986b0a4f1cb926
c0376b4ad4604963b945 09b94d1b44c348ceadb9
cfa4f7b46ab548c1a67a cfa4f7b46ab548c1a67a
5b7e4d089e434c6a9293 5b7e4d089e434c6a9293
53afa325a7d34c438292 53afa325a7d34c438292
9a0ec8a933e541059e59 26a1d084007f489fba55 e6237b02869349c2bcc8
205f1eddbda0478aada6 205f1eddbda0478aada6
ca0b4771edab4289a9de ca0b4771edab4289a9de
b3a599b5126842e1bf24 b3a599b5126842e1bf24
33edfebd58804049be59 33edfebd58804049be59
df9fcc997b4f4a18b94a df9fcc997b4f4a18b94a
e05275dbed2540ddb1d0 e05275dbed2540ddb1d0
dbfc82377b8f4429bc5e dbfc82377b8f4429bc5e b927c43e198546078ea6
ec162ad32a614344923a ec162ad32a614344923a
fc38d8b64f88401c97fd fc38d8b64f88401c97fd
084504e2b2de4f53a0b1 884523a7277b40f4972f 85ec82d3a96e4436a5a2 b47b7b94e7d74f398b8f
42f0effdbad6403aad72 42f0effdbad6403aad72
d8316f23d67e43ccb5e7 d8316f23d67e43ccb5e7
ddf764e162654211a02e 54de46f8d4f647d1baa7
c7ef0821b71641f390ee c7ef0821b71641f390ee
19f204e30ad4442cb966 19f204e30ad4442cb966
5fd6476364e640bea476 5fd6476364e640bea476
bbd144150de64860b03c bbd144150de64860b03c
884e85a591684c7ebc61 884e85a591684c7ebc61
9b9da0cbe5514fabb1ae 9b9da0cbe5514fabb1ae
af0a537d56ff42a99a0a af0a537d56ff42a99a0a 4c8b2bb0f24f4375a715
0f214fa889a6406e8826 0f214fa889a6406e8826
76432c67ac2d44b384c1 76432c67ac2d44b384c1
44c8674ccef1477b965f 44c8674ccef1477b965f
934f0cae8959401e9aa3 934f0cae8959401e9aa3
8fb88a81c320403c8940 8fb88a81c320403c8940
910d00572d9d42cebb4a 910d00572d9d42cebb4a ce2f0e6b8eb94a748c7d
00dd89601f03490d8809 00dd89601f03490d8809 664988394a5f48d79e79
d5bccd7804014eca8c6c d5bccd7804014eca8c6c
bb5eae787bbc407b98a6 bb5eae787bbc407b98a6
a0f6a505c8184e86afc9 a0f6a505c8184e86afc9
c947a496d2b34bb89bb9 c947a496d2b34bb89bb9
e87b98454fe24297b210 e87b98454fe24297b210
d8780223b4744b5b91e5 d8780223b4744b5b91e5
