9b0f0f4ded15491691bd edbe0486385943b583ca 9fe71c55e3ae49ae8b15 5f97b4cc64ac4b33adb3 d3ae567eea5a44939b43 5f97b4cc64ac4b33adb3 cc612a917319427a804f 44b317edac764442b4cd b989f75f3cac48bfbf34 a83daa3271674b8c8ea5 2e7ecbbb3b3e47dc8d96 6e05b14eba264c7d93bf edbe0486385943b583ca 339edeefe40f47f4abbe 97b46a2d8ead45d98077 85d65d4df3204859a6e4 0823afbd07bf45febe21 3404f2452daa4f839b9b cc612a917319427a804f 44b317edac764442b4cd 6c2d42b6b644452fbba1 7a033f26eda14b709d28 aac3e03000fa4a90989a 28b1f9c8d4d24d81bc6d 8234739fe11c4c58939e 8a3bd04ca9844f3486da 7b57359ca242406bb373 0730f73898d942058a8a 3f0f5ffb79ce42f4a325 e70b11887ef14bce9075 d41ce53800e74a0f849b 18bb444e17894062aa31 e2caa88e503f4129b613 eb960e815dd14fd6bd07 26bbebd3e4264edd8081 62d54404ca3d46179d84 0f751efa18504c32ac90 d6b027921ae340ac8c4c 465a9fdfbe7e43bf9d6e c0e69339ecae4efdb4d8 1bcf747e9b5643a184fc e3f0a7bd5aa342ac9fe9 6546adf352d74e64b1d9 9b0f0f4ded15491691bd 
30
9b0f0f4ded15491691bd 9b0f0f4ded15491691bd bef459c8a1f84af3a3a9 885e825ee7fa47d0bf37 8b72f079974a49c7aa40 c88b4673ce3d49c6908f ddfff2b50dff43868057 0921b2d036264a09b57e f69f6451080d4570851d cbdeaac599ea4917bf3b c5365df821314eeb9891 9ff40c0a1bef41898f25 bcb1ec18982a4bb0815b b5e22237f3c14773b553
edbe0486385943b583ca bcedb61dc02748cd9d61
9fe71c55e3ae49ae8b15 f4d7e89ec3164c95942e
d3ae567eea5a44939b43 d3ae567eea5a44939b43
cc612a917319427a804f cc612a917319427a804f 85d65d4df3204859a6e4 2343f68f1ed74a6f8567 bab9aa2939444af1b896
44b317edac764442b4cd c0fd362b334d43189c08
b989f75f3cac48bfbf34 b989f75f3cac48bfbf34
2e7ecbbb3b3e47dc8d96 2e7ecbbb3b3e47dc8d96
339edeefe40f47f4abbe 339edeefe40f47f4abbe
97b46a2d8ead45d98077 97b46a2d8ead45d98077 b645cb0bc92b4d92bdf9 4083eeebbfb942a38987
0823afbd07bf45febe21 0823afbd07bf45febe21
3404f2452daa4f839b9b 3404f2452daa4f839b9b
6c2d42b6b644452fbba1 6c2d42b6b644452fbba1
7a033f26eda14b709d28 7a033f26eda14b709d28
28b1f9c8d4d24d81bc6d 28b1f9c8d4d24d81bc6d
8234739fe11c4c58939e 8234739fe11c4c58939e 2bc5c3c02de447469b45
8a3bd04ca9844f3486da 8a3bd04ca9844f3486da
7b57359ca242406bb373 7b57359ca242406bb373
3f0f5ffb79ce42f4a325 3f0f5ffb79ce42f4a325
e70b11887ef14bce9075 e70b11887ef14bce9075 c65ed76062154b0ab868 be5b9781cabc47a78aac
d41ce53800e74a0f849b d41ce53800e74a0f849b
18bb444e17894062aa31 18bb444e17894062aa31
e2caa88e503f4129b613 e2caa88e503f4129b613
eb960e815dd14fd6bd07 eb960e815dd14fd6bd07
26bbebd3e4264edd8081 26bbebd3e4264edd8081
d6b027921ae340ac8c4c d6b027921ae340ac8c4c
465a9fdfbe7e43bf9d6e 465a9fdfbe7e43bf9d6e
c0e69339ecae4efdb4d8 c0e69339ecae4efdb4d8
1bcf747e9b5643a184fc 1bcf747e9b5643a184fc
e3f0a7bd5aa342ac9fe9 e3f0a7bd5aa342ac9fe9
