Soda a b c d e f g h i j k l k j i h g f e d c b a Soda 66 67 68 90 91 92 93 94 93 92 91 90 68 67 66 70 71 72 73 72 71 70 66 67 68 95 96 97 98 99 98 97 96 95 68 67 66 75 76 77 78 79 78 77 76 75 66 67 80 81 82 83 84 83 82 81 80 67 66 Soda o p r s u w y w u s r p o Soda 50 51 52 53 64 65 64 53 52 51 50 55 50 Soda 66 67 85 86 87 88 89 88 87 86 85 67 66 Soda 50 51 52 61 62 61 52 51 58 59 58 51 50 Soda 
37
a a0 a1
b b0 b1
c c0 c1
d d0 d1
e e0 e1
f f0 f1
g g0 g1
h h0 h1
i i0 i1
j j0 j1
k k0 k1
l l0 l1
94 94
92 92
68 69
72 72
73 74
99 99
97 97
79 79
77 77
84 84
82 82
y y
65 65
64 64
53 63
52 60
51 57
50 54
55 55 56
89 89
87 87
62 62
61 61
59 59
58 58
