Soda 57 128 68 133 155 173 38 127 65 162 72 193 132 124 154 146 159 150 177 164 30 138 152 169 111 170 3 171 194 176 56 182 178 157 186 160 167 Soda 
33
Soda 99 100 101 104 105 107 109 113 115 116 117 118 119 123 125 130 131 134 136 137 140 141 142 143 144 145 149 151 153 158 161 165 166 172 174 175 179 180 182 183 184 186 187 189 190 193 196 198
57 102 129 156
128 128
68 110 135 185 188
133 133
155 155 121
173 173
38 114
127 127
162 162
72 191
132 132
124 124 147 168 181 195
154 154
146 146
159 159
150 150 103
177 177
164 164
138 138
152 152 120 126
169 169
111 111 139
170 170
3 148
171 171
194 194
176 176
56 106 112
178 178
157 157 163 197
160 160 192
167 167 108 122
