AY AX AD AE Y AC D E B E D F N H J O P R T AN BY BG CB BG BF AI BD BC AG AK AJ AH L J H N K N F N H AE AD AB AU AW AV BM BS CL CN CM CO CM CN CJ CN CQ CS CQ CS BZ BE AM BE BX BW BD BC AG AZ AY AW AU AS AP AQ BL BK BJ CD CC CD BJ BK BL AQ AP AS AU AW AV BM BS CL BS BM AV AW AY AZ AG AK AJ Q R P R Q AJ AK AG AZ AY 
32
AX AX
AD AD
Y Y
D D
B B A
CB CB
BG BG CA
BF BF
AI S
BD BA
AG AG
AJ AJ
J O
K K
N M
F F G I
CO CO
CN CN
CJ CK
CS CS
CQ CP
AM AM
BE CT
CC CC
BJ BJ BI
BK BN
AQ AQ AO
AP V
AS AS
AV AV
P P
R T
