100 31 15 30 16 61 54 1 17 2 46 142 131 130 129 144 42 3 42 144 129 130 131 50 133 141 20 136 188 21 56 57 56 21 188 192 189 95 94 98 58 55 18 53 23 53 18 55 58 100 31 15 30 16 61 26 45 43 72 40 8 9 6 9 8 40 72 43 45 44 4 71 4 44 2 46 142 131 50 133 141 20 141 133 50 131 142 46 2 17 1 54 61 14 34 7 39 78 37 78 39 7 34 14 61 54 1 48 47 19 47 48 1 54 61 16 30 15 27 70 36 28 36 33 12 11 10 76 10 11 12 33 36 70 27 15 30 16 61 14 34 103 13 103 34 14 61 16 30 15 31 100 86 85 164 165 104 156 153 115 111 115 153 156 104 165 164 85 86 100 88 32 88 100 31 15 30 16 59 25 59 16 61 26 61 16 30 15 27 70 27 15 31 100 
57
31 31
15 15
30 30
16 16
61 60
54 54
1 1
17 17
2 2
46 46
42 42
3 3 41
57 57
56 56
21 21
192 192
189 182
58 58
55 55 24
18 18
53 53 52
23 23 51
6 6
9 9
8 8
40 40
43 43 29
45 45
44 44
4 4
71 5
20 20
50 50
37 37
39 39
7 7
34 34
14 14
19 19
47 47
48 48 49
28 28
36 36
33 33
12 12
11 11
10 10
76 121
13 13
111 111
153 153
165 165
32 32
25 25 22
59 59
26 26
27 27
