YuhuaEast TelokBlangahDrive CityHall PayaLebarNorth SembawangEast TuasPromenade SembawangEast ChangiWest PotongPasir Bishan TiongBahru ShangriLa MandaiEast PearlsHill Port BoonLay SenokoWest JooSengPayaLebar SenokoWest Geylang JurongPort SembawangNorth WoodlandsWest PengSiang BukitBatokWest PengSiang PeiChun DairyFarm PangSua Bedok PangSua Commonwealth KentRidge Commonwealth SungeiRoad Museum FloraDrive Geylang Paterson SimpangNorth Sennett ChinaSquare Sengkang DefuIndustrialPark HougangCentral YioChuKang HollandDrive PasirPanjang2 SerangoonCentral PasirPanjang2 LorongChuan BoatQuay Sengkang Saujana Kangkar Saujana OneNorth BoonLayPlace KeatHong Dunearn SembawangHills OneTreeHill SembawangStraits Shipyard SembawangStraits PasirRis Mandai ChengSan SingaporeRiver SerangoonGarden Sennett YuhuaEast 
39
YuhuaEast Northland AngMoKioTownCentre Paterson Punggol HongKahNorth BedokNorth Serangoon EastCoast WaterwayEast SungeiKadut BedokSouth TelokBlangahRise SungeiRoad IstanaNegara Trafalgar BenoiSector ChoaChuKang Moulmein BukitBatokSouth TagoreSindo ClementiNorth Matilda Brickworks Aljunied PasirRisPark EvertonPark AlexandraNorth PeiChun PunggolField Sentosa TohGuan DhobyGhaut ReservoirView PulauPunggolTimor Tanglin UluPandan TampinesNorth TuasBay Cairnhill Sembawang WoodlandsWest YioChuKangEast UpperThomson JurongWestCentral PeoplesPark BayfrontSubzone KebunBahru Kembangan OrangeGrove SouthernIslands RochorCanal
TelokBlangahDrive Mountbatten LowerSeletar Khatib
CityHall CityHall HongKah TuasNorthPioneer
TuasPromenade TuasPromenade
ChangiWest ChangiWest
PotongPasir ChangiPoint
TiongBahru TiongBahru
MandaiEast MandaiEast
PearlsHill PearlsHill Tampines GeylangEast
Port Port
JooSengPayaLebar JooSengPayaLebar
Geylang Geylang PayaLebarEast PasirRisDrive InstitutionHill Chatsworth
JurongPort JurongPort
BukitBatokWest BukitBatokWest
DairyFarm DairyFarm
PangSua PangSua
Commonwealth Commonwealth
KentRidge KentRidge
Museum Museum
SimpangNorth SimpangNorth
Sennett Sennett
ChinaSquare ChinaSquare SerangoonNorth
DefuIndustrialPark DefuIndustrialPark
HougangCentral HougangCentral
YioChuKang YioChuKang
SerangoonCentral SerangoonCentral
BoatQuay BoatQuay
Saujana Saujana
OneNorth OneNorth
BoonLayPlace BoonLayPlace
KeatHong KeatHong
SembawangHills SembawangHills
OneTreeHill OneTreeHill
SembawangStraits SembawangStraits
Shipyard Shipyard
PasirRis PasirRis
Mandai Mandai
SingaporeRiver SingaporeRiver
SerangoonGarden SerangoonGarden
