LeonieHill SerangoonGarden Lavender Springleaf GeylangBahru Tyersall DefuIndustrialPark OrangeGrove NeeSoon Shipyard StraitsView TampinesWest AnchorvaleBuangkok TampinesWest YuhuaWestBoonLay ChoaChuKang Trafalgar Sentosa ChengSan Mandai BukitBatokCentral MandaiWest YioChuKang Victoria Lavender SungeiRoad KallangWay MonksHill Outram HougangCentral Outram MonksHill ChangiPoint Semakau WesternIslands Gombak ConeyIsland Gombak LeonieHill 
24
LeonieHill Guilin Trafalgar Townsville ClementiCentral FarrerPark AirportRoad TuasBay Phillip SembawangSprings Kranji Ridout Yishun PasirPanjang2 NorthCoast PunggolTownCentre TanglinHalt ChoaChuKangCentral JurongWestCentral KampongGlam GreenwoodPark Woodgrove ChangiWest LoyangEast
SerangoonGarden SerangoonGarden SingaporePolytechnic
Springleaf Springleaf
Tyersall Tyersall
DefuIndustrialPark DefuIndustrialPark
OrangeGrove OrangeGrove
NeeSoon NeeSoon
Shipyard Shipyard
TampinesWest TampinesWest
AnchorvaleBuangkok AnchorvaleBuangkok
YuhuaWestBoonLay YuhuaWestBoonLay
ChoaChuKang Novena BishanEast
Sentosa Sentosa
BukitBatokCentral BukitBatokCentral
MandaiWest MandaiWest
YioChuKang YioChuKang Boulevard
Victoria Victoria
SungeiRoad SungeiRoad
KallangWay KallangWay
Outram Outram
MonksHill MonksHill
ChangiPoint SungeiKadut Sennett
Semakau Semakau
ConeyIsland ConeyIsland
