139 18 84 49 106 1 58 80 27 96 152 63 198 71 6 101 64 87 157 68 38 39 60 7 170 33 94 65 16 77 47 1 106 153 2 85 158 13 30 21 113 46 82 90 7 182 119 89 138 104 4 6 125 22 42 176 157 83 67 20 123 88 118 15 118 69 192 15 142 37 76 115 163 23 14 177 165 132 30 156 39 173 48 141 191 141 25 31 198 139 
47
18 18 134
84 84 189
106 106
1 1 178 172
58 58 74 156
80 184 27 41
152 152
63 95
198 198 26
71 71 35
64 64
157 157 101 8
68 91 44
60 60
7 7
65 65
16 16 108 186
77 77 147 138
47 47 32 96
153 153
2 2 72 98 161
85 85 158 122
13 13
30 30 144
21 21 79 128
113 113 112
82 82
119 119
89 89
104 104
4 148 145 75
22 22
176 176 125 105
67 67
118 118
15 15 142 14
69 69
37 37
115 81 187 33 114 182
163 23
165 165
39 39
173 173
191 191
141 141 48
25 25 111
31 31 131
