F8 P1 H1 I9 H3 T4 J0 T3 S5 B3 O0 E0 L0 L9 L0 I0 J2 M0 H5 Q7 A7 C3 C8 L4 C1 L4 M5 C0 I0 P7 S7 P7 S7 E4 Q0 F1 N9 B4 N6 B4 O9 A6 T5 H8 D3 G2 O3 R3 S6 G1 E6 B8 H0 N3 R0 I3 R0 F4 E8 N9 B1 C4 H7 L2 K1 L2 E9 K6 I4 F9 H8 D3 C2 S4 C6 A8 Q8 A8 D5 E3 N5 A7 P6 T5 E7 P8 K3 D6 A9 F7 F2 H6 N9 T9 B2 H9 R1 F6 N8 F8 
55
P1 Q3 I9
H1 H1 H4
H3 H3
J0 J0
B3 B3
E0 B0 G0
L9 L9
I0 I0 N4 S9 S0
J2 J2 O5
Q7 Q7
C3 C3 O1
C8 C8 P2 M6
C1 C1
L4 D4
M5 M5 K6 G6 R9 A3
C0 C0 A1 K5
S7 S7
P7 P7
Q0 Q0
F1 F1
N6 N6
B4 B4
O9 R8 N2
A6 I6 R6 N7
D3 D3
O3 O3 E4 S2
R3 E5 A2 O2 G9
G1 G1
E6 D9
B8 D8 E2 Q5 R4 M0 J1
H0 H0 N0 I8
I3 I3
R0 R0 S8
E8 E8
N9 A0 T9
C4 C4
K1 K1
I4 I4
F9 F9
C2 C2
A8 A8
Q8 Q8
D5 D5
E3 E3
P6 P6
T5 T5
E7 E7
K3 K3
D6 T0 T1 A9 S5
F2 F2
H6 H6 T8 N1 P5 H2
B2 B2
H9 H5 P9 I2 D7
F6 F6
N8 N8 G4 L6
