Qwilfish Drampa Sandile Simisear Sandile Vullaby Paras Zekrom Conkeldurr Zekrom Wartortle Magmar Phanpy Lotad Amoonguss Lotad Metang Steenee Volcarona Magmar Inkay Vespiquen Inkay Meloetta Sandile Vullaby Jumpluff Plusle Jumpluff Vullaby Drapion Tropius Scatterbug Terrakion Metang Terrakion Politoed Tornadus Kakuna Treecko Kakuna Tornadus Gengar Metapod Whismur Bastiodon Whismur Dewpider Sandile Metapod Weezing Escavalier Weezing Metapod Sandile Vullaby Paras Taillow Scatterbug Crawdaunt Woobat Crawdaunt Amoonguss Magnemite Comfey Nincada Slowbro Simisear Noibat Honedge Weepinbell Honedge Scatterbug Tsareena Shellder Tsareena Shellos Magnemite Swadloon Munna Skorupi Magnemite Shellos Xerneas Wailord Xerneas Shellos Drampa Froakie Bounsweet Froakie Drampa Qwilfish 
54
Qwilfish Qwilfish
Drampa Drampa
Sandile Sandile
Simisear Simisear Noibat
Conkeldurr Conkeldurr
Zekrom Zekrom
Wartortle Wartortle
Magmar Magmar
Phanpy Phanpy Skiddo
Lotad Lotad
Amoonguss Amoonguss Stufful
Steenee Steenee
Volcarona Volcarona
Vespiquen Vespiquen
Inkay Inkay
Meloetta Meloetta Porygon2
Plusle Plusle
Jumpluff Jumpluff
Vullaby Vullaby
Drapion Drapion
Tropius Tropius
Scatterbug Scatterbug
Terrakion Terrakion Politoed
Metang Metang Slurpuff
Treecko Treecko
Kakuna Kakuna Lumineon
Tornadus Tornadus
Gengar Gengar Tauros
Bastiodon Bastiodon
Whismur Whismur
Dewpider Dewpider
Escavalier Escavalier
Weezing Weezing
Metapod Metapod
Paras Paras
Taillow Taillow
Woobat Woobat
Crawdaunt Crawdaunt
Comfey Comfey
Nincada Nincada Seaking
Slowbro Slowbro
Weepinbell Weepinbell
Honedge Honedge
Shellder Shellder
Tsareena Tsareena
Swadloon Swadloon
Munna Munna
Skorupi Skorupi
Magnemite Magnemite Yungoos
Wailord Wailord
Xerneas Xerneas
Shellos Shellos
Bounsweet Bounsweet
Froakie Froakie
