Qwilfish Drampa Phanpy Magmar Volcarona Magmar Wartortle Zekrom Conkeldurr Zekrom Wartortle Honedge Weezing Escavalier Weezing Metapod Sandile Meloetta Inkay Metapod Jumpluff Stufful Amoonguss Lotad Politoed Dewpider Whismur Bastiodon Whismur Dewpider Politoed Terrakion Metang Slurpuff Metang Terrakion Scatterbug Crawdaunt Weezing Plusle Jumpluff Vullaby Drapion Tropius Slowbro Nincada Seaking Treecko Kakuna Tornadus Gengar Tornadus Noibat Simisear Noibat Honedge Weepinbell Honedge Scatterbug Tsareena Shellder Tsareena Shellos Xerneas Wailord Xerneas Shellos Magnemite Skorupi Munna Gengar Bounsweet Froakie Drampa Qwilfish 
41
Qwilfish Qwilfish
Drampa Drampa
Phanpy Skiddo
Magmar Magmar
Volcarona Volcarona Steenee
Conkeldurr Conkeldurr
Escavalier Escavalier
Weezing Weezing
Metapod Metapod
Sandile Sandile
Meloetta Meloetta Porygon2
Inkay Inkay Vespiquen
Stufful Stufful
Amoonguss Amoonguss
Lotad Lotad
Bastiodon Bastiodon
Whismur Whismur
Slurpuff Slurpuff
Metang Metang
Scatterbug Scatterbug
Crawdaunt Crawdaunt Woobat
Plusle Plusle
Jumpluff Jumpluff
Vullaby Vullaby
Drapion Drapion Taillow
Nincada Nincada Seaking Comfey
Treecko Treecko
Kakuna Kakuna
Gengar Gengar Tauros
Noibat Noibat
Simisear Simisear
Weepinbell Weepinbell
Honedge Honedge
Shellder Shellder
Wailord Wailord
Shellos Shellos
Magnemite Magnemite
Skorupi Skorupi
Munna Munna Swadloon
Bounsweet Bounsweet
Froakie Froakie
