Myrtle Abilene Bloomington Garland Macon Lexington Denton Plen Cary Albuquerque Medford Erie Bridgeport Albany Lansing Merced Houma Brighton Cedar Corpus Atlantic Hemet Alexandria Huntington Muskegon Huntington Plen Hollywood Montgomery Myrtle 
22
Myrtle Joliet Barnstable Dallas Chicago Bradenton Lorain Nashua Miramar Kissimmee Davidson Baltimore Kansas Chandler Mobile Appleton Cathedral Deltona Moreno
Abilene Abilene Hartford Aribel Champaign
Bloomington Bloomington
Lexington Lexington
Denton GreenBay
Cary Cary
Albuquerque Albuquerque
Medford Medford
Erie Erie Grays Harlingen Huntsville
Bridgeport Bridgeport
Albany Albany Brownsville
Lansing Lansing
Merced Merced Macon
Houma Houma
Cedar Cedar
Corpus Corpus
Hemet Hemet
Alexandria Alexandria Leominster Minneapolis
Muskegon Muskegon
Huntington Huntington
Hollywood Hollywood
Montgomery Montgomery Plen
