Monroe Aribel Jacksonville LA Kenosha Lafayette Clarksville Birmingham Seven Greensboro Collins Killeen Naperville Cathedral Elkhart Berkeley Greenville Brownsville Davidson Corpus Gastonia Bridgeport Arlington Austin Marina Leominster Hampton Boulder GreenBay Layton Julian Five Manchester Albuquerque Bloomington Denver Lewisville Fayetteville Fairfield Chattanooga Monterey Six Bloomington Merced Dayton Fullerton Carrollton Mesa Mobile Buffalo Mesa Muskegon CSprings Monroe 
38
Monroe Monroe Mesquite Miami Kenosha Baton Four Elizabeth Gainesville Clarke Kailua Havre Vista Rapids Erie Modesto Hesperia Daytona Cleveland Cary Apple Cambridge Hayward Asheville Glendale Denton Canton Anaheim Boise Anchorage Huntsville Detroit Hialeah Bedford Antioch Charleston Abilene
Aribel Bradenton Gilbert Johnson Prairie Hartford
Jacksonville Jacksonville
Lafayette Lafayette
Clarksville Clarksville Melbourne Aberdeen Lancaster
Birmingham Birmingham
Seven Seven Kissimmee Huntington Laredo
Greensboro Greensboro
Killeen Killeen
Elkhart Elkhart
Berkeley Three Akron Dallas
Brownsville Brownsville
Davidson Davidson
Corpus Corpus
Gastonia Chesapeake Baltimore Athens Lowell Bethlehem
Bridgeport Bridgeport
Arlington Arlington
Austin Austin
Leominster Leominster
Hampton Hampton Viejo
Boulder Boulder
GreenBay Lacey Hickory Layton
Julian Julian
Five Amarillo Hagerstown Lakeland
Manchester Manchester
Albuquerque Ten Montgomery
Denver Denver
Lewisville Lewisville Allentown Kennewick
Fayetteville Fayetteville
Fairfield Fairfield Irving
Monterey Monterey
Merced Merced
Dayton Dayton Burlington
Carrollton Carrollton
Mesa Mesa Albany
Mobile Mobile
Muskegon Muskegon
CSprings Naples
