DK BL FT EP CE FX DB AE CC DI AZ GR BY HE AW AG BG BR CP FZ DN GT EH FP FR BU CS CJ GG AB GG BW ED FW AD CY HD EO AK DG DK 
33
DK BC CA BH EY GB BE CW AO AN EN DP DF DU DX CT HC FB DO EA CD CR FH FG BV DL FN DD GY AT EQ HI EB AM CM BI CK EM EW CC FD AA CU BF AY AV HB BP CG BZ CX
BL BL FA FT ES
EP EP
CE CE HJ
DB DB
AE HF ET
DI DI
AZ AZ GV
GR GR
BY DM CY CI DE
HE HE
AW DT
AG AG
BG AU GZ
BR BR
CP CP BM
FZ FZ
DN DN
GT GT
EH EL
FP FP
FR GX
CS CS
CJ DZ GN
GG GG
AB AB
BW BW
ED ED
FW FW
HD HD
EO EO
AK AK
DG EF
