Fizz Huskar Syndra Razor Timbersaw DrMundo Leona Udyr Ryze Viktor Illaoi Tristana Phoenix BountyHunter Earthshaker Medusa ShadowShaman LoneDruid Annie Vladimir Kennen Zed DarkSeer Rumble Bane Fizz 
21
Fizz Fizz Thresh Heimerdinger Sven Nasus Tiny Katarina Terrorblade KhaZix Slardar Kassadin CentaurWarrunner Sniper WinterWyvern Nidalee NightStalker Singed Ekko Omniknight StormSpirit Weaver ShadowFiend DeathProphet Fiddlesticks Janna Undying Rengar Magnus Visage TrollWarlord Kled Jinx Sona Azir Rubick Irelia Techies FacelessVoid VelKoz LeBlanc Amumu Pantheon ShadowDemon Puck SpiritBreaker Yorick Mirana Slark Trundle JarvanIV Jayce Ziggs Xayah Cassiopeia Chen Oracle Lucian Vi Nunu Brewmaster Talon Zilean TahmKench Kayn
Huskar Huskar Beastmaster
Syndra Syndra
Timbersaw Timbersaw
DrMundo Quinn Karma
Leona Leona
Udyr Morphling
Ryze Ryze
Viktor Viktor Warlock
Tristana Tristana
Phoenix Venomancer
BountyHunter BountyHunter
Medusa Medusa
ShadowShaman ShadowShaman
LoneDruid LoneDruid
Annie Annie Gragas
Vladimir Vladimir
Kennen Kennen
Zed Zed
Rumble Rumble
Bane Bane Orianna
