0 2 3 4 5 4 3 2 0 7 9 10 26 28 30 31 14 17 18 19 20 19 18 17 14 31 30 28 12 73 69 65 69 73 12 28 26 10 8 74 66 62 58 56 52 55 54 53 54 55 52 56 58 62 66 74 8 7 9 10 11 71 68 64 68 71 11 10 26 28 30 31 14 15 16 99 78 99 16 15 14 47 46 91 43 80 88 94 88 80 43 91 46 47 45 42 86 99 83 82 87 84 37 39 35 29 34 38 75 95 96 97 96 95 75 38 34 29 30 33 41 81 79 81 41 33 30 31 14 47 48 49 50 93 89 93 50 49 48 49 92 90 92 49 48 47 14 31 30 28 26 10 72 67 63 59 57 51 57 59 63 67 72 10 26 28 27 77 27 28 26 10 9 7 0 
81
0 0 1 21 22 23
2 2
3 3
4 4
5 5 6
20 20
19 19
18 18
17 17
14 14 13
31 31 40
30 30 32
28 28
12 12
73 73
69 69
65 65 61 70
53 53
54 54
55 55
52 52
56 56
58 58
62 62
66 66
74 74
8 8
7 7 25
9 9 24
10 10
11 11
71 71
68 68
64 64 60
78 78
99 99 85
16 16
15 15 76
94 94
88 88
80 80
43 43 44
91 91
46 46
47 47
45 45
42 42 86
83 83
82 82
87 87
84 84
37 37
39 39
35 35
29 29
34 34
38 38
75 75
95 95
96 96
97 97 98
79 79
81 81
41 41
33 33 36
89 89
93 93
50 50
49 49
48 48
90 90
92 92
51 51
57 57
59 59
63 63
67 67
72 72
77 77
27 27
26 26
