6 2 6 11 24 30 42 55 67 73 80 96 103 109 103 96 80 73 67 55 42 30 24 11 15 13 15 11 24 30 42 55 67 73 80 96 92 98 94 96 103 105 106 105 107 100 103 96 93 97 92 96 103 111 112 118 115 111 124 133 143 158 168 172 189 199 190 199 189 172 168 158 143 133 135 137 138 133 143 148 149 147 146 143 133 124 111 103 96 80 73 67 55 51 59 51 55 42 30 24 11 6 199 189 172 168 158 150 153 150 152 159 158 168 172 189 199 6 11 24 30 42 40 41 40 48 44 42 30 24 11 6 199 189 180 187 180 189 199 6 11 24 20 24 11 6 
46
6 8 4 1 0
2 7
109 109
103 101
96 90 95
80 87 88 85 81
73 77 78 75 79 74
67 62 65 69 60
55 50 57
42 46
30 39 36 31 38
24 21 26
11 10 18
15 15
13 14
98 98
106 106
105 105
107 107
97 97
118 118
115 115
111 112 113 114
124 120 126 125 129 128
133 139 132 130 134
143 148 145 144
158 157
168 164 163 166
172 176 170 178 177 179
189 182
199 194 198 196
190 190 191
137 137
149 149
146 146
59 59
51 51
153 153
150 150
152 152
41 41
40 40
48 48
187 187
180 186 185
20 20 23
