L16 L135 L22 L153 L53 L131 L152 L95 L75 L86 L150 L106 L150 L105 L92 L94 L144 L133 L103 L133 L43 L49 L18 L5 L58 L116 L35 L14 L38 L30 L90 L119 L90 L134 L74 L84 L114 L149 L73 L99 L62 L70 L124 L63 L93 L6 L29 L107 L77 L78 L148 L16 
40
L16 L16 L83 L146 L89 L91 L20 L130 L126 L24 L100 L79 L139 L76 L2 L109 L40 L28 L101 L85 L143 L142 L12 L151 L11 L145 L65 L67 L72 L110 L47 L128 L8 L9
L135 L4 L125 L87 L153 L140 L1
L22 L22 L7
L53 L53
L131 L131 L141
L152 L152
L95 L95
L75 L75
L106 L106
L150 L150
L92 L92
L94 L94 L21 L147
L144 L144
L133 L133 L68
L103 L103 L52
L43 L43
L49 L104
L5 L5
L58 L18
L35 L35
L14 L80
L38 L38
L90 L90
L119 L119
L134 L134
L74 L74
L84 L84
L114 L114
L149 L149
L73 L138 L61
L99 L99 L129
L62 L62
L70 L70 L56 L82
L124 L124
L63 L63 L27
L93 L93
L29 L29
L107 L107
L77 L77
L78 L78
