0 70 100 96 101 144 1 86 82 8 11 32 36 31 23 28 85 81 86 1 97 29 35 27 143 135 10 49 51 6 5 40 5 120 123 116 108 105 98 90 2 144 63 30 49 4 12 15 22 16 104 97 95 7 76 104 109 117 111 109 47 50 42 34 26 19 27 120 145 137 130 89 146 142 0 
49
0 0 148
70 70 73 78 64 68 69 65 75 66 67 77
96 96
101 101
144 134
82 82
8 8
36 36
31 31
23 23 141 29 39 125
28 28 85
81 81
86 86
97 97 93
35 35
27 27
143 143
135 135 133
51 51
6 11
40 40
5 5
123 123
116 118
108 108 110 104 109 24 113 114
105 105 128
98 98
90 94 83
30 30
49 49
4 4 12 10
22 22
16 16 15 13
95 95
7 7
76 76 84
117 117
111 111
47 47
50 56 55 45 42 122 44 53 43 119
34 34
26 26 18 32 25 33
19 19 60
120 120
145 145 9 138
137 137 132
89 89
146 146 62
142 142 127 131
