1 32 92 79 54 97 7 195 87 127 119 135 161 158 58 3 58 72 60 72 60 164 156 112 123 126 113 78 194 140 179 112 21 112 89 9 12 75 48 129 48 45 111 145 190 170 188 128 149 121 56 1 
32
1 74 147 16 160 163 57 143 36 95 42 70 153 142 165 108 11 114 100 149 176 137 40 180 64 117 20 67 25 93 191 91 34 131 81 178
32 32 151 186 94
79 79
54 2 97 139 181 132 28 120 172 77 44 116
7 7
127 127
119 119 197
161 161
158 59 29 183 167 184 6 99 159 148 92
3 3
60 60
164 164
123 123
126 126 87 17
78 78
194 13
140 140
179 53
21 21
112 112
89 89
9 9
12 12
75 182 68
129 129
48 27 192 14 52 35 122 155
45 45
190 190
170 170
188 188
128 76 118 65
121 121
