187 48 54 69 55 79 159 176 100 65 83 118 33 50 142 92 42 111 36 17 154 99 138 53 117 96 165 114 1 108 38 122 15 82 133 122 15 184 71 191 66 98 190 87 90 7 138 95 73 117 140 156 47 39 160 39 68 162 185 183 124 150 22 136 172 144 67 131 103 171 125 120 37 42 94 158 45 32 68 13 86 187 
58
187 152 173 175 163 148 109 132 23 169 12 2 80 107 153 134 161 180 52 15 127 65 126 29 44 166
48 48 63
54 54
69 69 97
55 55
79 79 89
176 176
83 83
118 157 58
33 33
92 92
42 42
111 111
36 36 6 164
154 154
99 9 67
138 142
53 53
117 117
165 165
114 114
108 108
82 82
133 133
184 184
71 71
191 191
66 30 8 72
98 78
190 190
87 87
90 90
7 7 110 41 93
95 95
73 73
140 140
156 156 181
47 47 18
160 160
39 39
68 68 146 196
162 162 70
185 199
183 183
124 124 128
150 150
136 136
172 172
144 119
131 131
171 171
120 120
37 59
94 94
45 45
32 32
13 13
86 86
