According to all known laws of there is no way a bee should be able Its wings are too small get its fat little body off the The flies anyway because anyway flies The the off body little fat its get small too are wings Its able be should bee a way no is there of laws known all to According You lint your Wave in row told flying Is that fuzz Special Never thought make Three days grade high Those were glad tooka day hitchhiked around did come back growing Looks Hear about not about Hear Looks growing back come did around hitchhiked day tooka glad were Those high grade days Three make thought Never Special fuzz that Is flying told row in Wave your lint You According what humans think black and shake it up Breakfast Hang on Oan you believe this I pick Looking Use Your fatherpaid good money for very proud A perfect report Very got thing going thing got Very report perfect A proud very for money good fatherpaid Your Use Looking pick I this believe you Oan on Hang Breakfast up it shake and black think humans what According 
50
to to
known known
of of
is is
way way
bee bee
be be
Its Its
are are
small small
its its
little little
off off
The The
anyway anyway
because bees
not not
Hear Hear
growing growing
come come
around around
day day
glad glad
Those Those
grade grade
Three Three
thought thought
Special Special
that that
flying flying
row row
Wave Wave
lint lint
going going
got got
report report
A A
very very
money money
fatherpaid fatherpaid
Use Use
pick pick
this this
you you
on on
Breakfast Breakfast
it it
and and
think think
what what
