According to all known laws of there is no way a bee should be able be should bee a way no is there of laws known all to According care what humans think black and shake it up Breakfast Hang on Oan you believe this I pick I this believe you Oan on Hang Breakfast up it shake and black think humans what care According wings are too small get its fat little body off the The flies anyway because bees because anyway flies The the off body little fat its get small too are wings According 
25
to to
known known
of of
is is
way way
bee bee
be be
able Its
pick pick
this this
you you
on on
Breakfast Breakfast
it it
and and
think think
what what
bees bees
anyway anyway
The The
off off
little little
its its
small small
are are
