0 181 67 16 18 149 129 120 45 3 39 179 197 31 194 17 13 43 154 159 60 153 10 50 41 147 29 21 29 74 5 107 133 59 90 4 58 63 178 158 83 96 114 168 115 190 128 105 0 
32
0 0 188 94 33 68 184 142 192
181 199 136 69 163 77
16 16
18 18 180 185 70 93
129 129
120 157
3 3
39 39 78 195 183 156 38 191
197 197
31 31
194 194
17 17 116 119 189 51
43 43
60 60
153 125 174 8
50 50
41 179 131 80 159
29 29
21 21
74 74
5 24 198 182 9
133 133
59 160 19 177 62
4 4
58 58 143 109 193
178 178
158 158 2 46 35
96 96
114 12 32 170 86
115 115
190 190 103
105 105 126
