190 68 199 152 96 123 113 182 106 75 166 56 68 137 6 195 171 189 93 189 157 141 103 141 94 118 54 32 54 108 2 182 2 132 129 65 179 11 179 52 84 186 34 55 50 41 133 67 147 27 186 57 169 176 185 49 76 109 102 198 92 114 44 64 44 142 1 121 145 38 135 139 115 139 62 155 72 186 194 74 30 22 117 89 95 0 56 153 45 190 
58
190 165 60 138 192 188 36 3 168 172 21 61 112 177 133 10 47 162 5 99 156 40 149 23 66 71 198 101 46 136 173 111 164 65
68 68 104 193
199 146
152 152
123 123
113 113
106 106
75 29 8
166 166 56
137 137
195 195
189 189
93 93 116
141 141
103 103
94 94
118 118 181
32 32
54 54
108 108 69 163
2 2
182 182
132 132
129 129 33 83
11 11
179 179
52 52
84 84
34 34
55 55
50 50
67 67
27 27
57 57
169 169
176 176
185 185
76 76
109 109
102 102
92 92
114 114
44 44
142 142
1 1
121 121
38 38
135 135
139 139
62 62
186 186
30 30
22 22
117 117
89 100
95 95
153 153
45 45
