Loc1 Loc37 Loc3 Loc64 Loc55 Loc42 Loc62 Loc44 Loc25 Loc44 Loc63 Loc97 Loc5 Loc88 Loc79 Loc38 Loc54 Loc4 Loc94 Loc34 Loc14 Loc82 Loc72 Loc57 Loc92 Loc98 Loc38 Loc79 Loc93 Loc79 Loc22 Loc20 Loc19 Loc12 Loc42 Loc55 Loc80 Loc55 Loc73 Loc47 Loc60 Loc49 Loc5 Loc16 Loc70 Loc50 Loc70 Loc16 Loc70 Loc10 Loc2 Loc7 Loc2 Loc10 Loc75 Loc52 Loc70 Loc16 Loc87 Loc74 Loc87 Loc16 Loc35 Loc81 Loc35 Loc77 Loc21 Loc9 Loc21 Loc7 Loc2 Loc11 Loc33 Loc11 Loc17 Loc32 Loc1 
40
Loc1 Loc41 Loc53
Loc37 Loc45 Loc76
Loc3 Loc3 Loc29
Loc64 Loc91 Loc43 Loc15
Loc62 Loc62
Loc25 Loc25 Loc56
Loc63 Loc63
Loc88 Loc65
Loc38 Loc38
Loc4 Loc4
Loc94 Loc90
Loc34 Loc34
Loc72 Loc72
Loc57 Loc69
Loc92 Loc92 Loc13
Loc98 Loc98 Loc18
Loc79 Loc79
Loc22 Loc22
Loc19 Loc19 Loc0
Loc42 Loc42
Loc55 Loc55
Loc80 Loc80
Loc47 Loc47
Loc49 Loc49
Loc50 Loc50
Loc70 Loc70
Loc16 Loc46
Loc2 Loc2
Loc7 Loc7 Loc68
Loc10 Loc10
Loc75 Loc6
Loc52 Loc52
Loc74 Loc74
Loc87 Loc87
Loc81 Loc81
Loc21 Loc21
Loc9 Loc9
Loc11 Loc11
Loc17 Loc17
Loc32 Loc32
