Loc1 Loc108 Loc51 Loc84 Loc174 Loc58 Loc83 Loc168 Loc165 Loc161 Loc45 Loc180 Loc15 Loc8 Loc119 Loc164 Loc155 Loc122 Loc131 Loc126 Loc12 Loc166 Loc112 Loc13 Loc36 Loc13 Loc184 Loc167 Loc172 Loc157 Loc25 Loc68 Loc199 Loc68 Loc37 Loc140 Loc151 Loc10 Loc154 Loc86 Loc154 Loc82 Loc95 Loc54 Loc186 Loc60 Loc79 Loc97 Loc144 Loc139 Loc70 Loc194 Loc182 Loc66 Loc16 Loc127 Loc4 Loc143 Loc176 Loc91 Loc72 Loc98 Loc26 Loc98 Loc72 Loc91 Loc121 Loc35 Loc112 Loc31 Loc76 Loc31 Loc144 Loc131 Loc62 Loc2 Loc11 Loc2 Loc62 Loc50 Loc150 Loc148 Loc111 Loc136 Loc15 Loc180 Loc3 Loc64 Loc61 Loc64 Loc51 Loc92 Loc106 Loc56 Loc27 Loc18 Loc135 Loc181 Loc169 Loc196 Loc53 Loc192 Loc153 Loc29 Loc112 Loc130 Loc102 Loc24 Loc183 Loc160 Loc113 Loc152 Loc5 Loc97 Loc65 Loc188 Loc65 Loc105 Loc49 Loc29 Loc128 Loc29 Loc73 Loc117 Loc73 Loc92 Loc33 Loc137 Loc165 Loc1 
72
Loc1 Loc1 Loc145 Loc132
Loc108 Loc115 Loc187
Loc51 Loc51 Loc6
Loc58 Loc58
Loc83 Loc83
Loc165 Loc63
Loc161 Loc161 Loc45 Loc69
Loc8 Loc8
Loc119 Loc119
Loc164 Loc164
Loc122 Loc122
Loc131 Loc131
Loc126 Loc126 Loc28 Loc171 Loc18 Loc183
Loc12 Loc12 Loc110 Loc19 Loc22
Loc166 Loc166 Loc178 Loc112
Loc36 Loc36
Loc13 Loc13
Loc167 Loc167
Loc172 Loc172
Loc157 Loc157 Loc127 Loc177
Loc199 Loc199
Loc68 Loc68
Loc37 Loc37 Loc156
Loc140 Loc39
Loc154 Loc154
Loc86 Loc50
Loc82 Loc82
Loc95 Loc38
Loc186 Loc186
Loc60 Loc60
Loc79 Loc44
Loc97 Loc97 Loc55 Loc87
Loc144 Loc144 Loc198
Loc70 Loc70
Loc194 Loc194
Loc66 Loc66
Loc4 Loc4
Loc176 Loc111
Loc98 Loc98
Loc26 Loc26 Loc99
Loc72 Loc72
Loc91 Loc91
Loc121 Loc121
Loc35 Loc92
Loc76 Loc76
Loc31 Loc31
Loc62 Loc62
Loc11 Loc104
Loc150 Loc150
Loc148 Loc175
Loc15 Loc15
Loc180 Loc180
Loc64 Loc64
Loc106 Loc106
Loc56 Loc155
Loc135 Loc135
Loc169 Loc169 Loc59 Loc123
Loc196 Loc196 Loc3 Loc89
Loc192 Loc192
Loc153 Loc153
Loc130 Loc130
Loc102 Loc102 Loc114
Loc160 Loc160
Loc113 Loc113
Loc152 Loc152
Loc5 Loc5
Loc188 Loc188
Loc29 Loc29
Loc128 Loc128 Loc85
Loc117 Loc117
Loc73 Loc73
Loc33 Loc33
