114 78 38 77 87 146 180 66 49 4 169 4 21 181 197 141 134 65 84 102 58 42 166 63 51 5 99 128 93 32 163 115 111 165 26 53 195 60 96 123 88 14 150 182 154 85 199 7 184 191 25 47 95 149 35 1 28 91 73 135 155 127 19 76 175 74 173 51 92 108 149 35 0 173 98 67 114 
56
114 114 16 174 183 188 75 196 12 148 70 10 37 15 105 133 117 18 147 100 31 109 41 176 36 124 59 164
78 78 24
38 38
87 87
146 146
66 66
49 49 33 112 131 43 89 94
169 169
4 4
21 21
181 181
197 197
134 134
84 84
102 102 167 170
58 103 3
42 42
166 166
63 63
51 51
5 5
99 69 161 177
93 93 135
32 32
115 115
111 111
26 26
53 53
195 195
96 96
14 14
150 150
154 154
85 199 187 62
7 7
191 191
47 47
95 95
1 1
28 28
91 91
73 182 81
155 155
127 127
19 171 119
76 76
175 175
74 74 29
92 92
108 108
149 149
35 35
0 0
173 173
98 98
67 67
