Liam Jordan Jack Joshua Lucas Noah Calvin Nathan Jude Jace Jude Evan Jude Zachary Dean Beau William Beau Dean Zion Messiah John Kevin Finn Kevin John Messiah Zion Hayden Austin Hayden Victor Dominic Zayden Grant Cooper Timothy Aiden Richard Easton Patrick Dean Maxwell Anthony Angel Anthony Maverick Micah Messiah John Matthew King Jaxon King Matthew John Messiah Zion Gavin Waylon Tyler Eli Alex Roman Andrew Isaiah Andrew Oliver Patrick Dean Zion Ryder Silas Nicholas Silas Braxton Brantley Ethan George Emmett Xavier Steven Abel Weston Giovanni Robert Giovanni Abraham Kaleb Antonio Kaleb Santiago Alan Jasper Elliot Grayson Benjamin Jameson Hudson Ivan Juan Ethan Brantley Kai Bryce Sebastian Bryce Oscar Xander Leonardo Jordan Bryson Malachi Adam Colton Tucker Charles Mason Charles Tucker Colton Adam Malachi Bryson Malachi Henry Jayce Matthew John Messiah Zion Dean Kingston Miles Nolan Miles Kingston Brandon Kingston Dean Zion Hayden Victor Gabriel Cameron Gabriel Jayce Henry Jayce Matthew John Messiah Weston Abel Elijah Adrian Harrison Bentley Jayden Max John Asher Brayden Asher John Bennett Landon Bennett Hayden Zion Dean Zachary Jude Theodore Rowan Brody Elliot Grayson Elliot Jasper Alan Santiago Carter Elliott Caleb Wesley Jason Wesley Caleb Waylon Marcus Parker Marcus Dawson Gael Emmanuel Carson Kai Brantley Messiah Zion Dawson Alejandro Ian Alejandro Dawson Gavin Waylon Tyler Zachary Hunter Zachary Dean Chase Greyson Eric Messiah John Joshua Jack Jordan Leonardo Xander Maddox Ezekiel Jeremiah Ezekiel Maddox Kaiden Noah Calvin Michael Aaron Amir Miguel Mateo Aiden Richard Preston Jose Ezra Jose Ashton Grant Max Lincoln Dylan Lincoln Max John Messiah Eric Matteo Julian Josiah Justin Josiah Julian Matteo Finn Kevin Nathan Connor Jasper Alan Santiago Kaleb Antonio Grant Max Jayden Bentley Camden Noah Lucas Joshua Jack Jordan Liam 
80
Liam Liam
Jordan Jordan
Jack Jack
Joshua Joshua
Lucas Lucas
Noah Noah
Calvin Michael
Jace Jace
Jude Joseph
Evan Evan
William William
John John Matthew
Kevin Nathan
Finn Jacob
Austin Austin
Dominic Dominic
Cooper Cooper
Aiden Aiden
Richard Easton
Angel Angel
Anthony Anthony
Maverick Maverick
Jaxon Jaxon
Eli Eli
Isaiah Isaiah
Andrew Andrew Logan Oliver
Nicholas Nicholas
Braxton Jackson
Ethan Ethan Jonathan
Emmett Thomas
Xavier Xavier Ryan
Steven James
Robert Robert
Kaleb Isaac Elias
Antonio Carter Owen
Benjamin Benjamin
Hudson Hudson
Sebastian Sebastian
Oscar Levi
Mason Mason
Charles Charles
Colton Colton
Adam Adam
Bryson Bryson Leo
Nolan Nolan
Kingston Luke
Cameron Cameron
Gabriel Gabriel
Henry Henry
Elijah Elijah
Adrian Adrian
Harrison Jaxson
Asher Asher
Brayden Brayden
Landon Landon
Theodore Theodore
Brody David Christian
Grayson Grayson Alexander
Caleb Caleb
Parker Parker
Gael Wyatt
Carson Carson
Kai Christopher
Ian Ian
Hunter Hunter
Greyson Greyson
Eric Samuel
Jeremiah Jeremiah
Ezekiel Ezekiel
Kaiden Daniel
Aaron Aaron
Miguel Mateo
Ezra Ezra
Jose Jose
Dylan Dylan
Lincoln Lincoln
Julian Julian
Josiah Josiah
Connor Connor
Jayden Jayden
