Liam Isaiah Joseph Jaxson Brayden Jaxson Colton Josiah Eli Lucas Eli Dominic Oliver Aiden Elijah Alexander Mateo Jordan Cooper Maverick Angel Jose Owen Jose Sawyer Colton Logan William Logan Christian Luke Asher Joshua Jose Dylan Thomas Aaron Leo Jonathan Levi Evan Josiah Benjamin Carter Ayden Ethan Brayden Adam Jayden Adam Chase Levi Evan Josiah Sebastian David Sebastian Mateo Joseph Isaiah Liam 
25
Liam Liam
Isaiah Daniel
Joseph Joseph
Jaxson Noah Michael
Brayden Ethan Samuel
Lucas Lucas
Eli Jackson Wyatt
Dominic Oliver
Elijah Elijah
Alexander Alexander Mason
Jordan Jacob
Cooper Matthew
Owen Owen
Sawyer John
Logan Logan
William William Aiden
Luke Luke
Dylan Dylan
Thomas James
Jonathan Henry
Benjamin Benjamin
Carter Carter
Jayden Jayden
David David
Sebastian Sebastian
