LOC16 LOC1 LOC45 LOC43 LOC41 LOC3 LOC51 LOC73 LOC18 LOC15 LOC46 LOC25 LOC4 LOC32 LOC68 LOC32 LOC29 LOC14 LOC94 LOC89 LOC62 LOC89 LOC56 LOC48 LOC27 LOC82 LOC34 LOC37 LOC46 LOC15 LOC9 LOC15 LOC46 LOC37 LOC82 LOC28 LOC82 LOC37 LOC59 LOC25 LOC46 LOC15 LOC18 LOC83 LOC57 LOC83 LOC80 LOC83 LOC18 LOC16 
24
LOC16 LOC52 LOC70 LOC47 LOC23 LOC96 LOC36 LOC99
LOC1 LOC98 LOC97 LOC22 LOC33
LOC45 LOC45 LOC79 LOC50
LOC43 LOC43
LOC3 LOC3
LOC73 LOC73
LOC18 LOC18 LOC20
LOC15 LOC15
LOC46 LOC46 LOC53 LOC37
LOC4 LOC4
LOC32 LOC78
LOC29 LOC29
LOC89 LOC89
LOC62 LOC62
LOC56 LOC56
LOC27 LOC61 LOC31
LOC82 LOC82 LOC81
LOC34 LOC12 LOC90
LOC9 LOC9 LOC85
LOC28 LOC28 LOC17
LOC59 LOC59
LOC25 LOC25 LOC26
LOC57 LOC57
LOC80 LOC95
