LOC60 LOC79 LOC116 LOC51 LOC130 LOC177 LOC76 LOC14 LOC139 LOC87 LOC4 LOC44 LOC109 LOC96 LOC89 LOC105 LOC123 LOC160 LOC41 LOC153 LOC17 LOC11 LOC55 LOC11 LOC169 LOC36 LOC152 LOC48 LOC159 LOC72 LOC141 LOC187 LOC27 LOC85 LOC80 LOC85 LOC28 LOC18 LOC49 LOC185 LOC74 LOC134 LOC74 LOC199 LOC188 LOC194 LOC101 LOC121 LOC158 LOC68 LOC175 LOC161 LOC62 LOC98 LOC48 LOC152 LOC180 LOC120 LOC60 
29
LOC60 LOC63 LOC59 LOC65 LOC56 LOC189 LOC38 LOC30 LOC54 LOC46 LOC58
LOC79 LOC24 LOC6
LOC116 LOC116 LOC51
LOC177 LOC177
LOC139 LOC139
LOC87 LOC64
LOC4 LOC7
LOC96 LOC96
LOC89 LOC89
LOC160 LOC160
LOC153 LOC166 LOC133 LOC145 LOC70
LOC17 LOC17 LOC117
LOC55 LOC55
LOC11 LOC97
LOC36 LOC36
LOC152 LOC48
LOC72 LOC72
LOC80 LOC80
LOC18 LOC18
LOC134 LOC134
LOC194 LOC194
LOC101 LOC52
LOC68 LOC68 LOC158
LOC175 LOC142
LOC161 LOC161 LOC164 LOC170
LOC62 LOC62
LOC98 LOC190
LOC180 LOC180
LOC120 LOC192
