zero one eight fifteen twentytwo twentynine thirtysix fortythree fifty fiftyseven sixtyfour seventyone seventyeight eightyfive ninetytwo ninetynine onehunsix onehunthirteen onehuntwenty onehuntwentyseven onehunthirtyfour onehunfortyone onehunfortyeight onehunfiftyfive onehunsixtytwo onehunsixtynine onehunseventysix onehuneightythree onehuneightyfour onehunninetyone onehuneightyfour onehunseventyseven onehunseventy onehunsixtythree onehunfiftysix onehunfortynine onehunfortytwo onehunthirtyfive onehuntwentyeight onehuntwentyone onehunfourteen onehunseven onehun ninetythree eightysix seventynine seventytwo sixtyfive fiftyeight fiftyone fortyfour thirtyseven thirty twentythree sixteen nine two three ten seventeen twentyfour thirtyone thirtyeight fortyfive fiftytwo fiftynine sixtysix seventythree eighty eightyseven ninetyfour onehunone onehuneight onehunfifteen onehuntwentytwo onehuntwentynine onehunthirtysix onehunfortythree onehunfifty onehunfiftyseven onehunsixtyfour onehunseventyone onehunseventyeight onehuneightyfive onehunninetytwo onehuneightyfive onehunseventyeight onehunseventyone onehunsixtyfour onehunfiftyseven onehunfifty onehunfortythree onehunthirtysix onehuntwentynine onehuntwentytwo onehunfifteen onehuneight onehunone ninetyfour eightyseven eighty seventythree sixtysix fiftynine fiftytwo fortyfive thirtyeight thirtyone twentyfour seventeen ten three four eleven eighteen twentyfive thirtytwo thirtynine fortysix fiftythree sixty sixtyseven seventyfour eightyone eightyeight ninetyfive onehuntwo onehunnine onehunsixteen onehuntwentythree onehunthirty onehunthirtyseven onehunfortyfour onehunfiftyone onehunfiftyeight onehunsixtyfive onehunseventytwo onehunseventynine onehuneightysix onehunninetythree onehuneightysix onehunseventynine onehunseventytwo onehunsixtyfive onehunfiftyeight onehunfiftyone onehunfortyfour onehunthirtyseven onehunthirty onehuntwentythree onehunsixteen onehunnine onehuntwo ninetyfive eightyeight eightyone seventyfour sixtyseven sixty fiftythree fortysix thirtynine thirtytwo twentyfive eighteen eleven four five twelve nineteen twentysix thirtythree forty fortyseven fiftyfour sixtyone sixtyeight seventyfive eightytwo eightynine ninetysix onehunthree onehunten onehunseventeen onehuntwentyfour onehunthirtyone onehunthirtyeight onehunfortyfive onehunfiftytwo onehunfiftynine onehunsixtysix onehunseventythree onehuneighty onehuneightyseven onehunninetyfour onehuneightyseven onehuneighty onehunseventythree onehunsixtysix onehunfiftynine onehunfiftytwo onehunfortyfive onehunthirtyeight onehunthirtyone onehuntwentyfour onehunseventeen onehunten onehunthree ninetysix eightynine eightytwo seventyfive sixtyeight sixtyone fiftyfour fortyseven forty thirtythree twentysix nineteen twelve five six thirteen twenty twentyseven thirtyfour fortyone fortyeight fiftyfive sixtytwo sixtynine seventysix eightythree ninety ninetyseven onehunfour onehuneleven onehuneighteen onehuntwentyfive onehunthirtytwo onehunthirtynine onehunfortysix onehunfiftythree onehunsixty onehunsixtyseven onehunseventyfour onehuneightyone onehunseventyfour onehunsixtyseven onehunsixty onehunfiftythree onehunfortysix onehunthirtynine onehunthirtytwo onehuntwentyfive onehuneighteen onehuneleven onehunfour ninetyseven ninety eightythree seventysix sixtynine sixtytwo fiftyfive fortyeight fortyone thirtyfour twentyseven twenty thirteen six seven fourteen twentyone twentyeight thirtyfive fortytwo fortynine fiftysix sixtythree seventy seventyseven eightyfour ninetyone ninetyeight onehunfive onehuntwelve onehunnineteen onehuntwentysix onehunthirtythree onehunforty onehunfortyseven onehunfiftyfour onehunsixtyone onehunsixtyeight onehunseventyfive onehuneightytwo onehunseventyfive onehunsixtyeight onehunsixtyone onehunfiftyfour onehunfortyseven onehunforty onehunthirtythree onehuntwentysix onehunnineteen onehuntwelve onehunfive ninetyeight ninetyone eightyfour seventyseven seventy sixtythree fiftysix fortynine fortytwo thirtyfive twentyeight twentyone fourteen seven zero 
100
one one
fifteen fifteen
twentynine twentynine
fortythree fortythree
fiftyseven fiftyseven
sixtyfour sixtyfour
seventyone seventyone
seventyeight seventyeight
ninetynine ninetynine
onehunthirteen onehunthirteen
onehuntwentyseven onehuntwentyseven
onehunsixtynine onehunsixtynine
onehunseventysix onehunseventysix
onehuneightythree onehunninety
onehunninetyone onehunninetyone
onehuneightyfour onehuneightyfour
onehunseventy onehunseventy
onehunsixtythree onehunsixtythree
onehunfortynine onehunfortynine
onehunthirtyfive onehunthirtyfive
onehuntwentyeight onehuntwentyeight
onehuntwentyone onehuntwentyone
seventynine seventynine
seventytwo seventytwo
fiftyeight fiftyeight
fortyfour fortyfour
thirtyseven thirtyseven
twentythree twentythree
sixteen sixteen
two two
onehunninetytwo onehunninetytwo
onehunseventyeight onehunseventyeight
onehunseventyone onehunseventyone
onehunsixtyfour onehunsixtyfour
onehunfiftyseven onehunfiftyseven
onehunfifty onehunfifty
onehunfortythree onehunfortythree
onehuneight onehuneight
onehunone onehunone
eightyseven eightyseven
sixtysix sixtysix
fiftytwo fiftytwo
fortyfive fortyfive
thirtyeight thirtyeight
seventeen seventeen
ten ten
three three
onehunninetythree onehunninetythree
onehunsixtyfive onehunsixtyfive
onehunfortyfour onehunfortyfour
onehunthirty onehunthirty
onehuntwentythree onehuntwentythree
onehunsixteen onehunsixteen
sixtyseven sixtyseven
sixty sixty
fiftythree fiftythree
twentyfive twentyfive
eleven eleven
onehunninetyfour onehunninetyfour
onehuneightyseven onehuneightyseven
onehuneighty onehuneighty
onehunseventythree onehunseventythree
onehunsixtysix onehunsixtysix
onehunfiftynine onehunfiftynine
onehunfortyfive onehunfortyfive
onehuntwentyfour onehuntwentyfour
onehunseventeen onehunseventeen
onehunten onehunten
eightytwo eightytwo
seventyfive seventyfive
thirtythree thirtythree
twentysix twentysix
twelve twelve
onehuneightyone onehuneightyone
onehunseventyfour onehunseventyfour
onehunsixty onehunsixty
onehunfortysix onehunfortysix
onehuneighteen onehuneighteen
onehuneleven onehuneleven
eightythree eightythree
sixtynine sixtynine
fiftyfive fiftyfive
thirtyfour thirtyfour
twentyseven twentyseven
twenty twenty
six six
onehuneightytwo onehuneightytwo
onehunseventyfive onehunseventyfive
onehunsixtyone onehunsixtyone
onehunfiftyfour onehunfiftyfour
onehunforty onehunforty
onehuntwentysix onehuntwentysix
onehunnineteen onehunnineteen
ninetyeight ninetyeight
eightyfour eightyfour
seventyseven seventyseven
seventy seventy
fortynine fortynine
fourteen fourteen
seven seven
