zero two nine sixteen twentythree thirty thirtyseven fortyfour fiftyone fiftyeight sixtyfive seventytwo seventythree seventyfour eightyone eightyeight ninetyfive eightyeight eightyone seventyfour sixtyseven sixty fiftythree fortysix thirtynine thirtytwo twentyfive eighteen eleven four three ten seventeen twentyfour thirtyone thirtyeight fortyfive fiftytwo fiftynine sixtysix seventythree eighty eightyseven eighty seventythree sixtysix fiftynine fiftytwo fortyfive thirtyeight thirtyone twentyfour seventeen ten three zero five twelve nineteen twentysix thirtythree forty fortyseven fiftyfour sixtyone sixtyeight seventyfive eightytwo eightynine eightytwo seventyfive sixtyeight sixtyone fiftyfour fortyseven forty thirtythree twentysix nineteen twelve five zero seven fourteen twentyone twentyeight thirtyfive fortytwo fortynine fiftysix sixtythree seventy seventyseven eightyfour seventyseven seventy sixtythree fiftysix fortynine fortytwo thirtyfive twentyeight twentyone fourteen seven one eight fifteen twentytwo twentynine thirtysix fortythree fifty fiftyseven sixtyfour seventyone sixtyfour fiftyseven fifty fortythree thirtysix twentynine twentytwo fifteen eight one zero six thirteen twenty twentyseven thirtyfour fortyone fortyeight fiftyfive sixtytwo fiftyfive fortyeight fortyone thirtyfour twentyseven twenty thirteen six zero 
49
two two
thirty thirty
thirtyseven thirtyseven
fortyfour fortyfour
fiftyone fiftyone
sixtyfive sixtyfive
seventytwo seventynine
ninetyfive ninetyfive
eightyeight eightyeight
eightyone eightyone
sixtyseven sixtyseven
sixty sixty
fiftythree fiftythree
thirtynine thirtynine
twentyfive twentyfive
four four
eightyseven eightyseven
sixtysix sixtysix
fortyfive fortyfive
twentyfour twentyfour
ten ten
three three
eightynine eightynine
eightytwo eightytwo
seventyfive seventyfive
sixtyeight sixtyeight
sixtyone sixtyone
fortyseven fortyseven
thirtythree thirtythree
twelve twelve
five five
eightyfour eightyfour
seventyseven seventyseven
seventy seventy
thirtyfive thirtyfive
fourteen fourteen
seventyone seventyone seventyeight
fiftyseven fiftyseven
fifty fifty
thirtysix thirtysix
twentynine twentynine
twentytwo twentytwo
fifteen fifteen
sixtytwo sixtytwo
fiftyfive fiftyfive
fortyeight fortyeight
thirtyfour thirtyfour
twenty twenty
six six
