zero three ten seventeen twentyfour thirtyone thirtyeight thirtynine fortysix thirtynine thirtytwo twentyfive eighteen eleven four zero two nine sixteen twentythree thirty thirtyseven thirty twentythree sixteen nine two zero five twelve nineteen twentysix thirtythree forty thirtythree twentysix nineteen twelve five zero seven fourteen twentyone twentyeight thirtyfive fortytwo thirtyfive twentyeight twentyone fourteen seven six thirteen twenty twentyseven thirtyfour twentyseven twenty thirteen six zero one eight fifteen eight one zero 
24
three three
thirtyone thirtyone
thirtyeight thirtyeight fortyfive
fortysix fortysix
thirtytwo thirtytwo
twentyfive twentyfive
eighteen eighteen
eleven eleven
thirtyseven thirtyseven
sixteen sixteen
nine nine
forty forty
nineteen nineteen
twelve twelve
five five
fortytwo fortytwo
thirtyfive thirtyfive
fourteen fourteen
seven seven
thirtyfour thirtyfour
twenty twenty
thirteen thirteen
six six
fifteen fifteen
