0 112 75 149 56 65 21 52 50 44 121 153 50 68 30 55 97 76 184 58 130 155 166 21 166 21 96 100 96 21 123 81 147 122 73 74 98 171 50 16 146 36 105 187 69 84 28 153 184 39 167 64 180 68 37 43 144 120 183 104 46 51 34 179 48 179 185 61 136 1 95 186 63 109 59 89 25 35 8 138 45 33 110 114 108 177 11 169 189 4 106 86 135 3 88 10 12 20 151 87 151 120 6 150 109 0 
63
0 0 60 40 85 78 68 5 42
112 82 2
75 75 66 62
56 56
65 65
52 52
50 50
44 44 26
121 72
153 19
30 30
55 55
97 97 71 80
76 76 18
58 58
21 21
96 96
81 81
122 73
74 74
98 98 93 22 90
171 41 23
16 16
36 36 7 14
105 54 24
69 69
84 84
28 28
39 39
167 49 95
64 64 38
37 37
43 43
46 46
51 51 29 34
48 48
61 61
136 99 57
1 1 91
63 63
109 31 27
59 59 70
89 89 83
25 25
35 35
8 8 77
45 45
33 33 17
110 13
114 15
11 11
169 94
4 4
106 47 32
86 86 9
3 3
88 88
10 10
12 12
20 20 67 79 53
87 87
6 6
150 92
