0 3 117 191 140 104 18 109 45 95 100 97 89 61 36 125 101 124 101 68 33 28 48 93 48 28 13 58 115 186 115 58 13 58 115 108 194 118 195 118 91 8 151 106 7 119 55 92 112 172 19 32 71 54 36 61 63 8 151 106 38 44 49 102 131 102 132 12 114 65 104 93 48 28 13 58 115 108 156 108 158 9 26 10 96 55 92 117 191 140 104 138 178 113 78 110 169 110 78 113 178 138 178 113 12 132 102 2 107 155 107 4 90 171 119 7 106 150 142 105 141 105 21 103 116 112 92 117 3 0 
36
117 192 193
191 191
140 140
104 139
109 161 162 163 164 165 166 167 180
100 120 121 122 123
124 124
101 126 127 128 129 130
186 186
115 187
195 195
118 196
151 151
106 147 148 149 150 152 153
119 197 198 199
112 173 174 176 177
172 172
36 125
131 131
102 133
132 132
114 181 182 183 184 185
156 156
108 157 159 160 194
158 158
169 169
110 168 170
113 179
178 178
138 138
155 155
171 171
141 141
105 142 143 144 145 146
103 134 135 136 137
116 188 189 190
