pump agenda wear brain office linger final reject opposition hallway attractive duck exercise separate go inspector depressed deprivation coma diagram forest fairy resort formulate sweet ton rock soap genetic parallel genetic descent girl pump 
19
pump pump guideline ensure hallway sticky impound physical category tip literature distributor row nominate mouse appearance lemon anger unanimous consideration reflection plug preoccupation feign sacrifice wage affect innovation admiration overlook freedom aspect ground polish park button line engineer exercise float gloom title formulate judicial performance pray need valley packet lot hierarchy ghost privilege sit survival
agenda range
brain brain
office minor leadership
linger linger
reject reject
attractive attractive
separate separate
depressed depressed
diagram diagram
forest forest prospect
fairy fairy
resort mud sentiment
sweet sweet
rock rock
soap pursuit
parallel parallel
genetic genetic pedestrian wear
descent descent
