7FD578 853F1A 01684B 853F1A 1BD5F4 2E60FC 1BD5F4 6CAF19 ED0989 283373 7EA726 E5D023 7EA726 C3030C 7B7BDE 4BCD0B 01684B 9F01C8 8633C5 853F1A 1176C9 981760 B40756 19E454 57CBDE 66B94B AA2C70 4BCD0B 57CBDE 9B7F16 57CBDE C03738 EEEA40 C03738 853F1A 1176C9 6C7BF0 7CDA20 7FD578 853F1A 1176C9 981760 1176C9 853F1A 7FD578 
19
7FD578 1AC5CE FF39A5 877D0E
853F1A A085DD
01684B 01684B E27C41 1EE680 859C0E
2E60FC 2E60FC
1BD5F4 1BD5F4
6CAF19 6CAF19
283373 3E0BDD
E5D023 E5D023 2C376F
7B7BDE 7B7BDE
4BCD0B F4C859
9F01C8 9F01C8
B40756 B40756
19E454 61D740
66B94B 66B94B
9B7F16 9B7F16
EEEA40 EEEA40
6C7BF0 6C7BF0
981760 981760
1176C9 1176C9
