F1E81B DD07FF 573788 1977E0 BF6302 151BC9 BF6302 B23276 103724 5EFED0 77A0B5 5EFED0 6F492E E33276 8F17C0 13A782 EB719D 846159 783751 D2BE39 490F1E DEC4F2 5EFED0 614224 BB40E6 CF668A 53C6C8 36590B 099830 82A1F6 099830 7829D7 98C2CE 813B05 6B644E 6CAF46 1EC224 293D59 1EC224 4099A6 A9F1B8 C45E71 94A561 612FAA 124C90 612FAA B23276 2BF7B5 CC6D2A DEC4F2 B47658 D6CC7A 4A5708 086D53 5F4E43 1111F7 C953A6 5D0E2E 6E313C 5A3862 3B4B53 E3C2C9 0CBC31 8F495E 0CBC31 5D0E2E AD0427 C9AF85 7BE8A9 C9AF85 9096DB 17BB75 47FACD 462226 1F842B 7E78F3 0C73D8 FB0EF2 A9F1B8 EB8E2E 14994D EB8E2E 6825D4 61199E 9A8DF4 10520F 7E1C6C 1B337D 1EC224 8B519F E2CE9F 8C971D E2CE9F 36C862 D1967A 59843B DE6899 BDE94D 7D997B 85D6DB 7D997B 2924CB 1F842B 2924CB 5C7062 24743A 9D4968 B69F55 79BC3D E33276 29D5D7 8015E0 1977E0 B23A80 6F492E 10520F C3EF62 10520F 191510 2FEDFB 91A0DC C3B3E7 002274 0F5860 002274 DD07FF 0A147B 17779E 0A147B 2334E8 0C73D8 86493E 4B3F8A 0A147B 17779E 770D1A 5FD658 6C010A DD07FF F1E81B 
70
F1E81B F1E81B AE4A01 AEFF96 E80628
DD07FF CC9C14 1E1095
573788 573788 FFFD4B
151BC9 151BC9
BF6302 C18C9B 8B6C2F
B23276 66048A
103724 CEAC59 90451D
77A0B5 77A0B5
6F492E F33196 6B622D 4B97F1 DCE144 4CAD30
E33276 29D5D7
8F17C0 8F17C0
EB719D D4A75D 14B430
846159 20EAE7 6D51F4
783751 783751 ABD8FE
490F1E 490F1E
614224 614224
BB40E6 BB40E6
36590B 36590B
099830 FFEEBD
7829D7 7829D7
98C2CE E5E6C0
813B05 813B05 6B340B 396D53 BB4908
6B644E 2CCB19 305D33 59843B
6CAF46 A1F104 685D1A B7F75A 28F6D1
293D59 293D59
1EC224 5BB557
4099A6 4099A6
A9F1B8 52C88C C4303B
C45E71 4A28BA
94A561 94A561
124C90 124C90
2BF7B5 2BF7B5
B47658 B47658
D6CC7A D6CC7A
4A5708 4A5708
5F4E43 5F4E43
1111F7 93EBE3 6966D7
6E313C 6E313C
8F495E 8F495E
0CBC31 0CBC31
C9AF85 C9AF85
9096DB 9096DB
47FACD 47FACD
7E78F3 7E78F3
0C73D8 E81014
FB0EF2 239994
14994D 14994D
61199E 61199E
7E1C6C 7E1C6C
8B519F 8B519F
E2CE9F E3C2C9
8C971D 8EBF8A
36C862 36C862
D1967A D1967A 851F90 3B4B53
DE6899 DE6899
7D997B E51A66 596CF6
85D6DB 85D6DB 230A7C 63361A
1F842B 1F842B
5C7062 5C7062
B69F55 B69F55
8015E0 8015E0
B23A80 8BFCAC
C3EF62 C3EF62
2FEDFB 2FEDFB
0F5860 0F5860
002274 D337F2 C3B3E7
17779E 17779E
86493E 86493E
770D1A 770D1A
6C010A 8417C8
