188645 0FB66D FA567E 2EA2EE 7A7E10 D7CAF9 D443EB 673B36 C0766C 143B88 7BF2B5 37F745 7BF2B5 31D332 35F60D 61EDA9 3ADA02 D5356A 3ADA02 61EDA9 35F60D AA8E14 CEAE00 628AB2 D04F40 9B9BDD 2F1AB5 298FDD 410DA1 784F83 410DA1 ACB11D 7BF2B5 467AB7 0D7DE7 A7E9D9 DBDC9A 994F93 DBDC9A A5CCB5 B3243F E0E349 61EDA9 E09D29 AFF8D1 7E5598 0FBCDC 7E5598 DDF3EB 800641 35FF16 500783 29B2A4 EC05F7 3AA8C5 EF4D57 EDC0CA B7B073 657F93 B833F0 CEAE00 6D778A D27DC1 7E5598 188645 
39
188645 188645 48C2D5
0FB66D 0FB66D 19FFAB 4FBDE1 FF8D45
FA567E C98FE7
2EA2EE 84EBFF E954F7
7A7E10 CB09C0
D7CAF9 D7CAF9
D443EB D443EB
673B36 7E18E9
C0766C 07D80A 628AB2
143B88 44716B
37F745 37F745
D5356A D5356A
3ADA02 3ADA02
AA8E14 AA8E14
CEAE00 539A92 724A76
D04F40 D04F40
9B9BDD 9B9BDD
784F83 784F83
410DA1 DD2694 8D0852
ACB11D D01E6B
467AB7 467AB7
0D7DE7 A7E9D9
994F93 994F93
DBDC9A DBDC9A 94D700
A5CCB5 A5CCB5
B3243F 9B0EC2 1276AF
E0E349 2C101C
E09D29 E09D29
AFF8D1 AFF8D1
7E5598 3B1041
0FBCDC 0FBCDC 0A5C0E
800641 800641
35FF16 500783
29B2A4 29B2A4
EC05F7 FD1783
EF4D57 EF4D57
B7B073 B7B073
B833F0 B833F0
6D778A 6D778A
