Wheeler Evans Latimer Etcheverry Soda Sather Soda CVStarr Morgan Pimentel WayWest Ippuku Metropolitan Ippuku WayWest Pimentel Morgan CVStarr Moffitt VLSB Moffitt Soda Cheit Normandy Kresge Davis Hearst Davis Kresge Normandy Cheit Pimentel WayWest Ippuku NorthGate Bongo BigC Pavilion Simons LaNote Unit2 LaNote Simons Pavilion BigC McCone Baker FSM Faculty Haas Minor Memorial Haviland Koshland Stonefire Haas Faculty FSM Baker McCone BigC Pavilion Simons Koja Legends Koja Simons Pavilion BigC McCone Baker FSM Faculty Haas Minor Maxwell MemorialStadium Hargrove MemorialStadium Maxwell Minor Memorial Haviland Campbell LeConte Campanile Doe Wheeler Evans Morrison Greek Cory Jacobs Cory Greek Morrison Hertz Kroeber Wurster Kroeber Hertz Morrison Evans Latimer Etcheverry VLSB Moffitt CVStarr Morgan Pimentel Anthony HearstAnnex Stephens South McLaughlin Memorial Haviland Campbell LeConte Campanile Doe Wheeler Evans Latimer Stanley Foothill Stanley Latimer Evans Wheeler Doe Campanile LeConte Birge LeConte Campbell LeConte Campanile Doe Wheeler 
29
Wheeler Sproul Dwinelle
Etcheverry Etcheverry
Sather Martinez Barker Unit3 OCF
Metropolitan Metropolitan
WayWest Cloyne Warren
Moffitt Moffitt
Hearst Hearst
Davis Davis
Cheit Cheit
Unit2 Unit2
Pavilion PeoplePark
McCone CKerr
Baker Baker
Haas Haas
Memorial IHouse
Koshland Stonefire RSF
Legends Legends
Koja TriDelta
Hargrove Hargrove
Jacobs Jacobs
Greek Bechtel
Morrison Morrison
Kroeber Kroeber
Wurster Boalt
Anthony Anthony
Stephens Moses
McLaughlin McLaughlin
Foothill Foothill
Birge Birge
