Bowles Birge Bechtel Cory Jacob Evan Blackwell McLaughlin Blackwell Evan Jacob Cory Stanley LeConte Campanile Wurster McCone Spats Stonefire PiLambda PiAlphaPhi PiLambda Stonefire Spats McCone Wurster Campanile LeConte Stanley Campbell Stanley Cory Jacob Foothill Dwinelle Haas Crossroads Lawrence UCTheatre NCEM UCTheatre Lawrence Crossroads Haas Dwinelle Foothill Davis Hildebrand Davis Foothill Haviland Morgan Martinez Morgan Haviland Foothill Jacob Hertz CVStarr Unit3 CKerr Ridge CKerr Unit3 CVStarr Hertz Jacob Cory Stanley Moses Greek Unit2 Milano IndianRock Milano Unit2 Greek Moses Wellman Moses Stanley Cory Jacob TopDog Starbucks Chipotle MFoundry Chipotle Starbucks TopDog Fenwick TopDog Jacob Foothill Dwinelle HearstAnnex Lothlorien HearstAnnex Dwinelle Foothill Jacob Evan SigmaPhiOmega BearFoodCourt SigmaPhiOmega Evan Moffitt Cloyne Moffitt Evan Jacob Cory Stanley Moses Pimentel Stacks Sherman Stacks Pimentel South Latimer Mulford Latimer Bechtel Wilde StrawberryCreek Wolf StrawberryCreek Wilde Bechtel Cory Stanley Moses Greek Stebbins Safeway Stebbins Safeway Warren Tan Hoyt PhiKappaTau UCha Strada RoseGarden Strada Baker Bechtel Minor Memorial Maxwell Barrows Maxwell Memorial Minor Bechtel Cory Stanley Moses RareTea Gypsys RareTea Moses Stanley LeConte VLSB Chez NorthGate Chez VLSB Boalt Kresge Boalt VLSB LeConte Stanley Cory Bechtel Latimer MLK Rochdale MLK Latimer Bechtel Cory Stanley LeConte Campanile Bongo Artichokes Cheeseboard Artichokes Bongo Campanile LeConte Stanley Cory Bechtel Latimer Edwards Easterly Edwards Latimer Mulford Bowles Calvin Graduate Calvin Bowles 
63
Bowles LaVals
Birge Birge
Cory Extension
Evan Evan
Blackwell Blackwell
McLaughlin GenPlantBio
PiAlphaPhi PiAlphaPhi
PiLambda PiLambda
Spats Spats
Wurster Wurster Zellerbach
Campanile Campanile
LeConte RSF ALS
Campbell Campbell Doe Koshland
NCEM NCEM
UCTheatre UCTheatre
Crossroads Crossroads
Haas Haas Pavilion
Foothill Foothill Unit1
Davis Browns
Hildebrand Hildebrand YogurtPark
Martinez Martinez
Morgan Morgan
Ridge Ridge
CKerr CKerr WayWest
Unit3 Unit3
IndianRock IndianRock
Unit2 Unit2
Greek Greek
Moses Moses
Wellman Wellman Sutardja
MFoundry MFoundry
Chipotle Chipotle
TopDog GammaPhiBeta
Fenwick Barker
Lothlorien Lothlorien
HearstAnnex HearstAnnex
BearFoodCourt BearFoodCourt
Cloyne Cloyne
Sherman Sherman
Stacks Stacks
Mulford Mulford Crescent
Wolf Wolf
StrawberryCreek StrawberryCreek
Wilde Wilde
Safeway Safeway
RoseGarden RoseGarden
Strada Strada
Baker Baker Simons Daiso
Barrows Barrows
Maxwell Maxwell
Memorial TacoBell AlphaSigmaPhi
Gypsys Gypsys
NorthGate NorthGate
VLSB VLSB
Boalt Boalt
Kresge Kresge PeoplesPark Castro
Rochdale Rochdale
Cheeseboard Cheeseboard
Bongo Bongo ShengKee
Easterly Easterly
Edwards Edwards
Graduate Graduate
Calvin Calvin Etcheverry
