0 17 5 17 20 43 20 86 10 86 0 17 80 66 80 17 0 81 82 81 0 3 54 3 4 3 0 86 12 62 12 57 21 57 31 89 1 89 31 25 31 3 75 28 75 3 31 64 7 64 31 0 100 101 108 154 108 101 100 104 100 0 17 77 22 77 17 0 100 101 110 173 110 101 112 179 112 101 111 178 111 101 100 106 149 106 100 102 121 102 100 0 11 55 11 0 100 101 115 194 115 101 113 189 113 101 100 107 151 107 100 0 17 68 44 68 17 0 100 101 116 198 116 101 100 103 128 103 100 105 138 105 100 0 
56
0 13
17 17
5 5 42
43 43
20 20
86 86 90 85 98
10 10 83 99
66 66
82 82
81 81
54 54
3 51 56 29
4 4 14 87 63 96 49
62 62
21 21
57 57
1 1
89 89 26
31 31 35 53
25 25 24 59
28 28
75 75 18
7 7
64 72
154 154
108 156 158 160
101 101 117
100 100
104 104 136
22 22
77 77
173 173
110 172 169 175 171 168
179 179
112 112 182 180
178 178
111 177
149 149
106 106 147 142 145 144 146
121 121
102 102 124 123 118
55 55
11 58
194 194
115 196
189 189
113 113 188
151 151
107 152 153
44 44
68 68
198 198
128 128
103 130 127
138 138
105 105
