MapLocation152 MapLocation16 MapLocation164 MapLocation106 MapLocation128 MapLocation199 MapLocation128 MapLocation186 MapLocation0 MapLocation57 MapLocation23 MapLocation73 MapLocation149 MapLocation97 MapLocation149 MapLocation133 MapLocation189 MapLocation42 MapLocation65 MapLocation42 MapLocation94 MapLocation118 MapLocation192 MapLocation109 MapLocation76 MapLocation12 MapLocation18 MapLocation17 MapLocation127 MapLocation85 MapLocation30 MapLocation185 MapLocation103 MapLocation175 MapLocation50 MapLocation91 MapLocation8 MapLocation53 MapLocation137 MapLocation13 MapLocation137 MapLocation129 MapLocation39 MapLocation152 
32
MapLocation152 MapLocation152 MapLocation14 MapLocation18 MapLocation20 MapLocation136 MapLocation198 MapLocation35 MapLocation81 MapLocation72 MapLocation113 MapLocation36 MapLocation67 MapLocation71 MapLocation105 MapLocation156 MapLocation125 MapLocation107 MapLocation61 MapLocation145 MapLocation41 MapLocation59 MapLocation171 MapLocation122 MapLocation146 MapLocation4 MapLocation104 MapLocation9 MapLocation10 MapLocation116 MapLocation43 MapLocation173 MapLocation47 MapLocation150 MapLocation100 MapLocation161 MapLocation77 MapLocation55 MapLocation92 MapLocation182 MapLocation111 MapLocation86 MapLocation183 MapLocation56 MapLocation7 MapLocation32 MapLocation99 MapLocation179 MapLocation148 MapLocation62 MapLocation121 MapLocation114 MapLocation194 MapLocation70 MapLocation166
MapLocation16 MapLocation16 MapLocation15 MapLocation79 MapLocation28
MapLocation164 MapLocation164
MapLocation106 MapLocation106 MapLocation123 MapLocation102 MapLocation96 MapLocation153
MapLocation128 MapLocation128
MapLocation186 MapLocation186
MapLocation57 MapLocation57
MapLocation23 MapLocation23 MapLocation19 MapLocation22
MapLocation149 MapLocation149
MapLocation97 MapLocation97
MapLocation133 MapLocation133
MapLocation189 MapLocation189
MapLocation42 MapLocation42
MapLocation94 MapLocation94
MapLocation118 MapLocation118
MapLocation192 MapLocation192
MapLocation109 MapLocation109 MapLocation154
MapLocation76 MapLocation76
MapLocation12 MapLocation12 MapLocation170
MapLocation17 MapLocation17
MapLocation127 MapLocation127 MapLocation29
MapLocation85 MapLocation85
MapLocation30 MapLocation119
MapLocation185 MapLocation185
MapLocation103 MapLocation103
MapLocation175 MapLocation175
MapLocation50 MapLocation50
MapLocation8 MapLocation8
MapLocation53 MapLocation53 MapLocation135
MapLocation137 MapLocation137
MapLocation13 MapLocation13 MapLocation69 MapLocation60
MapLocation129 MapLocation129
