86 128 42 1 81 104 24 168 189 168 24 104 61 71 67 22 68 35 187 79 21 79 8 23 169 83 140 167 65 146 65 167 130 115 182 96 174 96 182 92 133 36 20 47 18 84 37 151 80 151 161 180 106 180 49 125 49 12 123 12 49 98 126 32 25 150 161 108 29 114 70 63 74 63 143 127 87 102 94 136 89 115 67 114 105 114 54 111 113 147 78 148 95 156 39 161 181 9 10 131 196 186 120 86 
52
42 1 11 76 199
189 189
61 30 69 107
71 71
67 2 93 140 192 198
22 22
68 35 90 100
21 21
79 137
8 8
23 66 185
169 169
83 38 159
146 146
174 174
92 92
133 101 116 152
36 36
20 82
47 41
84 84
151 17
80 194
106 106
49 19 122
125 125
123 123
126 126
32 157 175
25 64 153 154 158 183
150 150
161 163
108 44
74 74
63 75 145
87 87
102 94
89 89
115 53 97
105 105
114 52
113 113
147 45 73 91 138 160 184
148 148
95 57 72
156 156
39 149 177
181 181
9 10 13 26 110
196 196
186 139
120 120
