Location0 Location45 Location1 Location28 Location39 Location20 Location13 Location14 Location24 Location27 Location7 Location48 Location58 Location46 Location33 Location17 Location23 Location30 Location37 Location52 Location32 Location19 Location57 Location28 Location35 Location10 Location34 Location41 Location20 Location5 Location56 Location52 Location25 Location13 Location6 Location38 Location36 Location40 Location57 Location40 Location2 Location50 Location45 Location0 
24
Location0 Location15 Location16 Location25 Location31 Location33 Location37
Location45 Location11 Location12
Location1 Location1 Location8 Location28
Location39 Location39
Location20 Location20 Location22
Location14 Location14
Location24 Location24
Location27 Location27
Location7 Location7
Location58 Location3
Location17 Location17
Location23 Location23
Location30 Location30
Location32 Location32
Location19 Location19 Location29 Location38
Location35 Location35
Location10 Location10 Location21 Location26
Location34 Location34 Location4 Location9 Location18 Location41
Location5 Location5
Location13 Location13
Location6 Location6
Location36 Location36
Location40 Location40
Location2 Location2
