Location0 Location43 Location37 Location2 Location23 Location131 Location7 Location3 Location5 Location61 Location117 Location20 Location26 Location55 Location26 Location21 Location72 Location41 Location12 Location39 Location53 Location28 Location52 Location22 Location16 Location74 Location62 Location39 Location17 Location11 Location17 Location110 Location46 Location81 Location33 Location23 Location33 Location75 Location35 Location24 Location115 Location44 Location18 Location54 Location52 Location69 Location36 Location125 Location36 Location42 Location87 Location101 Location93 Location56 Location124 Location9 Location25 Location43 Location0 
28
Location0 Location4 Location13 Location20 Location27 Location28 Location29 Location32 Location40
Location43 Location43 Location1 Location6 Location10 Location19 Location30
Location37 Location37 Location45
Location2 Location2 Location14
Location7 Location7
Location3 Location3
Location5 Location5
Location26 Location26
Location21 Location21
Location72 Location8 Location41
Location12 Location12
Location39 Location39
Location22 Location22
Location16 Location16 Location31
Location74 Location15
Location11 Location11
Location17 Location17
Location46 Location38
Location33 Location33
Location23 Location23
Location35 Location35
Location24 Location24
Location44 Location44
Location18 Location18
Location36 Location36
Location42 Location42
Location9 Location9
Location25 Location25 Location34
