1 2 74 88 57 124 23 21 177 111 36 129 42 46 74 86 92 3 115 137 8 114 151 58 56 165 141 171 13 189 194 145 200 198 1 85 143 1 
29
1 1 10 16 20 21 26 27 31 33 34 35 37 49 50 55 56 59 61 70 77 80 82 87 89 99 102 103 106 116 126 127 130 133 140 150 156 157 174
2 2 44 95
88 88
57 57
124 124
23 164
177 177
111 111 68
36 36
129 129 176
42 42
46 69 75 110 136 161
74 74
86 86 47 144 162
92 92
3 3 101 169 182 184
137 137
8 8 167 193
151 151
58 58 84
165 165
141 141
171 171
13 13 60 131 138 139
189 189
200 200
198 198
85 85 9 83
143 143 6 41 97 159
