0 15 14 3 14 15 0 50 100 115 114 112 116 117 113 109 120 119 132 134 133 147 144 148 149 148 144 147 133 134 130 121 120 118 107 108 107 118 120 121 130 135 137 138 136 142 146 142 136 138 137 135 130 121 120 109 113 117 116 112 114 115 100 50 65 64 62 66 67 63 59 70 69 82 84 83 97 94 98 99 98 94 97 83 84 80 71 70 68 57 58 57 68 70 71 80 85 87 88 86 92 96 92 86 88 87 85 80 71 70 59 63 67 66 62 64 65 50 100 115 114 112 116 117 113 109 120 121 130 129 123 124 126 125 126 124 123 129 130 135 137 138 141 140 141 138 137 135 130 121 120 109 113 117 116 112 114 115 100 50 0 15 14 12 16 17 13 9 20 19 32 34 33 47 44 48 49 48 44 47 33 34 30 21 20 18 7 8 7 18 20 21 30 35 37 38 36 42 46 42 36 38 37 35 30 21 20 9 13 17 16 12 14 15 0 50 65 64 62 66 67 63 59 70 71 80 79 73 74 76 75 76 74 73 79 80 85 87 88 91 90 91 88 87 85 80 71 70 59 63 67 66 62 64 65 50 100 150 199 198 194 197 183 184 180 185 187 188 186 192 196 192 186 188 187 185 180 184 183 197 194 198 199 150 100 50 65 64 53 64 65 50 100 150 165 164 162 166 167 163 159 170 168 157 158 155 158 157 168 170 159 163 161 163 167 166 162 164 165 150 100 50 0 15 14 12 16 17 13 9 20 21 30 35 37 38 41 40 41 38 37 35 30 21 20 9 13 17 16 12 14 15 0 50 100 150 199 198 194 197 183 184 180 179 173 174 176 175 176 174 173 179 180 185 187 188 191 190 191 188 187 185 180 184 183 197 194 198 199 150 100 115 114 112 116 117 113 111 104 111 113 117 116 112 114 103 114 112 116 117 113 109 110 109 113 117 116 112 114 115 100 50 65 64 62 66 67 63 61 54 61 63 67 66 62 66 67 63 59 60 59 63 67 66 62 64 65 50 0 15 14 12 16 17 13 11 4 11 13 17 16 12 16 17 13 9 10 9 13 17 16 12 14 15 0 50 100 150 165 164 153 152 153 164 165 150 100 50 0 
78
0 1
3 3 2
149 149
148 148
144 144
147 147
133 133
130 122
108 105 106
146 146
142 142
136 136
99 99
98 98
94 94
97 97
83 83
80 72
58 55 56
96 96
92 92
86 86
125 125
126 126
124 124
123 127
140 140
141 141
49 49
48 48
44 44
47 47
33 33
30 22
8 5 6
46 46
42 42
36 36
75 75
76 76
74 74
73 77
90 90
91 91
196 196
192 192
186 186
180 172
183 183
197 197
194 194
198 198
199 199
150 151
100 101
50 51
53 53 52
155 155
158 156
159 160
161 154
40 40
41 41
175 175
176 176
174 174
173 177
190 190
191 191
104 104
103 103 102
110 110
54 54
60 60
4 4
10 10
152 152
153 153
