142 121 137 135 171 17 6 128 68 192 68 128 6 103 18 181 91 3 174 4 46 4 174 3 51 187 132 39 132 187 85 103 6 128 122 64 69 64 122 64 69 158 195 178 37 24 76 48 137 66 106 111 90 143 77 160 108 160 77 143 90 111 106 66 137 135 171 63 149 26 0 183 0 26 149 63 131 63 171 140 30 139 154 1 100 163 8 31 8 45 159 151 167 151 93 118 38 197 12 126 164 59 21 150 99 54 14 9 136 47 62 107 62 47 136 9 33 133 33 156 56 156 33 9 92 70 18 181 153 181 18 103 6 17 186 55 186 17 6 103 85 89 85 103 41 103 18 181 153 139 154 1 100 34 175 130 65 141 179 116 40 112 156 198 38 118 93 83 188 83 93 151 181 153 139 145 72 27 147 58 130 193 16 177 16 193 60 124 60 193 104 126 140 30 140 171 135 97 135 137 121 142 
54
121 121
137 137
192 150
46 46
4 4
174 174
3 3
39 39 115
69 69
64 64
158 158
195 195
178 178
76 76
48 48
108 108
77 77
90 90
106 106 127
66 44
183 183
149 22
63 63
131 35
31 31
159 159
151 151 144
167 167
197 197
21 21 157
14 14
47 7
133 133
33 33
70 70
181 181 91
153 23
55 55
186 186
89 89
41 41
34 34
65 141
38 38
93 93
145 145
58 58
16 16
177 177
124 124
60 60
30 30
140 140 129
97 97
