5 7 77 9 10 15 30 1 6 74 53 123 131 140 131 123 53 27 11 44 11 27 41 19 52 143 144 176 180 194 180 176 144 143 52 19 20 54 20 19 41 86 109 130 109 86 41 48 75 59 45 152 45 59 95 8 39 88 39 41 27 53 40 36 82 179 82 36 40 92 22 37 45 59 101 104 101 59 118 126 118 59 45 37 25 12 18 178 18 12 17 68 33 68 17 12 150 191 150 12 25 43 183 43 61 16 29 32 21 1 177 1 26 80 52 56 102 56 52 19 20 62 55 57 64 14 23 14 5 19 69 145 69 19 5 
40
7 35
77 77
9 9
10 160
15 163
140 140
27 27
11 85 113
44 106
194 194
180 180
176 176
52 80
19 169
54 54 96
130 130
109 109
86 58
152 152
45 45
59 76 127
95 121
8 21
88 168
179 179
40 92
104 104
101 101 111
126 126
178 178
68 68 155
191 191
183 183
32 32 50
177 177
102 102
57 57
14 63 196
23 23 103
145 145
