xse pvs nmf vmv nry agh lvm bdh lfl iqd jom hmi byu fbk gfa kpp shb byu ygr hat tdu ogh zkt ljd ymw xjt kxn owy ruo bda emz jwm ykt nhi hcr xme rsg dkp lvm bow fia ptu jfh mok weo svk nyk khu xnr mti ils dgl fin uok zud qol kfu vsl xse 
40
xse cma adx ocp vtd lrj nii ybr wyg xeh vvn loj fzi uau fia fhv uok nfr qbf phg pjf wiy ttw rtc yug jgt lwk aeg nmf ckx uuw krr nko qdw tso tko vzr zdb rjv fgp bnl gex ukv txq jam fyc wbg qjf vmt ksg tlh qxs nvz idv fjy
pvs pvs hpx
vmv vmv
nry nry
bdh bdh
iqd aii ikb
jom vwg
hmi hmi
byu byu
fbk fbk
gfa cun
kpp kpp
tdu tdu
ogh ogh zkt
ljd ljd
ymw uwo bod
xjt xjt
kxn kxn
ruo ruo
bda bda
emz emz
nhi nhi
hcr hcr
xme xme
rsg rsg nwc
dkp nsw
lvm lvm
ptu ptu
jfh jfh
mok mok
weo ego
svk svk
khu khu
mti mti
ils ils miy
dgl dgl
fin fin
zud zud
kfu kfu
vsl cen
