zMnoKpsz12d1Y6CixoCL vPVOeWczn8eJlf3Gviol BKvWsgveG3lQHgeNBv62 ybqDdUoaPknlNwzZFeto fat0ktgmwPXvqLhmWfJ0 IcoYVabhkC8yNYJgy44V dBvruVRsFq4ihmzPj7nf IcoYVabhkC8yNYJgy44V PVcbdr9b4cXQbbu8InjK WErCaTW8MMgw3ZAta1gT tXtX3vcLWOYDJBh3QgZt 1Tm2BSSz9mj8o3m9o0TB 50qWynRev5CSErzk8Yih 3fQHkf8pseCy7Ys4Kez5 50qWynRev5CSErzk8Yih dgvhUwh5BJRBJnc00LMu hdXOmxRAbu0HN40emwgb RLriJ3z2V3NV2Vo1oURR GhNWfyijkz8OKJbptIGO BVbv363irLjfCXrWQjqn MDHuBmBbeFOGqzpuNmVz BVbv363irLjfCXrWQjqn LBRpsuMfPp9LEzGTlw5t hH5yU5IgxmmStVnXEBJ1 jS5XJP3bXemMgWyvfsmt ZSg6FSZaRCTLmeHoLgMI jS5XJP3bXemMgWyvfsmt B56U06r3nz3RZaXVmiK2 MyPRIiIVlLarPoP5nZfy B56U06r3nz3RZaXVmiK2 WCUwzDEkBlRrgSeSv9vv ofmz95sRAyIS0ShQndvb WCUwzDEkBlRrgSeSv9vv oJor9EUgXhaXPDmChml7 FDT7h4JKMRWa9fcDNmXs oJor9EUgXhaXPDmChml7 5jE3DcSbPJWRITx0u2Kf 9q9h29089dBsNERnjXsd 5jE3DcSbPJWRITx0u2Kf 73GclC6XOTCjqTwHSUFH g6l3PryZJRSAXJGUyq22 YqOJXOtRcgzFFRGKRutM HAc1Ylu9mrUmnheKISnK YqOJXOtRcgzFFRGKRutM LdDKuyalK5FXEd1h8XJt OcyqfDTyG7wfT1rvpitz e7oVwvEXzQVG9DeK8uQS ARorC1kPdEun4czh3dmX e7oVwvEXzQVG9DeK8uQS hzqXRQPGO5tnMpQYDdxn XKYNaFpYuIx7Zx7vNANa hzqXRQPGO5tnMpQYDdxn TuA4wNSOMjTMUxZ5fZWx WdpiLe9uZpnuS9WMphYw TuA4wNSOMjTMUxZ5fZWx RIRtIJewArUY7i7A6OEl szEChRtMF49nUq5i634G RIRtIJewArUY7i7A6OEl dakEfF8eF1B4IYsSGGLe 9XhdonQsTDmLQknJ4xeP dakEfF8eF1B4IYsSGGLe kHWDWFJURX8TBbDnLSlR mTYxpEwVJTp369cmBN7S kHWDWFJURX8TBbDnLSlR FwLnZPETaUkrkp7dE0hH KBGTLYOWLSviflcWwd9y FwLnZPETaUkrkp7dE0hH EFVi1RMWM28DYYdOxVze UkKARQyd3ZxfrQwOeW0R M3MAG2lM6nUmTjQ3nD4D PrzulPuk0tqiNKmdjp0X M3MAG2lM6nUmTjQ3nD4D JOo21iuZtHvP9sSModQZ T7hLF9jTtc4htoAH0PWD JOo21iuZtHvP9sSModQZ 73GclC6XOTCjqTwHSUFH vPVOeWczn8eJlf3Gviol zMnoKpsz12d1Y6CixoCL 
44
ybqDdUoaPknlNwzZFeto FHGlzd4VlMUVjTba9Qjm WELPo1XEQnG4JejlB13A z6gtkXCB2ntSiYsjrque
fat0ktgmwPXvqLhmWfJ0 mNuLv0WHsIRpWEdSUREd mUERvxQcAO2XlgBTPRGA qSLkk45Evo68Y4JhMUq7
dBvruVRsFq4ihmzPj7nf dBvruVRsFq4ihmzPj7nf
IcoYVabhkC8yNYJgy44V GaG5DAqLVuTD09GfUl6l U8fsnzMIN4aMdzToihTq
1Tm2BSSz9mj8o3m9o0TB ZcpnIKUrL8i4GzxAolZX 07iKiKtYzy9bLoKUo0ve 5VNO6t8qAcR3d5jJgfi4
3fQHkf8pseCy7Ys4Kez5 3fQHkf8pseCy7Ys4Kez5
50qWynRev5CSErzk8Yih QTgsp1BfPDsixeeH6QUT Vkpfkc0JUDpakJkZipKD
GhNWfyijkz8OKJbptIGO lcq8BXTLE4WDnj4JF3yo EvdCmEq3CXPDtnZYkiVu VxRxz5foWagBafuSz1m4
MDHuBmBbeFOGqzpuNmVz MDHuBmBbeFOGqzpuNmVz
BVbv363irLjfCXrWQjqn nfdt04yvrwrpPVPzIy2c 34ScKN0pHkNmnxdkoIOC
hH5yU5IgxmmStVnXEBJ1 3mTCmcCkVhhFn533BM03 oougNPfNRCSRCWJrOUlb Y2BEa9hp0T63SlTWXenG
ZSg6FSZaRCTLmeHoLgMI ZSg6FSZaRCTLmeHoLgMI
jS5XJP3bXemMgWyvfsmt CcIlGrru613gqyngyuYo Vv2apUMOUSvB9J5u8yJr
MyPRIiIVlLarPoP5nZfy MyPRIiIVlLarPoP5nZfy
B56U06r3nz3RZaXVmiK2 Y0dqIYSR4P9Br1Cq3f9U xBNbU9Yu51mQvClxjQdr
ofmz95sRAyIS0ShQndvb ofmz95sRAyIS0ShQndvb
WCUwzDEkBlRrgSeSv9vv 15e7umNMnawEegsOhkYh 5cjkSqVe5mFfFhCgwe8r
FDT7h4JKMRWa9fcDNmXs FDT7h4JKMRWa9fcDNmXs
oJor9EUgXhaXPDmChml7 TzlCRBgA0Q2cCjETm7Vx C3qGKxHtliSTI7oOnHoB
9q9h29089dBsNERnjXsd 9q9h29089dBsNERnjXsd
5jE3DcSbPJWRITx0u2Kf NieXnWTTyXxCRp5CSl0i gM8AHyLc0ZjUxmDMuXzJ
g6l3PryZJRSAXJGUyq22 RvFA5khunRjN3Z7dmUKr 2DqN6NYyebkVczAnrbNI Armxs904ujfdAYn9LtOF
HAc1Ylu9mrUmnheKISnK HAc1Ylu9mrUmnheKISnK
YqOJXOtRcgzFFRGKRutM JPD2uBroiElzO4z72vhQ Ryx97mzVLWHytqmLAKlJ
OcyqfDTyG7wfT1rvpitz sNJuS4R6b6KAUX5QI4md G6KTAOxQU8MNiSLazU1t uqAmYQiu3O0THeAaPzKH
ARorC1kPdEun4czh3dmX ARorC1kPdEun4czh3dmX
e7oVwvEXzQVG9DeK8uQS olgHJpCT79b6HED7FUWa bUGtOHLCdzsNiRxcLtaT
XKYNaFpYuIx7Zx7vNANa XKYNaFpYuIx7Zx7vNANa
hzqXRQPGO5tnMpQYDdxn 8s4ukhLgGBoor0D87KUr bclRgmmOqfg3PHQz06qB
WdpiLe9uZpnuS9WMphYw WdpiLe9uZpnuS9WMphYw
TuA4wNSOMjTMUxZ5fZWx jdgXkfbupFQ0XUNJEyvU JzMVZjOikutQZg00S8wX
szEChRtMF49nUq5i634G szEChRtMF49nUq5i634G
RIRtIJewArUY7i7A6OEl cthtNVKVABeolrPabegT FqxzURcIHYyg2FOpiXCN
9XhdonQsTDmLQknJ4xeP 9XhdonQsTDmLQknJ4xeP
dakEfF8eF1B4IYsSGGLe yE3wNgUIJB0oZwUjLCMo YIAlamFOfZeHd5qDll32
mTYxpEwVJTp369cmBN7S mTYxpEwVJTp369cmBN7S
kHWDWFJURX8TBbDnLSlR W8ft2Hcg1VXPVNTpprS3 dUDrtIP8WIldh2FT7uba
KBGTLYOWLSviflcWwd9y KBGTLYOWLSviflcWwd9y
FwLnZPETaUkrkp7dE0hH ZvocIzADG7dBR58wmnu8 9c21VhIQJbtu6kG4NZT4
UkKARQyd3ZxfrQwOeW0R u91JdIwHTd2zumpXCvmK OMLAPgVr1RosMrpENk9K JKKWZrMfMDLTYQt6t5Ap
PrzulPuk0tqiNKmdjp0X PrzulPuk0tqiNKmdjp0X
M3MAG2lM6nUmTjQ3nD4D GfpGWz1SaDeisCQVEJrI z2nBS9pweVYpDmW0fMRS
T7hLF9jTtc4htoAH0PWD T7hLF9jTtc4htoAH0PWD
JOo21iuZtHvP9sSModQZ oDA5VKbLZuTPP2ZEB14d QmCq2RCVgnssPOgSwAr8
