lQCi69J0eWVlNqqKnSXq 6WjkeAWWKDbY507hYxDN GzTC6SyDfi06snBYRanw r3dhOjzNOGrPmQjmHU4D 5RtoZI2od7I5NUCXiQ20 r3dhOjzNOGrPmQjmHU4D E91XnzjC8fk7WmI2LnAz EP0h2hGKZhLlRDvb1dHn 5j3nVbxEAEFTUe3GDbN0 z8GF8LystXVXiuprVyTh 5j3nVbxEAEFTUe3GDbN0 fMvZCv2axIFhKiMGKmK5 HdqcKlipoTYMzJchffld 2fRxkCAZVyHGHkq3Bl9E CR5QbErmAVyIHQJyDFi9 2fRxkCAZVyHGHkq3Bl9E wlKpBtU5YVdE9Uq6V4z5 kdGczSrviM1C416w1kdh wlKpBtU5YVdE9Uq6V4z5 24jW8KIc1KJpj5ibhLpV yytanXsBcYsWB0S4zr6x sNxtKpoSG9BFpERxjNr1 dSR37cF2irO0NLfFwZy0 sNxtKpoSG9BFpERxjNr1 Ov5tQy1KeHsti8dfTOIQ jsvSfTN8RLw8M7n8jb8D Ov5tQy1KeHsti8dfTOIQ ivkDNojPLqpGb4cpDTON yXTGXN4mJmD1MMnwU5DV ivkDNojPLqpGb4cpDTON TULA7h1TJjCcU7b7ewMK u4CAydwAhszp7tM3ILy0 TULA7h1TJjCcU7b7ewMK E91XnzjC8fk7WmI2LnAz lQCi69J0eWVlNqqKnSXq 
20
GzTC6SyDfi06snBYRanw sX8C3CP6kza3VNKEcdNn sC8YSc2m8uVyLGRtJAJm tqCzeJHrHXSMuAlQdk95
5RtoZI2od7I5NUCXiQ20 5RtoZI2od7I5NUCXiQ20
r3dhOjzNOGrPmQjmHU4D zbjpBk6LD1KcRmfqCimG ji2Hl3ZRuTNdz55QI9iS
EP0h2hGKZhLlRDvb1dHn m3HnuJcMZr0UjXE6y0Yj Q6Q14vRaFSx82FDA8F9j lfvGd547iXhkHQ8AjYpO
z8GF8LystXVXiuprVyTh z8GF8LystXVXiuprVyTh
5j3nVbxEAEFTUe3GDbN0 76IyG9JBAhW2KiBt5QKY 9ZAwlDiWc0OkYVLdPP18
HdqcKlipoTYMzJchffld h4lv4AWoIyOY4fsmP5xB G1Ecvcz8fZufY9CV0J2K IR7mOQhWXsCDKM4Cc4wS
CR5QbErmAVyIHQJyDFi9 CR5QbErmAVyIHQJyDFi9
2fRxkCAZVyHGHkq3Bl9E zdGOEur0Se3VWD6mlq5H AeT8ezBVfSNgGpCCNvM1
kdGczSrviM1C416w1kdh kdGczSrviM1C416w1kdh
wlKpBtU5YVdE9Uq6V4z5 vnCWjVmMdmciaoCYnqW8 Ts2UPoejx7dwuInV9kms
yytanXsBcYsWB0S4zr6x TDEVUkFlcjUpqrP6Bynx 0jsnTC6pUdifVPvCGLLe 0LTuG9BRd9b62kO39lM2
dSR37cF2irO0NLfFwZy0 dSR37cF2irO0NLfFwZy0
sNxtKpoSG9BFpERxjNr1 55xYloQMeVs9kVzx8cN5 NdzV8TNRFhnjMNZlaGI4
jsvSfTN8RLw8M7n8jb8D jsvSfTN8RLw8M7n8jb8D
Ov5tQy1KeHsti8dfTOIQ Rl9sd4PENsPVd55C9qNS sAR5WnnNshpkwOniAudb
yXTGXN4mJmD1MMnwU5DV yXTGXN4mJmD1MMnwU5DV
ivkDNojPLqpGb4cpDTON aAHnKpmemgrMwy9POpn9 V6XJoCUDWAqZklsSLeM6
u4CAydwAhszp7tM3ILy0 u4CAydwAhszp7tM3ILy0
TULA7h1TJjCcU7b7ewMK XeZKiAoyYZL9P7yBThlM pStp5oJ3mwz5HNV7VA81
