Vernon Midtown Skydive Antelope Grasslands Three Ritter Escondido Tuxedo Wallace Jacumba Cerro Sacramento Bell Fiorini Helm Escondido South Nicolaus Downtown Rough Anaheim Ramona Coachella Yankee Yucca Costa Brundage Cypress Le Durham Cabbage Stanton Bell Civic Hume Singing Robertsville Woody Buena Delano Veterans Crestmont Yubadocs Homestead Rowland Portola Crestmont Beach Bodfish Vernon 
35
Vernon Davenport Winterhaven Warner Terra Temecula Quail Presidio Industry Mecca Industrial Calaveras Veterans Pleasant Moores Saint Bonny Timbuctoo Capuchino Potrero Santa Garcia Sherman Costa Louis Collins Coddingtown Glencoe Sunny Flinn Delta Smoke Bradley
Midtown Smith Kaiser Hammer Manker Donner
Antelope Antelope
Grasslands Grasslands Clayton Bodad Hoffman Lake
Ritter Ritter
Escondido Escondido
Wallace Wallace
Jacumba Roseland Bangor Chittenden Armstrong
Sacramento Sacramento
Bell Bell
Fiorini Fiorini
Helm Helm Carmel Richvale Bakersfield Balboa Marshall Tijuana Del
South South
Nicolaus Stockdale Downtown Fox California All
Rough Rough
Anaheim Anaheim Cressey Cerro Forbestown Alamo Sulpizio
Ramona Ramona
Coachella Escalon
Yankee Yankee
Yucca Yurok
Brundage Brundage
Cypress Cypress
Le Le
Durham Pacheco Cambridge
Cabbage Cabbage
Stanton Three Dulzura Parchester
Civic Civic
Hume Strawberry Blue Fullerton Cudahy
Robertsville Robertsville
Woody Woody Huron
Buena Buena
Crestmont Crestmont
Rowland Rowland
Portola Portola
Beach Beach
