loc0 loc7 loc39 loc192 loc57 loc16 loc85 loc155 loc32 loc173 loc56 loc41 loc14 loc171 loc97 loc94 loc86 loc117 loc40 loc157 loc45 loc177 loc33 loc193 loc63 loc123 loc130 loc175 loc190 loc0 loc51 loc109 loc0 
26
loc0 loc1 loc3 loc5 loc11 loc13 loc15 loc17 loc19 loc23 loc25 loc27 loc29 loc31 loc47 loc49 loc53 loc55 loc59 loc61 loc65 loc67 loc71 loc73 loc75 loc79 loc81 loc83 loc87 loc89 loc93 loc95 loc99 loc101 loc103 loc105 loc111 loc121 loc125 loc127 loc129 loc131 loc133 loc135 loc137 loc139 loc141 loc145 loc147 loc151 loc153 loc159 loc161 loc163 loc165 loc167 loc169 loc181 loc183 loc185 loc187 loc191 loc195 loc197 loc199
loc7 loc7 loc149
loc39 loc39
loc57 loc57
loc16 loc85 loc91
loc155 loc155
loc32 loc107
loc173 loc173
loc41 loc41
loc14 loc143 loc171
loc97 loc97
loc94 loc9 loc189
loc117 loc117
loc40 loc179
loc157 loc157
loc45 loc45 loc119
loc177 loc177
loc33 loc33
loc193 loc193
loc63 loc63
loc123 loc123
loc130 loc113
loc175 loc175
loc190 loc21
loc51 loc51 loc77
loc109 loc109 loc43
