1 2 3 14 15 16 17 21 22 27 26 27 6 5 4 8 9 10 11 30 29 30 195 196 200 199 198 187 198 35 34 35 36 37 38 43 42 43 44 45 46 51 50 51 52 53 54 59 58 59 60 61 62 67 66 67 68 69 70 75 74 75 76 77 78 83 82 83 84 85 86 91 90 91 92 93 94 99 98 99 100 101 102 107 106 107 108 109 110 115 114 115 116 117 118 123 122 123 124 125 126 131 130 131 132 133 134 139 138 139 140 141 142 147 146 147 148 149 150 155 154 155 156 157 158 163 162 163 164 165 166 171 170 171 172 173 174 179 178 179 180 181 182 19 20 19 190 189 190 191 192 193 197 196 200 1 
98
2 2
14 15
21 21
22 23
26 26
27 28
6 7
5 5
4 4
9 10 13
29 29
30 31
195 194
196 196
199 199
187 186
34 34
35 36
37 37
38 39
42 42
43 44
45 45
46 47
50 50
51 52
53 53
54 55
58 58
59 60
61 61
62 63
66 66
67 68
69 69
70 71
74 74
75 76
77 77
78 79
82 82
83 84
85 85
86 87
90 90
91 92
93 93
94 95
98 98
99 100
101 101
102 103
106 106
107 108
109 109
110 111
114 114
115 116
117 117
118 119
122 122
123 124
125 125
126 127
130 130
131 132
133 133
134 135
138 138
139 140
141 141
142 143
146 146
147 148
149 149
150 151
154 154
155 156
157 157
158 159
162 162
163 164
165 165
166 167
170 170
171 172
173 173
174 175
178 178
179 180
181 181
182 183
20 20
19 18
189 189
191 191
192 188
197 197
