1 2 3 14 43 44 48 49 55 56 57 58 59 60 61 62 63 64 63 62 61 60 59 58 57 56 55 49 48 44 43 6 5 4 8 9 8 4 5 1 98 97 96 95 94 93 92 91 90 89 88 87 86 85 84 83 77 78 77 83 84 85 86 87 88 89 90 91 92 93 94 95 96 97 98 1 2 3 30 29 30 31 32 33 37 38 39 40 41 45 46 35 22 23 22 27 28 27 38 37 36 35 30 19 18 19 6 5 1 
32
2 2
14 15
64 64
63 65 66 67 68
49 50 51 52 53 54
44 44
43 42
6 7
5 5
4 4
9 10 13
78 78
77 79 80 81 82
92 92
93 93
94 94
95 95
96 96
29 29
30 31
37 37
38 39
45 45
46 47
23 23
22 21
28 28
27 26
36 36
35 34
18 18
19 20
