Ippudo Platano Soda HildebrandHall TPTea TennisCourts BerkeleyHigh Stern HortonHall Stern BerkeleyHigh Toss YogurtPark GreatChina SatherGate GreatChina YogurtPark Ucha SouthHall Crossroads LiKaShing Rachas NatApartment Cory Boalt Jupiter LatimerHall Tilden Cinnaholic Slivers Cinnaholic Bonchon HavilandHall Fengcha Ikes DurantHall ZellerbachHall McDonalds HearstAnnex Bowles Namaste HilgardHall KroeberHall HilgardHall Namaste MemorialGlade Campbell EastAsianLibrary Gypsys EastAsianLibrary Campbell HearstMining Chipotle LaBurrita OptometryBuilding YogurtPark LaVals Target LaVals YogurtPark OptometryBuilding LaBurrita BerkeleyBart BigC TenderGreens BigC BerkeleyBart SproulHall Boalt Jupiter LatimerHall Tilden Cinnaholic TripleRock DollarTree ClarkKerr Stern HortonHall Shengkee LowerSproul Artichokes SnackShack AmoebaMusic LeConte Cafe3 ThaiNoodle Doe JambaJuice SteamTrains Underhill Wikiwiki NoodleGirl Teazone NoodleGirl MSRI Gongcha MSRI NorthHall DavisHall TukTukThai Venus Cream HAAS Chipotle Yifang NorthHall DavisHall Cinnaholic Tilden GreekTheatre BagOCrab LawrenceHall HearstAnnex Pappys SuperDuperBurgers ThaiBasil BrandyMelville FireTrails TheHabit UCafe Flavia SmokesPoutinerie TheDwight SmokesPoutinerie Flavia AndrewsApartment Wheeler GSPP EastBaySpiceCompany HesseHall Kips Muraccis Kips HesseHall EastBaySpiceCompany GSPP Wheeler AndrewsApartment Flavia HearstGym WursterHall HearstGym Flavia UCafe TheHabit Homeroom PokeBar WindmillCoffee LittleCampanile EastAsianLibrary Campbell HearstMining Chipotle HAAS Mezzo BerkeleyArtStudio Quicklys BerkeleyArtStudio Mezzo GiauqueHall Dwinelle GrizzlyPeak AndrewsApartment Flavia HearstMining Campbell Eureka Ikes SweetheartCafe PeoplesCafe SweetheartCafe PeoplesCafe PurpleKow Flavia AndrewsApartment UrbanOutfitters Cornerstone Campanile LeConte Wikiwiki CVS Jupiter TopDog Jupiter LatimerHall Tilden GreekTheatre BagOCrab BobbyGPizza Marugame Gadani CaliforniaHall AshaTeaHouse Barrows Safeway BerkeleyThaiHouse SutardjaDai Rachas CanyonPool Staples Chipotle LaBurrita Unit3 Eshelman RSF Cheeseboard BancroftLibrary TennisCourts BobaNinja TToust UniversityVillage Fengcha Ikes Eureka Ikes Fengcha UniversityVillage TToust BobaNinja TToust ImmThai BobbyGPizza InternationalHouse BobbyGPizza ImmThai TToust BobaNinja TennisCourts TPTea HildebrandHall Soda Platano Ippudo 
81
Platano Platano
TPTea TPTea
TennisCourts StrawberryCreek
BerkeleyHigh TraderJoes
HortonHall HortonHall Underhill Shengkee
SatherGate SatherGate
GreatChina GreatChina
Ucha Ucha
Crossroads Crossroads
LiKaShing BanshoRamen
Rachas Rachas
NatApartment BetaLounge
Jupiter Jupiter Morganhall
LatimerHall LatimerHall
Tilden Gather
Slivers Slivers
Bonchon Bonchon
Fengcha Fengcha
Ikes Ikes
McDonalds McDonalds Morrisonhall
KroeberHall KroeberHall
Namaste Namaste
MemorialGlade MemorialGlade
EastAsianLibrary EastAsianLibrary
Gypsys Gypsys
Target Target
TenderGreens TenderGreens
BigC BigC
BerkeleyBart HappyLemon
SproulHall SproulHall
TripleRock TripleRock
ClarkKerr ClarkKerr BSC
LowerSproul LowerSproul
Artichokes Artichokes
SnackShack SnackShack
AmoebaMusic AmoebaMusic
LeConte AshaTeaHouse Wikiwiki
Cafe3 Cafe3 LewisHall ExtremePizza
ThaiNoodle ThaiNoodle
Doe JambaJuice
Teazone Teazone
Gongcha Gongcha
Venus Venus
Chipotle Chipotle Wheeler
Yifang Yifang
NorthHall NorthHall
DavisHall TukTukThai
Pappys Pappys
SuperDuperBurgers SuperDuperBurgers
ThaiBasil ThaiBasil Milkbomb
FireTrails MulfordHall
TheHabit TheHabit Homeroom
TheDwight TheDwight
SmokesPoutinerie SmokesPoutinerie
Muraccis Muraccis
Kips Kips
HesseHall EastBaySpiceCompany
WursterHall WursterHall
PokeBar PokeBar Plentea
LittleCampanile LittleCampanile
Quicklys Quicklys
BerkeleyArtStudio BerkeleyArtStudio SaturnCafe
Mezzo Mezzo
GrizzlyPeak GrizzlyPeak
AndrewsApartment AndrewsApartment
Flavia UCafe
PeoplesCafe PeoplesCafe
SweetheartCafe SweetheartCafe
UrbanOutfitters UrbanOutfitters
Cornerstone Cornerstone
Campanile ChezPanisse
TopDog TopDog Firewings
Marugame Marugame
Gadani Gadani HalalGuys
Safeway Safeway
LaBurrita LaBurrita OptometryBuilding
Cheeseboard Cheeseboard
Eureka Eureka
BobaNinja BobaNinja
ImmThai ImmThai
InternationalHouse Raretea
