Evans WursterHall Campbell Eshelman Marugame Gilman Marugame ThaiNoodle Chipotle UCafe Yifang Raretea Wheeler UniversityVillage HortonHall Barrows KroeberHall Bowles HilgardHall AshaTeaHouse ImmThai AlumniHouse ImmThai Blackwell Underhill LewisHall DavisHall LewisHall Underhill RSF Firewings Cornerstone ZellerbachHall SatherGate SproulHall Pappys Unit2 Stern Unit2 Pappys Milkbomb SouthHall HesseHall SouthHall Moffit HappyLemon HavilandHall VLSB HearstMining StrawberryCreek Plentea LatimerHall MLK LatimerHall Plentea StrawberryCreek HearstMining VLSB NorthHall Artichokes Foothill HAAS Foothill Underhill RSF Firewings CaliforniaHall InternationalHouse CaliforniaHall Firewings HilgardHall Bowles Unit3 Spats Unit3 Milkbomb MemorialGlade Kresge MemorialGlade StrawberryCreek Plentea WursterHall Evans 
37
Evans Cory
Campbell Campbell DurantHall
Eshelman Eshelman
Marugame ThaiNoodle
Gilman Gilman BotanicalGardens
Wheeler Wheeler
UniversityVillage UniversityVillage
HortonHall MemorialStadium
Barrows Barrows
KroeberHall Etcheverry
Bowles Bowles
HilgardHall HilgardHall
AlumniHouse AlumniHouse BerkeleyWayWest
DavisHall DavisHall
Underhill Blackwell
RSF RSF
Cornerstone Campanile BancroftLibrary
ZellerbachHall ZellerbachHall
SatherGate GiauqueHall
Stern Stern
Unit2 Unit2
HesseHall HesseHall
SouthHall SouthHall
Moffit Moffit LeConte
HappyLemon LawrenceHall HavilandHall
HearstMining HearstMining
Plentea Doe SutardjaDai
MLK MLK HildebrandHall
VLSB VLSB
Artichokes Soda
Foothill Foothill
HAAS HAAS BAMPFA Unit1
InternationalHouse InternationalHouse
CaliforniaHall CaliforniaHall
Unit3 Unit3
Spats Boalt
Kresge Kresge
