Loc76 Loc7 Loc118 Loc37 Loc197 Loc43 Loc171 Loc96 Loc35 Loc98 Loc26 Loc93 Loc191 Loc68 Loc84 Loc107 Loc88 Loc11 Loc27 Loc149 Loc76 
18
Loc76 Loc76 Loc1 Loc2 Loc3 Loc4 Loc5 Loc6 Loc9 Loc10 Loc12 Loc13 Loc14 Loc15 Loc16 Loc17 Loc18 Loc19 Loc20 Loc21 Loc22 Loc23 Loc24 Loc25 Loc28 Loc29 Loc30 Loc31 Loc32 Loc33 Loc34 Loc36 Loc38 Loc39 Loc40 Loc41 Loc42 Loc44 Loc46 Loc47 Loc48 Loc49 Loc50 Loc51 Loc52 Loc53 Loc54 Loc55 Loc56 Loc57 Loc58 Loc59 Loc60 Loc61 Loc63 Loc65 Loc66 Loc67 Loc69 Loc71 Loc72 Loc73 Loc74 Loc75 Loc79 Loc81 Loc82 Loc83 Loc85 Loc86 Loc87 Loc89 Loc90 Loc92 Loc94 Loc95 Loc97 Loc99
Loc7 Loc7 Loc0
Loc37 Loc37
Loc197 Loc62 Loc91
Loc43 Loc43
Loc171 Loc45
Loc96 Loc96
Loc35 Loc35
Loc98 Loc98
Loc26 Loc26 Loc8 Loc64
Loc93 Loc93
Loc191 Loc78
Loc68 Loc68
Loc84 Loc84
Loc88 Loc88
Loc11 Loc11
Loc27 Loc27
Loc149 Loc70
