Shelf0 Websites4 Fusion34 Shelf40 Solar59 Fusion104 Toolbox146 Robot87 Rollers14 Robot87 Plus112 BBQ36 Comics28 Monster175 Kitty89 Settings75 Urine108 Shoe174 Nuclear18 Shoe17 Shoes8 Plants118 Solar162 Video86 Soap58 Kitty194 Water38 Nuclear65 Towel154 Rollers95 Soap53 Allergies176 Allergies23 Clock145 Drugs39 Solar192 YouTube33 Soda119 Cat15 Crab110 Soda197 System183 Printer188 Cat187 Clock2 Bird43 Body55 BBQ172 Ice41 Toolbox72 Kitty56 Water135 Laptop69 Cat187 Trees68 Website190 Solar130 Poop150 Leash77 Towel123 Poop150 Robot93 Robot164 Whale114 Puppy140 Ice198 Towel92 Ice198 Urine124 Toolbox153 Toilet13 Shower48 Cat163 Monster73 Whale137 Shelf0 
49
Shelf0 Shelf0 Horse148 Post158 Shower47 Dislike12 Dog168 Nuclear35 Allergies103 Dislike143 Puppy117 Whale126 Soda119 Water29 Drugs195 Hnads116 Soda197 Dog181 Dislike27 Plus78 Ice165 Mail6 Book171 Solar71 Ring82 Poop76 Clock61 Male149 Breakfast85 Shower57 Comics107 System79 Kitty98
Websites4 Websites4 Crab83 Allergies88 Soap64 Clock139
Fusion34 Fusion34
Shelf40 Shelf40 Poop80
Fusion104 Fusion104
Toolbox146 Toolbox146 Sink109 Light30 Monster175 Robot51 Book24 Urine20
Rollers14 Rollers14
Robot87 Urine97
BBQ36 BBQ36
Comics28 Flowers178
Kitty89 Kitty89
Settings75 Settings75
Shoe174 Shoe174
Nuclear18 Nuclear18 Boat67
Shoe17 Shoe17 Shoes8
Plants118 Plants118
Solar162 Solar162 Laptop19 Hnads182
Soap58 Soap58
Kitty194 Kitty194
Water38 Water38
Towel154 Towel154
Rollers95 Rollers95
Allergies176 Allergies176
Allergies23 Laptop125
Drugs39 Drugs39
Solar192 Solar192
Cat15 Cat15
System183 System183
Printer188 Printer188
Clock2 Clock2
Body55 Body55
Ice41 Ice41
Toolbox72 Toolbox72
Water135 Water135
Cat187 Cat187
Website190 Website190
Solar130 Solar130 Ice9
Leash77 Leash77
Towel123 System156
Poop150 Poop150
Robot93 Robot93
Whale114 Whale114
Puppy140 Puppy140 Mail22 Robot164
Towel92 Towel92
Urine124 Urine124
Toolbox153 Toolbox153 Ring169 Android196
Toilet13 Toilet13
Monster73 Monster73
Whale137 Whale137
