Horse0 Settings5 Monster71 Poop43 BBQ86 Urine50 Printer75 Water66 Bird93 Shower15 Video31 Kitty14 Male84 Leash68 Dislike21 Prints23 Floppy64 Soda67 Ice38 Leash89 Ring45 Plus62 Whale22 Shelf25 Post61 Robot9 Mail88 Printer53 Water52 Soda57 Ring97 Running77 Horse0 
24
Horse0 Horse0 Shower11 Solar58 Ice10 Toilet20 Towel37 Bird82 Dislike51 Book41 Cat13 Floppy63 Flowers98 Allergies3 Whale22 Towel16 Whale59 Ice30 Breakfast74 Towel35 Rollers48
Settings5 Settings5 Websites81
Monster71 Monster71
Poop43 Monster39 Rollers34
BBQ86 BBQ86
Bird93 Bird93
Shower15 Shower15 Water66
Kitty14 Kitty14
Male84 Male84
Leash68 Leash68
Prints23 Prints23
Floppy64 Horse55 Plus62 Allergies4 Breakfast19
Soda67 Comics49
Ice38 Ice38
Ring45 Ring45 Websites17
Shelf25 Shelf25
Post61 Post61
Robot9 Robot9
Mail88 Mail88
Printer53 Printer53
Water52 Water52
Soda57 Soda57
Ring97 Ring97
Running77 Running77
