S A E J O W G 7 12 17 Q Q3 127 E3 J3 O3 77 G3 95 111 112 117 118 119 120 121 R3 T3 104 I3 D3 X3 81 67 61 56 52 48 T2 N2 I2 D2 E2 F2 K2 P2 V2 49 53 A2 63 69 83 90 101 109 110 123 122 T3 R3 105 107 C3 W3 80 66 60 55 Z3 Z2 R2 M2 H2 C2 B2 I 1 V N U D C B P 8 T 10 H 9 14 19 23 51 128 P3 64 71 84 75 85 86 W3 X3 Y3 82 68 62 57 B3 A3 U2 O2 J2 O2 U2 A3 B3 57 62 68 82 81 80 79 V3 N3 U3 130 73 X2 R 16 11 16 R X2 Y2 Q2 L2 G2 L2 Q2 Y2 74 54 59 65 79 86 94 99 98 97 96 L3 91 76 70 K3 F3 131 50 22 18 13 L 3 X 2 K F K 2 X 3 L 13 18 22 50 131 F3 K3 64 M3 58 129 72 W2 20 15 Y 5 Z 6 M 4 C B S 
75
A A
E E
J J
O O
W W
G G
Q Q
Q3 Q3
E3 E3
J3 J3
O3 O3
77 G3
T3 T3
I3 I3
D3 D3
X3 X3
T2 T2
N2 N2
I2 I2
D2 D2
E2 E2
F2 F2
K2 K2
P2 P2
V2 V2
53 A2
R3 R3
C3 C3
W3 W3
Z3 Z3
Z2 Z2
R2 R2
M2 M2
H2 H2
C2 C2
B2 B2
I I
V V
N N
U U
D D
C C
B B
P P
T T
H H
P3 P3
84 H3
Y3 Y3
B3 B3
A3 A3
U2 U2
O2 O2
J2 J2
V3 V3
N3 N3
U3 U3
X2 X2
R R
Y2 Y2
Q2 Q2
L2 L2
G2 G2
L3 L3
K3 K3
F3 F3
L L
X X
K K
F F
M3 M3
W2 W2
Y Y
Z Z
M M
