S A E J O W G 7 12 17 18 19 20 R Q2 R2 T2 U2 V2 P2 K2 F2 E2 D2 C2 B2 I 1 V N U D C B P 8 T 10 H 9 14 19 20 R Q2 R2 T2 U2 O2 J2 O2 U2 T2 N2 I2 N2 T2 48 Z2 R2 M2 H2 M2 R2 Z2 Y2 Q2 L2 G2 B2 I 1 V N U D 24 25 26 27 A2 27 26 25 24 29 28 38 43 1 I 11 16 R X2 R 16 11 16 R X2 W2 20 15 Y 5 Z 6 M 4 M 6 Z 5 Y 9 L 3 X 2 K F S 
50
A A
E E
J J
O O
W W
G G
17 Q
V2 V2
P2 P2
K2 K2
F2 F2
E2 E2
D2 D2
C2 C2
B2 B2
I I
V V
N N
U U
D D
C C
B B
P P
T T
10 H
U2 U2
O2 O2
J2 J2
T2 T2
N2 N2
I2 I2
Z2 Z2
R2 R2
M2 M2
H2 H2
Y2 Y2
Q2 Q2
L2 L2
G2 G2
A2 A2
X2 X2
R R
W2 W2
Y Y
Z Z
M M
L L
X X
K K
F F
