0 22 161 162 163 164 165 166 167 168 169 170 171 172 173 174 175 176 177 178 179 180 181 182 183 184 185 186 187 186 185 184 183 182 181 180 179 178 177 176 175 174 173 172 171 170 169 168 167 166 165 164 163 162 161 69 188 189 190 191 192 193 194 195 196 197 198 199 198 197 196 195 194 193 192 191 190 189 188 69 29 72 13 95 80 48 101 77 145 54 151 49 0 
51
0 2 7 19 24 28 34 35 36 44 47 51 53 59 60 65 66 83 86 94 102 107 112 118 120 121 122 124 129 133 135 140 142 143 146 148 153 157 159 160
22 22 3 155
187 187
186 186
185 185
184 184
183 183
182 182
181 181
180 180
179 179
178 178
177 177
176 176
175 175
174 174
173 173
172 172
171 171
170 170
169 169
168 168
167 167
166 166
165 165
164 164
163 163
162 162
199 199
198 198
197 197
196 196
195 195
194 194
193 193
192 192
191 191
190 190
189 189
188 188
69 69
72 72
13 13 31 73
95 95
80 80
101 101
77 77
145 145
54 54
151 151
49 62
