Hayward Asheville Durham Lafayette PuntaGorda Wilmington Winston Murrieta Tampa Murrieta Winston Hickory Winston Wilmington Danbury Burbank CedarRapids Memphis Winston Hickory Kennewick NewYorkCity York NewBedford DalyCity SanJose SaintLouis Medford Barnstable Springdale McHenry PalmBay Tucson Washington Tucson Bradenton Huntsville KansasCity McAllen Allentown Norman Asheville Durham Waterloo Yonkers Waterloo Yonkers Huntsville Bradenton Tucson Winston Hickory Charlotte RichmondCounty Hampton Modesto Hampton Downey Abilene Downey SaintLouis SanJose Aurora Bakersfield Aurora BelAir Milwaukee Omaha Topeka Montgomery ThousandOaks Montgomery NewOrleans GrandRapids Fargo Killeen SaintPaul SimiValley NewBedford York BelAir Monroe BelAir SantaClara Hayward 
41
Asheville Asheville
Durham Durham Deltona Bloomington
PuntaGorda PuntaGorda Kennewick
Tampa Tampa
Hickory Hickory Tyler HuntingtonBeach
Danbury Danbury
Burbank Burbank Chicago
CedarRapids CedarRapids
Memphis Memphis
NewYorkCity NewYorkCity
York York
NewBedford NewBedford Waco
SaintLouis Harlingen
Barnstable Barnstable
Springdale Springdale
McHenry McHenry Newark Torrance
PalmBay PalmBay
Tucson Tucson
Washington LakeCharles
McAllen McAllen
Yonkers Yonkers
Waterloo Waterloo
Huntsville Huntsville
Bradenton Bradenton
Charlotte Charlotte
RichmondCounty RichmondCounty
Hampton Hampton
Modesto Modesto
Downey Downey
Abilene Atlanta
Bakersfield Bakersfield
Aurora Aurora
Omaha Omaha
Topeka Topeka
Montgomery SantaCruz
ThousandOaks ThousandOaks
GrandRapids GrandRapids
SaintPaul SaintPaul
Monroe Monroe
BelAir BelAir
SantaClara SantaClara
