Hayward Shreveport Hartford HavredeGrace PuntaGorda Hemet Boulder LakeCharles Boulder Anchorage Orem Nashua RoundLakeBeach Lorain Scottsdale Victorville Waterbury Lafayette Barnstable DalyCity Seaside CapeCoral Howell Roseville Fullerton Youngstown OverlandPark Savannah StPaul CathedralCity StPaul Milwaukee Lubbock Bryan Aberdeen Bryan NewYork Kalamazoo Tacoma Mobile Poughkeepsie Elkhart Duluth GreenBay Lafayette Visalia Carrollton SiouxFalls Carrollton Visalia Carrollton MyrtleBeach Victorville Scottsdale Omaha Champaign SterlingHeights Springfield SouthBend Youngstown OverlandPark Greenville OverlandPark Trenton Anaheim Eugene Boise Eugene Torrance Albuquerque Hialeah Roseville Fullerton Youngstown Hagerstown PalmBay Cambridge ThousandOaks Huntsville Norwalk StLouis Sacramento Brighton Oxnard SanBuenaventura Murrieta Portsmouth GrandRapids Burlington Worcester Anaheim Worcester SantaBarbara Gastonia Hampton Newark Hampton Gastonia Laredo PortArthur Marina PortArthur Reno Huntsville Fargo CostaMesa VeroBeach PembrokePines Racine PembrokePines SantaMaria SouthBend Youngstown Pueblo Lubbock CostaMesa Fargo Marina Frederick Downey Salem Poughkeepsie SantaMaria PembrokePines Layton Marysville Layton Marysville Stamford VeroBeach CostaMesa Bakersfield Arvada Wilmington Vancouver Tallahassee Muskegon NewportNews Bethlehem Boston Arvada Harrisburg HuntingtonBeach Harrisburg BoiseCity Harrisburg Arvada Wilmington Vancouver Boston Arvada Scranton Fairfield SantaBarbara DalyCity SanJose Lafayette GreenBay Lafayette SanJose DalyCity SantaBarbara NewYorkCity Henderson Vancouver Boston SterlingHeights NorthLasVegas Hartford Shreveport Hayward 
69
Hayward Norwich
Hartford Hartford Modesto
HavredeGrace HavredeGrace PuntaGorda JohnsonCity
LakeCharles LakeCharles
Anchorage Anchorage Utica
Orem Fresno Olympia Lacey NewBedford
Nashua Nashua Tyler LasVegas
Scottsdale Scottsdale
Waterbury Waterbury Newburgh
Barnstable Barnstable
Seaside RichmondCounty
CapeCoral CapeCoral Mesquite Bloomington
Roseville Cincinnati
Fullerton Fullerton Flint Plano
Savannah Savannah
CathedralCity CathedralCity
Aberdeen Aberdeen
Bryan Birmingham
NewYork Tucson Monroe
Kalamazoo Kalamazoo RoundLakeBeach
Mobile Mobile
Elkhart Elkhart McAllen
Duluth Duluth SaintPaul
SiouxFalls SiouxFalls
Omaha Omaha
Champaign Champaign Charlotte
Springfield Harlingen Spartanburg
Greenville Greenville
OverlandPark OverlandPark
Trenton Louisville
Boise Boise
Eugene Eugene
Torrance Torrance Melbourne
Albuquerque Albuquerque Hialeah
Hagerstown Hagerstown
PalmBay PalmBay CorpusChristi
StLouis StLouis
Oxnard Oxnard
SanBuenaventura SanBuenaventura Hemet
GrandRapids GrandRapids
Burlington Burlington ElPaso
Anaheim Anaheim Columbus
Newark Newark
Gastonia Laredo
Marina Marina
Reno York Ogden
Huntsville Huntsville ThousandOaks Kissimmee
Racine Racine
SouthBend Bakersfield
Pueblo Pueblo
Lubbock Lubbock
Frederick Frederick
Downey Downey Topeka
Salem Salem Deltona
Marysville Marysville
Layton Layton
Stamford Stamford
VeroBeach SantaClara
Arvada Arvada
NewportNews NewportNews
Bethlehem Bethlehem
HuntingtonBeach HuntingtonBeach
BoiseCity Detroit
Vancouver Vancouver
Scranton Scranton
GreenBay GreenBay
NewYorkCity NewYorkCity
Henderson Henderson
NorthLasVegas NorthLasVegas
