7f5b7c 6fd0bb f394b1 11021c 3fd048 541622 b013b3 a622e8 b9c2f4 f5615a e45544 537a83 beb6f5 73dd80 19246a 98bf31 536b21 4eb2aa e45544 cb1e28 1b1a5a ce509a 2ffab6 6ced94 1aa96e d5f5c5 81d736 d7abb3 9b10ed d7abb3 7f5b7c 
22
7f5b7c 7f5b7c a85abe b2fa06 358d70 853e4b 9fdbc5 a3eeb9 ef8230 4c44ba 20427f 89bc09 1e408a 2c8bdc dfba28 36cc15 d9351e a314be 99ac94 10f84c 626470 1c61d3 4e5c32 9c5717 d597c1 3292c4 cf04cd bc8350 2f9755 dd5707 8c6c80 293f59 86af3a 4459c3 18ff59 b04992 578691 a51200 ff603d 73865c 4749d0 3df71a a3eab6 4188fa e52589 d83335 4eb2aa e2665a f045e7 d12aea 3b9bcd e60044 645a0c 14c5c6 2b057c a08830 70482f b535fa 6281fb 974c48 a21b15 22ad29 852215
6fd0bb 32669e 6d23c4 fece60
11021c 11021c
3fd048 3dc79c e0f00d a6d0cb d9abe3 957ec9
541622 541622
b9c2f4 b9c2f4
f5615a f5615a a670a6 2e6ab4
537a83 537a83
beb6f5 e8c504 2193d2 3fc5b0
73dd80 73dd80
19246a 19246a
98bf31 98bf31
536b21 536b21 e78120 e0f7dc
e45544 e45544
ce509a ce509a
2ffab6 2ffab6 fd25f7 a1b647
6ced94 6ced94
1aa96e 1aa96e a40dde
d5f5c5 d5f5c5
81d736 f88a12 f742a0
9b10ed 9b10ed
d7abb3 f4756e 97fa28
