1efe0a 8035d3 8216e5 efb6f6 ff448b e99176 bc446f 909532 6d8fd3 640320 f0977d 83454a 8037ff d4f94d 918288 bf356c 8903f8 bb4650 73dcf4 444533 a4f7ab 194181 770b7a 8f3f65 b9fcab c845ed 8035d3 9e3235 ca77e1 1efe0a 
23
1efe0a ab6081 22f6f5 e758e6 bd00fb bf7494 390b11 363906 940b78 1c3716 20ec85 22b74c 525361 ae5d4a 98b7f9 ef9cce 3c1987 518f91 444f08 d1ae8e d36b6f 5b1cb0 fc6ab6
8035d3 8035d3 ccf3af efb6f6 e17800 c0df7c
8216e5 a3ccd4
ff448b ff448b
e99176 e99176
bc446f 75b2ff
909532 909532
6d8fd3 6d8fd3
640320 640320
83454a 83454a
d4f94d d4f94d
bf356c bf356c
8903f8 8903f8
bb4650 bb4650
73dcf4 1aedf0 6d606b
444533 444533
a4f7ab a4f7ab
194181 194181
770b7a 770b7a
b9fcab b9fcab
c845ed c845ed de59c9
9e3235 9e3235
ca77e1 76bb8e
