0 1 19 21 31 21 32 42 43 51 52 62 70 71 72 73 75 88 90 104 108 109 110 111 112 120 112 111 110 109 108 104 90 88 75 73 72 71 70 62 52 51 50 49 50 51 52 62 70 71 72 73 75 88 90 104 108 109 110 111 112 121 122 123 124 125 128 129 130 137 138 147 151 152 153 154 155 156 157 173 174 189 190 199 191 189 174 173 157 156 155 154 153 152 151 147 138 140 141 142 141 140 138 137 130 129 128 127 126 121 112 111 110 109 108 104 89 94 89 100 89 104 108 109 110 111 112 121 126 127 128 129 130 137 139 146 139 137 130 129 128 127 126 121 112 111 110 109 108 104 90 88 74 76 74 82 74 88 90 104 108 109 110 111 112 121 126 127 128 129 130 137 138 147 148 149 150 156 157 173 174 189 190 199 0 1 19 20 32 42 43 51 52 62 66 67 66 62 63 64 63 62 52 51 41 40 39 38 37 32 20 24 20 32 42 43 42 32 20 19 1 0 
35
1 2 7 17 4 15
21 23
31 30
120 120
112 114
108 108
104 105
90 99
75 86 87
72 72
52 53 56 54
49 48
124 124
128 127
130 130
137 136
154 154
157 172 168 158 163
174 182 186 178 176
190 192 194
191 198
142 142
94 94
89 91
100 101
146 146
76 76
82 83
148 148
67 67
64 64
40 40
32 33 44
24 25
42 42
