IvOdahrtFwzZ nKmMbiEuiffc NxxrxPgsnMqG EOKLHvbbCToE HOzyAfsDoQkb TTwdgXpOLyxF TglqUXfjbefC RPXFDLrswDGU uzYTzVwixczQ sHrtHYtDRNZd FkNlSGMBOUbz SKbQkQUhqQEt FkNlSGMBOUbz TTwdgXpOLyxF nyTRNDRCsANl GvyjKkGcUdcI PNaoBNxIbrgW cpNycWVdmzHJ JUgFfUYYdpcT UGahWpWtmUQn eTrfywteWUJB WsLfQLsirtHk SnErwRYEuFXf wXjNgGRCXYRl WUqhotrexTBp JpwDMOwQmqOp gkTmCiZxFrJw ubtvaUeVUfmV pjemGRILnFei aSpDrTbKBytW gJMLzBkWmUoV JNoAmCxHcsYw mZUBOQTZyXOM cxysDYemjhta sTgUExIipvWV fblrDraNAUxK sTgUExIipvWV PKHkuTHeRXhO ijesYrTHxMcg KtoZVrQmJWki yVSfaizVeLPT IvOdahrtFwzZ 
30
IvOdahrtFwzZ qxhFFIUEfnzV touUfboeiIya zypYDSZfKAvD PFpQuVVRxbvV ybLCwZqVZKud RGYiIUdVAiVL NxxrxPgsnMqG vkOqMvrCUWYf cQFNlImsTWTM QDhUZstsJKtV IQvKLYGCcCbd nlzJUuBrsbXD zOkfhFVfOKVi HEwqlaeMfSzl gXcuqckdTdIP XwPJYwaGcHxO WHSGrQQrrotE TZmWJenJbEsV evRMhyiHKGXv lznMKRYSMheH zcAOlsVDUDkc IfTQNEFsiTgr oKIKkmsSWzmH nschEYWjrAsr sFSBpaJxLpBT RQBxIsRWzmfl jXgKDXnEJsra xXoCKkdkKAne qFGlIHDqKyPA AoaIXEzdsCrm ocysUjOwnenm yHOsEGOhjOLt UYTxhnOtiPHB ctZWqndwhbJm mvdksSctoMVi NMSHhfMtAJZb hLCSOZLNEdhX qlMzHEurfTvO JpwDMOwQmqOp HVwGkspnDHbf hPSXtHMMyKAK mgKEFEWheOqk IcNVObbuvzWY QxNjgiXciQma quZcTYtpBjSn zCWezcJmUGqs YvLRANdegrdA WWtfhwMSzfGW LNoKVqXhLEzn ZPYnROAizafx AQgpWBullbIi AhJBAeSEuUkL QFfSmYtuSTPl tARvBeqQDqSY yFQWQWtUUMle aXlcDzbXwAJW oOIjuHJcVRiV cRekprdsHHWw wHeDieHMYzAK OIjApACwnyqG nxbMBCPhfQij QZQElPdcHxru DiKlonktcqTP
nKmMbiEuiffc nKmMbiEuiffc jXOmYlZmvqnI
EOKLHvbbCToE EOKLHvbbCToE
TglqUXfjbefC TglqUXfjbefC
uzYTzVwixczQ uzYTzVwixczQ
sHrtHYtDRNZd WRiugWLCujBI
FkNlSGMBOUbz FkNlSGMBOUbz
SKbQkQUhqQEt SKbQkQUhqQEt
TTwdgXpOLyxF TTwdgXpOLyxF
nyTRNDRCsANl nyTRNDRCsANl EwXugPkGUVkm lRgeGnDJBtMa YGzazHdyrGCd
GvyjKkGcUdcI GvyjKkGcUdcI
cpNycWVdmzHJ cpNycWVdmzHJ
JUgFfUYYdpcT dXlgwkdKhUmB
UGahWpWtmUQn UGahWpWtmUQn
eTrfywteWUJB ppfBOAvWYXyJ EKWhDcEeEkGK
WsLfQLsirtHk WsLfQLsirtHk
wXjNgGRCXYRl wXjNgGRCXYRl
WUqhotrexTBp WUqhotrexTBp
gkTmCiZxFrJw gkTmCiZxFrJw
ubtvaUeVUfmV ubtvaUeVUfmV
pjemGRILnFei pjemGRILnFei
aSpDrTbKBytW aSpDrTbKBytW fiHhqLtPfdZy ypApeqMQPnQA
gJMLzBkWmUoV gJMLzBkWmUoV
JNoAmCxHcsYw JNoAmCxHcsYw
mZUBOQTZyXOM mZUBOQTZyXOM
sTgUExIipvWV sTgUExIipvWV
fblrDraNAUxK fblrDraNAUxK WnABnktZDxMx
PKHkuTHeRXhO PKHkuTHeRXhO
KtoZVrQmJWki KtoZVrQmJWki
yVSfaizVeLPT yVSfaizVeLPT
