MfdzFvsdGbvl AGbRQRBgaOdX EoEdLMroSPNp TNZEyWBHGREz PvZWLvSzyZfH MOpktZzuQRCH GuSSYBNHDbKE RICmsRCgzRsB rVqgoVgUmLRB VARFNCcqfgIc rVqgoVgUmLRB PQTqeEtJjrHq IHnRSACwPeSd QPEIZKGvnFvj tywOQDwDhjwZ arcJTkwUqbUy GKWfMfVZxbJi dFUHctNjrywb MLnLJmQHwuOS uFHfCerNFIme GemeldahvdVv pWbJtVdThhym mtRsLIzrlNLu VoNfUrKVVTmI ByOIdNUscaaI dDFWxTbuPymh ByOIdNUscaaI MfdzFvsdGbvl 
19
MfdzFvsdGbvl BbyhqvohDUZK ymJllvoAiAsf QifLRRQkbeZy noaMakAlHdwq DFscNnuMhxUC VyXrTLUcizAa PUcvIgREsriS hLGIbMiwjPgd MkUBuIisCVpZ uFHfCerNFIme hCxjbMrSlUJQ AMizjBPjmCZd mFYKjQfCsRtT buqjmAINqGzN PnbamVANEguC QHpWWcCYavdw plKUVNXwKfVb jBrNTBMPxyQD pQCFwcmaYfTN axLiuEEXvnsQ GKWfMfVZxbJi NlmuUUVQUbgI pkzKsTORVYro SgyAcloZDNJV SojgLCNtJNvq UVLyMXgqTFaJ BkcPMTugAswL
AGbRQRBgaOdX AGbRQRBgaOdX ZjfLZjjegWJT
EoEdLMroSPNp EoEdLMroSPNp
PvZWLvSzyZfH PvZWLvSzyZfH
MOpktZzuQRCH MOpktZzuQRCH
GuSSYBNHDbKE GuSSYBNHDbKE
RICmsRCgzRsB RICmsRCgzRsB TbekQRoKcInv FCrKCfVsEsBk deJmWrylVSGK
rVqgoVgUmLRB rVqgoVgUmLRB
VARFNCcqfgIc VARFNCcqfgIc DvRTDyBMOCbT
PQTqeEtJjrHq PQTqeEtJjrHq
IHnRSACwPeSd IHnRSACwPeSd
tywOQDwDhjwZ tywOQDwDhjwZ
arcJTkwUqbUy arcJTkwUqbUy
dFUHctNjrywb dFUHctNjrywb
MLnLJmQHwuOS MLnLJmQHwuOS
GemeldahvdVv GemeldahvdVv
pWbJtVdThhym rrRAqFcoDYfk
mtRsLIzrlNLu mtRsLIzrlNLu
dDFWxTbuPymh dDFWxTbuPymh
