0 173 164 192 16 14 136 68 61 25 120 193 59 172 15 127 80 166 110 167 100 105 64 177 196 133 180 79 51 1 141 135 137 101 87 95 4 154 42 98 6 2 38 23 2 35 2 189 163 46 141 86 145 130 147 65 138 22 103 183 94 158 94 63 119 134 172 27 111 184 12 75 55 142 59 191 178 191 71 21 0 
51
0 124 179 18 50 129 171 26 150 91 108 123 152 161 83 9 56 30 5 60 189 109 67 10 61 89 157 122 34 24 118 49 155 11 93
173 173 102
16 16
136 136
68 68
25 25
193 193
59 59 160 73 168 144 66
15 15
80 80
166 164 104
110 110
105 105
64 184 62
196 196
133 96 7
180 187
79 79
1 1
135 135
101 101
87 87
95 95
42 42
6 6
38 38
23 23
35 35
163 163
141 141
86 140
145 145
130 130
147 147 36
65 31 156 40 194 198 39
138 138 17
22 22
103 162
158 158
119 119
134 151
172 172
27 27
111 111
12 12
75 75
55 55
142 142
178 178
71 71
21 21
