Soda C9 A7 C10 A7 C9 Soda A D K AI AH AW AH AI K D A B S B A F O X AO X O F M F A G N AA AP AA N G A E Q U AG U Q E A Soda C5 B2 E5 E6 E7 E8 C6 E9 C4 Soda A5 A9 A4 A3 A4 A9 A5 D6 D3 C1 B5 B7 A9 A5 Soda C5 B2 C7 B2 E5 B2 C5 Soda C9 A7 B8 D1 B8 A7 B10 D8 C3 D4 C2 D4 D7 D5 C9 Soda A C J C I C A Soda C5 Soda 
33
C9 C9
A7 A7 A1
C10 B9 D9
AW AW
AI AS AU
K T
B H
S AB
AO AO
M AC
AP AP
N N
AG AG
Q Q
E P
E7 E7
C4 E3
A3 A3
A9 A9
A5 A5
D3 D3 C1
B5 B5
B7 B7
C7 C7
E5 E5 B1 B3
D1 D1
C3 C3
D4 E1
D7 D7
D5 D5
J J
I AF
C5 C5
