Soda C9 A7 C10 A7 C9 Soda a i j aa z ar z aa j i a b k l k ab av ab k b a h ak t ak h a b m ad m b a e p af p e a g s al s g a i u an u i a d n d a Soda A D K AI AH AW AH AI K D A B S B A F O X AO X O F M F A G N AA AP AA N G A E Q U AG U Q E A Soda a0 c5 b2 e5 e6 e7 e8 c6 e9 c4 a0 c9 a7 c10 a7 c9 a0 Soda C5 B2 E5 E6 E7 E8 C6 E9 C4 Soda a0 c5 b2 e5 b3 e5 b2 c5 a0 a5 a9 a4 a3 a4 a9 a5 d6 d3 c1 b5 b7 a9 a5 a0 Soda C5 B2 E5 B1 E5 B2 C5 Soda A5 D6 D3 C1 D3 D6 A5 A9 A4 A9 A5 Soda a0 c9 a7 b8 d1 b8 a7 b10 d8 c3 d4 c2 a0 Soda C2 D4 C3 D4 C2 Soda a0 c9 d5 d7 d5 c9 a0 Soda C9 D5 D7 D5 C9 Soda A C J C I C A Soda 
73
C9 C9
A7 A7 A1
C10 B9 D9
ar ar
z z
aa at
j j
i x
b b
l l ax
av av
ab ab
t t
ak r aj
h h
ad ad
af af
p p
al al
g f
an an
u v
n n
d d
AW AW
AI AS AU
K T
B H
S AB
AO AO
M AC
AP AP
N N
AG AG
Q Q
E P
e7 e7
c4 e3
c9 c9
a7 a7 a1
c10 b9 d9
E7 E7
C4 E3
b3 b3
e5 e5 b1
b2 c7
c5 c5
a3 a3
a9 a9
a5 a5
d3 d3 c1
b5 b5
b7 b7
B1 B1
E5 E5 B3
B2 C7
C5 C5
C1 C1
D3 D3
A5 A5
A9 A9
A4 A3
d1 d1
c3 c3
d4 e1
C3 C3
D4 E1
d7 d7
d5 d5
D7 D7
D5 D5
J J
I AF
