ssp100 25 4 2 3 8 3 23 27 71 63 59 26 58 60 64 73 64 60 58 26 59 63 71 27 23 27 71 63 59 26 58 61 67 79 67 61 58 60 65 74 65 60 58 26 59 62 68 81 68 62 69 62 59 63 71 27 87 91 89 96 89 91 87 93 87 98 99 98 87 27 23 18 19 20 21 20 19 18 15 18 23 27 92 97 92 27 45 51 45 28 49 36 40 39 48 29 56 53 33 40 41 55 27 23 3 5 7 24 7 5 3 23 27 42 31 42 47 43 34 27 23 3 2 4 25 ssp100 
39
4 4
2 2 1
8 9 10 11
73 73
64 64
59 59
27 27 35 37
79 79
74 74
65 65
81 81
68 68
69 82
96 96
91 95
87 88
93 93 90 94
99 99
98 98
21 21
20 20
19 22
15 15 12
97 97
92 92
51 51
45 45
49 49
39 39
29 29
56 56
53 53
33 33
41 41
55 55
24 24
31 31
42 47
43 43
