ssp200 13 10 2 7 3 7 2 181 62 67 63 64 63 67 62 181 17 22 18 19 20 21 23 17 181 62 68 66 65 66 68 62 181 152 157 153 154 153 157 152 158 156 158 152 181 137 143 141 140 141 143 137 142 138 142 137 181 167 172 168 169 168 172 167 173 171 173 167 181 32 37 33 34 33 37 32 38 36 38 32 181 107 112 108 109 108 112 107 113 111 113 107 181 92 98 96 95 96 98 92 97 93 97 92 181 47 53 51 50 51 53 47 52 48 52 47 181 182 187 183 184 183 187 182 188 186 188 182 181 77 83 81 80 81 83 77 82 78 82 77 181 122 127 123 124 123 127 122 128 126 128 122 181 152 164 165 164 152 181 182 194 195 194 182 181 62 72 71 72 62 181 92 104 105 104 92 181 137 147 146 147 137 181 92 102 101 102 92 181 32 44 45 44 32 42 41 42 32 181 167 177 176 177 167 181 77 87 86 87 77 181 152 162 161 162 152 181 17 29 30 29 17 181 122 132 131 132 122 181 182 192 191 192 182 181 137 149 150 149 137 181 47 57 56 57 47 181 17 27 26 27 17 181 107 117 116 117 107 181 62 74 75 74 62 181 167 179 180 179 167 181 77 89 90 89 77 181 107 119 120 119 107 181 47 59 60 59 47 181 122 134 135 134 122 181 2 8 6 5 6 8 2 14 15 14 2 12 11 12 2 10 13 ssp200 
79
3 3 4
64 64
63 63
18 18 19
20 20
21 21
65 65
66 66
154 154
153 153
156 156 155
140 140
141 141
138 138 139
169 169
168 168
171 171 170
34 34
33 33
36 36 35
109 109
108 108
111 111 110
95 95
96 96
93 93 94
50 50
51 51
48 48 49
184 184
183 183
186 186 185
80 80
81 81
78 78 79
124 124
123 123
126 126 125
165 165
164 164
195 195
194 194
71 71
105 105
104 104
146 146
101 101
45 45
44 44
41 41
176 176
86 86
161 161
30 30
29 29
131 131
191 191
150 150
149 149
56 56
26 26
116 116
75 75
74 74
180 180
179 179
90 90
89 89
120 120
119 119
60 60
59 59
135 135
134 134
5 5
6 6
15 15
14 14
11 11
