Jason Derek Roy Jeremy Kimberly Chase Jordan Reginald Cynthia Jeffrey James Katelyn Samantha Cynthia Carol Cheryl Terry Larry Brian Benjamin Alexandra Elizabeth Victoria Evan Christopher Tommy Nicholas Kyle Mark Regina Krista Cristian Keith Alyssa Stephen Nancy William Jose Johnny Brad Claire Crystal Monica Anna Shane Kelsey Jason 
34
Jason Heather Misty Shannon Adrian John Joshua Johnathan Tristan Paul Stacie Kari Carol Carrie Jeffery Wayne Timothy Joseph Charles Mary Rebekah Shawn Dustin Logan Christina Mercedes Dylan Kayla Michelle Karen Ronnie Brittany Kathy Susan Bryan Alexandra Grace April Jennifer Tammy Ashley Rachel Robin Randy
Derek Derek Adam Ricky Amanda Rebecca Kristen Jill
Roy Roy
Jeremy Jeremy David
Kimberly Kimberly
Chase Nicole
Jordan Jordan
Reginald Nathaniel Andrew Megan Melinda
Jeffrey Jeffrey
James James Crystal
Samantha Samantha
Cheryl Cheryl
Terry Katelyn Melissa Sabrina Juan Kyle
Brian Brian
Benjamin Kara William Gregory Scott
Elizabeth Elizabeth
Victoria Gabriel
Evan Evan
Christopher Edwin Brett
Tommy Tommy
Nicholas Nicholas Lauren Laura
Mark Mark
Regina Regina
Cristian Cristian
Keith Jacqueline
Stephen Stephen
Nancy Jane
Jose Jose
Brad Brad
Claire Claire Mario
Monica Monica
Anna Dana Robert
Shane Shane
Kelsey Kelsey Wendy
