Austin Sara April Jeanette Jamie Alexandria Robin Jill Gina Travis Debra Kari Amy Glenda Lauren Rhonda Alex Monique Katherine Dennis Melinda Rachel Donald Ashley Patrick Brad Eugene Kristy Austin 
22
Austin Victoria Hannah Mariah Natasha Walter Daniel Melissa Edward Robert Steven Maxwell Danielle Michael Sean Ralph Garrett Jonathan April Jennifer Jordan
Sara Sara John Janet Elizabeth
Jeanette Jeanette
Jamie Jamie Elaine Joshua Scott
Robin Robin
Gina Gina
Travis Cassandra
Kari Kari
Amy Amy
Glenda Glenda
Lauren Paige Kyle
Rhonda Rhonda
Alex Alex
Monique Monique
Katherine Paul
Dennis Dennis
Melinda Melinda
Rachel Rachel
Donald Donald Debra Juan
Ashley Ashley
Patrick Patrick
Eugene Eugene
