Florges Zoroark Lillipup Hakamoo Druddigon Hippopotas Machoke Timburr Infernape Vespiquen Persian Furfrou Arbok Shieldon Zapdos Caterpie Stufful Bidoof Celebi Toxapex Aurorus Carracosta Doublade Purrloin Delibird Tentacruel Weepinbell Doublade Cottonee Genesect Kricketot Genesect Drapion Masquerain Delibird Drapion Hippopotas Machoke Hippopotas Zweilous Girafarig Serperior Girafarig Palkia Roggenrola Yanmega Cradily Togetic Bewear Wormadam Bergmite Togetic Bewear Regice Chansey Tentacruel Delibird Wailmer Nidoking Audino Pichu Cofagrigus Celebi Sentret Purrloin Kricketune Flaaffy Slugma Manectric Zubat Dialga Klink Zoroark Lillipup Infernape Bouffalant Goomy Masquerain Florges 
36
Florges Ralts Volbeat Tsareena
Zoroark Cherrim Primarina
Lillipup Lillipup
Hakamoo Hakamoo Gastrodon Buzzwole
Timburr Timburr
Infernape Infernape
Vespiquen Dusknoir Poliwag Scolipede
Persian Persian Moltres
Furfrou Shaymin Bayleef
Zapdos Zapdos
Stufful Stufful Omastar
Bidoof Bidoof Piloswine
Aurorus Aurorus
Carracosta Carracosta
Tentacruel Tentacruel
Weepinbell Weepinbell
Doublade Hitmonlee
Kricketot Kricketot
Drapion Poliwrath
Masquerain Togetic Celesteela Bisharp
Delibird Delibird Cascoon
Machoke Machoke
Girafarig Girafarig
Yanmega Yanmega
Cradily Sentret
Wormadam Wormadam
Bergmite Bergmite
Regice Regice
Wailmer Wailmer
Pichu Pichu
Cofagrigus Celebi
Purrloin Purrloin
Manectric Manectric
Zubat Zubat
Dialga Dialga
Bouffalant Bouffalant
