Granbull Bulbasaur Lickilicky Glaceon Lombre Kangaskhan Shellder Glaceon Mawile Spinda Blissey Magmar Metang Reuniclus Furret Stunfisk Reshiram Luvdisc PorygonZ Geodude Altaria Ampharos Kyurem Torkoal Torracat Exeggcute Ampharos Carbink Infernape Garchomp Conkeldurr Diggersby Darkrai Flygon Bagon Crawdaunt Azurill Deino Electrike Lampent Rufflet Quilava Whiscash Amoonguss Golbat Amoonguss Lycanroc Ursaring Relicanth Elekid Pancham Mudsdale Dragonair Trumbeak Ampharos Kyurem Masquerain Cosmog Smeargle Electrode Purrloin Floette Typhlosion Politoed Klang Chatot Slakoth Happiny Lucario Happiny Pidgeot Rockruff Jolteon Mimikyu Kirlia Lunala Kirlia Oshawott Spinda Arbok Carnivine Magikarp Jirachi Magikarp Kirlia Deoxys Finneon Deoxys Staryu Mudsdale Pancham Vivillon Castform Raichu Goomy Lileep Absol Hitmontop Absol Parasect Deino Corphish Krookodile Corphish Deino Swadloon Buizel Aipom Buizel Zigzagoon Tyrunt Mightyena Bronzor Mightyena Corsola Budew Grumpig Budew TypeNull Cubone Fletchling PorygonZ Granbull 
65
Granbull Raichu
Bulbasaur Heatmor Serperior Bergmite
Lickilicky Tsareena
Kangaskhan Kangaskhan
Blissey Blissey
Magmar Magmar
Reuniclus Reuniclus Greninja
Furret Gliscor
Reshiram Reshiram
Luvdisc Luvdisc Metagross Feraligatr
PorygonZ PorygonZ Dustox Mantine Glalie
Geodude Torchic
Altaria Malamar
Torkoal Torkoal
Torracat Torracat Lapras
Exeggcute Exeggcute Binacle
Infernape Infernape
Conkeldurr Roserade Beedrill Charizard Diggersby Metapod
Darkrai Darkrai
Flygon Flygon Butterfree Crabominable
Bagon Charmander
Crawdaunt Crawdaunt
Electrike Electrike
Lampent Lampent Heatran
Rufflet Rufflet Sylveon Ninjask
Quilava Quilava Spiritomb Whiscash Machamp Magmortar Skitty
Golbat Golbat
Lycanroc Lycanroc Mawile
Relicanth Relicanth Unown
Mudsdale Mudsdale
Trumbeak Trumbeak
Ampharos Ampharos Carbink
Cosmog Cosmog
Electrode Electrode Cascoon Bonsly Cinccino Remoraid
Floette Floette
Typhlosion Typhlosion Chinchou Chespin
Chatot Chatot
Slakoth Slakoth
Happiny Happiny
Lucario Swanna Floatzel
Pidgeot Pidgeot
Rockruff Rockruff
Mimikyu Mimikyu
Kirlia Jolteon
Lunala Whimsicott
Spinda Spinda
Arbok Arbok Carnivine
Jirachi Jirachi
Deoxys Deoxys
Vivillon Vivillon
Goomy Goomy
Lileep Lileep
Hitmontop Hitmontop
Absol Absol
Krookodile Krookodile
Corphish Corphish
Buizel Buizel
Aipom Nuzleaf
Bronzor Bronzor
Mightyena Mightyena
Budew Budew
Grumpig Grumpig
TypeNull TypeNull
Cubone Cubone
Fletchling Probopass
