19 21 3 73 72 73 56 57 14 11 51 53 51 13 39 1 39 32 29 32 39 14 11 71 89 76 89 71 11 14 57 62 33 90 64 44 64 90 33 15 37 48 96 97 26 85 68 95 31 12 17 96 97 54 49 54 40 45 10 45 57 56 46 56 57 14 11 51 24 91 93 7 80 9 50 9 88 68 85 26 59 58 98 74 79 41 28 41 7 93 21 19 
41
21 60
3 70 85
72 72 0
53 53
51 51
13 13
39 39 35
1 1 25 99
29 29
32 32
76 76
71 23
11 11
14 63
57 88
90 90
64 92
44 44 43
33 33
15 15
97 26
95 95
31 65
12 12 34
17 17 36
54 54
40 40
45 45
10 10
46 46
56 5
24 24
91 61
80 80
9 9
50 50
59 59
58 58 55
28 28
41 41
7 7
