0 177 73 177 171 144 152 181 153 148 40 68 83 128 32 19 32 128 138 31 30 141 148 41 72 176 36 97 172 36 82 87 90 111 198 74 125 23 124 49 2 139 53 123 113 136 52 115 120 62 80 92 160 43 160 6 147 66 183 48 98 16 158 178 112 81 63 33 67 13 67 7 122 143 158 175 179 103 184 103 179 156 48 149 157 197 174 130 68 0 
54
0 140 180 9 31 11 162 166 4 137 42 139 168 189 105 134 55 76
177 177 106
73 131
171 171
144 144
152 152
181 181
40 40
68 50 126 27 69 70 84
83 83 91
19 19
128 128 45 138
30 30
72 72
176 176 117 195
97 97
172 59
36 36 82
111 111
198 198 185
74 74
125 125
23 23
49 121
53 53
136 136
52 52 102 34 108 88 26
115 196
62 62
80 80 75 35
92 10
160 160
147 147
66 66 109 116
183 183 87
98 98
16 16
158 46 48 85 151
178 17
81 81
63 63
33 197
67 67
13 13
122 122
143 143 199 145 114
184 184
103 103
179 179
156 156 20
149 149
157 157
174 174
130 130
