21 24 1 2 1 139 138 191 13 12 44 41 105 104 105 114 96 8 7 8 96 97 36 37 189 47 48 19 48 153 152 111 9 120 9 8 147 140 143 157 156 127 14 15 171 69 66 67 66 69 136 74 160 17 122 130 47 116 133 116 47 189 37 38 87 139 168 169 166 167 108 170 135 188 113 171 194 193 192 191 151 150 110 43 27 101 8 59 60 84 179 25 179 126 196 197 196 126 16 126 196 195 95 197 148 149 81 113 31 119 159 158 17 160 74 75 100 183 172 153 115 119 115 119 159 186 33 155 33 24 31 76 35 76 31 113 171 15 185 55 144 111 152 153 90 106 109 106 90 91 92 101 198 125 137 125 198 101 92 91 178 63 83 192 191 23 79 23 191 151 150 177 89 93 161 179 126 180 181 134 188 111 152 21 
77
21 21 129
1 1
2 3
13 13
41 41 11 131
105 105
104 103
7 7
97 97
37 37 189
19 19
48 65
153 153
152 163
111 111
9 9
120 51
147 147
143 143 185
157 157
156 45 99 187
127 127 5
67 67
66 145
69 69
74 75 121
17 17 77
122 123
133 133
47 47
87 87
139 139
169 169 57
167 167
170 117
135 135
188 107
113 113
171 171 15
194 101
193 193
191 191
151 151 175
150 53 85
43 43 27
59 59
179 179
25 25 165
197 197
195 195
95 95
149 149
81 81
159 159
158 73
183 183
172 173
119 119
115 115
155 155
33 33
35 35
31 31
55 55
144 49
109 109
137 137
125 125
91 91
63 63 71 83
79 79
23 23
177 177
89 89 141
93 93
161 161
181 181
