74 72 77 75 141 46 2 6 2 46 48 46 151 159 156 160 156 159 151 169 170 168 170 169 165 169 38 31 37 32 37 31 38 118 113 118 172 171 175 171 172 174 172 63 61 63 70 63 121 126 121 87 83 87 18 14 18 192 198 192 132 139 137 139 132 135 132 21 28 30 28 21 58 57 58 182 189 182 102 104 102 98 96 98 75 73 78 74 
52
74 74
72 80
77 77
75 75
141 141 148 146 145 142
6 6
2 2 8
46 46 50 41
48 47
160 160
156 156
151 151 153 157
168 168
169 169 167 161 164 163
165 165 166
32 32
37 37
31 31
38 38 39 36 35
113 113
118 118 116 111 114 119
175 175
171 179 178
172 172
174 174 180
61 61
63 69 68 66
70 70 62
126 126
121 128 122
83 83
87 86 81 89 85 88 82
14 14
18 11 13 19 16
198 198
192 192 199 191 197
137 137
139 139
132 131 136
135 135 140
30 30
28 28
21 25 26 23 29
57 57
58 58 52 54 55 59 53
189 189
182 185
104 104
96 96
98 99
73 73
78 76
