0 1 175 111 112 113 78 15 47 127 147 13 12 11 103 107 106 107 103 11 12 13 147 127 47 15 78 113 112 111 110 21 20 142 141 140 139 138 95 137 136 135 92 91 118 89 132 30 29 46 32 63 62 170 85 84 85 170 62 63 32 46 29 30 132 89 118 91 92 135 136 137 95 138 139 140 141 142 20 21 110 21 20 142 141 140 139 138 95 137 136 135 92 91 118 89 132 30 29 28 27 26 25 26 27 28 97 28 29 46 45 99 98 99 45 46 29 30 132 89 118 39 130 51 50 49 50 51 130 39 118 91 92 135 134 52 72 52 134 135 136 137 95 138 139 140 141 142 20 21 110 111 112 113 78 15 47 127 147 54 24 23 22 154 153 154 22 23 24 54 147 127 47 15 78 79 165 125 124 123 83 82 81 17 16 17 81 82 83 123 124 125 165 79 78 15 47 127 147 13 12 11 10 9 10 11 12 13 147 127 47 15 78 79 165 166 167 168 169 151 34 151 169 168 167 166 167 168 169 151 152 14 4 120 163 164 165 79 78 113 112 111 110 21 20 142 141 140 139 138 94 93 94 138 139 140 141 142 20 21 110 111 112 113 78 15 47 127 126 174 55 174 126 127 47 15 78 79 165 164 163 2 163 164 165 79 78 113 37 36 88 87 88 36 37 113 112 111 175 1 8 117 116 115 114 115 116 117 8 1 0 179 178 177 176 44 176 177 178 150 70 150 178 179 0 
61
175 175
111 111
112 112
113 113 102
78 77
15 15
47 47
147 147
103 103
106 106 105
84 84
170 170
62 62 61
63 63
32 32
29 29
132 131
135 90
95 95
140 58
141 172 7
110 109
25 25
26 26
27 27
97 96
98 98
99 99
49 49
72 72
153 153
154 154
22 22
24 24
54 54 53
16 16
17 17
81 81 80
83 83
123 123 122
9 9
34 34
168 86
152 152
4 4
164 73
93 93
94 94
55 55
174 173
126 126
2 2 158
87 87
36 35
114 114
115 115
116 116
44 44
178 178
150 150
70 70 69
