1 13 22 33 88 64 88 24 81 87 81 39 75 39 52 24 31 69 54 69 31 24 46 30 3 29 62 83 27 89 68 24 88 49 50 49 5 49 66 49 27 34 76 34 23 34 25 80 25 57 38 65 53 60 63 45 55 45 63 70 86 70 78 40 30 4 21 72 21 4 30 38 61 67 61 37 57 73 16 36 58 36 12 82 12 36 58 1 
40
1 84
22 41
88 88
64 64 74
87 87
81 81
39 52
75 75 42
54 54
69 69
24 60
46 46 85
3 59
62 62 43
83 83 44
89 89
68 68
50 50
49 49
66 66 51
76 76
80 80
57 57 79
38 77
65 65 53
63 63
45 45
55 55
86 86
70 70
78 78
40 71
72 72
67 67
61 61
73 73
16 90
36 48
58 58
82 82
