Soda Dominican Virgin Cayman Honduras Hungary Australia Belgium Egypt Belarus Costa Brunei Aruba Bahamas Barbados Algeria Antigua Chile Bosnia Fiji Bermuda Fiji Christmas Belize Cook El China Guadeloupe Azerbaijan Angola Azerbaijan Grenada Argentina Grenada Cuba Comoros Canada Soda 
21
Dominican Denmark
Cayman Cayman
Hungary Bouvet Colombia
Australia Australia Czech
Egypt Egypt
Costa Cambodia
Aruba Aruba
Bahamas Guam
Antigua Antigua
Chile Guyana Central
Bermuda Bermuda
Fiji Fiji
Belize Belize
China China
Guadeloupe Guadeloupe
Angola Angola
Azerbaijan Botswana United
Argentina Argentina
Grenada Cocos
Comoros Comoros
Canada Austria
