Soda Burkina Czech New Lebanon Finland Cambodia Niger Kyrgyzstan Antigua Germany Niger Cyprus Egypt Hungary Bahrain Nauru Macao Australia Bhutan Korea El Cayman Guyana Burundi Colombia Bermuda Sao Chile Peru Palau Bahamas Niger Mayotte Ireland China Kenya Moldova Antarctica Maldives Albania Iceland Kazakhstan Latvia Oman Cuba Singapore Denmark France Algeria Greece Malaysia Hong Liberia Holy Kiribati Northern Soda 
34
Burkina Burkina United Nigeria Malawi
Czech New
Lebanon Lebanon
Finland Finland
Cambodia Cambodia Pakistan Fiji Jamaica
Niger Niger Kyrgyzstan
Antigua Antigua
Germany Iraq
Egypt Egypt
Nauru Pitcairn
Macao Macao
Korea Korea
El Japan
Burundi Burundi
Colombia Netherlands Rwanda
Sao Sao
Chile Luxembourg Congo
Palau Palau
Bahamas Bahamas Croatia Indonesia Mexico
Mayotte Mayotte
Ireland Ireland
China Lao
Moldova Moldova
Albania Albania
Latvia Latvia
Oman Saint
Singapore Singapore
Denmark Sint British
Algeria Algeria
Greece Belize
Hong Hong
Liberia Liberia Republic
Kiribati Kiribati
Northern Northern Aruba Argentina
