Meckgue HighGarden FogofLostSouls Gotham Sanlow Essos KoralReef Grayburn Keld TheFae TheFingers Alethkar MysticRuins RepublicCity Beldenn Gizton EasternAirTemple Carvahall EasternAirTemple VaultofSouls Steeltown WitheredHeath Toperhagen UtgardMountain LakeLaogai ShriekingShack TheReshiIsles TheBoilingRock BubblegumKingdom BoarsEye Ademre Vexhollow TheUniversity ShriekingShack LakeLaogai Yunkai TheKrustyKrab Boatwright TheKrustyKrab Meckgue 
24
Meckgue Meckgue
HighGarden Netherfort GooLagoon
FogofLostSouls Murkcairn Gotham
Sanlow Sanlow
Essos Meereen KoralReef Dagobah
Keld Keld
TheFingers Castamere
MysticRuins MysticRuins
RepublicCity RepublicCity TreeofTime
Beldenn Beldenn Grayburn
Gizton Gizton Larcbost
Carvahall Carvahall
EasternAirTemple EasternAirTemple TheVale
VaultofSouls VaultofSouls Braavos Kinecardine Tartarus
Steeltown Steeltown TheArcanum
UtgardMountain UtgardMountain
LakeLaogai LakeLaogai Urubaen ThePrancingPony
TheBoilingRock TheBoilingRock
BoarsEye Ademre TheHogsHead
Vexhollow Vexhollow
TheUniversity TheUniversity TheSpine ZhaoFu ShatteredPlains LeakyCauldron TheGodswood
Yunkai Yunkai EarthKingdom
TheKrustyKrab TheKrustyKrab Lorien
Boatwright BeyondtheWall
