Essos TheSpiritWorld Millingburg Yunkai Glimthain Ellesmera KoralReef LeakyCauldron TheReshiIsles Boatwright Urubaen TheWall Bellechulish TheWall TheVale Lockinge FogofLostSouls Millhagen FogofLostSouls Pendle Soda Atlantas Meckingbourne TheHogsHead ShriekingShack Valyria MountOlympus MysticRuins TheSpine Arkham Alethkar Jakku Toffingburg Ceald Toffingburg Riverrun Steeltown Riverrun Toffingburg JahKeved Peridrift Grayburn BorginBurkes Beldenn GooLagoon ShriekingShack Naboo Ademre Naboo Mirkwood Naboo Rivendell Batcave Castamere IronIslands Yunkai Pendle FireNation Coalwatch Durnatel Grimbarrow Blackwater TheRiverStyx Blackwater Shinovar JarrensOutpost Essos 
43
Essos Essos
TheSpiritWorld TheSpiritWorld RepublicCity Yll TheChumBucket Dragonstone CaveofTwoLovers
Millingburg ShatteredPlains Braavos Duskhollow
Ellesmera Ellesmera
KoralReef Hogsmead
Boatwright Boatwright
Urubaen Urubaen TheFae TheEyrie
TheWall TheVale BaSingSe Gizton DuWeldenvarden Ivormere
Bellechulish Hogwarts
Lockinge Lockinge
Millhagen Newarre Omashu BikiniBottom Azir Westeros FlourishBlotts TheUnderworld
Soda Soda
Atlantas Atlantas
Meckingbourne TheCommonwealth Arrowcave HighGarden Neddingtown Meereen Winterfell
TheHogsHead WitheredHeath FleaBottom
Valyria Valyria
MountOlympus MountOlympus CastleBlack
MysticRuins Endor TheBoilingRock Accrington Sanlow
TheSpine TheSpine Arkham
Alethkar Alethkar
Jakku Jakku TheWhompingWillow WesternAirTemple
Toffingburg Toffingburg Dubwall JahKeved Lorien Carvahall Aerodenn
Ceald Toperhagen
Steeltown Steeltown
Riverrun Riverrun
Peridrift Peridrift
BorginBurkes Arcwallow SatishVille Alderaan
GooLagoon GooLagoon
ShriekingShack ShriekingShack
Ademre Ademre
Naboo Bobbingbourne
Mirkwood Severen Penketh TheGodswood
Batcave Batcave
Castamere Castamere Tarbean Chrofall
IronIslands Vintas BeyondtheWall TheGreatDivide Karth
Yunkai Trebon
FireNation FireNation
Coalwatch Barkamsted Helgrind
Durnatel Grimbarrow
Blackwater Blackwater
TheRiverStyx TheRiverStyx Tartarus
Shinovar Shinovar
JarrensOutpost JarrensOutpost TheReshiIsles Neddington Keld
