21 174 177 53 170 172 105 27 62 79 130 16 188 184 22 186 124 84 87 19 88 3 18 2 15 77 167 78 23 131 35 100 89 163 90 47 169 64 121 21 
31
21 21 20 14 17 136 190 42 194 24 91 51 34 36 135 127 45 40 10 125 122 167 46 7 151 97 133 142 30 29 56 156 144 37 116 108 149 154 120 81 118 160 119 139 178 96 152 102 115 103 75 68 134 38 49 168 61 196 176 137 159 114 54 60 72 82
174 147 48 180
177 177
53 53
170 170
172 172
105 105
27 27
62 62
130 130
16 16
188 188
184 184
186 186
87 87
19 31
88 88
18 18
2 2 32 95
15 15
77 146
78 78
23 23
131 131
100 100
163 163
90 90
47 47
169 169
64 64
121 121 74
