s h100 h125 h153 h159 l30 h178 h106 h105 h169 l73 l88 h110 h120 l5 h120 h183 l35 h138 h193 h166 l61 h126 h191 l69 h164 h194 l4 h142 l52 h162 h137 h157 l76 h172 h124 h161 h174 h176 h129 h176 h189 h140 h138 h193 h187 l54 h116 h134 l93 h181 h167 l41 h102 h118 h131 h143 l75 h143 h185 l53 l72 h197 l55 h192 h144 l60 l10 h168 l10 l19 h173 l39 l95 h115 l57 l87 h146 s 
51
s h101
h100 h100 h135 h162
h153 h153
h159 h159 h119 h156
l30 h186
h178 h178 h198
h105 h105
h169 h169
l73 h121 h148 h179
l88 h110
h120 h120
h183 h183
h138 h138 h108 h123 h128 h132 h145 h150 h163 h188 h190
h166 h166
l61 h126
h191 h191
l69 h130
h164 h164
h194 h194 h136
h142 h142
l52 h199
h137 h137
h157 h157
h172 h172
h124 h124 h107 h133 h155
h174 h174
h176 h176
h129 h129 h104 h125 h151 h154 h171 h175 h177 h180
h189 h189
h140 h140
h193 h193
h187 h187 h112 h165
h116 h116
h134 h134
h181 h181
h167 h167 h122 h195
h102 h102
h118 h118 h131
h143 h143
l75 h106 h111 h117 h127 h160 h196
h185 h185
l53 h103 h170 h184
h197 h197
l55 h113 h158 h161 h192
h144 h144
l60 h109 h141
h168 h168
h173 h173
l39 h114 h147 h152 h182
h115 h115
h146 h146 h139 h149
