node139 node43 node141 node92 node47 node172 node41 node71 node41 node66 node137 node193 node185 node49 node119 node166 node75 node98 node62 node182 node26 node27 node73 node140 node123 node22 node182 node129 node21 node64 node109 node64 node34 node186 node84 node50 node30 node94 node134 node87 node135 node162 node160 node136 node183 node116 node183 node56 node24 node163 node24 node154 node120 node184 node117 node95 node44 node192 node63 node28 node133 node167 node180 node187 node114 node76 node171 node130 node171 node102 node61 node139 
43
node139 node60 node125 node107 node5 node50 node100 node37 node20 node17 node38 node124 node65 node191 node33 node42 node111 node112 node182 node159 node165 node85 node108 node97 node143 node59 node1 node188 node190 node18 node51 node57 node52 node169 node173
node43 node195
node141 node141
node92 node92 node86 node126 node146 node72
node47 node47 node16
node41 node41
node71 node71
node66 node66
node185 node185
node49 node49
node119 node119
node166 node178 node53 node19 node96
node75 node8
node98 node98
node26 node26
node27 node27 node73
node123 node123
node22 node22 node81
node129 node129
node21 node80 node55
node109 node109
node186 node186
node84 node84
node30 node30
node94 node94
node134 node134
node162 node162
node160 node160 node181 node200 node149
node116 node116
node56 node56
node163 node163
node24 node24 node158 node10 node152 node48 node12 node157
node154 node154 node3
node184 node184
node117 node117
node192 node192
node63 node54
node167 node167
node180 node180
node114 node114
node130 node130
node102 node102
node61 node61
