node87 node70 node49 node79 node55 node99 node16 node86 node90 node60 node85 node59 node6 node84 node62 node76 node97 node71 node97 node42 node11 node96 node30 node51 node59 node51 node18 node95 node64 node93 node15 node36 node83 node62 node26 node14 node69 node72 node25 node87 
27
node87 node23 node35 node47 node2 node57 node5 node39 node56 node75 node38 node31 node1
node70 node29 node8 node74 node88
node79 node79
node55 node55
node99 node99 node17 node48 node45
node16 node53
node86 node86
node60 node60
node85 node85
node6 node6
node84 node19
node76 node76
node97 node97
node42 node42
node11 node11 node27
node96 node54 node94 node92
node30 node12
node59 node59
node95 node95 node37
node64 node64
node93 node93
node15 node15
node83 node83
node14 node14
node69 node69
node72 node72
node25 node25
