node0 node93 node33 node53 node19 node10 node62 node48 node34 node54 node59 node12 node71 node22 node4 node57 node98 node57 node19 node86 node89 node34 node66 node80 node95 node24 node73 node68 node81 node87 node18 node88 node69 node88 node73 node17 node74 node70 node42 node94 node13 node8 node27 node79 node6 node0 
28
node0 node51 node55 node56 node58 node61 node63 node64 node67 node75 node76 node77 node82 node84 node92
node93 node93 node50 node72 node90 node96 node97
node33 node60 node78
node53 node53
node62 node62
node48 node65
node54 node54
node59 node59 node83 node85
node71 node71
node4 node99
node98 node98
node57 node57
node86 node86
node89 node89 node52
node66 node66
node80 node80
node95 node95
node24 node91
node68 node68
node81 node81
node87 node87
node69 node69
node88 node88
node73 node73
node74 node74
node70 node70
node94 node94
node79 node79
