node0 node32 node89 node171 node147 node152 node79 node134 node125 node23 node74 node76 node128 node37 node88 node158 node107 node180 node2 node166 node161 node102 node169 node67 node23 node177 node78 node31 node190 node184 node102 node116 node69 node194 node70 node172 node14 node188 node103 node106 node143 node192 node65 node120 node52 node199 node114 node199 node70 node166 node17 node104 node70 node123 node99 node174 node24 node186 node132 node168 node198 node92 node139 node113 node191 node173 node195 node90 node30 node175 node39 node188 node173 node21 node160 node71 node7 node108 node91 node183 node137 node157 node162 node18 node183 node196 node0 
51
node0 node101 node103 node109 node110 node111 node112 node115 node117 node119 node122 node126 node127 node129 node130 node133 node138 node140 node141 node142 node148 node150 node151 node154 node155 node156 node159 node164 node165 node168 node170 node178 node179 node181 node187 node192 node197
node32 node121
node89 node100
node171 node171
node147 node147
node152 node152
node134 node134 node135 node146 node167
node125 node125
node74 node153 node182 node185 node193
node128 node128
node158 node158
node107 node107 node131 node145
node180 node180
node161 node161
node102 node102 node163
node169 node169
node177 node177
node190 node190
node184 node184 node118 node139
node116 node116
node69 node105 node124
node194 node194
node70 node176
node172 node172
node106 node106
node143 node143
node120 node120
node52 node144
node114 node114
node199 node199
node166 node166
node104 node104
node123 node123
node174 node174 node189
node186 node186
node132 node132
node198 node198
node113 node113
node191 node191
node195 node195
node175 node175
node39 node149
node188 node188
node173 node173
node160 node160
node108 node108
node137 node137
node157 node157
node162 node162 node136
node183 node183
node196 node196
