8 81 121 83 86 146 159 192 171 187 169 108 158 101 92 93 28 90 88 99 98 145 146 159 149 181 138 150 188 149 103 60 61 60 74 59 42 95 42 40 90 149 179 134 91 24 38 90 137 89 27 25 21 20 88 131 176 183 176 131 86 11 15 16 100 156 190 156 158 109 56 107 34 53 71 54 116 54 33 52 105 152 185 152 97 105 52 54 55 36 55 69 52 66 63 50 105 142 174 172 122 82 141 174 141 105 165 115 154 99 88 19 16 83 8 98 106 70 106 54 51 30 47 32 82 120 80 12 35 12 8 
68
8 5 4 2 6 29 79 3
81 123 142
121 121 173
171 171
187 193
169 169 191
108 168
158 160
93 93
90 90 102
88 88 147
99 99 100
98 144
145 145
146 182
159 192
181 181
188 188
61 61
74 118
59 59 78
95 95
42 42 45
40 40
179 179
91 91
24 24 26
38 38 22 39
137 137
89 89
25 25
21 21
20 23
183 183
131 136 135
11 85
15 87
190 190
109 109
107 167
53 53 72
71 71 73
116 116
54 54
33 33
185 185
152 152
97 97 153 126
105 105 66 164 165 65 68 113
55 55
69 69
52 52
63 63
50 64
172 172
82 82 124 125
174 174
115 115
19 19
16 17
83 83 127
70 70
51 51
30 30 49
47 47
120 120
80 80
35 35
