0 1 19 3 9 3 19 1 0 80 81 82 83 84 85 86 87 88 89 90 91 92 93 94 95 96 97 98 99 100 99 98 97 96 95 94 93 92 91 90 89 88 87 86 85 84 83 82 81 80 119 118 117 116 115 114 113 112 111 110 109 108 107 106 105 104 103 104 105 106 107 108 109 110 111 112 113 114 115 116 117 118 119 80 0 1 12 26 120 121 122 123 124 125 126 127 128 129 128 127 126 125 124 123 122 121 120 26 12 1 19 3 13 17 32 17 13 3 19 1 0 8 4 10 6 34 6 10 4 8 11 22 11 8 0 7 2 5 78 5 2 7 25 7 0 1 18 62 18 1 0 
45
0 14 29 30 33 44 52 60 66 71 79
1 1 21 28 45 58
19 19
3 3 27 41 49 54
9 9 35 48 68
100 100
98 98
96 96
94 94
92 92
90 90
88 88
86 86
84 84
82 82
80 80
118 118
116 116
114 114
112 112
110 110
108 108
106 106
104 104
103 102
129 129
26 26
12 12 63
32 32
17 17
13 13
34 34
6 6 20 31 53 73
10 10 36 40 74
4 4 38 43 69
8 8 51 57 65 75
11 11 46 64
22 22 76
78 78
5 5 37 39 50
2 2 23 42 55 56 67 70 72 77
7 7
25 25 59
62 62
18 18
