USZWPSB RBNAR VWNAJFRNG FPWMJC TNHRK YFEZIO HEFYBKPUF XSWDY MRXNI EJXSCSGM BHAMV HSJUMJH LTNYJY VLVZNIWT FZNKCK MOXGRP WEXBJV JQHORKB JEGRK RLWAP JXLFSOAT URZULNA NZJGYK KRUSUHB XZUPVI FBLXKVQA FCWRH YCGJNQA MNOXM HSAIPP VVSNO WTQCHXQ YAETAC WTQCHXQ NVPDYHJ YKOGGTNN GALHVZ NCPEGX MWXYLX UBODMUMJ APBFJMOOF SIJTRDMKR TOAKXEQ ENYRMHFE XQOMNCXDB QMOAKJJK NJLNWKM GEGFOSJ YOUZA FLOTLYFG DKINCMT ANHOTJN RGLCPSJQE MYDTJZPES UZGTEP KAUIIR TGPYEAP UDNWTRHT HVERBTBS USZWPSB 
44
USZWPSB USZWPSB EMAAQWO EPJHOESBB JVWIZDBS BLXWCB ORCMU YVIRIDDRA EFOWXJQKY AOVKACB AHZYCQM GNXDBJSVR SIAFKK JOXQIX BCHOPGEE TQSCIQTX ZEZKNGTK CCTJZN NBRZI HNOOUELP UBODMUMJ RJDHJFNIN OLUPAJLP NZJGYK NHNDWOH PJXURKPC CWLLCM VWHRKOPZ HWJUZVNH RQWCFDHW OVKLH DIXXP RVPJHZLQQ AXCWU RUGMYM ACYPAPBPW WEXBJV
RBNAR RBNAR FZGDAQKRC SICVXMLGL XENTNT TTXGTNV NTZSZ GLYDZ
VWNAJFRNG VWNAJFRNG
FPWMJC FPWMJC
YFEZIO YFEZIO
HEFYBKPUF HEFYBKPUF
XSWDY XSWDY
MRXNI MRXNI LYRSZA
EJXSCSGM EJXSCSGM
BHAMV BHAMV QMHLIXVD
HSJUMJH HSJUMJH
LTNYJY RGSOR
FZNKCK FZNKCK
MOXGRP MOXGRP XHMMLM ILXWSRIC
JQHORKB JQHORKB
JEGRK JEGRK RLWAP
JXLFSOAT JXLFSOAT
KRUSUHB KRUSUHB
XZUPVI XZUPVI ZNZOQPE
FCWRH FCWRH
YCGJNQA LNDUQDYSK VFEEU
HSAIPP HSAIPP
VVSNO VVSNO DFFFG
YAETAC YAETAC
WTQCHXQ WTQCHXQ
YKOGGTNN YKOGGTNN
GALHVZ GALHVZ MSHZNEX
NCPEGX NCPEGX
MWXYLX MWXYLX AIGGLZT FJQMKJNWE ZKGYGD
APBFJMOOF APBFJMOOF
TOAKXEQ TOAKXEQ
XQOMNCXDB XQOMNCXDB
GEGFOSJ GEGFOSJ
YOUZA YOUZA
FLOTLYFG FLOTLYFG
DKINCMT DKINCMT
ANHOTJN ANHOTJN
RGLCPSJQE RGLCPSJQE EHQRYBZ
MYDTJZPES MYDTJZPES
UZGTEP APIOYKU NIVCBBO
KAUIIR KAUIIR
TGPYEAP TGPYEAP
UDNWTRHT UDNWTRHT
HVERBTBS HVERBTBS VBAQD
