UMUCUTWAW OIPVAKF QOHWG ULFOLRB VHLSP JVYIBRJ TNSRRJCDD EGEASKKIE SUIOZK WEPDZ YFKIFTRS ZPFHBWI DOWEYNN GVNFQM LQCZF AOWYQNAYA JYHRZJJDG EGEASKKIE ZSHRTZVKO HREHTSNH QNAZOQNNI ELILXSR BMHJAS OMBFD DTDALTLH OLYQTGVA YPXLG OLYQTGVA DTDALTLH ZFMGDWP WCHJFCRZJ AWEBMY UENPUJ TRJWMZRA RMFAW MWTSDF MNWMWDXCQ JMLZW JJAQQ JMLZW ZLYFI CWTNE UMUCUTWAW 
25
UMUCUTWAW CNINRTR CJLYWOAQ VASGY KUUVZB YNHRBC XWBHEYXJU RRFKVFYKR TJFSEUB KAYADTT XJOXYWA MHXHJGEF YFKIFTRS XGGIUBVDN STQNQT CRSMUEPQG GUDSRTKLA USUVN VSMLVXSP VHHVQ
OIPVAKF OIPVAKF WRQUJ AWQOWSNYN
QOHWG QOHWG
ULFOLRB TCXWZV VHLSP
JVYIBRJ JVYIBRJ
TNSRRJCDD TNSRRJCDD EGEASKKIE
SUIOZK SUIOZK
WEPDZ WEPDZ
ZPFHBWI ZPFHBWI
GVNFQM GVNFQM
AOWYQNAYA AOWYQNAYA
ZSHRTZVKO ZSHRTZVKO
ELILXSR ELILXSR
OMBFD OMBFD
YPXLG YPXLG
OLYQTGVA TNKNMUFI RDTQTJB IZNSKNS
ZFMGDWP ZFMGDWP
UENPUJ UENPUJ
TRJWMZRA DQOPCH
MWTSDF MWTSDF
MNWMWDXCQ MNWMWDXCQ
JJAQQ JJAQQ
JMLZW PLYPQBTP FVKLDY
ZLYFI ZLYFI
CWTNE JOWHZXTIA
