73 7 191 75 116 111 53 35 143 55 60 21 77 195 14 92 173 196 24 20 126 61 11 96 155 159 192 46 81 98 107 86 157 41 40 95 125 142 99 63 187 79 187 47 80 73 
34
73 73 145 101 166 16 110 112 39 60 153 129 2 66 62 6 57 176 168 184 83 175 15 194 37 169 190 133 42 71 161 49 123 68 162 70 185 115 44 10 167
7 7 191 135 89
75 75
116 26
53 53
35 35 154 197 124
143 143
55 55 52 109 76 72
21 21
77 77 127
195 195
14 136
92 92
173 173 163 27 183 171 196
24 24
20 189
61 61
11 11 58
96 96
155 155 122 138
159 159
192 192 0
81 81
98 98 82
107 107
86 119
41 41
40 40 12 95 19
125 125
142 118
99 99
63 63 186 128 48
187 187
47 47
