Building99 Building98 Building19 Building22 Building20 Building21 Building27 Building23 Building32 Building38 Building29 Building31 Building37 Building42 Building37 Building31 Building29 Building41 Building29 Building38 Building32 Building23 Building26 Building79 Building77 Building81 Building77 Building79 Building26 Building27 Building23 Building32 Building38 Building32 Building23 Building26 Building79 Building77 Building76 Building55 Building52 Building43 Building61 Building51 Building50 Building48 Building67 Building71 Building62 Building74 Building60 Building59 Building60 Building74 Building62 Building71 Building44 Building64 Building15 Building18 Building17 Building4 Building8 Building6 Building8 Building4 Building8 Building5 Building7 Building5 Building8 Building6 Building28 Building24 Building25 Building24 Building26 Building79 Building77 Building76 Building55 Building45 Building47 Building49 Building63 Building67 Building53 Building45 Building85 Building89 Building90 Building91 Building88 Building91 Building90 Building89 Building96 Building86 Building96 Building92 Building22 Building21 Building16 Building18 Building15 Building20 Building21 Building22 Building19 Building98 Building99 
36
Building20 Building20 Building12
Building42 Building42
Building29 Building33
Building41 Building41 Building39
Building81 Building81
Building26 Building26
Building27 Building28
Building23 Building23
Building76 Building76
Building55 Building55
Building52 Building52 Building66
Building43 Building43
Building61 Building61
Building51 Building51
Building50 Building50
Building67 Building67 Building47 Building53
Building71 Building71 Building69 Building44
Building62 Building62
Building74 Building74
Building59 Building68 Building57
Building6 Building6
Building8 Building8 Building0
Building4 Building9
Building7 Building7
Building5 Building5
Building25 Building25
Building49 Building49
Building63 Building63
Building88 Building88
Building91 Building91
Building89 Building97 Building94 Building83 Building93 Building85
Building96 Building96 Building92
Building86 Building82
Building16 Building16
Building18 Building18
Building21 Building21
