Building65 Building66 Building83 Building30 Building20 Building18 Building13 Building14 Building29 Building95 Building94 Building97 Building96 Building97 Building94 Building70 Building67 Building68 Building67 Building75 Building99 Building12 Building88 Building90 Building84 Building90 Building88 Building12 Building99 Building18 Building24 Building28 Building25 Building12 Building14 Building29 Building95 Building92 Building95 Building29 Building14 Building6 Building4 Building7 Building59 Building7 Building8 Building64 Building57 Building60 Building33 Building44 Building41 Building35 Building39 Building71 Building82 Building73 Building77 Building79 Building17 Building24 Building22 Building53 Building51 Building54 Building51 Building53 Building51 Building52 Building55 Building52 Building51 Building54 Building37 Building38 Building34 Building32 Building19 Building32 Building34 Building42 Building35 Building41 Building44 Building46 Building21 Building11 Building21 Building83 Building66 Building65 
36
Building83 Building83 Building22 Building13
Building30 Building30
Building20 Building20 Building27
Building96 Building96
Building97 Building97
Building94 Building94
Building70 Building76
Building68 Building80
Building84 Building84
Building88 Building88 Building91
Building99 Building99
Building24 Building24
Building25 Building25 Building31
Building92 Building92
Building29 Building15
Building14 Building10
Building59 Building59
Building8 Building8 Building4 Building1
Building64 Building64 Building3
Building57 Building57 Building58 Building61
Building71 Building71
Building82 Building82
Building73 Building73
Building77 Building79 Building81
Building54 Building54
Building51 Building51
Building55 Building55
Building37 Building37
Building38 Building45
Building32 Building32
Building42 Building42
Building35 Building35
Building41 Building41
Building44 Building44 Building33 Building36 Building46
Building11 Building11
Building21 Building16
