Building30 Building38 Building9 Building16 Building21 Building22 Building23 Building22 Building21 Building8 Building9 Building24 Building27 Building24 Building0 Building6 Building0 Building2 Building4 Building11 Building9 Building38 Building48 Building32 Building45 Building28 Building37 Building31 Building37 Building28 Building45 Building32 Building48 Building32 Building45 Building42 Building36 Building42 Building45 Building32 Building48 Building30 
19
Building38 Building38 Building29
Building9 Building7 Building19
Building16 Building17
Building23 Building23
Building21 Building21
Building27 Building27
Building24 Building25
Building6 Building6
Building0 Building0
Building2 Building2
Building4 Building4
Building11 Building11 Building14
Building31 Building31
Building37 Building37 Building47
Building28 Building28 Building34 Building41
Building45 Building35
Building32 Building39
Building36 Building36
Building42 Building42
