92 64 47 97 11 25 46 58 46 19 0 68 67 57 67 29 99 87 99 29 36 60 91 23 86 23 91 60 43 66 65 85 21 9 63 16 78 16 63 49 52 47 97 5 28 5 34 67 37 74 37 81 32 35 31 63 49 55 49 55 90 82 67 34 70 33 70 34 2 17 2 91 3 93 59 93 3 91 60 43 73 12 73 43 60 92 
42
92 18
64 64 61
11 11
46 46 14
19 19
0 0
68 68
67 1
57 57 44
87 87
29 29 10
86 86
23 23
91 54 3
60 24
43 50 20
66 65
85 85
21 21
78 78
16 16
47 47
97 97
5 5 95
28 72
74 74
37 37
32 32
35 35
31 63
55 55
90 90
82 45
33 33
70 70
34 94
17 17
2 2 13
93 93
59 59
12 12
73 73
