140 139 19 11 5 56 122 51 122 115 32 20 179 149 95 149 128 153 164 41 101 93 173 93 151 24 144 172 162 47 7 101 134 50 150 8 166 6 157 23 65 143 16 107 50 184 85 14 112 22 180 22 112 62 167 62 137 195 159 195 94 137 62 114 133 28 123 147 123 28 108 186 161 27 161 33 161 186 61 9 61 177 174 117 10 135 52 50 157 67 13 67 157 81 127 45 127 25 132 100 40 100 73 82 89 175 84 57 83 55 2 148 77 18 96 18 165 25 127 45 5 84 4 49 1 196 1 99 125 76 64 118 42 134 34 134 59 183 87 143 16 124 185 187 185 55 83 142 83 184 85 163 144 25 127 168 29 145 44 145 111 2 148 77 193 12 193 140 
75
139 139 35 169 56 182
19 19 21 53
11 11 79
51 51
115 115 130
32 32
20 179
95 95
128 128
153 153
41 41 4
173 173
93 93 97
151 151
24 158 154
162 103
7 7
101 101
8 8
166 166
65 65
143 39
16 160 47
107 50
14 14
112 112 125
22 22 178
180 6
167 167
62 62
159 159
94 94 146
137 197
114 114
133 133 80
123 123 176 77
147 73 57
27 27
33 190
9 9
61 61 36
177 177 102
174 117
10 10
135 135 108
52 170
13 13
45 45
127 127
25 25 104
132 132 150
40 40
82 82
89 89
55 55
148 186
18 18
96 96
5 5
84 84 175
49 49
196 196
76 76
42 42
134 134
59 59
185 185
142 142
83 83
85 85
168 168
29 29
44 44
12 12
193 193
