a0 a19 a28 a22 a7 a47 a64 a30 a2 a21 a29 a6 a74 a6 a57 a70 a26 a81 a11 a18 a1 a12 a53 a51 a65 a94 a23 a18 a1 a80 a7 a39 a7 a10 a7 a22 a37 a22 a28 a44 a89 a3 a95 a3 a41 a36 a12 a1 a80 a1 a18 a11 a86 a97 a32 a25 a15 a46 a15 a71 a13 a34 a98 a34 a21 a0 a76 a87 a76 a78 a8 a88 a8 a41 a3 a56 a72 a60 a13 a31 a61 a5 a79 a5 a61 a5 a24 a73 a24 a73 a17 a99 a17 a0 
38
a19 a48 a33 a78
a28 a28 a9
a47 a47
a2 a2
a21 a21 a52
a29 a42
a74 a74
a6 a55
a70 a43
a81 a81
a11 a11 a59
a53 a53
a51 a51
a65 a65 a75 a93 a77
a94 a94 a23
a39 a39
a37 a37
a44 a44
a3 a50 a56
a95 a90
a80 a80
a1 a12
a18 a18
a86 a86
a97 a97
a32 a25
a46 a46
a71 a71 a82
a98 a98
a87 a87
a88 a88
a8 a8
a41 a83
a60 a60
a79 a79
a73 a73
a99 a99
a17 a17
