Soda Location50 Location190 Location0 Location145 Location0 Location27 Location115 Location144 Location65 Location62 Location126 Location147 Location126 Location62 Location65 Location144 Location52 Location121 Location161 Location159 Location13 Location188 Location168 Location124 Location181 Location29 Location14 Location179 Location68 Location19 Location25 Location171 Location74 Location87 Location74 Location11 Location125 Location58 Location1 Location156 Location101 Location96 Location90 Location96 Location160 Location18 Location15 Location20 Location150 Location148 Location104 Location149 Location104 Location93 Location66 Location118 Location123 Location172 Location189 Location117 Location57 Location81 Location105 Location177 Location180 Location6 Location134 Location101 Location134 Location133 Location129 Location135 Location9 Location158 Location137 Location169 Location39 Location119 Location102 Location41 Location123 Location118 Location192 Location32 Location120 Location42 Location30 Location109 Location22 Location156 Location60 Location27 Location19 Location99 Location184 Location75 Location187 Location35 Location187 Location163 Location19 Location25 Location31 Location24 Location114 Location143 Location17 Location172 Location123 Location173 Location55 Location105 Location177 Location31 Location112 Location2 Location174 Location133 Location43 Location133 Location129 Location163 Location176 Location96 Location160 Location40 Location164 Location19 Location27 Location21 Location64 Location63 Location58 Location53 Location154 Location53 Location58 Location1 Location113 Location56 Location99 Location56 Location146 Location23 Location45 Location70 Location49 Location13 Location159 Soda 
68
Soda Soda
Location50 Location50
Location190 Location190
Location0 Location0 Location131
Location145 Location145 Location36
Location147 Location147
Location62 Location62
Location144 Location144
Location121 Location46
Location188 Location188 Location168 Location33
Location181 Location181
Location29 Location29
Location179 Location179 Location48
Location68 Location142
Location87 Location87
Location74 Location74
Location11 Location11 Location10 Location191
Location125 Location125 Location16
Location1 Location1 Location132
Location90 Location90
Location96 Location28
Location160 Location151
Location20 Location113
Location150 Location72
Location149 Location149
Location104 Location104
Location172 Location172
Location189 Location189
Location57 Location57 Location88
Location180 Location180
Location134 Location134
Location101 Location101 Location128
Location9 Location9
Location158 Location158
Location137 Location162
Location39 Location39 Location89
Location119 Location119 Location102
Location123 Location123
Location118 Location118
Location192 Location127
Location32 Location32 Location116 Location120
Location42 Location42
Location30 Location30 Location105
Location109 Location3
Location60 Location60 Location12
Location184 Location184
Location75 Location75
Location187 Location187
Location35 Location182
Location19 Location19
Location25 Location25
Location31 Location34
Location24 Location38
Location114 Location143
Location173 Location173
Location112 Location112 Location41
Location43 Location43
Location129 Location129 Location135
Location163 Location163
Location176 Location176 Location8
Location40 Location40 Location164
Location27 Location27 Location115
Location64 Location64
Location154 Location154
Location99 Location99
Location56 Location56
Location70 Location70
Location49 Location49
