0 143 55 57 52 187 12 166 119 17 54 2 15 110 23 53 14 140 64 160 69 48 69 60 162 141 43 171 29 107 87 5 146 21 9 169 2 59 41 196 22 42 50 42 56 132 171 36 73 36 51 58 97 39 131 25 168 0 
35
0 0 26 20 19 30 44 4 1 37 35 62 61 71
143 27 70 8 75 55 78 45
57 57
52 52 46 76 47 49 23 34 18 6
12 12
17 17
54 54
15 15
110 74 67 33
53 53
14 14
64 64
48 48
69 69 65 72 32
60 60
162 28 68 66
43 43
29 29
5 5
21 21
9 9
2 2
59 59
41 41
42 42
50 50 38
56 56
132 3 7 16 31 11
36 36
73 73 22
51 51
58 58
39 39
131 77 13 10 24 63
25 25
