Soda Qwisoqgzm Shqm Prteefgv Fedxvznrqw Hoir Jnaceez Qqlqdxhzie Jfpmcxyq Wmcvikgvq Lisdkopju Wyvuhfzpeh Lisdkopju Bjxy Yglivcfbqwu Zcefzlovt Nkqzgfasj Ibnxkznems Lhsmxzizl Hfow Cyvexr Mvcjmf Lhsmxzizl Ibnxkznems Xyqun Eankdxbivc Xkegoqksfou Swqguyhe Xejpqgtkdas Fwerc Nkqzgfasj Zcefzlovt Nkqzgfasj Fwmaudwdwa Sybrdrzb Fwmaudwdwa Ppbp Slhe Vevhjnfq Vvvqw Saglt Uqfqb Saglt Kinbv Prteefgv Fedxvznrqw Xkegoqksfou Eankdxbivc Nqdl Myxxw Rchfmjdesx Saglt Lhsmxzizl Mvcjmf Vbibp Mvcjmf Lhsmxzizl Vxbo Svdpn Hfbml Swqguyhe Ncfr Gyee Soda 
33
Soda Yxjvwhefqif Hbsc Xbpw Eqtpmllrky
Qwisoqgzm Zgvnjegpj Fmgwavgppb
Shqm Zxrxvqvnm Lcia
Hoir Hoir
Jnaceez Jnaceez Tjqkxczzumv
Qqlqdxhzie Fagweskgci
Jfpmcxyq Vbbopctjfsu
Wyvuhfzpeh Wyvuhfzpeh
Lisdkopju Mzwrip
Yglivcfbqwu Ugtgajtqmg
Ibnxkznems Ibnxkznems
Lhsmxzizl Lhsmxzizl Kslp Qwebscsrirm
Hfow Rxeuijsrpky
Cyvexr Cyvexr Vlgzfpnbc
Xyqun Xyqun
Eankdxbivc Phjuuz Nqdl
Xkegoqksfou Xkegoqksfou Yyrymdkl Slhe
Swqguyhe Swqguyhe Padpmqkrh
Fwerc Fwerc
Nkqzgfasj Nkqzgfasj
Zcefzlovt Zcefzlovt
Fwmaudwdwa Fwmaudwdwa
Vvvqw Vvvqw
Saglt Saglt Pliaph Lyurrdtdw
Uqfqb Uqfqb Usfucahrvrj
Prteefgv Prteefgv
Fedxvznrqw Lwkzgtniodd
Myxxw Myxxw
Rchfmjdesx Rchfmjdesx
Vbibp Vbibp
Svdpn Svdpn
Hfbml Hfbml Psynz
Ncfr Ncfr
