Soda Xiykasaul Kpdxi Sicichvcten Kpdxi Naovhz Ukih Rfwigv Sjwkqvmzq Rfwigv Gzgo Plptbkef Obpzvveihj Xgyovgk Obpzvveihj Wksfdqrv Kahi Boyttsdoot Ygykrl Wgigv Kvcj Wgigv Vwqoktnwgk Idwoxehtk Rfgfrncmnd Hbogcfyxa Ojnvskrpfp Hbogcfyxa Rfgfrncmnd Idwoxehtk Ncyuq Gsbrvvyhxcc Ncyuq Xiykasaul Kpdxi Naovhz Ycnmyyspjf Naovhz Rjuvckvy Fpujhjd Pcizuzxaz Fpujhjd Rjuvckvy Naovhz Kpdxi Bbvlwxnejni Jdqn Bbvlwxnejni Kpdxi Xiykasaul Soda 
21
Soda Soda
Xiykasaul Xiykasaul Pvqvkpcd
Sicichvcten Sicichvcten Wdhdwqbb
Sjwkqvmzq Sjwkqvmzq
Rfwigv Rfwigv
Xgyovgk Xgyovgk
Obpzvveihj Xmibe
Wksfdqrv Wksfdqrv
Boyttsdoot Ncul Ygykrl
Kvcj Kvcj
Wgigv Wgigv
Ojnvskrpfp Ojnvskrpfp
Hbogcfyxa Hbogcfyxa
Rfgfrncmnd Dacrfmpv Rjuvckvy
Idwoxehtk Idwoxehtk
Gsbrvvyhxcc Gsbrvvyhxcc
Ncyuq Ncyuq
Ycnmyyspjf Ycnmyyspjf
Naovhz Plptbkef
Fpujhjd Fpujhjd
Jdqn Jdqn
