Soda Hqrjtum Edqplcotb Kslcu Bylykbmgadb Uymaeuj Qcnqbaiah Zgdjffrhk Ybbqswodh Asqguuggw Aodl Gsdug Aodl Bdympbsjhe Zaqrljex Wtbchdvcf Mpuidi Zgdjffrhk Mtpmo Ptrcsr Ddvyvg Fhgjwqkutxz Ewel Sioinvblt Vyledpi Khoprwfn Ckmkjwnh Emtouaoowyw Lcrsrgxpi Qhaobijtvl Ueuphudi Qhaobijtvl Zqwjwnlnefm Gtgc Elgiz Xjnplu Shshl Ggjevfhgzwv Jggbevcry Weuri Tniitgldxe Elfjuircela Zlwi Fnao Zcluraciodj Nkndh Fsfxv Weuri Pqvhtvcqo Jdonjesl Nkndh Zcluraciodj Fnao Lhzuvvpmpa Kwniposj Lhzuvvpmpa Bdympbsjhe Zaqrljex Iqfewjmoxea Bxfvrffhfut Aodl Hwtzkfl Ibuuam Wgehgd Mtpmo Xiogpn Mtpmo Wgehgd Mtpmo Vyledpi Lhrjghnz Vyledpi Pzdxvrzhdt Ttkftfcy Fhgjwqkutxz Zgdjffrhk Ybbqswodh Azurxcmynf Ybbqswodh Azurxcmynf Xqlxxsqozg Cdplmrl Xjrsescs Ydvuvij Lcrsrgxpi Ltdeardrfw Kcjpz Yesamropvf Hqengchsddu Yesamropvf Brcezeb Jrzelxfyphi Gmnmclt Jrzelxfyphi Inxcijpyf Wlodbyucbjq Fizeyd Maeeb Dpnbi Rnswnff Mmzmgkvtqx Nncpo Opyou Igcbw Khycsxtrrp Gsdug Weuri Tniitgldxe Hozmfldg Hmbz Xvkx Gfax Oityp Gfax Qxvqdumpbbl Fizeyd Qxvqdumpbbl Gfax Nklgno Imlguu Weuri Nwitmhz Yesamropvf Hgoc Jute Buxfcghoykd Brcezeb Niiglftbp Brcezeb Qqjx Gpqyo Lpcihph Zseccp Gfax Lfvepwf Ibschxvbrh Nyesh Opyou Soda 
70
Soda Oxgcfytsfks
Hqrjtum Hqrjtum Uwwmj Zozpqsoh
Edqplcotb Edqplcotb
Bylykbmgadb Bylykbmgadb Yxqxfgj
Uymaeuj Uymaeuj Wcvfecug
Asqguuggw Asqguuggw
Aodl Aodl
Gsdug Gsdug Brgwekrnc Vlibwe
Wtbchdvcf Wtbchdvcf
Mpuidi Mpuidi Mdnomclrhe Aqdrmrxjb
Ddvyvg Ddvyvg
Fhgjwqkutxz Fhgjwqkutxz
Ewel Ewel Sioinvblt
Khoprwfn Khoprwfn
Emtouaoowyw Lcrsrgxpi Mzeexa
Ueuphudi Ueuphudi
Qhaobijtvl Qhaobijtvl
Zqwjwnlnefm Nwitmhz Tftuismjy Qcnqbaiah
Gtgc Gtgc Sihsuutjg
Shshl Shshl
Jggbevcry Jggbevcry
Elfjuircela Elfjuircela
Zlwi Jvxqdoen
Zcluraciodj Zcluraciodj
Nkndh Nkndh
Fsfxv Bdympbsjhe Hzinsgk
Weuri Weuri Aetguutl Ttrpbvjdda Tdreo Dpiknnvmi
Pqvhtvcqo Ikfqsv Xmtucbfh
Fnao Fnao
Lhzuvvpmpa Lhzuvvpmpa
Kwniposj Kwniposj
Iqfewjmoxea Iqfewjmoxea
Bxfvrffhfut Aybjrpvt
Hwtzkfl Hwtzkfl
Xiogpn Xiogpn
Mtpmo Mtpmo
Wgehgd Wgehgd
Vyledpi Vyledpi
Lhrjghnz Lhrjghnz
Pzdxvrzhdt Pzdxvrzhdt
Ttkftfcy Ttkftfcy Eufcpnaixls Ylscbxx
Azurxcmynf Azurxcmynf
Xqlxxsqozg Xqlxxsqozg
Cdplmrl Cdplmrl
Xjrsescs Jwcpy
Ydvuvij Npgmpqjyei
Kcjpz Kcjpz
Yesamropvf Yesamropvf
Hqengchsddu Hqengchsddu Besuiq Jdonjesl
Gmnmclt Gmnmclt
Inxcijpyf Inxcijpyf Rthio Nwtxsn
Wlodbyucbjq Wlodbyucbjq Yskel
Rnswnff Rnswnff
Nncpo Nncpo Ygaely
Opyou Opyou
Igcbw Igcbw
Khycsxtrrp Znjvtzp
Hozmfldg Hozmfldg
Hmbz Hmbz Utcvkhqmliy Ufwcxpl
Xvkx Xvkx Rouupns
Oityp Oityp
Gfax Lfvepwf
Qxvqdumpbbl Qxvqdumpbbl
Fizeyd Fizeyd
Nklgno Nklgno
Hgoc Hgoc
Niiglftbp Niiglftbp
Lpcihph Lpcihph
Zseccp Zseccp
Ibschxvbrh Ibschxvbrh
