m6 a6 m1 q8 c1 h4 g8 h8 z8 r7 v8 z9 v4 j9 v6 r8 z9 j3 e2 z1 q6 r9 f7 k4 n1 d6 d0 x4 v0 f4 v7 l6 k7 z4 q0 v3 m4 a4 x0 h7 h5 a2 l5 z7 z4 l7 r4 g9 j6 h3 z9 f9 m6 
36
m6 m6 a0 a1 a5 b0 b8 b9 c0 c3 d4 e1 e6 f5 f7 g0 g2 g6 h1 h9 j0 j1 j2 j5 k2 k9 z3 x1 x9 v1 n2 n3 n6 n7 l4 l8 q3 q7 w2 w3 r2 r3
a6 a6 a9 x7
q8 q8
h4 h4
g8 g8 b3
h8 h8
z8 z8
r7 r7
v8 a8
v4 v4
j9 j9 c2 c5
v6 v6
r8 r8
j3 j3
e2 e2
q6 q6
k4 k4
d0 d0
x4 q1
v0 v0
f4 f4 d5 l0
l6 l6
k7 k7 f6 j8 m8 w8 r1
q0 q0
v3 c9 d3 x5 w9 y0
m4 m4
a4 w1
h7 h7
h5 q4
l5 l5
z7 e9 f1 k0 k8
l7 l7
r4 r4 j4 n8
g9 g9
z9 z9
f9 e3 n5
