0 58 164 86 34 99 175 12 157 63 9 38 15 23 134 59 134 181 84 61 136 125 121 15 8 105 51 140 88 13 37 145 78 55 54 115 19 154 133 31 11 5 170 19 116 25 4 175 76 62 10 139 68 52 22 75 151 135 67 117 85 166 16 177 74 144 35 110 155 52 55 136 47 66 179 72 64 26 45 90 4 43 93 186 42 77 28 77 71 187 43 187 49 199 168 89 117 13 21 53 21 13 173 153 2 114 3 0 
63
0 0 46 39 70 94 32 41 14 40 18 60 96 20
58 58 33
86 86
34 34
99 99
175 27
12 12 29 57
63 63
9 9
38 38 1
15 15 23
59 59
181 17 24
84 84
61 61
136 98 83 87
125 92
8 8
51 51
88 88
13 13 7
37 37 69
145 95
78 78 6
54 54
31 31
11 11
5 5 36
19 19
116 73 48 91 42 79
25 25 4
76 76
62 62
10 10 30
139 97
22 22
75 75
67 67
117 68
85 85 80
16 16
74 74
35 35
52 52
55 55
47 47
66 66 65
72 72 64
26 26
45 45 44
90 90 50
93 93
28 28
77 77
43 43
187 71
49 49
168 56
89 89 81
53 53
21 21 82
2 2
3 3
