0 60 128 17 18 106 191 181 68 181 61 188 112 57 138 22 161 151 152 19 58 153 178 55 92 59 152 88 157 80 168 116 140 2 112 188 167 189 71 189 167 98 36 160 131 91 23 67 27 67 23 91 140 116 38 145 100 51 102 121 143 96 143 121 79 39 114 134 114 143 90 197 24 174 116 38 145 50 145 136 178 153 184 124 26 124 184 153 178 20 117 89 117 20 149 10 176 12 45 43 194 132 178 159 187 9 187 159 49 186 97 13 79 121 143 142 30 72 93 153 58 56 77 56 18 106 147 104 126 198 83 101 81 64 148 157 124 170 3 5 195 125 195 125 169 66 169 141 143 11 65 133 65 104 147 106 196 120 112 2 140 116 38 182 73 57 33 199 164 86 145 38 142 69 83 82 29 82 153 128 99 144 185 35 185 144 99 158 38 145 100 51 100 145 38 116 140 2 112 120 172 137 155 0 
78
60 129
128 99 119 52 123
18 41 106
68 68
188 188
112 112 139 16
57 57 108
138 138 150
19 19
55 55
92 92 94
59 59 152
157 157
140 14
2 2
71 71
189 189
167 167
98 166
160 160
27 27
67 67
23 23
102 102
143 143 90
96 105 46
39 39
114 103
197 197
24 24
50 50
145 38
26 26
124 124
89 89
20 20
149 107
10 10 176
45 45
43 43
132 132 74
9 9
49 49 85
186 186
97 97
13 13
72 72
77 77
56 56
147 147
104 104
198 198
83 83
101 101
64 64 148
170 170
3 3
125 125
195 195
66 66
169 169 21
141 141 95
11 11
196 196
182 182
73 73
164 164
86 86 1 175
142 142
69 69 12 161
29 29
82 82
35 35
185 185
51 51
100 100
172 172
137 137
