0 86 50 192 142 148 77 122 38 69 114 149 29 36 139 101 16 11 112 96 168 162 184 131 149 156 181 64 122 155 166 198 170 84 18 111 90 140 136 138 80 67 56 92 159 109 40 72 185 132 24 160 110 180 103 84 96 51 76 51 96 164 61 104 12 119 78 171 24 160 149 30 150 135 121 58 108 146 97 154 26 0 
52
0 0 4 6 8 28 30 32 34 40 44 60 66 70 82 94 100 102 106 116 120 124 128 130 134 152 172 174 178 186 188 190 194 196
86 86 2
50 50
192 192
142 142 88
148 148
77 62
38 38
69 22
114 114
36 36
139 46
101 144
16 16
112 112 74
168 168
162 162 182
184 184
156 156
64 64
122 122
155 20
166 166
198 198
170 170
84 84 42 96
18 18
111 90
140 140
136 136
80 80
67 98 138 158
56 56
92 92 176
72 72
132 132 126
110 110
180 180
103 48 52 68
76 76
164 164
104 104
12 12
78 78
24 24 54 118
160 160 10
150 150
58 58
108 108
146 146
154 154
26 26
