71 37 60 44 53 70 42 67 90 85 52 39 61 87 7 99 6 32 55 93 77 93 55 32 6 99 43 48 38 64 91 64 38 96 65 94 45 62 66 62 45 94 65 96 38 48 43 84 81 95 21 50 21 95 81 84 41 31 28 97 13 97 28 3 39 52 86 89 4 89 86 18 27 73 79 73 27 18 86 56 8 10 47 40 69 34 98 57 9 27 18 86 52 39 3 14 54 49 54 14 3 39 2 33 2 36 2 39 61 75 19 74 19 75 61 75 19 74 20 88 41 88 83 5 35 11 16 3 39 52 86 18 27 9 0 9 27 73 26 47 10 8 56 68 78 68 56 86 52 39 3 16 29 59 89 86 56 8 10 92 53 44 60 37 71 
49
60 60
53 53
70 70
42 42
90 85
77 77
55 55
6 6
99 7
43 30
38 38
64 64
66 66
45 45
94 94
65 65
96 96
50 50
21 21
95 95
84 84
13 13
28 28
39 39
79 79
18 18
69 69
49 49
54 54
33 33
2 2
36 36
74 74
19 19
75 15
61 61 87
41 41
88 88
5 5
35 35
11 11
16 24
0 0
26 26
47 47
78 78
29 29
59 59
10 10
