2 41 85 9 60 70 185 150 101 93 101 150 185 70 100 114 107 43 80 54 80 43 71 43 107 114 135 66 149 171 179 16 133 16 179 171 18 14 62 139 55 50 42 188 163 5 169 63 26 11 23 11 26 63 169 5 163 188 35 199 195 56 195 148 102 45 181 34 181 45 102 148 159 148 195 199 35 188 163 158 112 190 92 21 105 108 42 50 129 48 175 87 175 126 180 174 176 51 76 22 76 51 176 174 28 116 67 182 189 182 117 102 148 159 156 131 109 161 4 112 158 163 188 42 50 1 58 73 83 38 46 38 186 136 119 68 53 157 53 68 89 69 13 138 13 69 134 67 116 103 42 188 35 199 97 144 106 144 97 183 91 27 141 75 64 186 0 192 0 186 64 75 185 150 127 12 81 25 81 12 127 150 185 170 79 7 121 199 195 148 102 117 164 117 182 189 184 64 186 38 83 73 58 1 50 42 103 172 98 36 152 162 121 196 155 178 82 95 90 62 94 57 180 174 99 165 99 113 172 103 24 142 60 70 185 77 3 149 3 77 185 75 141 75 185 70 100 198 128 131 128 198 147 115 104 115 147 198 128 173 59 20 27 98 172 137 30 15 57 94 57 180 126 114 100 70 177 90 62 94 57 15 30 137 172 98 27 20 59 173 59 5 163 158 110 82 95 90 177 70 60 9 17 191 168 61 168 191 17 191 168 61 172 103 42 145 193 50 42 188 35 199 121 7 79 7 121 199 35 60 9 85 41 2 
91
2 2
85 85
93 93 194
54 54
80 80 118
71 6
133 133
179 179
171 171
14 14
62 96
139 139
55 55 130
23 23
26 26
63 63
5 125
188 188
35 35
56 56 52
34 34
181 181
159 156
92 92
42 42
50 50
48 48
87 8
76 76
51 51
174 174
28 28
116 116
67 67
182 182
189 189 122
161 161
4 4
112 112
158 158 110
46 46
38 38
136 136
119 119
53 53
157 157 49
138 138
13 13
106 106
97 97
192 192
0 0
25 25
12 12
164 164
73 73
58 58
1 187
36 36
121 121
196 196
178 178 82
165 165
113 113
142 142
149 149
3 3
141 141
131 131
128 128 86
147 32
115 115
104 44
27 27
98 98
15 15
94 94
126 126
114 114
100 100
30 30
173 173
59 59
95 95
90 90
177 177
61 61
145 145
193 193
79 79
7 7
