99 4 18 63 16 78 29 78 16 33 48 47 48 33 16 93 30 75 5 19 90 68 11 42 59 42 11 68 90 19 45 25 45 19 23 58 43 17 8 17 43 58 23 58 3 61 34 7 84 46 41 54 76 81 12 81 76 81 31 38 31 91 70 91 42 11 68 99 89 44 89 99 68 96 72 71 27 71 72 96 53 3 53 96 68 11 88 15 14 15 88 79 98 21 36 37 35 95 9 95 35 99 68 96 82 46 41 46 82 96 68 99 
41
4 4
18 18
63 49
16 16
78 39
29 29 0
47 47
48 48
33 33 2
30 30
5 5 32
19 19 26 40
11 11 13
42 42
59 1
25 25
45 45
8 8
17 17
43 43
23 23
34 34
7 7 22
12 12
38 38
31 31
70 24
44 44
89 6
27 27
3 3 20
14 14
15 15
79 10
21 21
36 36
37 37 28
9 9
35 35
41 41
46 46
