199 24 10 151 197 28 158 139 181 146 142 49 142 184 6 184 6 72 46 47 93 178 50 123 147 94 55 3 55 83 124 119 156 163 17 127 25 190 196 82 199 24 10 151 197 103 177 41 157 115 167 78 119 4 119 78 167 115 157 41 177 103 67 34 98 8 65 86 156 163 75 163 156 119 124 83 55 164 96 9 96 164 55 83 124 119 156 74 192 58 192 74 173 167 171 62 94 55 164 96 189 176 54 176 189 96 164 55 83 124 119 156 163 53 134 70 19 27 2 71 158 139 181 146 174 40 174 96 189 176 88 21 59 21 83 55 164 60 20 61 20 61 57 109 33 109 57 108 1 113 102 64 194 16 198 138 30 138 198 16 81 43 27 169 122 84 32 120 130 35 159 194 64 102 113 102 52 183 122 84 122 183 62 183 52 102 45 104 85 104 45 80 159 35 182 103 177 23 42 23 177 41 157 31 97 31 97 102 113 25 127 107 36 107 145 130 35 182 133 91 12 91 133 182 35 159 68 63 22 129 185 160 7 29 39 90 39 29 7 160 51 77 105 133 182 16 198 138 89 149 172 197 28 158 71 2 71 158 28 197 151 48 5 48 151 10 24 199 
82
24 24
10 10
28 28
139 99
142 26
49 49 0
6 6
72 72
46 46
47 47
93 93 56 66
50 50
94 94
55 55
3 3 18
17 17
25 25
82 82
4 4
78 78
41 41
177 7 79
67 67 13
34 34
98 98
8 8
65 65 76
86 86 14
75 75
9 9
96 96
164 60
58 58
74 74
54 54
189 95
53 53
70 70
40 40
59 59
21 21 73
83 83 38
61 61
20 20
33 33
57 57 11
30 30
16 16
81 81
43 43 92
27 27 19
32 32
35 35
64 64 88
113 1
84 84
183 52
62 62 15
85 85
45 45
80 80
42 42
23 23
97 97
31 31
36 36
145 37
12 12
91 91
68 68
63 63 22
90 90
39 39
29 29
51 51
77 77
89 89
149 87
2 2
71 71
5 5 44
48 48
