SueJosephGarza ThomasAnnieRuiz PatriciaBernardBrock PamelaPageBullock JessicaJohnSpells CrystalShermanVida FrankJennieBarker RalphLisaMiller DarnellAliciaPeters AlfredaKirstenMartin MaryLindaKirkland SueCourtneyOsgood RonaldRobertHughes AshleyWilliamClarke IraJimmyYang JohnJoseJudd LillieKathleenCervan ElsieJosephPhelps MariaChristopherCast PaulShaneSoldner PatriciaBernardBrock MarianLuluDiaz MartyDavidWill WilburnDavidMiller JoelBrianAllton LeroySandraLewis JohnMarthaPriesmeyer ChristinaDanaGrant ElsieJosephPhelps HarryEarlGehl JohnDustinKenny BillyJoshuaBall JohnDustinKenny BrianLuzArce TeresaAllenFoss SueJosephGarza 
24
SueJosephGarza BrianRolandAli OllieGeorgeSova PaulEvanRichard KevinHaroldCyr WilliamGeorgeWilliam AnnaKyleChang LuisHelenHughes KarenErmaJensen DonaldDoloresKelly NathanKevinCorathers KennethShannonGardel
ThomasAnnieRuiz ThomasAnnieRuiz PatriciaBernardBrock
PamelaPageBullock PamelaPageBullock
JessicaJohnSpells JessicaJohnSpells
CrystalShermanVida CrystalShermanVida
FrankJennieBarker PhyllisJackWilson
DarnellAliciaPeters DarnellAliciaPeters
AlfredaKirstenMartin AlfredaKirstenMartin
MaryLindaKirkland MaryLindaKirkland
SueCourtneyOsgood SueCourtneyOsgood
AshleyWilliamClarke AshleyWilliamClarke
IraJimmyYang IraJimmyYang
JohnJoseJudd JohnJoseJudd
LillieKathleenCervan LillieKathleenCervan
MariaChristopherCast MariaChristopherCast
PaulShaneSoldner PaulShaneSoldner
MarianLuluDiaz MarianLuluDiaz
WilburnDavidMiller WilburnDavidMiller
LeroySandraLewis LeroySandraLewis
ChristinaDanaGrant ChristinaDanaGrant
ElsieJosephPhelps ElsieJosephPhelps LauraPhilipWinkler MelindaKennethAzar
JohnDustinKenny JohnDustinKenny
BillyJoshuaBall FranciscoFrancesHarr
BrianLuzArce BrianLuzArce
