AlbertFredHaines SamuelLawrenceAdamit LaurelDwayneAnderson MistyRobertKing JaredEvelynJones StormyOllieYork FerdinandLukeJackson CeliaMaryBoone MarkAngelaMccloud ElishaMaryWojcik MarkAngelaMccloud IsaacGregGargano AnnDeannaLarzazs PeterJosephBarbee LawrenceBarryHadden JosephAmandaMullen HeidiMayJohnson AndrewJeanPinson LaurelDwayneAnderson JimmyFlorTasson AgathaKarenStiefel BradleyDeborahSaball RolandGregoryWatson CarmenEarnestCarter EricJamesJuckett LeeMillicentTauber BernicePennyRiddick ManuelaJoseBailey CharlesDiannaProfitt MinnieLesleyPaulk DeeAmandaBartley JuanitaPhilipParsons CeliaMaryBoone DeniseBrunoWilliam JeremyJamesChavez JuliusMargaretKim DebraJaneFitzgerald GloriaRuthRowland LaurelDwayneAnderson CraigJohnLard JoannCharlieWilkinso GeraldDominiqueFlowe MaryJamesDavila RichardGussieCarrell DianeElisePickett EdwardDennisStewart JordanWilliamAlexand JoStephenMay TommyAmandaMartin ZacharyWarrenKarth AlbertFredHaines 
33
AlbertFredHaines AlbertFredHaines CassandraJaniceGlove JosephAmandaMullen MarkDianeDuchon JohnRichardSmith KathleenJoseClark JudeJanetHarcourt EricTammyScott WilliamDavidGray DianeElisePickett LillianJuanAncona ClaudeBobbyBaker KellyJohnnaOles JessicaChristopherHa KevinCharlesEvans StevenNeilNguyen MichaelMarkHolloway
SamuelLawrenceAdamit DenaJewellDavis TravisMichelleMeller JamesJordanZamora PerryJamesBennett
MistyRobertKing MistyRobertKing
StormyOllieYork StormyOllieYork
FerdinandLukeJackson FerdinandLukeJackson
MarkAngelaMccloud MarkAngelaMccloud
ElishaMaryWojcik ThomasEssieEwing GeorgeWilliamJackson
IsaacGregGargano IsaacGregGargano
AnnDeannaLarzazs AnnDeannaLarzazs KathleenSherryDay
PeterJosephBarbee PeterJosephBarbee
LawrenceBarryHadden LawrenceBarryHadden
HeidiMayJohnson HeidiMayJohnson
JimmyFlorTasson JimmyFlorTasson
AgathaKarenStiefel JackieSharonScherrer SandraHarryStewart BradleyDeborahSaball BrettDominickSonnier LynnKennethChavez
RolandGregoryWatson RolandGregoryWatson
CarmenEarnestCarter DorisJeffreyBinger
EricJamesJuckett EricJamesJuckett
LeeMillicentTauber BernicePennyRiddick JudyPearlineKaminski JannaDavidCarranza RosaPatrickYankey JohnBrendaFuller
ManuelaJoseBailey ManuelaJoseBailey
CharlesDiannaProfitt StephenWilliamCoffma
DeeAmandaBartley DeeAmandaBartley
JuanitaPhilipParsons KevinThomasHiggins EdwardErnestSinger RobinStephenWebster
DeniseBrunoWilliam DeniseBrunoWilliam
JeremyJamesChavez JeremyJamesChavez RickyJamesBrumfield MichaelElizabethWeav CherylMaryMorgan
DebraJaneFitzgerald DebraJaneFitzgerald
GloriaRuthRowland MarciaWalterKirschma HowardKennethCollins
CraigJohnLard CraigJohnLard
JoannCharlieWilkinso JoannCharlieWilkinso ElmerDemetriusLark WadeSonnyMcbride
MaryJamesDavila MaryJamesDavila
EdwardDennisStewart EdwardDennisStewart
JordanWilliamAlexand CynthiaConnieWright GaryCharlesHudson
JoStephenMay JoStephenMay GlennaMichaelBorden
ZacharyWarrenKarth ZacharyWarrenKarth TommyAmandaMartin GeorgeHenryVillar EricTinaPerea
