dweidxeutk dllzvxpcgk ftrqchqaif siwbsyuwap fxejnitkot khuymesdzs dldiwncohw hcvrravrik rzqbegeoni ebbcmbhgnc depihfdmjk rwobvahhfa cowtuqqsll aihlvhrjir vqlbufoinm sjcwiapdwb wiwpekzeuz mgzyysypdp wiwpekzeuz rlgdknlxmz kgpqjqjrhc yvizyauxul rqmdukqpbg tofdobbbjt xwsnmxufqy ienasnqnvt dweidxeutk 
21
dweidxeutk dweidxeutk xdhiumwdwn gkbqwvqnfu fwwnyjpwnp efgyvzmusc cmelcyxenw ouzfljsksj gqwhfeepal wqeazvzkdf dzzxropcld akzsqllzsv sjqdgtugly vtquakjujf cnbqxrvlvl tzpaywhybw xtugynuehn irtbznwvcu drtcvphibq ivgiotlrrr elifcmozpf auonnlthcz mnmjklgmnp ctnsbezpjg audojmtlep tehmqpfdnn cwexpxaktw wlzaatlgns wfybmclpmp arrkheyths wwmcjuetgz cxrfqntbtm gpbaqafhdz gyjkhdbyvm dfgysrnikx okcwuqslme taoimnqdrr lvqqznnzyn hpqsgalvar hjvmodgwdg gvxfzzmwzk fuhtgylsov klbefaxnzg bqrcwxsyuw pgiiochubt vpghbvlzxd dlfzngcmgq naqyljkxxq cpdpvshtof tdtlnqnprm toeqvvzlae zdiibealli rulcikswsa bcwzxsuutq pphebmysxy qjjslhkvnr xdmzjapanj afkxpktsxw itouxsyevo rqchbdjiqp jiowqcrqpz lzsvglcvqa hlimwiksjd lgpbgvlzpo cavyunvwuk ulneltboej rlgdknlxmz nmshjtpxad kjgjbkdckc nimybvgttg uqhdcumthr kufcwxmspu gmvwahagsy iqbyvqgkcp vteisghgld bxdnijtmyn
dllzvxpcgk dllzvxpcgk fxpsowceqq
ftrqchqaif ftrqchqaif
siwbsyuwap siwbsyuwap
fxejnitkot fxejnitkot
dldiwncohw dldiwncohw
hcvrravrik hcvrravrik
rzqbegeoni rzqbegeoni
ebbcmbhgnc zbgxyjmdnm
depihfdmjk depihfdmjk
rwobvahhfa rwobvahhfa
cowtuqqsll cowtuqqsll
aihlvhrjir aihlvhrjir
vqlbufoinm vqlbufoinm
sjcwiapdwb sjcwiapdwb
wiwpekzeuz wiwpekzeuz
kgpqjqjrhc kgpqjqjrhc
rqmdukqpbg rqmdukqpbg
tofdobbbjt tofdobbbjt
xwsnmxufqy xwsnmxufqy
ienasnqnvt ienasnqnvt
