Place72 Place68 Place16 Place73 Place43 Place57 Place71 Place61 Place47 Place32 Place52 Place96 Place34 Place62 Place48 Place8 Place59 Place85 Place58 Place18 Place19 Place12 Place72 
18
Place72 Place91 Place36 Place87 Place31 Place77 Place41 Place15 Place53 Place29 Place10 Place54 Place2 Place60 Place78 Place98 Place22 Place88 Place81 Place89 Place3 Place33 Place17 Place20 Place83 Place50 Place30
Place68 Place86 Place56
Place16 Place16
Place43 Place43
Place57 Place57 Place4
Place71 Place71
Place61 Place61
Place47 Place47
Place52 Place52
Place34 Place34
Place62 Place93 Place40
Place48 Place48
Place8 Place75 Place23
Place59 Place59
Place85 Place85
Place58 Place58
Place18 Place18 Place0 Place26 Place1
Place19 Place19
