Place102 Place161 Place104 Place10 Place145 Place197 Place128 Place80 Place168 Place173 Place111 Place142 Place7 Place152 Place162 Place178 Place153 Place32 Place189 Place106 Place24 Place164 Place144 Place61 Place28 Place33 Place21 Place74 Place70 Place97 Place63 Place124 Place76 Place18 Place155 Place25 Place181 Place72 Place81 Place103 Place100 Place55 Place102 
33
Place102 Place120 Place196 Place41 Place86 Place171 Place47 Place75 Place13 Place172 Place140 Place39 Place151 Place83 Place124 Place57 Place175 Place3 Place137 Place82 Place116 Place1 Place114 Place164 Place68 Place166 Place23 Place178 Place110 Place58 Place190 Place147 Place6 Place95 Place59 Place156 Place146 Place26 Place182 Place150 Place199 Place115 Place77 Place112 Place186 Place127 Place45 Place176 Place21
Place161 Place139 Place148 Place129 Place20 Place198
Place104 Place104
Place10 Place10
Place145 Place145
Place197 Place197
Place128 Place128
Place80 Place80 Place185 Place118
Place168 Place168
Place173 Place163
Place142 Place142
Place7 Place7
Place152 Place152
Place153 Place153
Place32 Place32
Place106 Place106
Place24 Place24 Place42
Place144 Place144
Place61 Place125 Place135 Place117 Place8 Place107
Place28 Place28
Place33 Place33 Place71 Place56
Place74 Place74
Place70 Place96 Place16
Place97 Place97
Place76 Place76
Place18 Place18 Place108 Place27 Place79 Place50 Place98
Place155 Place155
Place25 Place25
Place181 Place181
Place72 Place72
Place81 Place81
Place100 Place100
Place55 Place55 Place174
