node0 node1 node0 node7 node14 node21 node28 node35 node42 node49 node50 node52 node50 node49 node42 node35 node28 node21 node14 node7 node8 node7 node14 node21 node28 node35 node42 node43 node45 node43 node42 node49 node56 node57 node59 node57 node56 node63 node70 node77 node84 node91 node92 node91 node0 node7 node14 node21 node28 node35 node36 node38 node36 node35 node42 node49 node56 node63 node64 node66 node64 node63 node56 node49 node42 node35 node28 node29 node31 node29 node28 node35 node42 node49 node56 node63 node70 node71 node73 node71 node70 node63 node56 node49 node42 node35 node28 node21 node22 node24 node22 node21 node14 node7 node0 node91 node84 node77 node78 node80 node78 node77 node84 node91 node0 node7 node14 node15 node17 node15 node14 node7 node0 node91 node84 node85 node87 node85 node84 node91 node0 
25
node1 node3 node5 node6
node52 node52
node50 node54 node55
node8 node10 node12 node13
node45 node45
node43 node47 node48
node59 node59
node57 node61 node62
node92 node94 node96 node97
node38 node38
node36 node40 node41
node66 node66
node64 node68 node69
node31 node31
node29 node33 node34
node73 node73
node71 node75 node76
node24 node24
node22 node26 node27
node80 node80
node78 node82 node83
node17 node17
node15 node19 node20
node87 node87
node85 node89 node90
