node0 node1 node0 node7 node14 node21 node28 node35 node42 node49 node56 node63 node70 node77 node84 node91 node98 node99 node101 node99 node98 node91 node84 node77 node70 node63 node56 node49 node42 node35 node28 node21 node14 node7 node8 node7 node14 node21 node28 node35 node42 node49 node56 node63 node70 node77 node84 node91 node92 node94 node92 node91 node98 node105 node106 node108 node106 node105 node112 node119 node126 node133 node140 node147 node154 node161 node168 node175 node182 node189 node190 node189 node0 node7 node14 node21 node28 node35 node42 node49 node56 node63 node70 node77 node84 node85 node87 node85 node84 node91 node98 node105 node112 node113 node115 node113 node112 node105 node98 node91 node84 node77 node78 node80 node78 node77 node84 node91 node98 node105 node112 node119 node120 node122 node120 node119 node112 node105 node98 node91 node84 node77 node70 node71 node73 node71 node70 node77 node84 node91 node98 node105 node112 node119 node126 node127 node129 node127 node126 node119 node112 node105 node98 node91 node84 node77 node70 node63 node64 node66 node64 node63 node70 node77 node84 node91 node98 node105 node112 node119 node126 node133 node134 node136 node134 node133 node126 node119 node112 node105 node98 node91 node84 node77 node70 node63 node56 node57 node59 node57 node56 node63 node70 node77 node84 node91 node98 node105 node112 node119 node126 node133 node140 node141 node143 node141 node140 node133 node126 node119 node112 node105 node98 node91 node84 node77 node70 node63 node56 node49 node50 node52 node50 node49 node42 node35 node28 node21 node14 node7 node0 node189 node182 node175 node168 node161 node154 node147 node148 node150 node148 node147 node154 node161 node168 node175 node182 node189 node0 node7 node14 node21 node28 node35 node42 node43 node45 node43 node42 node35 node28 node21 node14 node7 node0 node189 node182 node175 node168 node161 node154 node155 node157 node155 node154 node161 node168 node175 node182 node189 node0 node7 node14 node21 node28 node35 node36 node38 node36 node35 node28 node21 node14 node7 node0 node189 node182 node175 node168 node161 node162 node164 node162 node161 node168 node175 node182 node189 node0 node7 node14 node21 node28 node29 node31 node29 node28 node21 node14 node7 node0 node189 node182 node175 node168 node169 node171 node169 node168 node175 node182 node189 node0 node7 node14 node21 node22 node24 node22 node21 node14 node7 node0 node189 node182 node175 node176 node178 node176 node175 node182 node189 node0 node7 node14 node15 node17 node15 node14 node7 node0 node189 node182 node183 node185 node183 node182 node189 node0 
53
node1 node3 node5 node6
node101 node101
node99 node103 node104
node8 node10 node12 node13
node94 node94
node92 node96 node97
node108 node108
node106 node110 node111
node190 node192 node194 node195
node87 node87
node85 node89 node90
node115 node115
node113 node117 node118
node80 node80
node78 node82 node83
node122 node122
node120 node124 node125
node73 node73
node71 node75 node76
node129 node129
node127 node131 node132
node66 node66
node64 node68 node69
node136 node136
node134 node138 node139
node59 node59
node57 node61 node62
node143 node143
node141 node145 node146
node52 node52
node50 node54 node55
node150 node150
node148 node152 node153
node45 node45
node43 node47 node48
node157 node157
node155 node159 node160
node38 node38
node36 node40 node41
node164 node164
node162 node166 node167
node31 node31
node29 node33 node34
node171 node171
node169 node173 node174
node24 node24
node22 node26 node27
node178 node178
node176 node180 node181
node17 node17
node15 node19 node20
node185 node185
node183 node187 node188
