Egsmith Wywick Wychbeck Chelmbeck Cookford Hornborough Chelmwang Wychsmith Waltditch Egsmith Whittree Whithall Hurstlow Edgey Hurstlow Whithall Whittree Wenside Whittree Whithall Hurstlow Edgey Shaftbage Cookford Wychbourne Barnton Ashbourne Sudwich Aldover Ashdown Aldover Sudwich Pemlow Watchcombe Pemlow Bromton Penborne Shaftbridge Burfield Durnell Blanworth Stainbrough Nortley Wetwick Egtree Chelmden Egtree Shaftsted Barnton Wychbourne Sudtree Leathermere Sudtree Wenwold Stainby Egsmith 
27
Wywick Wywick
Wychbeck Wychbeck Staplake
Chelmwang Chelmwang
Wychsmith Wychsmith
Waltditch Waltditch
Edgey Edgey
Whithall Chelmbeck
Whittree Alfchester
Wenside Wenside Burbourne
Shaftbage Shaftbage
Cookford Cookford Farnsmith
Wychbourne Wychbourne Wychnell Egavon
Barnton Barnton
Ashbourne Ashbourne Stapbeck Brackbrough
Ashdown Ashdown
Pemlow Pemlow
Watchcombe Wenbeck
Penborne Penborne
Shaftbridge Shaftbridge
Nortley Nortley
Wetwick Wetwick
Chelmden Chelmden
Egtree Egtree
Leathermere Leathermere
Sudtree Sudtree Flitgrove
Wenwold Wenwold
Stainby Stainby
