Chelmbourne Elgrove Wenborough Prestey Aldport Alfditch Burchester Shrivside Kingsbrook Wenden Kingsbrook Dartsted Clerethorne Barnside Clerethorne Stapthorne Cookbrook Enlow Maidenden Hartbage Barngrove Egborne Alfcastle Barnham Alfcastle Whitavon Nortcastle Brainbridge Sodside Waltwood Cookton Egborne Aldhall Alfwell Marlton Stapwold Wenwang Southstoke Bracklow Pemwood Rocktree Whitborough Rocktree Barnden Shrivlow Stainhall Shrivlow Casney Stafsted Horncester Edgchester Wetborne Casford Stainden Casford Leatherlow Alfby Stapwell Shrivlow Durditch Barnden Rocktree Staflow Bursted Egborne Staintree Edgwich Kingsley Flitham Shrivlow Barnden Melborne Pemwold Melborne Shaftwich Hartgrove Elwood Bursted Staflow Cleredon Wyhead Cleredon Staflow Elgrove Chelmbourne 
43
Chelmbourne Waltbrook Egcastle
Elgrove Elgrove
Wenborough Wenborough
Prestey Prestey Sudwich Brainbridge
Shrivside Shrivside
Kingsbrook Dartsted
Wenden Wenden
Barnside Barnside
Stapthorne Stapthorne
Enlow Enlow Cookton
Maidenden Hartbage
Barnham Barnham
Whitavon Whitavon
Sodside Sodside
Aldhall Aldhall
Alfwell Alfwell
Marlton Marlton
Stapwold Hornley
Wenwang Wenwang Sudworth
Bracklow Bracklow
Pemwood Pemwood
Rocktree Rocktree Stapmoor Hurstworth Cookbridge
Whitborough Whitborough Horndown
Stainhall Stainhall
Shrivlow Shrivlow
Horncester Horncester
Edgchester Edgchester
Casford Casford
Stainden Prestdon
Leatherlow Leatherlow
Alfby Alfby
Stapwell Stapwell
Durditch Durditch
Egborne Egborne
Staintree Staintree
Edgwich Edgwich Leatherlake Whitover
Kingsley Kingsley Flitham
Pemwold Pemwold
Shaftwich Shaftwich
Elwood Southmere
Wyhead Wyhead
Cleredon Cleredon
Staflow Staflow Bursted
