qtq oto qlc dpo cxu tmc thz ptq ynq zye cjp rcs krg pvy nkx osc nxr gup fsl aah rod jta htv eqm jpq czf tmd czf utd yiz tro omf fne wiq gac blo gac kvz mbx kvz bai fgo xbo vaf jxq ase suf qbh mnv iuz lah qfc udq qfc qbe uoz ifc mnv qbj dkn luf txl ukh zgs eku thd jno thd eku uxr wuc pjx vsu wpq xmz uwp pxi blo pjx xzk qtq 
50
qtq qtq xdz nhk kza qnn wju jta bsz hxo uca vlt nhr lxt slq txk gak zqn thz viv qlo brk qls cnv rod spp
oto pta cpw zbn qjm lfh
qlc lnv
cxu cxu
tmc tmc
ptq ptq
ynq ynq
cjp cjp
rcs hhe xax vub mnv wuf ahv xos
krg krg egz
nkx nkx
gup gup
fsl fsl pxs pkx ooi orc
aah hpb
eqm eqm
jpq htv rut ili
tmd tmd
utd hxp yiz ooc tnl
tro tro
omf nfy
wiq wiq
gac idl
blo sfp rju
mbx mbx
bai bai
fgo fgo
vaf vaf
jxq itg
ase ase
iuz iuz
lah lah
qfc qfc
udq udq
qbe qbe
uoz uoz
ifc ifc pwa rxi plx
qbj qbj
dkn dkn
ukh ukh
zgs zgs
jno jno
thd thd
eku ahy
uxr uxr zgf
wuc wuc npu
vsu vsu
wpq wpq
xmz rwt
uwp uwp
pjx pjx
