Soda Addison Shasta Garber Halkin Florida Woodhaven Eunice Lewiston Edith Olympus Yolo Bret Latham Station Muir Haviland Menlo Drury Menlo Burnett Browning Kenilworth Vistamont Kentucky Marin Greenwood Heinz Arcade Fresno Lewiston Fresno Woodhaven Fulton Sojourner Bristol Marin Greenwood Fernwald Cowper Haste Bataan Kentucky Marin Kentucky Park Overlook Mabel Terrace Jones Bret Poplar Pardee Altavista Ajax Forest Ajax Haskell Martin Yolo Soda 
33
Soda Arch Colusa Domingo Madera Poppy
Addison Addison Byron
Shasta Shasta Columbia
Florida Florida
Edith Edith
Yolo Bancroft Cutter High Keeler
Bret Bret Vermont
Latham Allston
Muir Muir
Haviland Haviland Belrose
Menlo Menlo
Burnett Burnett
Browning Browning Comstock
Kenilworth Kenilworth
Vistamont Eunice
Heinz Heinz
Lewiston Lewiston
Fresno Fresno Bowditch
Fulton Fulton
Bristol Bristol Hospital
Greenwood Greenwood
Haste Haste
Bataan Bataan
Marin Marin
Overlook Overlook
Mabel Mabel Spring Summit
Terrace Terrace
Poplar Poplar
Pardee Pardee Anne
Ajax Ajax
Forest Forest
Haskell Haskell
Martin Martin
