FD DB AL DH AL CI GF CS GX BZ FQ AM EY EX BK CW FM HF EW GP CU CR HK BF EH CE AD EB CI HE ES BQ AT HN FT AI AT BE GQ BC HF AR CZ GO BM AY EV DN ER HM FY CD CB EN AE EJ BG GS EM AV BN DI GP GA CL GA CZ CF EI CD CC GN CO BL DF AU DP BO DP CK EF FD 
53
FD GC EZ FR AX CT HC EL ET DC EG DM BK FI AK DU BT ES GR HH DA CG AZ BC EO DZ BA FN BV HR FU HO
DB DB AJ
DH DH
AL GZ
GF GF
CS CS HP GD
BZ BZ
FQ FS DK
EY EY
EX EX
CW CW
FM FM
EW EW
GP GP
CU CU FP
BF BF
EH FJ FO EK GX
AD AD
CI CI
BQ BQ
AT AT
FT FT
BE BE
GQ GQ
HF HF
AR AV GO AW
CZ HB
BM BM
EV AM DQ HD
DN DN
ER ER
FY FY
CB CB
EN EN FV
EJ EJ
BG BG
GS GS
EM EM
BN BN
DI DI
CL CL
GA GA
CF CF
EI EE
CC CC
GN GN
CO CO
DF DF
AU AU GK DE CA AG
BO BO
DP DP
CK CK
EF AF
