Whitgrove Sodberling Enderbeck Casbrook Hampingworth Worford Hamscombe Dartdown Marlcester Botbeck Wycastle Bootwick Wycastle Boothingchester Wychcompwold Dribberham Wychcompwold Boothingchester Ellerbridge Ketchester Watchlake Tippendham Basditch Reddingtree Eley Hampingcastle Worberney Melwood Endleshall Candleswick Ciringnell Elside Wetsmith Nortwell Warblestancester Basbage Warblestancester Toddenmerbrough Endingnell Staindledown Shafthead Wetsmith Warsmith Falderbrough Durbrook Sodport Elside Wetsmith Warsmith Horsnell Alddleringworth Reddendeney Prestwick Stafavon Hamwold Egwick Pemnell Penddenchester Botbage Botwick Wendleringdown Stainbrough Worford Falderseythorne Penby Falderseythorne Worford Stainbrough Wychditch Rothendcombe Rothead Egbeck Skellenshot Rotherlow Abgleham Sundlethorne Sundendford Prestwick Wychchester Marlbrook Barndlesborough Wychchester Waltbeck Staincombe Suddenmoor Tippenbrook Marlbeck Botenbrook Abglewold Farnditch Ribberrenston Southmere Chelmdenmoor Waltbeck Wychchester Prestwick Sundcompney Dartden Wethampton Faldenhall Marlbeck Hurstdown Botshot Falworth Dribblecombe Ribenwell Rothingcombe Milthorne Bromstanham Sodberling Rockbage Ketnell Toddenmoor Ketnell Rockbage Sodberling Whitgrove 
62
Whitgrove Whitgrove Siey Hampingbascombe
Sodberling Sodberling Bothenton Egmerhampton Prestwick Wetwick Bursmith
Enderbeck Enderbeck Sifield Siavon
Casbrook Casbrook
Hampingworth Hampingworth Basditch
Worford Worford Stapbrough Rotherlow
Marlcester Marlcester
Botbeck Botbeck Abcester
Wycastle Wycastle
Bootwick Bootwick Tipstoke Todhampton
Dribberham Dribberham
Wychcompwold Wychcompwold
Boothingchester Southbury Endleberey
Ellerbridge Ellerbridge Worrenberwang Skelberden Suddingover Wolley
Ketchester Ketchester Boothingmanstree
Watchlake Watchlake Tippingbage Dartden Farndlesover
Tippendham Tippendham Emmerley
Eley Eley
Hampingcastle Hampingcastle
Worberney Cannerthorne Cihead Sirenshall Alfmere
Melwood Melwood
Endleshall Candleswick
Nortwell Nortwell
Basbage Horstleover
Endingnell Endingnell
Wetsmith Wetsmith
Durbrook Durbrook
Sodport Sodport Elside
Horsnell Horsnell
Alddleringworth Leatherport
Reddendeney Reddendeney Worhall
Hamwold Hamwold
Egwick Redcombe Staplow Whitringlake
Pemnell Rothingcombe
Wendleringdown Wendleringdown
Penby Penby
Falderseythorne Falderseythorne
Rothendcombe Rothendcombe
Rothead Bastlebury Bothenhall
Egbeck Skellenshot
Abgleham Abgleham
Sundlethorne Sundlethorne
Sundendford Sundendford Chedworth Blansbrook
Marlbrook Marlbrook
Barndlesborough Skellingover
Staincombe Staincombe
Suddenmoor Suddenmoor
Tippenbrook Tippenbrook
Abglewold Abglewold
Farnditch Farnditch
Ribberrenston Ribberrenston Shaftborough
Southmere Southmere Egsted
Waltbeck Waltbeck
Wychchester Wychchester
Wethampton Wethampton
Faldenhall Faldenhall
Falworth Falworth
Dribblecombe Dribblecombe
Milthorne Milthorne
Bromstanham Bromstanham Clereennell
Toddenmoor Toddenmoor
Ketnell Ketnell
