Warfield Cannerthorne Chedderrenswich Dartseyworth Faldinghead Pendlewood Horstlescompstoke Bothingney Pendingbrook Chedberdon Wyborne Cammerrensmoor Wyborne Cambingstoke Suddlecombe Chippingsted Suddlecombe Basringney Skelling Chedtree Burglebrough Sudsmith Burglebrough Chedtree Siringwang Whitchester Ketsmith Ashfield Ketport Hammenshead Cicombe Falport Soddlewick Cannerthorne Stainbrough Ciditch Northall Ciditch Stainbrough Ciditch Camwood Barndberbrough Skellingden Dribblewick Flitside Chilbury Brackcompwang Chilbury Flitside Wyey Faldinghead Pendlewood Faldinghead Suddlecastle Pendingbrook Dribbingworth Worhall Todtree Cannerthorne Tipwick Ashborne Hamsling Ashborne Tipwick Cannerthorne Warfield 
36
Warfield Warfield
Cannerthorne Soddlewick Southbasport
Chedderrenswich Chedderrenswich
Dartseyworth Worberbrook
Horstlescompstoke Horstlescompstoke
Pendingbrook Pendingbrook Dribbingworth Barndberbrough Elmansham Chiphead
Chedberdon Hammerringey Suddleover
Wyborne Wyborne Cambingstoke
Cammerrensmoor Cammerrensmoor Suddleborne
Chippingsted Chippingsted
Suddlecombe Suddlecombe Ellingreham
Basringney Basringney Skelling
Sudsmith Sudsmith
Burglebrough Burglebrough
Chedtree Chedtree
Siringwang Siringwang
Whitchester Whitchester
Ketsmith Leatherbleside
Ashfield Ashfield Millendon
Ketport Ketport
Hammenshead Bastleseyham
Cicombe Cicombe
Falport Falport Botherseyworth
Northall Northall
Stainbrough Stainbrough
Skellingden Skellingden
Dribblewick Windling
Chilbury Chilbury
Brackcompwang Brackcompwang Chelmstanwell
Pendlewood Pendlewood
Suddlecastle Suddlecastle
Worhall Worhall
Todtree Todtree
Hamsling Hamsling
Ashborne Ashborne Hannenmanswick
Tipwick Tipwick
