0 1 2 3 4 5 6 7 8 9 10 11 12 27 43 58 59 89 104 119 104 103 87 86 85 84 83 82 81 80 65 50 36 51 66 67 69 70 71 56 41 57 41 25 41 56 71 70 85 100 116 100 85 70 71 70 69 67 66 82 81 80 79 94 109 94 93 92 91 75 60 45 30 15 31 45 60 75 76 77 78 79 80 95 111 95 80 79 94 93 108 123 124 123 108 92 91 107 122 106 120 106 90 75 60 45 30 15 0 1 2 18 19 34 19 18 17 16 17 18 19 4 5 20 35 20 36 50 65 80 79 78 77 76 75 91 107 122 107 91 75 60 45 31 47 63 48 62 64 62 48 33 17 16 0 
46
0 0
3 3
5 5
7 7 23
8 8
10 10
12 13 28
58 73
119 119
103 103
87 88
85 85
83 83
82 98
80 80
50 50
36 36 51 52
57 57
41 41 55 56
25 25 40
116 116
100 100 115
71 71
70 70
109 109
93 93
75 75
45 45
30 30
15 15
31 31 46 47
111 111
95 95 110
124 124
108 108
120 120
106 106 121
90 90 105
34 34
18 18
35 35
20 20
78 78
76 76
122 122
63 63
