0 75 143 107 104 117 107 33 184 73 36 24 18 62 71 60 83 23 10 144 51 111 51 81 121 81 22 11 13 158 125 9 61 143 179 37 135 176 99 85 99 68 8 39 8 136 91 19 111 149 130 167 51 150 166 72 170 1 183 139 199 48 190 135 69 150 35 95 5 185 162 47 110 44 67 96 45 53 108 74 63 155 28 188 28 155 70 132 92 108 102 108 43 145 103 170 92 182 49 154 116 120 116 32 0 
61
0 25 178 126 184 193 87 197 78 128 79
75 75 173 65 42
104 104
117 117 119
36 36
24 24
18 18 17 64 89 133 20 168
62 138 134 50
83 83
23 4
10 10
144 12 100
51 51 156 186
111 111 14 149
121 121
81 81
22 22
11 31
13 196 26
125 125
9 9
61 159 137
143 109
179 179
37 151
135 180
176 176
99 99 58
85 85
39 39
136 146
91 91 106 19
130 130
166 166
170 170 157
1 160 175
183 139
199 199
48 48
69 69
95 95
5 38
185 185 27
47 47
44 44 67
96 96
74 74
63 63
155 155
28 28
188 194 98
70 70
102 102
108 108
145 145
103 103 163
182 182
49 49 77
120 120
116 116 6
32 32
