location0 location32 location66 location27 location44 location27 location66 location98 location89 location11 location89 location99 location54 location26 location54 location47 location2 location31 location50 location17 location2 location38 location6 location48 location72 location12 location64 location41 location97 location33 location84 location19 location22 location10 location36 location40 location53 location30 location75 location20 location79 location37 location35 location30 location53 location63 location23 location65 location1 location29 location14 location7 location24 location34 location18 location48 location0 
31
location32 location32 location1
location44 location44
location27 location27
location66 location15 location16 location36 location42
location98 location4
location11 location11
location99 location19
location26 location26
location47 location47 location2 location3
location31 location31
location50 location50 location45
location17 location17 location39
location38 location38
location6 location6
location48 location48 location21 location37 location43
location72 location12 location49
location41 location41
location33 location33 location13 location28
location84 location5
location22 location22
location10 location10 location8
location40 location40
location20 location20
location35 location35
location30 location30 location9
location23 location23
location29 location29
location14 location14
location7 location7 location24
location34 location34
location18 location18 location25
