location0 location57 location136 location8 location71 location153 location73 location87 location113 location43 location22 location161 location117 location12 location58 location151 location135 location23 location68 location55 location32 location173 location52 location94 location196 location34 location155 location190 location86 location190 location140 location89 location166 location102 location27 location83 location124 location160 location51 location135 location49 location132 location22 location19 location112 location181 location21 location143 location157 location54 location60 location54 location42 location61 location119 location98 location63 location93 location66 location127 location28 location82 location87 location80 location133 location180 location48 location171 location197 location96 location11 location191 location72 location13 location140 location130 location91 location175 location0 
49
location57 location57 location15 location30 location35
location136 location1
location71 location71
location73 location73 location7 location24 location64 location76 location100
location87 location87 location20
location43 location43
location22 location22
location161 location8 location10 location40 location41 location47 location59 location78 location81
location117 location17
location58 location58
location151 location9 location27 location62 location88 location93
location23 location23
location68 location68 location39
location55 location55 location6 location45 location69 location77 location99
location32 location32 location90
location52 location52
location94 location94 location36
location34 location34
location86 location86
location190 location84
location89 location89
location83 location83
location160 location18 location33 location65
location51 location51 location2
location49 location49
location132 location5
location19 location19
location21 location21
location143 location56
location54 location54
location60 location60
location42 location42
location61 location61 location3 location14 location75 location95
location98 location98
location63 location63 location46 location67 location79
location66 location66
location28 location28
location82 location82 location26 location29 location70
location80 location80
location133 location25 location31 location92 location97
location48 location48
location171 location50
location96 location96
location11 location11 location12 location16 location74
location72 location72
location13 location13
location140 location38
location91 location91
location175 location4 location53
