location0 location35 location49 location18 location49 location34 location4 location19 location4 location8 location5 location43 location41 location37 location14 location11 location13 location36 location2 location22 location26 location25 location16 location29 location47 location14 location47 location1 location21 location20 location23 location36 location2 location6 location10 location6 location10 location17 location15 location35 location0 
18
location18 location18 location1
location19 location19
location4 location4
location8 location8 location21 location25
location5 location5
location41 location9
location11 location11
location13 location13
location2 location2 location12
location22 location22 location3
location16 location16
location14 location14
location20 location20
location23 location23 location24
location10 location10
location6 location6
location17 location17
location15 location15 location7
