SantaClarita Escondido Bridgeport Madison RanchoCucamonga WestValleyCity Washington Pomona Stockton Carrollton GardenGrove Fremont Reno Frisco Torrance Surprise Torrance Frisco Lubbock SanDiego Visalia RanchoCucamonga Cary Miami Lafayette OklahomaCity Alexandria Worcester Alexandria SantaRosa SantaAna Davidson Garland Richmond Miami LouisvilleJefferson Hartford Allentown Omaha Ontario SanDiego Stamford FortCollins Austin Wichita Chesapeake Escondido Beaumont NewportNews Beaumont Shreveport Huntsville Escondido Austin PembrokePines Reno SantaClarita 
35
Escondido Midland Fayetteville Yonkers
Bridgeport Independence SiouxFalls
WestValleyCity WestValleyCity
Washington Washington
Pomona Pomona
Stockton Stockton Indianapolis
Carrollton Carrollton
GardenGrove GardenGrove Victorville
Surprise Surprise
Frisco LexingtonFa LongBeach
Lubbock Concord
SanDiego StLouis Paterson Waco Henderson
Visalia Visalia Sunnyvale
RanchoCucamonga RanchoCucamonga
Miami StPetersburg Brownsville Orlando
Lafayette Lafayette
OklahomaCity OklahomaCity LosAngeles
Worcester Worcester
Alexandria Alexandria
SantaRosa Newark
SantaAna Scottsdale Bellevue
Garland Garland
LouisvilleJefferson LouisvilleJefferson
Hartford Hartford
Allentown Allentown
Omaha Omaha
Ontario Ontario Boston
Stamford Stamford
Wichita Wichita
NewportNews NewportNews
Beaumont Beaumont
Shreveport Shreveport
Huntsville Huntsville
Austin Austin
PembrokePines PembrokePines
