Plano SantaClara SanFrancisco KansasCity Escondido SantaRosa ThousandOaks SantaRosa Hialeah GrandPrairie FortWorth Joliet SanAntonio Raleigh Portland Hialeah Murfreesboro Frisco OklahomaCity Amarillo LasVegas Syracuse Mesquite Frisco Tulsa Glasses SanJose WestValleyCity SiouxFalls SantaRosa Stamford Kent ElkGrove Fayetteville FortWorth SantaClarita NewHaven Glendale Salinas Sacramento Vallejo AnnArbor SantaAna Allentown SantaAna AnnArbor FortLauderdale LosAngeles Akron LosAngeles Lincoln FortWorth Raleigh Yonkers Denton Springfield Chattanooga Salinas Birmingham Fremont Lubbock StPetersburg Rockford SantaClara SanFrancisco Omaha Elizabeth Omaha PembrokePines Anaheim Lafayette Phoenix SanBernardino Peoria HuntingtonBeach Charlotte Salinas Lincoln Pikachu Huntsville AnnArbor Charlotte Knoxville Domination WestValleyCity Wichita Chesapeake BatonRouge Pasadena Montgomery WestValleyCity Anchorage Thornton Clyde Cary Miami Mobile Miami Hampton Tallahassee Cincinnati GrandRapids Irvine Honolulu Tallahassee Cincinnati Olathe Cincinnati Tallahassee Riverside Plano 
62
SantaClara SantaClara Norman MorenoValley Irving
SanFrancisco SanFrancisco Warren
KansasCity Garland
Escondido Escondido Hollywood
ThousandOaks ThousandOaks
SantaRosa SantaRosa Laredo
GrandPrairie GrandPrairie
FortWorth McAllen
Joliet Mesquite
SanAntonio SanAntonio Houston Pomona CorpusChristi
Portland Portland
Hialeah Tampa
Frisco GardenGrove
OklahomaCity OklahomaCity
LasVegas LasVegas
Syracuse Worcester
SanJose SanJose
WestValleyCity StLouis Killeen Norfolk Glasses
SiouxFalls SiouxFalls FortCollins
Stamford Stamford
Kent Beaumont Ontario Atlanta Oxnard Hayward Denver Waco
Fayetteville JerseyCity
SantaClarita SantaClarita
NewHaven NewHaven
Glendale Glendale
Salinas Salinas Chicago
Allentown Allentown
AnnArbor AnnArbor LouisvilleJefferson FortLauderdale Tulsa
Akron Akron
Lincoln Lincoln
Raleigh Raleigh
Denton Denton
Fremont Fremont
StPetersburg Brownsville Dallas Surprise Madison
Rockford Rockford
Elizabeth Elizabeth
Omaha Omaha
PembrokePines Lancaster Torrance
Anaheim Anaheim
Lafayette Lafayette
SanBernardino SanBernardino
HuntingtonBeach HuntingtonBeach Hartford Greensboro AugustaRichmond SimiValley Corona NewOrleans
Charlotte Davidson
Pikachu Pikachu
Huntsville Huntsville
Knoxville Knoxville
Wichita Wichita
BatonRouge OWO
Pasadena Pasadena Charleston Sunnyvale Vancouver
Montgomery Montgomery Mesa Memphis
Anchorage Anchorage
Thornton Thornton
Clyde Vallejo
Cary Cary
Mobile Mobile
Miami Miami
Hampton Hampton
Irvine Irvine
Honolulu LittleRock
Olathe Olathe
Cincinnati Cincinnati
Riverside Riverside
