0 1 163 146 163 8 135 93 22 188 145 170 71 132 185 23 153 33 64 3 99 136 18 196 139 66 57 111 112 80 112 30 133 35 3 100 156 175 117 14 122 195 167 195 182 183 99 3 35 49 31 89 19 89 87 43 159 128 11 193 27 15 6 5 160 108 20 108 37 172 67 123 42 123 48 130 9 190 163 154 94 177 94 17 72 78 38 74 22 195 182 50 125 25 152 115 117 41 158 162 47 129 21 143 175 96 17 137 17 184 72 184 138 7 185 0 
62
0 0 2 56 84 193
1 1
163 8 141
146 146 43
93 93
22 22
188 69
145 26
71 71
23 23 166
153 153 154
33 33
64 24 174 187
3 3 4 35
18 18
139 120 164
66 66 114 116
57 52 68 111
80 80
30 59 102 197 199
133 133 51 86
100 100
156 107
175 5 96 98 130 173
117 134
14 14 13
167 167
195 160
183 183
31 31
89 89 151
19 11 103 157
159 159
128 128 28 65 81
27 27
15 15 16 39 83
20 20
37 101
172 172
67 67
42 42
9 9
190 190
177 177
94 94
38 38
74 74
182 182
50 50
125 125
152 152
115 115
158 158
47 47 129
21 21
143 143
137 137
17 17
184 184
72 72 78
138 138
7 70
