13 32 132 121 130 3 155 190 76 108 63 119 191 66 129 176 19 46 109 62 172 164 157 193 35 128 65 151 91 135 73 135 187 199 92 145 182 186 181 148 13 
28
13 100 101 111 113 115 116 123 124 129 133 136 137 139 140 142 143 144 146 147 149 150 153 154 156 159 160 163 167 168 174 178 180 183 186 188 189 192 194 196 197 198
32 102 103 105 107 110 125 127 131 132 157 166 184 185
121 121
130 130
155 155
190 190
108 108
63 119 120 141 165 175
191 191
66 162
176 176
109 109
62 112 126 138 158 171
172 172
164 164
193 193
35 114 118 177
128 128
151 151
91 104 161 169 173 179 195
135 135
73 122 170
187 187
199 199 134 152
145 145
182 182 117
181 181
148 148 106
