vLeODpVlYSBeYNDYoXha uyPyJzKFqWxgSNmpkDrB ZbyHJLmoTqNpTnlUVJZC fPxvnMVMFwhJbNBURdgD vGdJmIpYPUGRspXiVLdc fPxvnMVMFwhJbNBURdgD FqdjKgdpEanmCnmxJMFA ajvbaFpYiEBJySPsSLaI fToHwimUqLsKcKLZHiUX ajvbaFpYiEBJySPsSLaI FqdjKgdpEanmCnmxJMFA ybrQlUhznqOhsvndWAbl ruLqpYqEzGGiKysvsarb AdXveYSBaneNwCQzrdSw TwgqMzgExFHTIfcwfBnr wRjMmrpRuknxqunJrMAE DqUxIMslnixWfmkjQTmS TqyFrXuGvuBuqnpYbjKc DqUxIMslnixWfmkjQTmS wRjMmrpRuknxqunJrMAE gzxzakmqbxbsOczuQVLG DDEuYWXXufMefzDjgEFm biqCAetglYuANrTRzMiX LGqbVTsFMANIedVHAALW WCCOEUYmDvzZlrkDAqoi xQaDpDGAXhDYzSMnMWvb TwgqMzgExFHTIfcwfBnr cZgmtoPGHxdozTaDMiyf DWWCMAjZQQIEKOIiHFQN McOZQehrTygkGidmwyMe EWpsBSEfAOWAjikCpvhc sdSgCnaZeeOuPKljZOSr sXfgLMwoysnMazVSWnhc fvEcAuRDdfuHEPLNpaTz KgnBXuaAkdTHYMUVRKMG pdXCnKagnvEntNTuPHdK UAwuKFcUHFyvaFCTLpOT BXzACdzjLITNgbmDPlEu fvYrLpgzqLNOAQbahgax kOaPwvTTqhaYDvjPPZCZ LOMgYipCQQXQnRqEqRwO qbmGewAditsWkTFHdxjP QQSjCkgLAWAPObYQvNsB jwIBHKkXHTPVsOJwBOsr FEqXJcVrZfnSsHEUPhnl QkAjrUUuVdzSMnlfJLcO gMqbbwopmbxmOomqZjfm UgFPXEAdAfcfHGIbNTsq DIYMXZHlgebDcivTxnEV DDEuYWXXufMefzDjgEFm CfkBzkPETvagyIDCsLTD iDucfyZGMCbCQbXjbQqM jzQJaGLLiuQLhhyqBagr iDucfyZGMCbCQbXjbQqM CfkBzkPETvagyIDCsLTD oCvaAQKOXXWgeSNnUmae OVoYVQPnlYoZBBKtyuLk PSVkjNlrWHpVSTVIEkGG PLDOWRIeaCSVLMyDadzC VhDSPHxolLkNxxDnpUyx SouQfuEdAivolPXFbygH VhDSPHxolLkNxxDnpUyx klkbOWCZrzPBFVDxhNbj gIttwvzcgONwFblnGIqq gMqbbwopmbxmOomqZjfm CmbFyJmcvVqyCmJgQxeI fHcdXnOxSadpKeCUwNYm CmbFyJmcvVqyCmJgQxeI gMqbbwopmbxmOomqZjfm QkAjrUUuVdzSMnlfJLcO PSVkjNlrWHpVSTVIEkGG mlipOrSnGcxXtoXBbRyl NVEtShKeuxpaFIOiyVqE mlipOrSnGcxXtoXBbRyl mevvwcZLudaokctOWvKe VhDSPHxolLkNxxDnpUyx klkbOWCZrzPBFVDxhNbj dyUDfEGgAoSshTRjMZZg zxeoSbTqbWPpSzalAtBI uyPyJzKFqWxgSNmpkDrB vLeODpVlYSBeYNDYoXha 
39
uyPyJzKFqWxgSNmpkDrB uyPyJzKFqWxgSNmpkDrB
ZbyHJLmoTqNpTnlUVJZC tVzUgXVoBYxBMnkkwFmk aCucdhmWbhlrgfstQigR
fPxvnMVMFwhJbNBURdgD fPxvnMVMFwhJbNBURdgD
vGdJmIpYPUGRspXiVLdc sBkAYRISjTYinLFSNcKW
fToHwimUqLsKcKLZHiUX fToHwimUqLsKcKLZHiUX
ybrQlUhznqOhsvndWAbl ybrQlUhznqOhsvndWAbl NAHeKyyhAObyyUEUSkSU
ruLqpYqEzGGiKysvsarb ruLqpYqEzGGiKysvsarb AdXveYSBaneNwCQzrdSw
TqyFrXuGvuBuqnpYbjKc TqyFrXuGvuBuqnpYbjKc
DqUxIMslnixWfmkjQTmS DqUxIMslnixWfmkjQTmS
wRjMmrpRuknxqunJrMAE iBjjCWwkYToOKfrrLnny
gzxzakmqbxbsOczuQVLG gzxzakmqbxbsOczuQVLG gIttwvzcgONwFblnGIqq
WCCOEUYmDvzZlrkDAqoi WCCOEUYmDvzZlrkDAqoi
xQaDpDGAXhDYzSMnMWvb xQaDpDGAXhDYzSMnMWvb TwgqMzgExFHTIfcwfBnr
cZgmtoPGHxdozTaDMiyf cZgmtoPGHxdozTaDMiyf
DWWCMAjZQQIEKOIiHFQN DWWCMAjZQQIEKOIiHFQN
EWpsBSEfAOWAjikCpvhc gEufXNuuWhnlbNYaoQFJ jwIBHKkXHTPVsOJwBOsr
sdSgCnaZeeOuPKljZOSr sXfgLMwoysnMazVSWnhc
fvEcAuRDdfuHEPLNpaTz fvEcAuRDdfuHEPLNpaTz
pdXCnKagnvEntNTuPHdK pdXCnKagnvEntNTuPHdK CPszTohYUHARNedzFlDK
BXzACdzjLITNgbmDPlEu BXzACdzjLITNgbmDPlEu
LOMgYipCQQXQnRqEqRwO FcEsyaTmqpoyvbDrHjlc
qbmGewAditsWkTFHdxjP cvlwIwajcIlbhZbyFgmq
QQSjCkgLAWAPObYQvNsB QQSjCkgLAWAPObYQvNsB RjKEHTlRvtaVBbyqZVAw
QkAjrUUuVdzSMnlfJLcO QkAjrUUuVdzSMnlfJLcO
gMqbbwopmbxmOomqZjfm gMqbbwopmbxmOomqZjfm
UgFPXEAdAfcfHGIbNTsq UgFPXEAdAfcfHGIbNTsq
jzQJaGLLiuQLhhyqBagr jzQJaGLLiuQLhhyqBagr
iDucfyZGMCbCQbXjbQqM iDucfyZGMCbCQbXjbQqM
CfkBzkPETvagyIDCsLTD CfkBzkPETvagyIDCsLTD
oCvaAQKOXXWgeSNnUmae OVoYVQPnlYoZBBKtyuLk
PLDOWRIeaCSVLMyDadzC PLDOWRIeaCSVLMyDadzC
VhDSPHxolLkNxxDnpUyx VhDSPHxolLkNxxDnpUyx
fHcdXnOxSadpKeCUwNYm fHcdXnOxSadpKeCUwNYm
CmbFyJmcvVqyCmJgQxeI CmbFyJmcvVqyCmJgQxeI NciLXNPTvMoXdbTDZmlg
NVEtShKeuxpaFIOiyVqE NVEtShKeuxpaFIOiyVqE
mlipOrSnGcxXtoXBbRyl mlipOrSnGcxXtoXBbRyl
mevvwcZLudaokctOWvKe iBYHAWUhqeQPjphQzpdN
dyUDfEGgAoSshTRjMZZg dyUDfEGgAoSshTRjMZZg
zxeoSbTqbWPpSzalAtBI zxeoSbTqbWPpSzalAtBI MlwlINEFqmyzZNPXRLJF
