wNqlpYNsRbJEgiGpKxrU lbWonvEbeplndKguSTkk oZXYedlbtBLmkfoVmgta NzDQJknJPDEkcwCHzzbF qDLPWLkWayzdxIYSKLER gDYKDrbERUXTnCayjBrC qDLPWLkWayzdxIYSKLER NtyLZDOaSczVvOGdocUp WoTuprXYItmuBoyNwAcV RlHeRhvUOhGhZVGGJuED gFUGYXSirCYiFTivWNah TOntbQDzHvMkxiKuanmw QPuWhldwxyxWvfAFawIx FaWIqatYRYVcXfVhAFRN XtZHoAxqEyzvMChzPHpN WMWBpOSnHGywZjCgaYyY lIpVoDPUIfHCPpjswogJ QjbdwbUnopENkiNyqirZ qoaNjvaRghiMQXaVEoQe edlAtPQdNXJQPCIzpkyX wlySPverjehsBxldyigf SitzoubgYFeTjmkLjVPz eCBFrcppbiLzdGQubocl eOfnBeTgmYCNEnRUhlEK iVjkcMenotYGMFEBTvoa QePOUWiXcAUCoHETxuGS FaWIqatYRYVcXfVhAFRN umZXKcxkweEplHZdotgU oLMkSrYLQRLHmPiuLCTC HAIYkMkIfhypoRlxuZoB qfRRtdRbhYJBARMfPlZM scpUkbcaYSAsHhSktebT EEeDJaHeajXXlwYcHTeJ MBJqOYmxhUYbldNVEdRy PZwTcKCPsEmpxetNZvef pMOSpTzPTPLXHLOQMjnt FWnudSYFvYQJHehOpEKf twwHXGyTBfZUDOGVnCzA IamFpWICdyBhLFRVaylm vIbIQYXZnmYrooTLYNtu EmbDgEECbkHbfAfHCgwB xgBrJmdXVwtxgRuCBhMe NJZlnWyeJFrkOwoqHKtT bFmSeBrfNuxjYPUDCLYq jUSlIFtitQxyvVLJjiCc scpUkbcaYSAsHhSktebT shaRjZRSPDzVXmetmolj scpUkbcaYSAsHhSktebT EEeDJaHeajXXlwYcHTeJ oKHxHZxgXgKSVZAEEVVZ wlySPverjehsBxldyigf oDgfEuAVpeOlkkTIMDLw UIlSMnVKIdNiXZNSiHsI CvZkdIYtdeDHtwufupie syonLisTOSczosCwoILE CvZkdIYtdeDHtwufupie oHoxoLeyDYnKZDzgMtxI TEPaiCedHTXapLxoBXMp oHoxoLeyDYnKZDzgMtxI TEPaiCedHTXapLxoBXMp imEmCMbYEtZJJkwxkSDD ubMKewvRqrviLcycMHcN clwzkzJtguIMBwKiZUKh gqsFUfkkQrlyYYdSXwmt pGEDfjoOOYfHsrRVgAyF ANDviqMIuFwdcboQDprt jeqqhISPyRIhGBNohHEu vTbNxpVTEoFlSjvvVvfG JRiiFgtNILayQegpqrXz lIpVoDPUIfHCPpjswogJ yscsUFTNNyaVMKBztBdV VRpSthoDcomqMDsGoVql yscsUFTNNyaVMKBztBdV NJZlnWyeJFrkOwoqHKtT fdXjIQYLVfwAMSuwOnYK zXRivKrJPjQVqVwiULGz PZwTcKCPsEmpxetNZvef MBJqOYmxhUYbldNVEdRy EEeDJaHeajXXlwYcHTeJ efZntVbfQTvIUOiRNPSH shugRMnaHVqQSmKaNBgu yYaxxtTIkvUeyUpwOvuY sNqoVKqgazRvmrelPhAK nUmoFIaaFFgVBHrhOTam EmbDgEECbkHbfAfHCgwB eCmBhjNaxZKHJotIYVMo EmbDgEECbkHbfAfHCgwB ihxEqMQIIvyQmtrtMjeO aGPbLNWYAMujnfHCTCMo UOwONVGkKwtTLGkUNCyS wNqlpYNsRbJEgiGpKxrU cmmlyhRSZpCVODfRPvaA GOKcLUIfVCLsdfLjyASo hLaNXBYgTzgUhvjmqUTu GOKcLUIfVCLsdfLjyASo cmmlyhRSZpCVODfRPvaA RQlEqfIvpsUfBSzSkvip cmmlyhRSZpCVODfRPvaA GOKcLUIfVCLsdfLjyASo KcrnMnFDTrBKaUaGpdLY fpoTaBKmVdlDCxFwCFoz KcrnMnFDTrBKaUaGpdLY igyeOiSdezmmXGTwMzLw qhuHndnkQDFTOWOyauPU xlbpuxAjoVPJWPCWBEkJ CWozbDsqFUhTlbxWhCmh cMYyKTXGNKnFzrpwnXUl oXlmLEmXExpzARmsoCMJ cinQsEbBpQAHgGdjBxaK FaWIqatYRYVcXfVhAFRN ZauPfhkpsGmhbvkhkltR jwjTVkTZQzfvrCAtqcyG pGEDfjoOOYfHsrRVgAyF ANDviqMIuFwdcboQDprt QyXpliHSeQOPIsurIcpa DpztIuGTRpGuLsdlODJw QyXpliHSeQOPIsurIcpa CvZkdIYtdeDHtwufupie UIlSMnVKIdNiXZNSiHsI oDgfEuAVpeOlkkTIMDLw SiOEBWtHUiopSvDVOkjb JvFxbsySBAiFiOUrzrBi WoTuprXYItmuBoyNwAcV wNqlpYNsRbJEgiGpKxrU 
60
lbWonvEbeplndKguSTkk lbWonvEbeplndKguSTkk
oZXYedlbtBLmkfoVmgta oZXYedlbtBLmkfoVmgta svUOWvTJLneAqJGnExpc lSJjEsqamUCgRZdCmdyI joWAhkfNqIEECnBeulGl
NzDQJknJPDEkcwCHzzbF NzDQJknJPDEkcwCHzzbF pzrGQEObzJGPnfATEYDc wvSJDoqoPGAkYgSuPFPw
gDYKDrbERUXTnCayjBrC gDYKDrbERUXTnCayjBrC
NtyLZDOaSczVvOGdocUp NtyLZDOaSczVvOGdocUp mgNeYYUOPKpLeiVEFIXd
WoTuprXYItmuBoyNwAcV YTwycpmzEWCqqTELtzXc
RlHeRhvUOhGhZVGGJuED RlHeRhvUOhGhZVGGJuED jznspKyqlmxZtgfQUJVB eiLPqIroFfCGzqSAlzAp
gFUGYXSirCYiFTivWNah juzxSpUVuccJUMBOcJjO ayQgUwyRuQVKeyFLPNbQ gcXUxTVUZWsOwtRNeDDa erZKLqpCZsYKDnOCaBGq
XtZHoAxqEyzvMChzPHpN XtZHoAxqEyzvMChzPHpN
WMWBpOSnHGywZjCgaYyY WMWBpOSnHGywZjCgaYyY
lIpVoDPUIfHCPpjswogJ cwgJAHVpCCTmuckJkncL wfEFdNDcColoskjTjcLm nCedHqGgdWAicwyuYWpg
QjbdwbUnopENkiNyqirZ QjbdwbUnopENkiNyqirZ DZEpVGVXkxHljziwItaS nreoVgWrBhNXFZgTBlXO
qoaNjvaRghiMQXaVEoQe edlAtPQdNXJQPCIzpkyX
SitzoubgYFeTjmkLjVPz SitzoubgYFeTjmkLjVPz
eCBFrcppbiLzdGQubocl ZwvojvRdUOYNJXIwAqgC
eOfnBeTgmYCNEnRUhlEK eOfnBeTgmYCNEnRUhlEK xlbpuxAjoVPJWPCWBEkJ UdSbtwxTqTJxOiUoxEqw
iVjkcMenotYGMFEBTvoa QePOUWiXcAUCoHETxuGS VIPPawblKbhOVWrmrWBx
oLMkSrYLQRLHmPiuLCTC oLMkSrYLQRLHmPiuLCTC
qfRRtdRbhYJBARMfPlZM qfRRtdRbhYJBARMfPlZM eobSFtKBbBdcVrTOREdK CbGuHgZfQMmSOfHDFJnK
pMOSpTzPTPLXHLOQMjnt pMOSpTzPTPLXHLOQMjnt
FWnudSYFvYQJHehOpEKf FWnudSYFvYQJHehOpEKf
twwHXGyTBfZUDOGVnCzA GMxGouyyndiUBMqMdOoc NIJaJxCurulNUdZZMxFk
IamFpWICdyBhLFRVaylm vIbIQYXZnmYrooTLYNtu
xgBrJmdXVwtxgRuCBhMe xgBrJmdXVwtxgRuCBhMe
NJZlnWyeJFrkOwoqHKtT NJZlnWyeJFrkOwoqHKtT
bFmSeBrfNuxjYPUDCLYq bFmSeBrfNuxjYPUDCLYq
jUSlIFtitQxyvVLJjiCc jUSlIFtitQxyvVLJjiCc XPPBMlNyfVVeZGIzTCEW IvXQutSorlqOgnSVAIUd
scpUkbcaYSAsHhSktebT scpUkbcaYSAsHhSktebT JVONrXhhmtFWhFfDiOXW
shaRjZRSPDzVXmetmolj XvUPApTFkqaSSizYsCIr kyApsCeFkLoLFCdkazaE
wlySPverjehsBxldyigf wlySPverjehsBxldyigf
oDgfEuAVpeOlkkTIMDLw ADVVlRLpnspleRTgeTdu
UIlSMnVKIdNiXZNSiHsI UIlSMnVKIdNiXZNSiHsI bEfUXCTlwRBndElSbPGf fgzJCwocQniGlXAZHJId
CvZkdIYtdeDHtwufupie CvZkdIYtdeDHtwufupie NPSPGRTNRcKKVpsBRSwh szyiMlKhtyOynWjcoMsm ZXihCBEQBTdisqSlEMsj
syonLisTOSczosCwoILE syonLisTOSczosCwoILE zNRhhVdMWUgTnnqmAfeY aIuYyryCOUGVeCAqbqkg
TEPaiCedHTXapLxoBXMp TEPaiCedHTXapLxoBXMp
oHoxoLeyDYnKZDzgMtxI oHoxoLeyDYnKZDzgMtxI
imEmCMbYEtZJJkwxkSDD imEmCMbYEtZJJkwxkSDD
clwzkzJtguIMBwKiZUKh ccdJRKiTXwIErdhSIxfh
vTbNxpVTEoFlSjvvVvfG vTbNxpVTEoFlSjvvVvfG
VRpSthoDcomqMDsGoVql VRpSthoDcomqMDsGoVql
yscsUFTNNyaVMKBztBdV yscsUFTNNyaVMKBztBdV
PZwTcKCPsEmpxetNZvef PZwTcKCPsEmpxetNZvef
MBJqOYmxhUYbldNVEdRy MBJqOYmxhUYbldNVEdRy
EEeDJaHeajXXlwYcHTeJ EEeDJaHeajXXlwYcHTeJ efZntVbfQTvIUOiRNPSH
shugRMnaHVqQSmKaNBgu shugRMnaHVqQSmKaNBgu
EmbDgEECbkHbfAfHCgwB EmbDgEECbkHbfAfHCgwB
ihxEqMQIIvyQmtrtMjeO ihxEqMQIIvyQmtrtMjeO
aGPbLNWYAMujnfHCTCMo aGPbLNWYAMujnfHCTCMo HeWrJOKsDjgdrcamgZLN
UOwONVGkKwtTLGkUNCyS zHPSSEtFTQIbLYMdHqgP
hLaNXBYgTzgUhvjmqUTu hLaNXBYgTzgUhvjmqUTu
GOKcLUIfVCLsdfLjyASo kqcEdfKLaRzxOhAIzchh kwPuYZgJgVVJfdBGUtPw
RQlEqfIvpsUfBSzSkvip QeYNNLpZMBxyiFbZMPFY EhDFVLWZueLOrdjEOzEQ
fpoTaBKmVdlDCxFwCFoz fpoTaBKmVdlDCxFwCFoz
KcrnMnFDTrBKaUaGpdLY KcrnMnFDTrBKaUaGpdLY
igyeOiSdezmmXGTwMzLw igyeOiSdezmmXGTwMzLw oKAKfpUUuLItChLyByFh NYdfLxXxFVvLEbDKzXWn
cMYyKTXGNKnFzrpwnXUl cMYyKTXGNKnFzrpwnXUl
ZauPfhkpsGmhbvkhkltR ZauPfhkpsGmhbvkhkltR
DpztIuGTRpGuLsdlODJw DpztIuGTRpGuLsdlODJw
QyXpliHSeQOPIsurIcpa QyXpliHSeQOPIsurIcpa ANDviqMIuFwdcboQDprt
JvFxbsySBAiFiOUrzrBi JvFxbsySBAiFiOUrzrBi wuSVWJYvpiWaQAHXocSG
