oUyBZvEHNPOWtAsHANHU ikjgYLaZRolSrbIYyKBd tItiZloipgPmLuONrNnZ eqwycKZriorIAbsUBjxu VVzvLIOwARaWwhQTKPrx eqwycKZriorIAbsUBjxu tItiZloipgPmLuONrNnZ JKNUHFrXPStBWMuUOVkj QFaSXENOfunmdZIBqDsS UMfDYlvFlUVuogMRkWNG lPMfQyVLDIZczBuDgsVQ UMfDYlvFlUVuogMRkWNG QFaSXENOfunmdZIBqDsS JKNUHFrXPStBWMuUOVkj tItiZloipgPmLuONrNnZ ikjgYLaZRolSrbIYyKBd NBTlGJqSnWahMvuDlXAm rqqedkokePZFdhDbMNpX IUJDEWwYxhQimsCqnrFH rqqedkokePZFdhDbMNpX CcspnGXfrmzZRWjdMjLd XZRBuctXhYPbWardFSZS CcspnGXfrmzZRWjdMjLd rqqedkokePZFdhDbMNpX IuNNJvHSmYKpVBzmzuJX znYRMYifzQwyixuIXDnz IuNNJvHSmYKpVBzmzuJX fDAbzsYfiXDxOIsITcQl JGmrlhNqKarRJZMikIzR oUyBZvEHNPOWtAsHANHU ikjgYLaZRolSrbIYyKBd vUAlnOQiiNflifusqsxz eWVKeYegIFOJxvfRkjek vUAlnOQiiNflifusqsxz ikjgYLaZRolSrbIYyKBd NBTlGJqSnWahMvuDlXAm hpQFeVriPZmwKZcYFAWN NBTlGJqSnWahMvuDlXAm ikjgYLaZRolSrbIYyKBd tItiZloipgPmLuONrNnZ eqwycKZriorIAbsUBjxu hNRcEeFjmsmOnuOdNAXl eWGFHgdBASXJbxQbYrCG oUyBZvEHNPOWtAsHANHU 
20
oUyBZvEHNPOWtAsHANHU oUyBZvEHNPOWtAsHANHU
ikjgYLaZRolSrbIYyKBd CXrruomvXfADUrHxMwZi
tItiZloipgPmLuONrNnZ cAvnOxZJtanpVvcAxJHM
eqwycKZriorIAbsUBjxu eqwycKZriorIAbsUBjxu MeohNnftDTzllMTGwxnG
VVzvLIOwARaWwhQTKPrx VVzvLIOwARaWwhQTKPrx OWCblOtQanZakRLMqMxz
lPMfQyVLDIZczBuDgsVQ lPMfQyVLDIZczBuDgsVQ
UMfDYlvFlUVuogMRkWNG UMfDYlvFlUVuogMRkWNG
JKNUHFrXPStBWMuUOVkj JKNUHFrXPStBWMuUOVkj
IUJDEWwYxhQimsCqnrFH IUJDEWwYxhQimsCqnrFH
CcspnGXfrmzZRWjdMjLd CcspnGXfrmzZRWjdMjLd oMKDNkBacLxexXKHqXfF CCYBPFZgoOONzoEeTKzC PojKKQvEDmFOnJinujFi
XZRBuctXhYPbWardFSZS QMnEKXGwZYUlreveNjwA
znYRMYifzQwyixuIXDnz znYRMYifzQwyixuIXDnz
IuNNJvHSmYKpVBzmzuJX IuNNJvHSmYKpVBzmzuJX
fDAbzsYfiXDxOIsITcQl NVPacTSrBMpDkMBotiWB
JGmrlhNqKarRJZMikIzR gUlgGYCPZjsRiFLqnVun
eWVKeYegIFOJxvfRkjek eWVKeYegIFOJxvfRkjek
hpQFeVriPZmwKZcYFAWN hpQFeVriPZmwKZcYFAWN
NBTlGJqSnWahMvuDlXAm NBTlGJqSnWahMvuDlXAm
hNRcEeFjmsmOnuOdNAXl hNRcEeFjmsmOnuOdNAXl
eWGFHgdBASXJbxQbYrCG eWGFHgdBASXJbxQbYrCG
