Soda L49 L179 L75 L21 L115 L78 L116 L176 L147 L61 L68 L99 L27 L121 L52 L124 L101 L165 L9 L96 L142 L35 L178 L183 L157 L156 L120 L34 L146 L43 L132 L13 L32 L24 L186 L122 L193 L170 L93 L174 L42 L171 L103 L161 L86 L189 L129 L84 L32 L128 L32 L149 L67 L98 L4 L92 L109 L40 L122 L154 L8 L108 L62 L22 L14 L166 L163 L37 L90 Soda 
47
Soda L194 L22 L39 L89 L113 L85 L83 L167 L61 L130 L107 L125 L84 L50 L198 L158 L169 L145 L81 L143 L60 L117 L119
L49 L49 L150
L75 L75
L21 L21
L115 L115
L78 L69 L116 L44
L176 L176
L147 L97
L68 L68
L99 L99 L151 L5 L27
L121 L121
L52 L52
L124 L124
L101 L101 L168
L9 L9
L96 L25
L35 L35
L178 L192 L164
L157 L157
L156 L0 L190 L177
L34 L34
L146 L173 L172
L132 L132
L13 L13
L24 L24
L186 L186 L79
L193 L193
L174 L174
L42 L12 L11 L63 L135 L171 L23
L103 L103
L161 L86 L45 L102
L189 L189
L129 L74 L54 L43 L133
L32 L32
L128 L159 L188
L149 L149
L67 L67
L98 L98
L4 L4 L70
L92 L92
L122 L122
L108 L108
L62 L62 L76 L183 L114 L126
L14 L14
L166 L166 L93 L191 L163
L37 L37
L90 L90
