Soda location93 location98 location44 location17 location82 location43 location4 location23 location29 location16 location54 location7 location54 location34 location12 location32 location13 location3 location85 location37 location87 location12 location11 location45 location24 location46 location38 location46 location6 location26 location27 location81 location88 location19 location18 Soda 
26
Soda location40 location21 location34 location33 location48 location5 location31 location22 location49 location25 location30
location93 location41 location36
location44 location44
location17 location17
location43 location43
location4 location4 location2 location14 location20 location8
location29 location29
location16 location16
location7 location7
location54 location28 location39 location10
location12 location12
location32 location32 location15
location13 location13
location3 location3
location37 location37
location87 location47 location35
location11 location11
location45 location45 location1 location24
location46 location46
location38 location38 location23
location6 location6
location26 location26 location42
location27 location27
location81 location50
location19 location19
location18 location18 location9
