Soda location161 location10 location75 location174 location42 location49 location104 location189 location18 location133 location45 location50 location187 location132 location79 location14 location103 location77 location156 location72 location65 location182 location107 location26 location19 location22 location67 location60 location29 location154 location146 location66 location166 location91 location178 location6 location95 location145 location3 location44 location113 location96 location81 location57 location10 location3 location10 location23 location76 location129 location12 location131 location173 location69 location53 location9 location7 location11 Soda 
39
Soda location71 location61 location17 location97 location16 location73 location25 location28 location83 location93 location90 location84 location72 location33 location43 location59 location1
location161 location52
location75 location75
location174 location6
location49 location49
location104 location85
location18 location18
location133 location4
location50 location50
location187 location54 location63
location79 location79
location14 location14
location77 location77
location65 location65
location182 location46 location8
location26 location26
location19 location19 location64 location70 location13 location22
location67 location67
location60 location60 location45 location68 location100 location86 location78
location29 location29
location154 location5 location24 location47
location66 location66
location166 location82 location32 location74 location56 location80 location88 location27 location40 location55 location51
location91 location91
location178 location39 location38 location94 location35 location87 location20
location95 location95
location44 location44
location113 location34 location58 location31 location98 location15 location48 location37 location92 location21 location99 location62 location96
location81 location81
location57 location57
location10 location10
location3 location3 location36
location23 location23
location76 location76
location12 location12
location69 location69
location53 location53 location42 location2 location30 location9 location41 location89
location7 location7
location11 location11
