loc79 loc192 loc45 loc34 loc108 loc150 loc177 loc43 loc65 loc114 loc178 loc0 loc167 loc142 loc6 loc107 loc21 loc87 loc98 loc3 loc164 loc132 loc185 loc46 loc69 loc127 loc32 loc59 loc143 loc33 loc68 loc80 loc11 loc79 
24
loc79 loc118 loc191 loc9 loc180 loc90 loc154 loc134 loc6 loc69 loc26 loc96 loc159 loc111 loc170 loc148 loc8 loc130 loc187 loc121 loc30 loc41 loc54 loc2 loc171 loc17 loc189 loc60 loc0 loc25 loc66 loc155 loc173 loc124 loc128 loc36 loc174 loc153 loc133 loc181 loc110 loc73 loc44 loc16 loc113 loc176 loc58 loc52 loc122 loc48 loc40 loc78 loc146 loc115 loc109 loc18 loc14 loc158 loc94 loc70 loc196 loc145 loc131 loc186 loc76 loc19 loc162 loc45 loc50 loc152 loc160 loc83 loc62 loc106 loc91 loc120
loc192 loc4
loc34 loc34
loc150 loc150
loc177 loc64
loc43 loc43
loc114 loc114
loc178 loc92
loc167 loc167
loc142 loc142
loc107 loc107
loc87 loc87
loc98 loc98
loc3 loc3
loc164 loc164 loc132
loc185 loc185
loc46 loc89
loc127 loc127
loc32 loc140
loc59 loc59
loc33 loc33
loc68 loc68 loc97
loc80 loc80
loc11 loc11
