Jingzhou Fredericia CoonRapids Tabatinga Sarzedo Jeypore elCampello Khangarh Pundong Chambly Sapele Ermelo Kheri Wittenau TanahMerah NiagaraFalls AzZuwaytinah RioFormoso Ghugus Veenendaal Carmichael Crespo Falun Lysva Malnate Kabarnet Sanaa Kabarnet Tabatinga KrasnoyeSelo Kirovsk SmederevskaPalanka AbualMatamir SaintMichael Simmerath SaintMichael Frosinone Ronse Bejucal KrasnoyeSelo Tabatinga Colachel Carouge Carmichael Carouge Ouarzazat Ketrzyn SanJosedeOcoa Ketrzyn Ouarzazat Entroncamento TarguSecuiesc Jingzhou 
31
Fredericia Radnor
CoonRapids CoonRapids Sagalo
Sarzedo Sarzedo
Jeypore Jeypore
elCampello elCampello
Pundong Chegem Rembangan
Chambly Khabarovsk
Ermelo Ermelo
Kheri Kheri
Wittenau Tottori BurgbeiMagdeburg
TanahMerah TanahMerah Gangtok FortLauderdale
AzZuwaytinah AzZuwaytinah
RioFormoso RioFormoso
Ghugus Ghugus Manduria LondonderryCountyBor
Veenendaal Veenendaal Chittaranjan Depok Shizunaifurukawacho Rangae Ouarzazat Shumen Srinagar
Crespo Crespo
Lysva Lysva Shively Malnate
Sanaa Sanaa
Kabarnet Kabarnet
Kirovsk Kirovsk
SaintMichael SaintMichael
Ronse Ronse
Bejucal Bejucal Thamaga
Tabatinga Tabatinga
Colachel Colachel Ibri
Carmichael Carmichael
Carouge Carouge
SanJosedeOcoa SanJosedeOcoa
Ketrzyn Ketrzyn
Entroncamento Entroncamento
TarguSecuiesc JabalosSaraj BeneBeraq
