LesLilas Nahorkatiya Malpe Shimofurano PriegodeCordoba Bury Bhusaval Yafo Haora Kineshma SpanishTown Izhevsk KotRadhaKishan Naron Bishopstoke Manacapuru Korsakov Ipil HalfWayTree Wangon EastLongmeadow Gorgan NahiyatashShinafiyah Kambove Bourgoin CerroAzul Aringay AshtonunderLyne Aringay Winnipeg MadinatHamad Winnipeg Ranong SpanishTown CerroAzul Mabopane SouthSaintPaul Kemise Aracuai AinBessem Mondlo Karlsfeld Oerlinghausen Belalcazar Pezinok Mauban WestIslip Wachtberg Licata Escada Sorada Baramula Mabopane Khulm Anjarah Purnia Mocoa Shieli AramokoEkiti Mandan Battambang Mandan Cachan Gunzenhausen Hangu Gowurdak EastLongmeadow Mocoa FetestiGara Nahorkatiya Skelmersdale Vyazniki Skelmersdale Prostejov Johnston Sobue Botad Kineshma Botad Protaras SenadorPompeu Protaras Bourgoin Arzamas TagbilaranCity Nahorkatiya Skelmersdale Butuan SantanadoLivramento Kotka NoblePark Kotka Pinner Nagar Sasovo SanJuandelaMaguana Pozzuoli Fontem Hirosaki Gastonia Hirosaki Ibirataia Fontem LesLilas 
57
Nahorkatiya Garbsen
Malpe Khulm Itororo Shurugwi
PriegodeCordoba PriegodeCordoba
Bury Bury
Yafo Yafo
Haora Haora
Izhevsk Izhevsk
KotRadhaKishan KotRadhaKishan
Naron CapimGrosso Ontinyent Acarau Twante
Manacapuru Manacapuru
Korsakov Korsakov Lloydminster
Ipil Rivas Espiye Fuxin Acireale MineralnyeVody Mabopane Escada Wangon
HalfWayTree Sosnovka
Gorgan Gorgan
NahiyatashShinafiyah NahiyatashShinafiyah
Kambove Kambove Braila Turek ChalcodeDiazCovarrub Prostejov MonteAlegre
Bourgoin Morwa EastLongmeadow
AshtonunderLyne AshtonunderLyne
Aringay Kaifeng
MadinatHamad MadinatHamad
SpanishTown SpanishTown
Kemise Kemise
Aracuai Aracuai Zhaodong
AinBessem AinBessem Shchekino Langenhorn Kairouan Ortaca
Mondlo AinArnat
Oerlinghausen Oerlinghausen
Belalcazar Belalcazar
WestIslip WestIslip
Sorada Sorada
Baramula Baramula
Anjarah Anjarah
Shieli Shieli
Battambang Battambang
Gunzenhausen Gunzenhausen
Hangu Hangu Rhondda Vaniyambadi Gowurdak Daokou Wenchi
Mocoa Mocoa
FetestiGara FetestiGara Andrychow Embu PortoVelho
Vyazniki Vyazniki
Skelmersdale Skelmersdale SouthSaintPaul BlueIsland Tabou GuaMusang FortWorth
Johnston Johnston
Sobue Sobue
Kineshma Kineshma
SenadorPompeu SenadorPompeu
Protaras HaciendaLaCalera
Arzamas Arzamas
TagbilaranCity TagbilaranCity Shimofurano
Butuan Butuan
SantanadoLivramento SantanadoLivramento Angleton SaintCyrlEcole Pezinok
NoblePark NoblePark
Kotka Kotka
Nagar Nagar
Sasovo SenaMadureira
SanJuandelaMaguana SanJuandelaMaguana
Pozzuoli Pozzuoli Haripur VillaPauladeSarmient
Hirosaki Hirosaki
Gastonia Akcaabat
Ibirataia Ibirataia
