Kaimganj Isakogorka Vagonoremont Kawit Pilibhit Irvine Pilibhit Fagaras Pilibhit Norristown Brecht Tsirang MilpaAlta GobernadorGalvez Tocache Pinas Karasuyama Pinas Gobo Racine Gobo Malaybalay Yucheng Tsukawaki Yucheng Korolev Fandriana Tocache Kansk EncarnaciondeDiaz Mesa Leixlip Kawit Novopokrovskaya Luckenwalde Providence Kaimganj 
19
Isakogorka Isakogorka Korolev
Vagonoremont Albi
Irvine Irvine
Pilibhit Pilibhit
Fagaras Fagaras
Brecht Brecht
Tsirang Tsirang
MilpaAlta MilpaAlta PinhalNovo MontecatiniTerme Anahuac
GobernadorGalvez GobernadorGalvez Narangba
Karasuyama Karasuyama
Racine Racine
Gobo Gobo
Tsukawaki Tsukawaki
Yucheng Yucheng
Fandriana Fandriana
Tocache Tocache
EncarnaciondeDiaz EncarnaciondeDiaz
Leixlip Leixlip Dankov
Novopokrovskaya Novopokrovskaya
