2 65 77 154 155 107 111 20 103 42 47 192 119 128 157 26 145 97 135 197 113 163 155 22 38 15 17 141 36 123 43 18 190 33 95 115 71 84 105 10 39 110 127 4 123 171 136 184 177 93 158 13 181 169 9 16 11 195 170 158 81 74 193 158 31 86 143 166 87 105 99 67 174 125 108 50 101 124 109 88 109 175 186 53 12 114 140 91 140 40 189 66 73 49 179 189 45 189 68 57 75 63 35 27 131 27 76 161 76 2 
63
2 19 69 79 83 89 133 137 163
65 65 1
107 107
111 111
103 103 85
47 47
192 3 5 25 129 173
119 119 77 153 159 187 191
128 185
157 157
26 21
145 145 167
197 197
113 113 135
155 155
38 117
15 15
17 17 87 139 151 199
141 141
36 59
43 43
190 41
33 33 97
95 95
115 115
71 71
84 61
39 39
110 7 183
127 127
171 171
177 177
93 93 51 147 149
13 13
181 181 165
169 169 23
9 9 55 67
11 11 57
195 195
81 81
193 193
31 31
143 143
166 37 121
105 105
99 99
125 125
101 101
124 123
109 109
175 175
53 53
91 91
73 73
49 49
179 179
45 45
189 189
75 75
63 63 35
131 131
27 27
161 161 29
