S 1M 1Af 1Ab 1Af 1M 1Ca 1Cb 1Cc 1Cd 1Cc 1Cb 1Ca 1M S 2M 2Ca 2Cb 2Cc 2Cd 2Cc 2Cb 2Ca 2M 2Af 2Ab 2Af 2M S 1M 1Af 1Ag 1Ah 1Ag 1Af 1M S 2M 2Af 2Ag 2Ah 2Ag 2Af 2M 2Bf 2Bi 2Bf 2M S 1M 1Ba 1Bb 1Ba 1Bf 1Bi 1Bf 1M S 2M 2Ea 2Ed 2Ek 2Ed 2Ea 2Ec 2Ea 2M S 1M 1Ea 1Ec 1Ei 1Ec 1Ea 1Ed 1Ea 1M S 2M 2Da 2Dd 2Da 2M S 1M 1Fa 1Fe 1Fa 1M S 2M 2Fa 2Fe 2Fa 2M S 
32
1M 1Aa
1Ab 1Ab 1Ac 1Ad 1Ae
1Cd 1Cd
1Cc 1Cc
1Cb 1Cb
1Ca 1Ca
2Cd 2Cd
2Cc 2Cc
2Cb 2Cb
2Ca 2Ca
2M 2Aa
2Ab 2Ab 2Ac 2Ad 2Ae
1Ah 1Ah
1Ag 1Ag 1Ai 1Aj
2Ah 2Ah
2Ag 2Ag 2Ai 2Aj
2Bi 2Bi
2Bf 2Bf 2Bj
1Bb 1Bb
1Bi 1Bi
1Bf 1Bf 1Bj
2Ek 2Ek
2Ea 2Ee
2Ec 2Eh 2Ei
1Ei 1Ei
1Ec 1Eh
1Ea 1Ee
1Ed 1Ek
2Dd 2Dd
2Da 2De
1Fe 1Fe
2Fe 2Fe
