0 1 6 11 16 21 26 32 31 37 36 42 41 46 51 57 56 61 66 71 76 81 87 86 92 91 96 101 106 112 111 114 111 116 121 127 126 131 136 141 146 151 156 162 161 167 166 171 176 181 186 192 191 196 197 198 0 
49
1 3
6 7
11 14 13 12
16 17 19
21 24 22 25
26 30 27 29
32 32 33
31 35 34
37 38
36 39
42 42
41 44
46 48 47
51 53 52
57 58
56 60 59
61 63 65 64 62
66 70 68
71 73 72 75 74
76 78 79 80
81 83 84 82
87 87
86 90
92 93
91 95 94
96 100 99 98 97
101 105 103 102 104
106 109 107 112 108
114 114
111 113
116 118
121 122
127 127
126 130 129 128
131 135
136 137 139 140 138
141 144 143 145 142
146 149
151 155 152 153
156 159
162 162
161 163 164 165
166 169 170
171 173
176 180 179
181 183 184 185
186 189 187
192 192
191 193 195
