BY5DUgv6 sR6JAufL vVYZOPt6 kkvcm3Qd c9Hgvc9w q1vN3eei FPDwKJIj Ym8LPSnY 8KVhuJvd OpfVa1HT 0zB29H2A R4zDiMu3 ucMA0iSv Y93BYexY yYTqCbSD 7CrB3pCm tDh0gTYH xTHVuNZl yqX5KOVJ KuVHgP1J Pi99fmGL KJQpAqYk FSF4Na2U w3Radp7c ayFODfwg S9dNuWxm rGjz0gOd AMieum8U rGjz0gOd S9dNuWxm ayFODfwg w3Radp7c FSF4Na2U KJQpAqYk Pi99fmGL KuVHgP1J yqX5KOVJ xTHVuNZl tDh0gTYH 7CrB3pCm yYTqCbSD 7CrB3pCm tDh0gTYH xTHVuNZl yqX5KOVJ KuVHgP1J Pi99fmGL KJQpAqYk FSF4Na2U w3Radp7c ayFODfwg S9dNuWxm NL9qZEp0 UmgiH1K9 iT0t8noc HXMHfRTC 9IHe97Yy 87yhsuRE HEJxX3gA m0ciW6Mx 1cr6aFpX 8ni5D4t7 WlxPulQd JMul31yq 7IV7YjRX UQ4QaUHy Af1jBIly 2mQchaeu B0wYReom 6GJHoNdy xULc5Xg4 1aJdK4y9 K3J88UDV 6nj6dyOK gbolqDJc o1w8sSXK gbolqDJc 6nj6dyOK K3J88UDV 1aJdK4y9 xULc5Xg4 2og9s1wD sR6JAufL BY5DUgv6 
32
BY5DUgv6 gd207oOq
sR6JAufL sR6JAufL 8e8OWOIi
c9Hgvc9w c9Hgvc9w
q1vN3eei q1vN3eei
FPDwKJIj FPDwKJIj
OpfVa1HT OpfVa1HT
0zB29H2A 0zB29H2A
R4zDiMu3 R4zDiMu3 ucMA0iSv
AMieum8U AMieum8U
rGjz0gOd rGjz0gOd
S9dNuWxm S9dNuWxm
ayFODfwg ayFODfwg
yqX5KOVJ yqX5KOVJ
xTHVuNZl xTHVuNZl
tDh0gTYH tDh0gTYH
NL9qZEp0 NL9qZEp0
UmgiH1K9 UmgiH1K9
iT0t8noc iT0t8noc
9IHe97Yy 9IHe97Yy
HEJxX3gA HEJxX3gA
m0ciW6Mx QeSUIsQ1
1cr6aFpX 1cr6aFpX PagRRYIg
7IV7YjRX 7IV7YjRX
UQ4QaUHy 8tOszPqV rZiSDNtK Rv8rDvqp JMul31yq H2BV5cDz nKZTEeUl g5YhtPSt 8ni5D4t7 aPSEsY2w CrvusN6e lvlSObqb hc6YxxqG WlxPulQd
Af1jBIly Af1jBIly
2mQchaeu 2mQchaeu B0wYReom
o1w8sSXK o1w8sSXK
gbolqDJc gbolqDJc
6nj6dyOK 6nj6dyOK UfRMeyI7
K3J88UDV K3J88UDV
1aJdK4y9 1aJdK4y9
xULc5Xg4 xULc5Xg4 mXjWiYol
