ZtfcEeD9 lwKMUcFL lWuh5cH8 uEOMgmS6 bKTzHQn4 TNblhkGK WOQy49Fo TNblhkGK bKTzHQn4 uEOMgmS6 lWuh5cH8 SUGv8yIU REvLgkhf X4DALK1Z Rd2M5nw8 OJgw7XgR wusYsf5E U7cZo0h2 Zy3im4wi L5pBwvut FGbFUcoj poaWnZDO 80BwLCcj kTn5Wdms X4DALK1Z Rd2M5nw8 X4DALK1Z REvLgkhf SUGv8yIU Ah46Ofm8 O5yBujnu WvzZeqnS IdGLl1to PMzcqvQL W7b2i2pG BkhTgoaJ CIF8DWXL FgxkC8N1 MeetuZNx Q6NMHx0B 04vrMVdi c6ZWTltk L5pBwvut 3L2NkWiR zpLQ0R0G RleTQaHw zpLQ0R0G RleTQaHw oECxPSEB dB8nWjnw eF0ueRyu qtXV58SN VqqukjeY ntaFp6yn VqqukjeY qtXV58SN eF0ueRyu dB8nWjnw 1gtWVzKV xkCjqYXa 6dJ0UicP aZcuESum CGddIqkC UiMRtBop CGddIqkC tHTE6eug n7VUygaC 2KepLMXB APMxsbBa d4U8kEOb 3MYamZSb cZyhnB0I 3MYamZSb d4U8kEOb APMxsbBa 2KepLMXB Ah46Ofm8 fa3ra0T7 GZiGmLq9 FdbcCrtB GZiGmLq9 fa3ra0T7 GZiGmLq9 FdbcCrtB PLFYaVF6 qnVestAH NgGjr3Ik OEs82oEQ sAdwIwgI EJI0xPm2 1dr1nBQ7 ijk5cHsH 1dr1nBQ7 ijk5cHsH 8LVjFaQv RGBDWX4o 97y3ut3B d5gzYuse LvdUl8D5 J2tz5Jy2 8Rfeklr1 eFJgi8X6 sFR9mcaG eFJgi8X6 8Rfeklr1 J2tz5Jy2 LvdUl8D5 d5gzYuse 97y3ut3B 7P5zi9hu yRH0nOtz bJ22zvWV yRH0nOtz 7P5zi9hu 97y3ut3B RGBDWX4o 8LVjFaQv RGBDWX4o 97y3ut3B d5gzYuse nFqouQp3 6MPulFAv 4pgwpiHi CxnbNU8s eJJL3lWa YWqBlkAs 43ehQX6O zvH4AKmS gmal2HHS kMauNR5Y iF2sCG7R h4MzKYRp aACN5TTZ EB4WBsTV ca785uLx mrK2EXuk ZmF2u9Cy uMuBYvMK SdpsKJEm P0hOEoLv svPb07cv y7NjqOqM CBKWpDQv gX4kBNm4 JqKGA9ul AmaYXBsi NpH6Hpsr jKNn1ZQ1 NpH6Hpsr AmaYXBsi 0MyIUMFM n0riP8Jl w0QWGw2L xI4hMIxA v654W2Kr NSdaWdL7 VDai7XkI Pz0LLMil VDai7XkI NBKhkccj oqraQ3aF yWlzbESz CIF8DWXL BkhTgoaJ W7b2i2pG PMzcqvQL IdGLl1to WvzZeqnS O5yBujnu v654W2Kr xI4hMIxA w0QWGw2L n0riP8Jl 9OV097CE hBRDGWam 9OV097CE jc6bXCnq uMuBYvMK SdpsKJEm P0hOEoLv svPb07cv y7NjqOqM CBKWpDQv gX4kBNm4 JqKGA9ul gX4kBNm4 CBKWpDQv y7NjqOqM WOCLylig ZmF2u9Cy mrK2EXuk ca785uLx EB4WBsTV aACN5TTZ VDai7XkI 7Xy44hse mSd4Nw6v 9FVeC0va ciNFdHxl b850DFfF u2ZI4Bp6 KcGXxWyr u2ZI4Bp6 b850DFfF ciNFdHxl 9FVeC0va mSd4Nw6v 7Xy44hse YXHt7Frx T2a0VXcz JfDq1Cs2 m9MRh7a0 91Uq51QB 7czjmzr9 n7cwD1GE SG64DwCC rbWYBihd nFqouQp3 xzWL2Pp8 IZjIq9He RjDUex61 IZjIq9He xzWL2Pp8 IZjIq9He RjDUex61 lqKnzPvP ZS8CQaI7 EEVF7P1A R2FCohpD wd6UNY9N 12RjOKOH 62Mn9lau o4xf7nVd BOlNhFGU gKOyNQPh aWGQETjI mlHu9OVg EAWv9kfQ mlHu9OVg aWGQETjI gKOyNQPh 4pgwpiHi miUcr0K7 eHAI1Emd 8avKqSxh ZCQYXo7t FgxkC8N1 CIF8DWXL yWlzbESz oqraQ3aF NBKhkccj rbWYBihd nFqouQp3 6MPulFAv ZtfcEeD9 lwKMUcFL lWuh5cH8 uEOMgmS6 7VEdC8Bn KZzTlcqA KbQF6Z1I VgwgAKMz FqE4GP0Y Wznv2rRv tKnzhLx5 pDb2VAD0 SqpsWXRw NvpMZWSs yptfWPBC aDGqWHym yptfWPBC NvpMZWSs SqpsWXRw pDb2VAD0 tKnzhLx5 Wznv2rRv FqE4GP0Y VgwgAKMz KbQF6Z1I KZzTlcqA 7VEdC8Bn uEOMgmS6 lWuh5cH8 lwKMUcFL ZtfcEeD9 
90
ZtfcEeD9 ZtfcEeD9
lWuh5cH8 lWuh5cH8
TNblhkGK TNblhkGK
WOQy49Fo Fj27Gybu
OJgw7XgR OJgw7XgR
wusYsf5E wusYsf5E
U7cZo0h2 U7cZo0h2
FGbFUcoj FGbFUcoj
poaWnZDO poaWnZDO
kTn5Wdms kTn5Wdms xRPgtW5C
Rd2M5nw8 Rd2M5nw8
X4DALK1Z X4DALK1Z
O5yBujnu O5yBujnu
IdGLl1to IdGLl1to
PMzcqvQL PMzcqvQL
W7b2i2pG W7b2i2pG aSd01nMZ
CIF8DWXL CIF8DWXL
04vrMVdi 04vrMVdi
RleTQaHw RleTQaHw
zpLQ0R0G zpLQ0R0G
eF0ueRyu eF0ueRyu
ntaFp6yn ntaFp6yn
1gtWVzKV 1gtWVzKV
CGddIqkC CGddIqkC
2KepLMXB 2KepLMXB
3MYamZSb 3MYamZSb
FdbcCrtB FdbcCrtB
fa3ra0T7 fa3ra0T7
PLFYaVF6 PLFYaVF6
qnVestAH qnVestAH
ijk5cHsH ijk5cHsH
1dr1nBQ7 1dr1nBQ7
sFR9mcaG sFR9mcaG
eFJgi8X6 eFJgi8X6
8Rfeklr1 8Rfeklr1
J2tz5Jy2 J2tz5Jy2
bJ22zvWV bJ22zvWV
yRH0nOtz yRH0nOtz
7P5zi9hu 7P5zi9hu Tb8W969R
8LVjFaQv 8LVjFaQv
d5gzYuse d5gzYuse LvdUl8D5
nFqouQp3 nFqouQp3 tCAdUY4B Q7hUKAHQ
CxnbNU8s CxnbNU8s
YWqBlkAs YWqBlkAs
43ehQX6O 43ehQX6O
zvH4AKmS zvH4AKmS
gmal2HHS kMauNR5Y
uMuBYvMK uMuBYvMK
svPb07cv svPb07cv
y7NjqOqM y7NjqOqM CBKWpDQv
jKNn1ZQ1 jKNn1ZQ1
NpH6Hpsr NpH6Hpsr
AmaYXBsi AmaYXBsi
0MyIUMFM 0MyIUMFM
w0QWGw2L w0QWGw2L
NSdaWdL7 NSdaWdL7 dzvtjag1
Pz0LLMil Pz0LLMil
hBRDGWam hBRDGWam
gX4kBNm4 gX4kBNm4
WOCLylig WOCLylig
mrK2EXuk mrK2EXuk
ca785uLx ca785uLx
EB4WBsTV EB4WBsTV
7Xy44hse 7Xy44hse
mSd4Nw6v mSd4Nw6v
ciNFdHxl ciNFdHxl
JfDq1Cs2 JfDq1Cs2
m9MRh7a0 91Uq51QB
SG64DwCC SG64DwCC
rbWYBihd rbWYBihd
RjDUex61 RjDUex61
xzWL2Pp8 xzWL2Pp8 B65DnegI
lqKnzPvP lqKnzPvP
ZS8CQaI7 ZS8CQaI7
62Mn9lau 62Mn9lau
o4xf7nVd o4xf7nVd
BOlNhFGU BOlNhFGU
gKOyNQPh gKOyNQPh
aWGQETjI aWGQETjI
mlHu9OVg mlHu9OVg
EAWv9kfQ EAWv9kfQ wZJN4OBT
miUcr0K7 miUcr0K7
8avKqSxh 8avKqSxh
aDGqWHym aDGqWHym
yptfWPBC yptfWPBC
NvpMZWSs HTyyntxa
Wznv2rRv Wznv2rRv
FqE4GP0Y FqE4GP0Y
VgwgAKMz VgwgAKMz
KZzTlcqA KZzTlcqA
