93 131 33 122 3 156 51 127 166 19 56 174 147 121 49 73 52 71 20 83 54 72 92 54 4 24 87 136 76 164 170 130 47 91 110 48 177 126 98 126 89 150 154 5 43 65 66 11 99 11 155 124 158 129 131 38 113 89 168 160 143 165 117 77 155 88 32 27 129 146 70 62 18 94 46 94 18 93 
46
93 2 14 26 34 39 40 53 57 61 64 81 82 84 86 90 105 111 115 116 119 136 137 140 141 147 151 161 163 171 176 177
131 131 1 63
122 122
51 51
166 19
56 56
174 174 108 125
121 121
49 49
52 52
71 36 67 79 109
20 20 101 169
72 72
92 91 95
54 47
4 4
24 24
87 87
76 76
170 170
130 130 75
110 110
98 98
154 154
5 73
65 65
66 66
99 99
124 124
158 172
38 38
113 102
168 168
143 143
165 165 43
117 117
77 77
155 155
27 27
129 129 74
146 146
70 70
62 62
46 46
94 80
18 18 138 157
