Dannemora Fabius Glenwood Delevan Dansville Delanson Nyack Herkimer Fayetteville Harbor Hewlett Fleischmanns Hamburg Wantagh Delmar Germantown Deferiet Dansville Delanson Deer Florida Goshen Fire Earlville Heuvelton Fairview Hewlett Harbor Fredonia Depauville Odessa Frewsburg Highland Norwood Fairport Norwood Franklin Haviland Glenwood Ghent Freeport Oceanside Gasport Oceanside Flower Herricks Flower Northville Granville Forestville Granville Northville Glenwood Delevan Galeville Fishkill Mills Fabius Norwich Odessa Hannibal Gardiner Falconer Gardiner Fulton Fairport Geneva Hancock Freeville Farnham Highland Farnham Freeville Norwich Fabius Fonda Freeport Fonda Hempstead Dexter Fairmount DeRuyter Hamburg Hillburn Ghent Hillburn Hamburg Dannemora 
38
Fabius Fabius
Delevan Delevan Dansville
Fayetteville Fayetteville
Fleischmanns Fleischmanns
Delmar Delmar
Germantown Germantown Deferiet
Delanson Delanson
Deer Deer
Florida Florida
Goshen Flanders Frankfort
Fire Fire
Earlville Earlville Deposit Firthcliffe
Fredonia Fredonia
Depauville Depauville
Frewsburg Frewsburg Dunkirk
Fairport Fairport
Franklin Franklin Delhi
Haviland Fishers
Gasport Gasport
Oceanside Fair
Flower Flower
Herricks Depew
Forestville Forestville
Galeville Galeville
Fishkill Fishkill Davis
Mills Fairview
Falconer Falconer
Gardiner Gardiner Friendship Fulton
Geneva Geneva
Farnham Farnham
Highland Farmingville
Freeville Freeville
Norwich Forest Franklinville
Freeport Freeport
Fonda Fonda
Fairmount Fairmount
DeRuyter DeRuyter Dexter
Ghent Ghent
