Acton Carlsbad Bellflower Georgetown Avery Chowchilla Benicia Beaumont Copperopolis Cloverdale Altadena Foresthill Covelo Farmersville Delhi Fremont Concow Carrick Concow Fremont Delhi Farmersville Covelo Cartago Bodfish Cotati August Clio Claremont Encinitas Canyondam Fontana Alpine Fillmore Cobb Cabazon Crockett Calipatria Escalon Alpaugh Bell Cerritos Bluewater Cerritos Broadmoor Amesti Coachella Campbell Arnold Dublin Denair Banning Dinuba Bayview Albany Bayview Angwin Bolinas Bellflower Georgetown Avery Cherryland Cambria Cayucos Cambria Alhambra Brawley Eureka Brawley Biggs Fowler Coronado Boron Dorris Dorrington Commerce Darwin Caruthers Freedom Carmichael Duarte Fullerton Avery Chowchilla Avenal Fruitdale Escondido Atwater Escondido Fruitdale Byron Colton Cutten Biola Arbuckle Biola Brentwood Diablo Clayton Alhambra Cambria Cayucos Arvin Bishop Carson Fallbrook Farmington Compton Bowles Buttonwillow Bystrom Anaheim Dunsmuir Corona Calexico Blairsden Calexico Florin Friant Bloomington Carson Bishop Brea Azusa Beckwourth Boronda Davis Calimesa Burbank Camarillo Clovis Fellows Byron Fruitdale Bishop Clearlake Cobb Barstow Capitola Delleker Corning Burbank Arcadia Belvedere Bonita Fallbrook Biggs Brawley Columbia Avalon Columbia Brawley Corning Burbank Brisbane Dublin Arnold Bradley Caruthers Bradley Caruthers Covelo Farmersville Atascadero Bonsall Clyde Boronda Buttonwillow Corona Auberry Corona Calexico Cromberg Cobb Esparto Blythe Danville Armona Berkeley Armona Encinitas Canyondam Bakersfield Copperopolis Beaumont Benicia Alpaugh Carlsbad Acton 
75
Carlsbad Carlsbad
Bellflower Bellflower
Georgetown Adelanto
Avery Avery Brea
Chowchilla Avenal
Altadena Altadena
Carrick Carrick Alameda
Bodfish Bodfish
August August
Clio Arcadia
Canyondam Canyondam Bakersfield
Fontana Alpine
Cabazon Cabazon
Calipatria Calipatria
Alpaugh Alpaugh
Bell Bell
Cerritos Cerritos Anderson Aptos Broadmoor
Bluewater Bluewater Cartago
Amesti Amesti
Campbell Campbell
Arnold Arnold
Banning Banning Alamo
Albany Albany
Bayview Bayview
Angwin Angwin Atascadero
Bolinas Bolinas
Cayucos Cayucos
Cambria Cambria
Alhambra Alhambra Ashland Belden Burlingame
Brawley Brawley Almanor
Eureka Caribou
Boron Boron
Dorrington Castroville
Commerce Atherton
Carmichael Carmichael
Atwater Atwater
Arbuckle Arbuckle
Biola Biola
Brentwood Brentwood Calabasas
Clayton Arcata
Arvin Arvin
Bishop Bishop
Carson Carson Antioch Calwa
Fallbrook Artesia Biggs
Bowles Bowles
Buttonwillow Buttonwillow
Bystrom Bystrom Aromas
Anaheim Anaheim Calistoga
Blairsden Blairsden
Calexico Calexico
Florin Alturas Bootjack
Bloomington Bloomington Ceres
Azusa Azusa
Beckwourth Beckwourth
Boronda Boronda
Davis Calimesa
Camarillo Camarillo
Fellows Bradbury Burney Byron
Barstow Barstow
Capitola Capitola
Belvedere Belvedere
Bonita Bonita
Avalon Avalon
Columbia Carpinteria
Burbank Burbank
Brisbane Brisbane Belmont
Caruthers Caruthers
Bradley Bradley
Bonsall Bonsall
Auberry Auberry
Blythe Blythe
Armona Armona
Berkeley Berkeley Auburn
Beaumont Beaumont
Benicia Benicia
