Acadia Guadalupe Sequoia Guadalupe Isle Lassen Smoky Lassen Isle Teton Gateway Channel Cuyahoga Clark Badlands Crater Indiana Joshua Rocky Biscayne Rocky Caverns Everglades Mammoth Everglades Katmai Denali Teddy Cascades Canyonlands Brycecanyon Glacier Gunnison Tortugas Acadia 
19
Acadia Capitol
Guadalupe Guadalupe
Sequoia Arches
Smoky Smoky
Isle Isle Brycecanyon Teton
Gateway Gateway
Channel Channel
Cuyahoga Cuyahoga Congaree
Clark Badlands
Indiana Indiana
Rocky Caverns Crater
Biscayne Biscayne
Everglades Everglades
Denali Denali
Teddy Haleakala
Cascades Canyonlands
Glacier Glacier
Gunnison Gunnison Basin
Tortugas Tortugas Bend
