6 5 6 13 20 27 34 41 48 55 62 61 59 61 62 55 48 41 34 27 20 13 12 13 20 27 34 41 48 47 44 47 48 55 54 52 54 55 53 49 53 55 62 69 76 75 73 75 76 69 67 69 76 83 82 79 82 83 90 97 96 97 90 83 76 69 68 65 68 69 76 83 81 78 81 83 76 69 62 60 56 60 62 55 48 41 34 33 31 33 34 41 48 55 62 69 76 74 71 74 76 69 62 55 48 41 34 32 29 32 34 41 39 35 39 41 34 27 20 18 14 18 20 27 25 21 25 27 26 24 26 27 20 13 6 97 95 92 95 97 6 13 11 8 11 13 6 97 90 88 84 88 90 97 6 
38
6 6 4
5 2
59 59
48 48 46
41 41
34 34
12 9
44 44
52 52
54 54
49 49
73 73
75 75
67 67 63
79 79
82 82
90 90
96 94
65 65
78 78
56 56
60 60
31 31
71 71
29 29
35 35
39 39
14 14
18 18 15
21 21
25 25
24 24
92 92
95 95
8 8
11 11
84 84
88 88
