6 5 6 13 20 27 34 41 48 55 62 69 76 83 81 77 81 83 76 69 62 55 48 41 34 27 20 13 12 13 20 27 34 41 48 55 62 69 76 83 82 80 82 83 90 89 87 89 90 97 104 111 118 125 132 139 146 153 160 167 174 181 188 195 193 195 6 13 20 27 34 41 48 55 62 69 67 64 67 69 76 83 90 97 95 91 95 97 104 103 101 103 104 97 96 94 96 97 90 83 76 69 62 55 54 51 54 55 62 69 76 83 90 97 104 111 118 116 112 116 118 111 109 106 109 111 118 125 123 120 123 125 118 117 115 117 118 125 132 130 126 130 132 139 138 136 138 139 146 153 160 167 174 181 188 195 6 13 20 27 34 41 48 55 53 50 53 55 62 69 76 83 90 97 104 111 118 125 124 122 124 125 132 131 128 131 132 139 146 144 140 144 146 139 137 134 137 139 146 153 160 167 174 181 188 195 6 13 20 27 34 41 48 47 44 47 48 41 40 38 40 41 34 27 20 13 6 195 188 181 174 167 160 153 151 148 151 153 160 167 174 181 188 195 6 13 20 27 34 41 48 46 43 46 48 41 34 27 20 13 6 195 188 181 174 167 160 153 146 145 142 145 146 153 160 167 174 172 169 172 174 181 188 195 6 13 20 27 34 33 31 33 34 27 20 13 6 195 188 181 174 167 160 158 155 158 160 153 152 149 152 153 160 167 174 181 188 195 6 13 20 19 17 19 20 13 6 195 188 187 184 187 188 181 174 167 165 161 165 167 174 181 188 195 6 13 20 27 25 22 25 27 20 13 6 195 188 181 180 177 180 181 188 195 6 4 1 4 6 195 188 186 182 186 188 195 6 
73
6 6
5 2
77 77
83 83
76 76 74 75
69 69
62 62 61 60
41 41 39
34 32
27 27
20 18
13 11
12 12 10
80 80
87 87
90 90 88
111 110
160 160
167 166
174 174
181 181 179
195 194
193 189 190
64 64
91 91
101 101
103 103 100
94 94
96 96
51 51
112 112
116 116
106 106
109 105
120 120
115 115
126 126
136 136
50 50
53 53
122 122
124 124
128 128
131 129
140 140
134 134
137 133
44 44
47 47
38 38
148 148
43 43
142 142
145 145
169 169
172 172
31 31
33 30
155 155
158 154
149 149
152 150
17 17
19 19
184 184
161 161
165 165
22 22
25 25
177 177
1 1
182 182
186 186
