0 20 188 94 185 144 158 137 135 83 87 76 95 74 77 55 64 82 41 80 70 71 73 52 64 32 27 14 24 35 23 0 
21
0 3 4 6 8 11 12 13 15 17 19 22 24 26 28 31 33 36 40 43 45 46 47 51 54 56 57 58 62 63 66 75 84 85 89 90 91 92 104 105 107 111 112 115 119 123 124 126 132 138 139 143 147 148 149 150 151 155 156 157 159 161 162 167 168 171 172 173 174 175 178 180 184 186 192 193 196
20 20 30
188 188
94 94
185 185
158 158
137 137
135 135
83 114
87 87
76 76
95 95
77 77
55 55
82 82
80 80
73 73
52 52
64 64
27 27
35 35
