pace shiver shy market mystery enter mystery chair mystery stress prison solve winner solve prison dialogue guarantee king banana judicial glasses coast stress linger stress physics bitter respect enhance thumb output circulation interactive throne approval other due seize sunrise title sunrise deposit swear financial voice financial swear tablet gallon tablet cigarette demand joint dip exclusive class disclose skeleton understand paper deposit honor injury audience respect financial discriminate lake discriminate financial voice pace 
35
shiver headline page likely
shy shy nationalist
enter enter
mystery mystery
chair brake
winner winner
solve tolerate
prison prison
dialogue tool
guarantee guarantee buffet
king king
banana figure thumb sign
glasses glasses autonomy
linger linger
bitter bitter rob legislation
enhance enhance dough
output output
circulation circulation
throne throne imposter vegetarian quality
other other
due seize
title title
sunrise sunrise
swear swear
financial financial
voice voice
tablet tablet
cigarette cigarette
demand demand pain
dip dip
exclusive exclusive class
paper paper
honor honor
injury injury
lake lake
