pace market vegetarian linger decisive tolerate expression assignment winner virgin blonde native development exempt dramatic opposed dramatic exempt development native paper autonomy paper viable likely other shy gate identity deter terms deter note tablet imposter quadruple ask enemy control beg ex beg control enemy illusion tolerate injury demand feature quiet speaker sign bleed pier gallon profound coast swear coast profound view king sign speaker due title mystery driver banana widen error home dialogue rage bitter certain due ignore due certain scheme brake nationalist swop electronics coast lifestyle cotton lifestyle election mixture mercy science begin science blonde pipe assume railcar tool railcar confrontation development native blonde science enter offset chew curriculum bleed sign speaker due ignore shiver structure respect throne country prison flag home error shy gate ladder separate page deposit joystick guarantee pardon chair pardon guarantee joystick bowel joystick guarantee joystick swop pier bleed smile drawer smile bleed pier approval rent approval circulation stress enemy illusion joint single shy gate identity pier bleed environment interface environment bleed sign speaker pace 
73
pace pace
market market
vegetarian exclusive exile
linger dough physics
assignment assignment
virgin virgin
blonde pipe
native native mature
development development skeleton
exempt exempt
opposed dip
autonomy autonomy
viable viable atmosphere
likely likely comfortable
other other
shy triple
identity identity coincide straighten
deter deter note
terms thumb
tablet tablet
imposter imposter
quadruple quadruple
ask ask candle
enemy enemy stress
control control
ex teacher
injury injury
feature feature
speaker audience
bleed spoil knot
pier pig interactive
gallon injection coffin
swear swear
coast coast
profound profound
view dive
driver driver
rage rage
due due
ignore ignore shiver decisive liver
scheme scheme
nationalist acceptance
swop swop
electronics electronics
cotton cotton
lifestyle lifestyle
election election buffet
mercy mercy financial
begin begin greeting
tool tool
railcar railcar
confrontation confrontation forge
offset offset
curriculum curriculum rob excuse
structure structure
respect respect
throne throne boom
flag flag
home home
error error widen
page page
pardon pardon
chair chair
bowel bowel
guarantee guarantee attraction
drawer drawer
smile smile headline
rent rent
illusion illusion
joint output
single country
interface interface
environment environment
