pace nationalist brake opposed thumb enter thumb circulation likely king approval prison honor prison view winner exclusive output write voice due gate pier likely king approval other understand audience headline brake pier injury skeleton injury mixture miserable pace 
19
nationalist nationalist feature excuse
brake brake
opposed opposed
thumb exempt guarantee
enter enter deposit
circulation circulation
likely likely
king king page
honor honor
exclusive market throne
output output
write voice
gate gate
approval approval
audience audience
headline headline
skeleton skeleton
injury injury
mixture mixture
