C0 C153 C3 C107 C187 C10 C156 C109 C16 C159 C184 C24 C179 C116 C54 C125 C51 C76 C68 C183 C119 C71 C198 C148 C93 C148 C100 C165 C0 
19
C0 C0 C185 C171 C134 C5 C4 C56 C35 C78 C66 C144 C145 C152 C70 C77 C26 C146 C27 C52 C169 C55 C19 C11 C74 C58 C194 C31 C47 C182 C49 C50 C48 C84 C120 C127 C25 C30 C2 C1 C149 C181 C28 C32 C18 C20 C57 C43 C123 C110
C153 C153 C45 C105
C3 C3
C107 C107 C167 C192 C87 C190 C88 C7 C139
C187 C101 C97 C8
C10 C10
C156 C172
C16 C16
C159 C63
C24 C24
C179 C179 C137 C193 C160 C59 C124 C164 C141
C54 C54
C51 C51
C68 C68
C71 C71
C198 C198 C86
C93 C93
C100 C100
C165 C165 C132 C122 C161 C119 C168 C129 C154 C196 C114 C166
