9iIwk u0DM6 5VT1H WJNpN YH6mk 5ioW1 bXinH 5ioW1 YH6mk WJNpN jT5CK 6EWVx jT5CK WJNpN YH6mk 5ioW1 XZKtP dw7aX XZKtP 5ioW1 vrNke k6V9L pXCjI ZgtaX iCgvV ZgtaX k64Ok fS0W8 Esl6u rrNj1 5R5Xa 9iIwk 6EWVx jT5CK WJNpN Y7IDR 4a0W8 Y7IDR WJNpN 1uRw3 kmzhT aHGHb LJqKh q0lus 1uRw3 knY3U QVYVG SgDk6 QVYVG RKW0P jYfXn MA43U ZzWHp jASvw 9iIwk 
26
9iIwk 9iIwk qkJ6b XYzcU 1eRkH ChXAd Mj2eQ h2rea 1xmtC
u0DM6 5VT1H
bXinH bXinH
5ioW1 5ioW1 Be0ab
YH6mk YH6mk
WJNpN AgYPL tnjfN
jT5CK jT5CK 5BDPJ
dw7aX dw7aX
XZKtP XZKtP
iCgvV iCgvV
ZgtaX ZgtaX veOJ7 JgjFI pXCjI
k64Ok BnAjj Vake4
fS0W8 fS0W8 p9vQm
5R5Xa 5R5Xa
4a0W8 4a0W8
Y7IDR Y7IDR
kmzhT kmzhT
aHGHb aHGHb WGJpQ
q0lus 1pxZM
1uRw3 1uRw3 jAwQw Ri2t4 y89SK
knY3U vE0Pj
SgDk6 SgDk6
QVYVG LZomt 7G74f RhUVQ
RKW0P jYfXn
ZzWHp ZzWHp
jASvw jASvw iEXNY 0GdkR oqPYQ
