HAZtD F7CZj RN9nS 3NU9e aWuHk p3gJd cC0Rg Tp7uZ jyRQW Xqwfz 7kY28 fiXIW 6sv9O ejBhY 8x5TS o2JtM e7SjH 2LhKB e7SjH o2JtM 8x5TS ejBhY 6sv9O HAKlt 0moVI SxklZ 0moVI HAKlt 6sv9O ejBhY 8x5TS o2JtM e7SjH E6pda RkCLD SfSL1 bMhFI GfIsc DmTRc GrnJ7 iIQll Vg6Sz iPRoT Q8lcd GaZ4O H1xt8 GaZ4O Jbr8u Q8lcd iPRoT Vg6Sz iIQll GrnJ7 rmW0U 9tf0w rmW0U GrnJ7 iIQll Vg6Sz iPRoT 8Qx0C qz2Of iimZq 6owsT iimZq 6sv9O ejBhY Vg6Sz iIQll GrnJ7 DmTRc tgL8p 0FMEI R6NzB ZKvNM TzGS5 ZKvNM SE1WY fWz4T EgumV UQeyk kjZGl cpzS8 AwFdf 2zHfe wVSYr WVEjT Agb0E VG4na b9v0q 15wtn 69WZh Q5zY0 kvy7i Ia6ul eVDVP b9v0q SEkfX v7hOX fExZu 2zHfe wVSYr fExZu Mm2U8 15wtn 69WZh iHR3J v0WXM R6NzB 0FMEI tgL8p 0FMEI RWE9G sU69u 9cp56 u60s4 Zxvdf u60s4 9cp56 sU69u 5EAEu sU69u RWE9G 0FMEI jesVt cu5FB 4AhmX p3gJd 9cp56 zcuSA 9cp56 p3gJd aWuHk 3NU9e CXkxa ED9em 5h4rt ED9em CXkxa 3NU9e aWuHk XbFfE O8CwF aegld O8CwF XbFfE mJExt iqOI4 UqGfS NqBQW UqGfS kPB79 6gp0A F7CZj RN9nS 3NU9e aWuHk p3gJd cpzS8 AwFdf cpzS8 p3gJd aWuHk 3NU9e CXkxa Lusir CXkxa bW6Ms EyMEe vfAR8 aWuHk mJExt iqOI4 mJExt aWuHk 3NU9e RN9nS F7CZj J0OP0 Cg1yP wnnBN 4Eg1F HAZtD 
64
F7CZj z82fM J0OP0 iKwe0
RN9nS RN9nS
3NU9e GxQg8
aWuHk aWuHk uPUO1 DaieK 1gvq4 lJnz7
p3gJd p3gJd kNG2j jesVt rH3nx
cC0Rg cC0Rg gpbSj
Xqwfz pLg86 Zok18 1VA1I IOpdQ BaYb3
7kY28 7kY28 URrao
fiXIW fiXIW OWqP4
2LhKB 2LhKB
o2JtM DuU0x BIY9X
6sv9O Q8lcd
HAKlt HAKlt
0moVI 0moVI Pk19A
SxklZ SxklZ VESmp
E6pda E6pda
RkCLD xKTIz
bMhFI bMhFI lF8gH
DmTRc DmTRc 4jcrD gNinx v9joy
GrnJ7 UbqWX iaaYU
iIQll iIQll p4kTx Vg6Sz
H1xt8 H1xt8
9tf0w 9tf0w
rmW0U HOuAL CHx6u
8Qx0C 8Qx0C
6owsT 6owsT
iimZq iimZq
TzGS5 TzGS5
fWz4T fWz4T
EgumV EgumV
VG4na VG4na
b9v0q Agb0E
15wtn zrVPv ox9Gx wedr3
69WZh 69WZh mdIe6
Ia6ul Ia6ul eVDVP
SEkfX SEkfX
v7hOX v7hOX
fExZu fExZu
wVSYr WVEjT
iHR3J iHR3J
R6NzB R6NzB
Zxvdf Zxvdf
u60s4 u60s4
5EAEu 5EAEu
sU69u 2GCiD
cu5FB cu5FB
4AhmX 4AhmX
zcuSA zcuSA
9cp56 0F8yg
5h4rt 5h4rt
ED9em ED9em
aegld aegld
O8CwF O8CwF TlJnt
NqBQW NqBQW
UqGfS UqGfS X2hjX
kPB79 4Tt2a 4PXv9 Ssao4
AwFdf AwFdf
cpzS8 cpzS8 acHTt
Lusir Lusir
bW6Ms bW6Ms
EyMEe vfAR8
iqOI4 iqOI4
Cg1yP Cg1yP
wnnBN wnnBN
