1 66 29 15 5 11 100 90 6 43 180 3 2 52 115 182 16 91 93 58 87 189 53 136 53 13 44 1 82 140 82 50 185 45 80 116 166 193 139 1 134 56 134 1 102 161 102 12 57 144 75 60 114 1 86 1 
30
1 199 98 190 174
66 66 78 129 101 71 83 175 26
15 15
11 49 159 18 12 42 103 110
90 90
43 43 152 153 186 99 132 14
3 3
52 52 115 89 176 88 105
182 182
91 91 36 93 128
58 58
87 130 84 157
53 53
136 136 138
13 13
44 7 156 96 163
140 140
82 82 147 119
185 185
45 51 108 95
116 116
193 193
56 56
161 161
102 46 23
57 57
144 64
60 60
114 31
86 86 194 92 162
