location1 location2 location3 location6 location9 location12 location15 location166 location165 location164 location167 location170 location173 location176 location179 location66 location67 location68 location156 location153 location150 location147 location148 location34 location7 location4 location79 location82 location51 location54 location160 location159 location156 location68 location25 location26 location23 location20 location19 location51 location48 location45 location46 location49 location133 location130 location127 location124 location31 location28 location50 location53 location50 location11 location8 location5 location4 location79 location78 location81 location84 location87 location84 location81 location78 location75 location72 location73 location118 location115 location116 location55 location58 location59 location62 location142 location141 location138 location137 location140 location137 location6 location3 location10 location108 location109 location106 location103 location100 location101 location98 location95 location92 location89 location86 location17 location20 location137 location134 location135 location132 location129 location130 location133 location136 location139 location136 location133 location49 location151 location148 location149 location152 location151 location154 location151 location49 location46 location43 location73 location76 location77 location80 location83 location80 location79 location58 location102 location105 location102 location101 location104 location107 location104 location101 location1 
64
location1 location1
location3 location3
location9 location9
location12 location15
location165 location165
location167 location167
location170 location169 location171
location173 location173
location176 location175 location177
location179 location179
location66 location63 location65 location69
location67 location67 location125
location153 location153
location147 location147
location148 location145
location34 location31 location37
location7 location7
location79 location79
location82 location85
location51 location51 location19
location160 location161 location163
location159 location159
location68 location71
location25 location25
location26 location27 location29
location23 location23
location20 location21
location45 location45
location46 location47
location49 location49
location133 location133
location130 location131
location127 location127
location124 location121 location123
location53 location53
location11 location11
location5 location5
location87 location87
location81 location81
location115 location115
location116 location117 location119
location55 location55
location58 location57 location59 location61
location141 location141
location137 location137
location140 location143
location109 location109
location103 location103
location101 location101
location98 location97 location99
location95 location95
location92 location89 location91 location93
location135 location135
location129 location129
location139 location139
location149 location149
location152 location155
location151 location151
location154 location157
location73 location73 location43
location76 location75 location77
location83 location83
location105 location105
location107 location107
