Ilesa Bensheim Valletta Bensheim Great Tyoply Great Perth Tiruppuvanam Krymsk Alexandria Rafaela Barras Brunswick Barras Skalica Hermsdorf Viewpark Ventimiglia LonsleSaunier Valday Ada Milledgeville Sillanwali Foshan Barracas Batu Aurora Liberia Bavly Polohy Ilesa 
26
Ilesa Ilesa Jagna Resplendor Malden Campobasso Calauan MitryMory Marburg Uran Puducherry
Bensheim Bensheim Sishui Zaozhuang Gariadhar Ramla An Bang PointeClaire Lille Copperas Oulmes Kyzylorda
Valletta Valletta Itacoatiara
Tyoply Tyoply
Great Great
Perth Perth Talipparamba New Chacabuco Oberhausen UlanUde Tak Shagamu Shaowu Guli Davis Toledo Rutland Mouscron Niort Brzeg DehiwalaMount Clermont Villaquilambre Jiangyan Lodwar Jashpurnagar Ponta Dahlem GernikaLumo
Tiruppuvanam Tiruppuvanam
Alexandria Alexandria
Rafaela Azrou Sorsogon Aleshtar WaltonontheNaze
Brunswick Brunswick
Barras Milagro Claremont Sceaux Yingkou PortVila Meizhou Tupiza Magomeni Tharu
Skalica Skalica
Hermsdorf Hermsdorf Onex
Viewpark Viewpark
Ventimiglia Ventimiglia
LonsleSaunier LonsleSaunier
Valday Valday Bogovinje
Ada Ada
Milledgeville Milledgeville Stupino Palafrugell Tupelo Rhosllanerchrugog Memmingen Puerto
Sillanwali Sillanwali
Foshan Foshan Aklera Mexborough Sirsi Landshut American Alfenas
Barracas Barracas
Aurora Aurora
Liberia Palm Stuttgart Bobigny Bon Paredes
Bavly Bavly
Polohy Polohy
