108 57 96 24 118 191 148 176 197 65 30 121 16 68 50 76 109 175 129 16 97 37 19 81 57 23 178 91 78 140 149 1 119 110 54 160 39 184 151 136 97 160 48 34 73 71 26 90 53 144 132 15 157 146 102 30 126 21 163 61 17 67 69 82 71 79 66 138 171 38 107 38 190 49 63 158 21 66 101 51 108 
50
108 99 114 95 153 100 142 64 181 187 35 134 75 150 77 31 36 133 5 43 84 167 85 73 28 53 92 170 32
57 57 188 96
24 24
118 118
191 117
176 176
197 197 137 148 182
65 65
30 39 186 11 83
121 121 143
68 68
109 109 179
129 129
19 19
81 81 14 174
23 23
91 78 1 130
140 140
110 110
54 54
184 184
151 151 56
136 136
97 37 128 177
48 48
34 34
26 26
90 45
144 144
15 15
157 157
146 146
126 126
21 61 44 13 120
163 46
17 17
67 67
69 69
82 82
71 71
79 79
66 66
138 138
107 107
38 38
190 190
49 49
63 63
101 101
51 7
