create magnitude leash adult bring bracket pride prove rabbit mechanism pupil glide transaction tin dialect breakin battery feign crew appear steward cancel steward colon mosaic suffer childish skip top create 
23
create merit hide predict direct contract scrap accessible community farewell exotic perception concern breakin transmission basketball belief pastel maze mechanism
magnitude magnitude fuss
adult adult
bring ballot dose
bracket bracket
pride pride
prove prove
pupil pupil
glide creation absorption
tin tin
dialect think
battery battery
feign feign deck
crew crew
appear appear
cancel cancel
steward steward linear
colon colon
mosaic celebration nationalism minimize line
suffer suffer
childish childish company
skip skip
top top
