pride courtesy traction colon domestic accessible company notorious gift line auditor adult snap contract loud straighten suspect wrong thread crew deter plug campaign suffer inappropriate whole bother minimize alcohol volunteer fortune feign huge tourist accessible dialect import partnership preoccupation desk valid thank work rabbit leash predict trick pride 
32
pride pride transmission farewell trance magnitude car community lobby vote dramatic create think ballot tin crew makeup dose east breakin homosexual scrap seller glide berry leash mosaic hide accessible equinox knit integrated gift magnetic top pupil pastel bracket merit dedicate traction maze denial concern present creation perception cancel basketball deck appear contract steward linear formation childish celebration bring offensive
courtesy mind skip
colon colon
domestic domestic nationalism
company company
notorious absorption
line line
auditor prove
adult adult
snap snap
loud loud
wrong wrong
thread thread fuss
deter deter
plug battery exotic craftsman
suffer suffer
inappropriate salmon shelter
whole whole
minimize minimize
fortune fortune
feign feign direct
huge huge
dialect dialect
import dilemma
partnership partnership
preoccupation desk inhibition
valid valid
thank thank tribe transaction
work work
rabbit rabbit
predict predict
trick mechanism belief
