1 2 1 26 27 28 29 30 29 28 27 26 1 76 77 78 79 80 79 78 77 76 1 126 127 128 129 130 129 128 127 126 1 176 177 178 179 180 179 178 177 176 1 22 25 22 1 72 75 72 1 122 125 122 1 172 175 172 1 50 51 52 53 52 51 50 1 100 101 102 103 102 101 100 1 150 151 152 153 152 151 150 1 14 15 14 1 64 65 64 1 114 115 114 1 164 165 164 1 18 20 18 1 68 70 68 1 118 120 118 1 168 170 168 1 10 12 10 1 56 57 56 1 60 61 60 1 106 107 106 1 110 111 110 1 156 157 156 1 160 161 160 1 
53
2 3 4 5
30 30
28 28
80 80
78 78
130 130
128 128
180 180
178 178
25 25
22 23 24
75 75
72 73 74
125 125
122 123 124
175 175
172 173 174
53 53
52 54 55
103 103
102 104 105
153 153
152 154 155
15 15
14 16 17
65 65
64 66 67
115 115
114 116 117
165 165
164 166 167
20 20
18 19 21
70 70
68 69 71
120 120
118 119 121
170 170
168 169 171
12 12
10 11 13
57 57
56 58 59
61 61
60 62 63
107 107
106 108 109
111 111
110 112 113
157 157
156 158 159
161 161
160 162 163
