3a 95a 59a 41a 77a 69a 27a 34a 13a 2a 38a 16a 42a 20a 90a 52a 103a 83a 37a 96a 79a 75a 49a 80a 51a 0a 55a 53a 80a 49a 89a 29a 84a 72a 37a 83a 103a 52a 68a 36a 78a 25a 35a 24a 87a 15a 21a 82a 17a 5a 93a 23a 4a 5a 43a 32a 77a 69a 68a 52a 68a 36a 14a 60a 67a 30a 32a 101a 58a 44a 74a 35a 58a 39a 25a 67a 65a 22a 32a 71a 43a 48a 95a 3a 
40
41a 41a
77a 77a
69a 66a
34a 34a
13a 99a 31a
38a 38a
16a 16a 7a
42a 42a
79a 79a
75a 75a
49a 49a 92a 6a
80a 80a 98a
51a 51a 53a
0a 0a
55a 9a
29a 29a
84a 84a
72a 72a 61a 40a 83a
37a 37a 96a
15a 15a
21a 21a 87a 88a
5a 5a 62a 1a
93a 93a
23a 23a 64a 28a 57a
4a 4a 47a 56a 73a
52a 52a
60a 60a
67a 67a 14a
30a 30a
32a 32a
44a 44a
35a 35a
58a 58a
39a 39a
25a 25a
65a 65a
22a 22a
71a 71a
43a 43a
48a 48a
