0 5 10 15 20 25 30 35 40 45 51 56 62 67 73 78 84 88 94 99 94 88 83 77 72 66 61 55 50 55 60 65 70 75 80 85 91 96 91 85 80 75 70 65 60 65 70 75 81 86 92 86 81 76 72 67 68 69 64 58 53 47 42 36 31 35 41 46 52 57 63 57 52 46 41 42 43 44 49 44 38 33 27 22 16 11 15 21 26 32 37 43 48 43 37 32 26 21 22 23 28 34 39 34 28 23 17 12 6 1 2 7 13 18 24 18 13 8 3 2 1 0 
48
0 0
5 5
10 10
20 20
30 30
35 35
45 45
84 89
99 99
94 94
83 83
66 66
61 61
55 55
96 96
91 91
85 85 90
70 70
65 65
92 92
69 69
64 64
47 47
63 63
57 57
52 52
46 46
41 41
49 49
44 44
38 38
16 16
11 11
48 48
43 43
37 37
21 21
39 39
34 34
17 17
6 6
2 2
7 7
13 13
18 18
24 24 29
8 8
3 3
