0 1 11 22 32 43 53 64 74 85 95 106 116 127 137 148 157 167 176 186 196 186 175 165 154 144 133 123 112 102 91 81 70 60 50 40 30 41 51 62 72 83 93 104 114 125 135 146 156 167 177 188 189 178 168 157 147 136 126 115 105 94 84 73 63 52 42 31 21 10 20 30 40 50 60 70 80 90 100 110 120 130 140 150 160 170 181 170 160 150 140 130 120 110 121 131 142 152 163 173 172 182 171 161 162 172 183 172 162 151 141 142 143 144 145 155 166 176 187 176 166 155 145 134 124 113 103 92 82 71 61 62 63 64 65 66 76 87 97 108 118 129 139 129 118 108 97 87 76 66 55 45 34 24 13 3 2 12 23 33 44 54 65 75 86 96 107 117 128 138 137 136 135 134 144 153 143 132 122 111 101 90 100 90 91 92 93 94 95 96 97 98 99 89 78 68 57 47 36 26 15 5 6 7 8 18 29 38 48 57 67 77 88 98 88 77 67 56 46 35 25 14 4 5 6 16 27 37 48 37 27 16 6 5 4 3 2 1 0 
94
22 22
43 43
53 53
64 64
95 95
116 116
127 127
148 158
196 196
186 186
175 175
165 165
154 154
133 133
123 123
102 102
81 81
70 70
51 51
72 72
83 83
104 104
114 114
125 125
146 146
167 167
188 188 198
189 189 199
178 178
147 147
105 105
94 94
73 73
42 42
31 31
21 21
20 20
181 181
160 160
150 150
140 140
130 130
120 120
152 152
173 184
182 182
161 161
183 183
151 151
187 187
176 176
166 166
155 155
103 103
82 82
71 71
61 61
139 139
129 129
118 118
108 108
87 87
76 76
45 45
24 24
2 2
12 12
33 33
86 86
96 96
107 107
138 149
153 153 164
132 132
122 122
111 111
101 101
99 99
89 89
68 68
26 26
15 15
5 5
7 17
8 8 9
18 18
29 29 39
98 98
77 77
67 67
4 4
48 48
37 37
16 16
