start c3 c8 c9 c10 c14 c10 c9 c8 c3 start d3 d4 d5 d6 d3 start c6 c7 c24 c23 c30 c29 c28 c26 c28 c29 c30 c23 c24 c18 c17 c20 c36 c35 c31 c33 c31 c35 c36 c20 c11 c8 c3 start h1 h11 h12 h13 h12 h11 h1 h8 h1 start e7 e8 e22 e8 e7 e11 e10 e12 e24 e15 e25 e15 e17 start h3 h25 h24 h23 h4 start e3 e20 e3 e4 e3 start e14 e24 e14 start h6 h17 h6 start h2 h26 h2 start 
26
start d1 a1 a2 a3 a4 a5
c3 c1 c5
c10 c10
c14 c15
d5 d5
d3 d4
c26 c26
c29 c27
c23 c23
c18 c17
c33 c33
c31 c31
c20 c21
h13 h13
h8 h9
e22 e22
e10 e23
e25 e25
h24 h24
h4 h22
e20 e20
e4 e21
e24 e24
h17 h17
h6 h18
h26 h26
