BU FF DU AL HQ AL BJ BA CW FN FK CR BN DD GG DW GS AV AN BZ CB HC CI CS AD GO AO CR GQ HO CP EZ HA AK DL GW BM GF DS HG HI BM HJ ED HD HL AX EH BY DW DZ FC HB AP CF GE FT BR AH EQ CD BF EG HC EG GO DE CK DT CH DU FA BG FA DU BT HH BT FP AT AE CE BX EV BL FM GC EK GC GV CQ AR AB CZ GM HF BU 
55
BU BU FP
FF FF DV DR CX BH AX
DU DU EC BW BK GA BM FS GS GH GT ES
AL CV ET AY
HQ FW
BA BA
CW CW
FN FN EQ EN
FK CR
BN BN
DD DD GP
GG DQ DM DP DX
DW FL
AV AV
AN AN
BZ BZ EO CY GK ER HM CK AF
CB DJ GY
CI CI
CS CS
GQ GQ
HO CM
CP BE
HA HA
AK EY
DL DL CT DI FR HP
GW CQ
DS DS
HG HG
HJ HJ
HD FD
EH EH
BY BY DK FU
DZ DZ
HB CO AP
GE GE
BR BQ FI
CD CD
BF BF
HC HC
EG EG
GO GO
DE DE FB FY
DT DT
BG BG
HH HH
BT FG
AT AT
AE AE EL AQ
CE GN
EV EV
EK EK
AR AR
AB CZ
GM GM
HF HF CA
