Zo0umr3KFWOZJQPm R43sDxzHzrO5kncN 8vLm5GS8pptr9y8t Uw31N0oW965MP4qr YHVvi99ucaU9tYgf AvHIDL41dbfeNksW U5CEflgpFptgqHUL 6La4alyyQSzgrmmj uRc2j178KRm3sVAY Dg4uIWuVD7Xd3FfI 3PEg9lFbqEimkqjc jVrty3u6KGOjBg80 LI7uFZ34s97AeNpk z6aHWvfWV1YcOU3s KHBd51v9Lk79JoNu ZsdU4FLz0FoJAHOC WVwd9ExLXa3zphJn bpy0VAq3GZuO2R8U ziJdi0Y4mj4TIJZ9 9pH9xdreYrmVM1JI J5iqQt6wukvg6KLY qeVT6FbNKHRizFU8 tZ46uZudk7AfSXt1 9L0zlmq9jRh6nd1I rvadWwbDVrEOdUmt qQzEeIfIOpoI9qKk e9DWnoEu0mxMb9VK xlWntBwCLfHgHam8 1bDI0W7o3Pb2zYhB 5TjXpBJuIWCWGZis W4POX5YqpnnI3x1U PDtM7hU3L1QjW9eR 2hsCdf5s2NPqItPy drsNw5E8nXGgcxxE HqZKcXPbTIsIN6eT 0Pfip4BXzoRzyFv2 1yeDQmwUGYi8LEVC 8pFqGmxaOhvFeBf4 9dVIdmIqrww8IL0A QSabhET5tNnXgX60 asqla05DvWvndrgH K5TJWlCDC2GiIJEC fBCH5yXHMW5jQJjk LdwRPFzBNqStC5X8 3SYpu8y7n2lFaEgA LdwRPFzBNqStC5X8 Byr8ftz6Pn4uac3K W4POX5YqpnnI3x1U jVrty3u6KGOjBg80 Gypke7sesv6WDuj9 z6aHWvfWV1YcOU3s RnvIh4TOetAfG82E J5iqQt6wukvg6KLY uuhviI1p7F0sChqp eRAtRmExinGYKjYs LI7uFZ34s97AeNpk Byr8ftz6Pn4uac3K jVrty3u6KGOjBg80 kWAnmn2xV4T8moWO CvZWFxoaMZYhwHYj EotYPttMvJbBfyaO 0BNdm9hpaqd4q3Tx TbM88DujEo9BSxqT EuY7nNg1nWHDnCBx quCqGzaCZ5rVk9Gn ngcwhTcmwXuonGlk 27KMNaF72cTW0PDA nkKMB647tDItOdTX LUoJ0iRCc71uZfNX gqX9V4QU6KrO7JGI LsIlvCjQu9Xqre9U u7i0C02E9nMoZ6Ab xLhGn69fZWxkF2ME LZyPcj0slZv1Vk6U YpZJ50mXHPeALpEr 6GsK7I0daq8OZxaS 3th5kfdmmYoxH6sF 6Gt5ffOE5tOJA8A7 1r13Qnmq9ixI97Qj uN0YmlR4YKMmyTVh yILnNjtdKS6kD3NP nPVdEshNZOOx6qGx StSocpbFeWB0czP8 8ae7BICLTSRkgPWv FzSHaHADmN7Zbhbr 8ae7BICLTSRkgPWv MxcmtGZ6qJUnGaxB LUoJ0iRCc71uZfNX nkKMB647tDItOdTX 27KMNaF72cTW0PDA SLuZYQ4lYwLMQuMp 2yhNJ9fcTz8hRVDj CvZWFxoaMZYhwHYj HqZKcXPbTIsIN6eT PmJZCdR41rbLgXgi pKGVzMiXVo3v1oQu fg0WyZdFGAAZWRqK 1ByTcIJH8XabOIWu 0rKC7Chib5iDGjTC SLuZYQ4lYwLMQuMp U5CEflgpFptgqHUL AvHIDL41dbfeNksW YHVvi99ucaU9tYgf MxcmtGZ6qJUnGaxB Zo0umr3KFWOZJQPm 
47
uRc2j178KRm3sVAY uRc2j178KRm3sVAY
Dg4uIWuVD7Xd3FfI Dg4uIWuVD7Xd3FfI
3PEg9lFbqEimkqjc 3PEg9lFbqEimkqjc
jVrty3u6KGOjBg80 jVrty3u6KGOjBg80 Gypke7sesv6WDuj9
LI7uFZ34s97AeNpk LI7uFZ34s97AeNpk
z6aHWvfWV1YcOU3s z6aHWvfWV1YcOU3s
KHBd51v9Lk79JoNu KHBd51v9Lk79JoNu
ZsdU4FLz0FoJAHOC ZsdU4FLz0FoJAHOC
WVwd9ExLXa3zphJn WVwd9ExLXa3zphJn
bpy0VAq3GZuO2R8U bpy0VAq3GZuO2R8U HAZt9xslXTTIQrh6
ziJdi0Y4mj4TIJZ9 ziJdi0Y4mj4TIJZ9
9pH9xdreYrmVM1JI 9pH9xdreYrmVM1JI
J5iqQt6wukvg6KLY J5iqQt6wukvg6KLY OMjRZA0G6vbBxKd5
qeVT6FbNKHRizFU8 qeVT6FbNKHRizFU8
tZ46uZudk7AfSXt1 tZ46uZudk7AfSXt1
9L0zlmq9jRh6nd1I 9L0zlmq9jRh6nd1I
rvadWwbDVrEOdUmt rvadWwbDVrEOdUmt
qQzEeIfIOpoI9qKk qQzEeIfIOpoI9qKk
e9DWnoEu0mxMb9VK e9DWnoEu0mxMb9VK
xlWntBwCLfHgHam8 xlWntBwCLfHgHam8
1bDI0W7o3Pb2zYhB 1bDI0W7o3Pb2zYhB
5TjXpBJuIWCWGZis 5TjXpBJuIWCWGZis
W4POX5YqpnnI3x1U W4POX5YqpnnI3x1U
PDtM7hU3L1QjW9eR PDtM7hU3L1QjW9eR
2hsCdf5s2NPqItPy 2hsCdf5s2NPqItPy
drsNw5E8nXGgcxxE drsNw5E8nXGgcxxE
HqZKcXPbTIsIN6eT HqZKcXPbTIsIN6eT
0Pfip4BXzoRzyFv2 0Pfip4BXzoRzyFv2
1yeDQmwUGYi8LEVC 1yeDQmwUGYi8LEVC
8pFqGmxaOhvFeBf4 8pFqGmxaOhvFeBf4
9dVIdmIqrww8IL0A 9dVIdmIqrww8IL0A
QSabhET5tNnXgX60 QSabhET5tNnXgX60
asqla05DvWvndrgH asqla05DvWvndrgH
K5TJWlCDC2GiIJEC K5TJWlCDC2GiIJEC
fBCH5yXHMW5jQJjk fBCH5yXHMW5jQJjk
LdwRPFzBNqStC5X8 LdwRPFzBNqStC5X8
3SYpu8y7n2lFaEgA 3SYpu8y7n2lFaEgA
RnvIh4TOetAfG82E RnvIh4TOetAfG82E
uuhviI1p7F0sChqp uuhviI1p7F0sChqp
eRAtRmExinGYKjYs eRAtRmExinGYKjYs
Byr8ftz6Pn4uac3K Byr8ftz6Pn4uac3K
kWAnmn2xV4T8moWO kWAnmn2xV4T8moWO
CvZWFxoaMZYhwHYj CvZWFxoaMZYhwHYj
EotYPttMvJbBfyaO EotYPttMvJbBfyaO
2yhNJ9fcTz8hRVDj 2yhNJ9fcTz8hRVDj
PmJZCdR41rbLgXgi PmJZCdR41rbLgXgi
fg0WyZdFGAAZWRqK fg0WyZdFGAAZWRqK
