Zjo93yXsdcDV6Oit tQutySsTV1RolOTN JBll5vlJZ1mcnrE9 e9vcyjNNidNUI5lw lFfRvw2OBMTapK25 mp9G8QwevnO2Hxc1 jL8h52rHOflXCXG0 ksuRDz3lVhXKZaYK yZq8BYkssUcfIKn0 DCIaACaQkHoovJqQ DtNMJrqE8gQwtB9A z6FjXytEu6d6tpnP wPFBAldpZF3WcEqd dtyOV6qcOqKFtIlH TEBcdk0AQd6dKevH 6Gt5ffOE5tOJA8A7 uN0YmlR4YKMmyTVh gqX9V4QU6KrO7JGI LUoJ0iRCc71uZfNX LsIlvCjQu9Xqre9U nkKMB647tDItOdTX ngcwhTcmwXuonGlk 0BNdm9hpaqd4q3Tx uRc2j178KRm3sVAY PDtM7hU3L1QjW9eR CvZWFxoaMZYhwHYj drsNw5E8nXGgcxxE LdwRPFzBNqStC5X8 fBCH5yXHMW5jQJjk asqla05DvWvndrgH e9DWnoEu0mxMb9VK 9L0zlmq9jRh6nd1I ziJdi0Y4mj4TIJZ9 OMjRZA0G6vbBxKd5 WVwd9ExLXa3zphJn J5iqQt6wukvg6KLY RnvIh4TOetAfG82E tZ46uZudk7AfSXt1 qQzEeIfIOpoI9qKk ZsdU4FLz0FoJAHOC qeVT6FbNKHRizFU8 rvadWwbDVrEOdUmt J5iqQt6wukvg6KLY WVwd9ExLXa3zphJn 9pH9xdreYrmVM1JI 9L0zlmq9jRh6nd1I tZ46uZudk7AfSXt1 qQzEeIfIOpoI9qKk ZsdU4FLz0FoJAHOC e9DWnoEu0mxMb9VK KHBd51v9Lk79JoNu QSabhET5tNnXgX60 LI7uFZ34s97AeNpk 3SYpu8y7n2lFaEgA 1yeDQmwUGYi8LEVC 0Pfip4BXzoRzyFv2 Byr8ftz6Pn4uac3K eRAtRmExinGYKjYs K5TJWlCDC2GiIJEC xlWntBwCLfHgHam8 z6aHWvfWV1YcOU3s uuhviI1p7F0sChqp jVrty3u6KGOjBg80 8pFqGmxaOhvFeBf4 1bDI0W7o3Pb2zYhB QSabhET5tNnXgX60 z6aHWvfWV1YcOU3s 9dVIdmIqrww8IL0A z6aHWvfWV1YcOU3s fBCH5yXHMW5jQJjk 5TjXpBJuIWCWGZis 3PEg9lFbqEimkqjc kWAnmn2xV4T8moWO Gypke7sesv6WDuj9 W4POX5YqpnnI3x1U 2hsCdf5s2NPqItPy HqZKcXPbTIsIN6eT PmJZCdR41rbLgXgi Dg4uIWuVD7Xd3FfI EotYPttMvJbBfyaO fg0WyZdFGAAZWRqK pKGVzMiXVo3v1oQu EuY7nNg1nWHDnCBx 0rKC7Chib5iDGjTC quCqGzaCZ5rVk9Gn U5CEflgpFptgqHUL YpZJ50mXHPeALpEr YHVvi99ucaU9tYgf 2v7uFoKD90sPVOTA 6La4alyyQSzgrmmj TbM88DujEo9BSxqT u7i0C02E9nMoZ6Ab 1Eq6CyZRaHXkARva StSocpbFeWB0czP8 qKKAwpkuJY9E8dpl kmMzOIvorXbmvHXw 8vLm5GS8pptr9y8t 6GsK7I0daq8OZxaS xLhGn69fZWxkF2ME nPVdEshNZOOx6qGx 3th5kfdmmYoxH6sF pi9Gjwqb8nw39ALT R43sDxzHzrO5kncN FzSHaHADmN7Zbhbr 8ae7BICLTSRkgPWv yILnNjtdKS6kD3NP 6GsK7I0daq8OZxaS Uw31N0oW965MP4qr LsIlvCjQu9Xqre9U AvHIDL41dbfeNksW U5CEflgpFptgqHUL 6La4alyyQSzgrmmj SLuZYQ4lYwLMQuMp Dg4uIWuVD7Xd3FfI EotYPttMvJbBfyaO PmJZCdR41rbLgXgi 2yhNJ9fcTz8hRVDj SLuZYQ4lYwLMQuMp 0BNdm9hpaqd4q3Tx EuY7nNg1nWHDnCBx 1ByTcIJH8XabOIWu 27KMNaF72cTW0PDA AvHIDL41dbfeNksW 2v7uFoKD90sPVOTA nkKMB647tDItOdTX LZyPcj0slZv1Vk6U nkKMB647tDItOdTX YHVvi99ucaU9tYgf u7i0C02E9nMoZ6Ab YpZJ50mXHPeALpEr LsIlvCjQu9Xqre9U Uw31N0oW965MP4qr 6GsK7I0daq8OZxaS LUoJ0iRCc71uZfNX gqX9V4QU6KrO7JGI MxcmtGZ6qJUnGaxB gqX9V4QU6KrO7JGI FzSHaHADmN7Zbhbr 1r13Qnmq9ixI97Qj Of6XUqufA1wxpnuj M9il2j2XBWeGdURv dBEYMpdveobbOa64 m8Rn3gh3HBuT9R8d Of6XUqufA1wxpnuj ZASkL5Mxwr8cbBFG 6Hb2AkYl2iXZkxwX 3nUfHHB7quaxw3FP IXSaZ3tByNZthkqV rz2oBnI3oNG0KAjO P5s4K3vn5D6QckKy P86w2YmfZZMrKQDs gbLSiDepCxsLEFEh CXs92joGuF2B74ma fsJIyl84Ptdh66ID vkQjvHsBMR7mOnyN r0R18y3WtXbA1iso vkQjvHsBMR7mOnyN 6GooyGuiju54f88f Plb766RuoiNfkOGW Zo0umr3KFWOZJQPm LjKfvPnu1IVb9d8E M9il2j2XBWeGdURv CXs92joGuF2B74ma DtNMJrqE8gQwtB9A YNtoOknTE8z40fFU PNqsQWIcQ5cFHA0e 7exc1QixP81F0w95 HUReKXkqclfOOfkC cKUQBLkhJ2YTpTZk Zjo93yXsdcDV6Oit 
98
TEBcdk0AQd6dKevH TEBcdk0AQd6dKevH
6Gt5ffOE5tOJA8A7 6Gt5ffOE5tOJA8A7
uN0YmlR4YKMmyTVh uN0YmlR4YKMmyTVh
gqX9V4QU6KrO7JGI gqX9V4QU6KrO7JGI
LUoJ0iRCc71uZfNX LUoJ0iRCc71uZfNX
LsIlvCjQu9Xqre9U LsIlvCjQu9Xqre9U
nkKMB647tDItOdTX nkKMB647tDItOdTX
ngcwhTcmwXuonGlk ngcwhTcmwXuonGlk
0BNdm9hpaqd4q3Tx 0BNdm9hpaqd4q3Tx
uRc2j178KRm3sVAY uRc2j178KRm3sVAY
PDtM7hU3L1QjW9eR PDtM7hU3L1QjW9eR
CvZWFxoaMZYhwHYj CvZWFxoaMZYhwHYj
drsNw5E8nXGgcxxE drsNw5E8nXGgcxxE
LdwRPFzBNqStC5X8 LdwRPFzBNqStC5X8
fBCH5yXHMW5jQJjk fBCH5yXHMW5jQJjk
asqla05DvWvndrgH asqla05DvWvndrgH
e9DWnoEu0mxMb9VK e9DWnoEu0mxMb9VK
9L0zlmq9jRh6nd1I 9L0zlmq9jRh6nd1I
ziJdi0Y4mj4TIJZ9 ziJdi0Y4mj4TIJZ9 HAZt9xslXTTIQrh6
OMjRZA0G6vbBxKd5 OMjRZA0G6vbBxKd5
WVwd9ExLXa3zphJn WVwd9ExLXa3zphJn
J5iqQt6wukvg6KLY J5iqQt6wukvg6KLY
RnvIh4TOetAfG82E RnvIh4TOetAfG82E bpy0VAq3GZuO2R8U
tZ46uZudk7AfSXt1 tZ46uZudk7AfSXt1
qQzEeIfIOpoI9qKk qQzEeIfIOpoI9qKk
ZsdU4FLz0FoJAHOC ZsdU4FLz0FoJAHOC
qeVT6FbNKHRizFU8 qeVT6FbNKHRizFU8
rvadWwbDVrEOdUmt rvadWwbDVrEOdUmt
9pH9xdreYrmVM1JI 9pH9xdreYrmVM1JI
KHBd51v9Lk79JoNu KHBd51v9Lk79JoNu
QSabhET5tNnXgX60 QSabhET5tNnXgX60
LI7uFZ34s97AeNpk LI7uFZ34s97AeNpk
3SYpu8y7n2lFaEgA 3SYpu8y7n2lFaEgA
1yeDQmwUGYi8LEVC 1yeDQmwUGYi8LEVC
0Pfip4BXzoRzyFv2 0Pfip4BXzoRzyFv2
Byr8ftz6Pn4uac3K Byr8ftz6Pn4uac3K
eRAtRmExinGYKjYs eRAtRmExinGYKjYs
K5TJWlCDC2GiIJEC K5TJWlCDC2GiIJEC
xlWntBwCLfHgHam8 xlWntBwCLfHgHam8
z6aHWvfWV1YcOU3s z6aHWvfWV1YcOU3s
uuhviI1p7F0sChqp uuhviI1p7F0sChqp
jVrty3u6KGOjBg80 jVrty3u6KGOjBg80
8pFqGmxaOhvFeBf4 8pFqGmxaOhvFeBf4
1bDI0W7o3Pb2zYhB 1bDI0W7o3Pb2zYhB
9dVIdmIqrww8IL0A 9dVIdmIqrww8IL0A
5TjXpBJuIWCWGZis 5TjXpBJuIWCWGZis
3PEg9lFbqEimkqjc 3PEg9lFbqEimkqjc
kWAnmn2xV4T8moWO kWAnmn2xV4T8moWO
Gypke7sesv6WDuj9 Gypke7sesv6WDuj9
W4POX5YqpnnI3x1U W4POX5YqpnnI3x1U
2hsCdf5s2NPqItPy 2hsCdf5s2NPqItPy
HqZKcXPbTIsIN6eT HqZKcXPbTIsIN6eT
PmJZCdR41rbLgXgi PmJZCdR41rbLgXgi
Dg4uIWuVD7Xd3FfI Dg4uIWuVD7Xd3FfI
EotYPttMvJbBfyaO EotYPttMvJbBfyaO
fg0WyZdFGAAZWRqK fg0WyZdFGAAZWRqK
pKGVzMiXVo3v1oQu pKGVzMiXVo3v1oQu
EuY7nNg1nWHDnCBx EuY7nNg1nWHDnCBx
0rKC7Chib5iDGjTC 0rKC7Chib5iDGjTC
quCqGzaCZ5rVk9Gn quCqGzaCZ5rVk9Gn
U5CEflgpFptgqHUL U5CEflgpFptgqHUL
YpZJ50mXHPeALpEr YpZJ50mXHPeALpEr
YHVvi99ucaU9tYgf YHVvi99ucaU9tYgf
2v7uFoKD90sPVOTA 2v7uFoKD90sPVOTA
6La4alyyQSzgrmmj 6La4alyyQSzgrmmj
TbM88DujEo9BSxqT TbM88DujEo9BSxqT
u7i0C02E9nMoZ6Ab u7i0C02E9nMoZ6Ab
1Eq6CyZRaHXkARva 1Eq6CyZRaHXkARva
StSocpbFeWB0czP8 StSocpbFeWB0czP8
qKKAwpkuJY9E8dpl qKKAwpkuJY9E8dpl
kmMzOIvorXbmvHXw kmMzOIvorXbmvHXw
8vLm5GS8pptr9y8t 8vLm5GS8pptr9y8t
6GsK7I0daq8OZxaS 6GsK7I0daq8OZxaS
xLhGn69fZWxkF2ME xLhGn69fZWxkF2ME
nPVdEshNZOOx6qGx nPVdEshNZOOx6qGx
3th5kfdmmYoxH6sF 3th5kfdmmYoxH6sF
pi9Gjwqb8nw39ALT pi9Gjwqb8nw39ALT
R43sDxzHzrO5kncN R43sDxzHzrO5kncN
FzSHaHADmN7Zbhbr FzSHaHADmN7Zbhbr
8ae7BICLTSRkgPWv 8ae7BICLTSRkgPWv
yILnNjtdKS6kD3NP yILnNjtdKS6kD3NP
2yhNJ9fcTz8hRVDj 2yhNJ9fcTz8hRVDj
SLuZYQ4lYwLMQuMp SLuZYQ4lYwLMQuMp
1ByTcIJH8XabOIWu 1ByTcIJH8XabOIWu
27KMNaF72cTW0PDA 27KMNaF72cTW0PDA
AvHIDL41dbfeNksW AvHIDL41dbfeNksW
LZyPcj0slZv1Vk6U LZyPcj0slZv1Vk6U
Uw31N0oW965MP4qr Uw31N0oW965MP4qr
MxcmtGZ6qJUnGaxB MxcmtGZ6qJUnGaxB
1r13Qnmq9ixI97Qj 1r13Qnmq9ixI97Qj
Of6XUqufA1wxpnuj Of6XUqufA1wxpnuj
M9il2j2XBWeGdURv M9il2j2XBWeGdURv
dBEYMpdveobbOa64 dBEYMpdveobbOa64
m8Rn3gh3HBuT9R8d m8Rn3gh3HBuT9R8d
ZASkL5Mxwr8cbBFG ZASkL5Mxwr8cbBFG
Plb766RuoiNfkOGW Plb766RuoiNfkOGW
Zo0umr3KFWOZJQPm Zo0umr3KFWOZJQPm
LjKfvPnu1IVb9d8E LjKfvPnu1IVb9d8E
