l0 h0 h63 l21 l6 l88 h36 l5 h64 h62 h60 h65 h8 h81 h88 h9 h40 h87 l63 l20 l18 h37 l27 h44 h47 l12 h6 h51 h45 h51 l61 l80 h97 l30 l5 h53 h48 l41 l70 h69 l34 l76 h13 l29 h31 h56 h94 l10 l28 h49 l99 h65 h12 l97 l81 h17 l23 l29 h30 l49 l27 h28 l3 h88 h99 h64 l81 h50 l94 l91 h79 l17 l28 h53 h4 h5 h55 l89 h76 h46 l23 l5 h53 l33 h20 h10 h96 h93 l37 h75 l59 h94 l59 h66 h72 h90 l93 l1 h73 h61 l44 h66 h72 h67 h3 h83 h89 l42 h59 l42 h81 h25 l0 
61
l0 h14 h15 h16 h20 h21 h29 h32 h33 h39 h41 h52 h54 h57 h58 h77 h78 h80 h84 h95 h98
h0 h0 h1 h92
h63 h63
l21 h26
h36 h36
h62 h62
h60 h60 h27
h8 h8
h81 h81 h19 h82 h86
h88 h88 h65
h40 h40
h87 h87
l63 h9
h37 h37
h44 h44
h47 h47
h6 h6 h22
h45 h45
h51 h51
h97 h97
l30 h43
h48 h48
h69 h69
h13 h13
h31 h31
h56 h56
h49 h49
h12 h12
h17 h17
h30 h30
l49 h35
h28 h28
l3 h23
h99 h99
h64 h64
h50 h50
l94 h42
l91 h7 h85
h79 h79
l17 h34 h68
h5 h5
h55 h55 h4 h18
h76 h76
h46 h46
h53 h53
l33 h11
h10 h10
h96 h96
h93 h93
l37 h75
h94 h94
h90 h90
h73 h73 h38
h61 h61
h66 h66
h72 h72
h67 h67
h3 h3 h2 h24 h74 h91
h83 h83 h89
h59 h59
h25 h25 h71
