L0 L30 L3 L142 L36 L73 L146 L94 L83 L82 L26 L27 L78 L60 L168 L117 L65 L64 L63 L157 L76 L66 L2 L103 L127 L164 L89 L38 L163 L150 L121 L75 L3 L153 L9 L34 L184 L143 L148 L8 L156 L12 L110 L33 L122 L197 L115 L133 L132 L181 L15 L177 L176 L104 L139 L149 L131 L46 L159 L98 L106 L53 L129 L10 L31 L42 L43 L194 L145 L81 L49 L118 L55 L12 L116 L0 
46
L0 L57 L1 L123 L138
L30 L30 L39 L144 L107 L3 L68 L152
L142 L142
L73 L73 L58 L146
L94 L94
L26 L26
L27 L27
L60 L60
L168 L168 L24 L175 L81 L95
L65 L65
L64 L64 L119 L7 L113 L47 L59 L104 L112
L157 L157
L76 L61
L2 L2
L127 L127
L164 L164 L23 L199 L165
L38 L38
L163 L163 L50 L125
L121 L121
L75 L75 L147 L14 L74 L178
L153 L153
L143 L143
L8 L8
L156 L96 L196 L48
L110 L110
L33 L33 L52
L197 L197
L115 L188
L132 L132
L181 L54 L80 L97 L135
L177 L177
L176 L176 L41
L139 L139
L149 L149 L13 L160
L46 L46
L159 L98 L29 L109 L20
L106 L106
L53 L53 L84 L141 L77
L10 L10
L31 L31 L82
L194 L194
L145 L145 L18
L49 L49
L118 L118 L130 L55 L62 L69 L102
L12 L12
L116 L116 L192
