point0 point49 point50 point48 point44 point42 point9 point5 point9 point42 point46 point15 point72 point41 point11 point22 point39 point88 point92 point91 point84 point55 point57 point53 point57 point55 point26 point27 point54 point93 point90 point87 point61 point32 point24 point30 point65 point64 point65 point75 point51 point46 point52 point76 point52 point46 point0 
27
point0 point28 point60 point71 point85
point49 point4 point6 point7 point58 point61 point77
point50 point50 point68
point48 point48 point19
point44 point44 point45
point5 point5
point9 point9
point42 point42 point12 point47 point56
point46 point8
point15 point14
point72 point72
point41 point70
point22 point22
point39 point35
point92 point92
point84 point84
point53 point53
point55 point55
point26 point26
point27 point27
point93 point93
point24 point24
point30 point25
point65 point65
point64 point64
point75 point75
point76 point76
