point0 point52 point12 point185 point184 point185 point119 point125 point122 point183 point128 point69 point63 point78 point84 point121 point127 point179 point127 point121 point127 point139 point137 point139 point140 point134 point82 point47 point40 point38 point37 point44 point131 point135 point132 point135 point131 point76 point88 point42 point36 point34 point31 point33 point25 point30 point35 point177 point70 point68 point67 point160 point72 point116 point149 point104 point147 point153 point146 point99 point102 point108 point152 point105 point80 point83 point120 point83 point80 point3 point22 point21 point68 point67 point124 point123 point75 point29 point19 point110 point112 point64 point100 point60 point50 point51 point50 point49 point59 point103 point107 point102 point101 point111 point113 point52 point50 point11 point10 point11 point10 point20 point18 point20 point15 point5 point9 point0 
57
point0 point13 point15 point54 point87 point89 point151 point163 point172 point180 point187
point52 point52 point56
point12 point1
point184 point184
point185 point185
point119 point119
point125 point122
point183 point183
point69 point69 point17 point27 point155 point158 point162
point63 point16
point78 point78
point84 point91
point179 point179
point121 point126
point139 point139
point134 point134
point82 point85
point40 point40
point38 point38
point37 point39
point135 point135
point132 point132 point138
point131 point131
point76 point76 point86 point94
point42 point42
point34 point34
point31 point31 point41
point33 point33 point43
point25 point30
point177 point177
point70 point75 point115 point144 point157
point67 point67 point79 point109 point110
point160 point160
point72 point72 point73
point149 point149
point153 point153
point102 point102 point108
point152 point152
point105 point148
point120 point120
point83 point83
point3 point3
point21 point21
point124 point124
point123 point123
point29 point29
point112 point112
point100 point100
point50 point49 point55
point51 point51 point6
point103 point103
point111 point111
point113 point113
point10 point10
point11 point11
point18 point18
point5 point5
