55 90 112 77 179 42 41 6 153 184 170 21 133 70 27 38 118 14 8 113 111 35 42 62 56 85 75 185 182 101 123 122 129 12 84 173 186 48 55 
28
55 40 11 140 33 159 97 149 63 119 172 81 17 32 91 148 188 78 101 45 76 152 88 162 49 59 58 107 181 74 67 15 29 83 53 36 171 134 54 175 177 151 43 116 135 106 105 86 158 66 131 166 57 160 137 109 126 150 16 20 80 9 30 168 114
90 90 146 26 163
77 77
179 179
41 41
153 153
184 184
170 170
21 61 115
133 133
27 27
118 118
8 8
113 113
111 111
35 189 71
42 42
62 62
56 56
85 85
185 185
182 182
122 122
129 13
12 12
173 173
186 186
48 48
