x182 x21 x113 x163 x113 x38 x2 x11 x14 x77 x166 x187 x127 x49 x127 x45 x61 x45 x119 x195 x88 x30 x175 x21 x17 x189 x25 x28 x66 x125 x72 x100 x101 x134 x133 x191 x31 x80 x138 x110 x175 x84 x144 x112 x129 x48 x120 x128 x146 x95 x9 x95 x99 x168 x36 x43 x141 x138 x92 x198 x158 x167 x102 x171 x8 x160 x187 x127 x168 x94 x51 x122 x177 x155 x167 x27 x79 x187 x182 
50
x182 x182 x74 x10 x88 x3 x137 x172 x114 x18 x179 x15 x136 x7 x185 x194 x77 x107 x82 x116 x50 x55 x26 x184
x21 x21 x164
x163 x163
x113 x113
x38 x109
x2 x2
x11 x11 x192 x56 x58 x46
x14 x14 x69
x166 x166
x187 x86 x186 x87 x104 x156
x127 x127 x20 x19 x83 x98
x49 x49 x6 x153
x61 x61
x45 x45 x106
x119 x119 x151 x161 x23 x32
x195 x59 x183 x4
x30 x30
x175 x53
x17 x17
x189 x189
x25 x25
x66 x66
x125 x125
x72 x72 x147
x100 x100
x101 x159
x133 x133
x31 x31
x80 x80
x138 x138
x84 x84
x112 x42 x71 x118
x48 x48
x120 x64
x128 x128
x146 x146
x95 x95
x99 x99
x43 x43
x141 x141
x92 x92
x198 x198 x139
x158 x143 x76
x102 x102
x8 x8
x94 x94
x177 x177
x155 x155
x27 x27
x79 x79
